2021-11-30 11:47:42.056 [main] "  " DEBUG o.s.b.web.servlet.ServletContextInitializerBeans - Mapping filters: mdc-access-servlet-filter urls=[/*] order=2147483647, characterEncodingFilter urls=[/*] order=-2147483648, formContentFilter urls=[/*] order=-9900, requestContextFilter urls=[/*] order=-105
2021-11-30 11:47:42.057 [main] "  " DEBUG o.s.b.web.servlet.ServletContextInitializerBeans - Mapping servlets: dispatcherServlet urls=[/]
2021-11-30 11:47:54.728 [main] "  " DEBUG o.s.w.s.m.m.a.RequestMappingHandlerMapping - 132 mappings in 'requestMappingHandlerMapping'
2021-11-30 11:47:55.654 [main] "  " DEBUG o.s.w.s.m.m.a.RequestMappingHandlerAdapter - ControllerAdvice beans: 0 @ModelAttribute, 0 @InitBinder, 1 RequestBodyAdvice, 1 ResponseBodyAdvice
2021-11-30 11:47:55.809 [main] "  " DEBUG o.s.web.servlet.config.annotation.WebMvcConfigurer - Default resource handling disabled
2021-11-30 11:47:55.842 [main] "  " DEBUG o.s.web.servlet.handler.SimpleUrlHandlerMapping - Patterns [/assets/**, /**, /swagger-ui.html, /webjars/**] in 'resourceHandlerMapping'
2021-11-30 11:47:55.892 [main] "  " DEBUG o.s.w.s.m.m.a.ExceptionHandlerExceptionResolver - ControllerAdvice beans: 1 @ExceptionHandler, 1 ResponseBodyAdvice
2021-11-30 11:50:27.470 [http-nio-8081-exec-1] "  " DEBUG org.springframework.web.servlet.DispatcherServlet - Detected StandardServletMultipartResolver
2021-11-30 11:50:27.901 [http-nio-8081-exec-1] "  " DEBUG org.springframework.web.servlet.DispatcherServlet - enableLoggingRequestDetails='false': request parameters and headers will be masked to prevent unsafe logging of potentially sensitive data
2021-11-30 11:50:27.958 [http-nio-8081-exec-1] "GET / HTTP/1.1" DEBUG org.springframework.web.servlet.DispatcherServlet - GET "/", parameters={}
2021-11-30 11:50:28.027 [http-nio-8081-exec-1] "GET / HTTP/1.1" DEBUG o.s.web.servlet.handler.SimpleUrlHandlerMapping - Mapped to ResourceHttpRequestHandler ["classpath:/static/"]
2021-11-30 11:50:28.034 [http-nio-8081-exec-1] "GET / HTTP/1.1" DEBUG o.s.w.servlet.resource.ResourceHttpRequestHandler - Resource not found
2021-11-30 11:50:28.041 [http-nio-8081-exec-1] "GET / HTTP/1.1" DEBUG org.springframework.web.servlet.DispatcherServlet - Completed 404 NOT_FOUND
2021-11-30 11:50:28.110 [http-nio-8081-exec-1] "  " DEBUG org.springframework.web.servlet.DispatcherServlet - "ERROR" dispatch for GET "/error", parameters={}
2021-11-30 11:50:28.152 [http-nio-8081-exec-1] "  " DEBUG o.s.w.s.m.m.a.RequestMappingHandlerMapping - Mapped to org.springframework.boot.autoconfigure.web.servlet.error.BasicErrorController#errorHtml(HttpServletRequest, HttpServletResponse)
2021-11-30 11:50:28.365 [http-nio-8081-exec-1] "  " DEBUG o.s.w.servlet.view.ContentNegotiatingViewResolver - Selected 'text/html' given [text/html, text/html;q=0.8]
2021-11-30 11:50:28.405 [http-nio-8081-exec-1] "  " DEBUG org.springframework.web.servlet.DispatcherServlet - Exiting from "ERROR" dispatch, status 404
2021-11-30 11:50:28.461 [http-nio-8081-exec-2] "GET /apple-touch-icon-precomposed.png HTTP/1.1" DEBUG org.springframework.web.servlet.DispatcherServlet - GET "/apple-touch-icon-precomposed.png", parameters={}
2021-11-30 11:50:28.483 [http-nio-8081-exec-3] "GET /favicon.ico HTTP/1.1" DEBUG org.springframework.web.servlet.DispatcherServlet - GET "/favicon.ico", parameters={}
2021-11-30 11:50:28.488 [http-nio-8081-exec-2] "GET /apple-touch-icon-precomposed.png HTTP/1.1" DEBUG o.s.web.servlet.handler.SimpleUrlHandlerMapping - Mapped to ResourceHttpRequestHandler ["classpath:/static/"]
2021-11-30 11:50:28.488 [http-nio-8081-exec-3] "GET /favicon.ico HTTP/1.1" DEBUG o.s.web.servlet.handler.SimpleUrlHandlerMapping - Mapped to ResourceHttpRequestHandler ["classpath:/static/"]
2021-11-30 11:50:28.494 [http-nio-8081-exec-2] "GET /apple-touch-icon-precomposed.png HTTP/1.1" DEBUG o.s.w.servlet.resource.ResourceHttpRequestHandler - Resource not found
2021-11-30 11:50:28.494 [http-nio-8081-exec-3] "GET /favicon.ico HTTP/1.1" DEBUG o.s.w.servlet.resource.ResourceHttpRequestHandler - Resource not found
2021-11-30 11:50:28.496 [http-nio-8081-exec-3] "GET /favicon.ico HTTP/1.1" DEBUG org.springframework.web.servlet.DispatcherServlet - Completed 404 NOT_FOUND
2021-11-30 11:50:28.496 [http-nio-8081-exec-2] "GET /apple-touch-icon-precomposed.png HTTP/1.1" DEBUG org.springframework.web.servlet.DispatcherServlet - Completed 404 NOT_FOUND
2021-11-30 11:50:28.499 [http-nio-8081-exec-2] "  " DEBUG org.springframework.web.servlet.DispatcherServlet - "ERROR" dispatch for GET "/error", parameters={}
2021-11-30 11:50:28.500 [http-nio-8081-exec-3] "  " DEBUG org.springframework.web.servlet.DispatcherServlet - "ERROR" dispatch for GET "/error", parameters={}
2021-11-30 11:50:28.503 [http-nio-8081-exec-2] "  " DEBUG o.s.w.s.m.m.a.RequestMappingHandlerMapping - Mapped to org.springframework.boot.autoconfigure.web.servlet.error.BasicErrorController#error(HttpServletRequest)
2021-11-30 11:50:28.503 [http-nio-8081-exec-3] "  " DEBUG o.s.w.s.m.m.a.RequestMappingHandlerMapping - Mapped to org.springframework.boot.autoconfigure.web.servlet.error.BasicErrorController#error(HttpServletRequest)
2021-11-30 11:50:28.609 [http-nio-8081-exec-2] "  " DEBUG o.s.w.s.m.m.annotation.HttpEntityMethodProcessor - Using 'application/json', given [*/*] and supported [application/json, application/*+json, application/json, application/*+json]
2021-11-30 11:50:28.607 [http-nio-8081-exec-3] "  " DEBUG o.s.w.s.m.m.annotation.HttpEntityMethodProcessor - Using 'application/json', given [*/*] and supported [application/json, application/*+json, application/json, application/*+json]
2021-11-30 11:50:28.615 [http-nio-8081-exec-2] "  " DEBUG o.s.w.s.m.m.annotation.HttpEntityMethodProcessor - Writing [{timestamp=Tue Nov 30 11:50:28 GMT 2021, status=404, error=Not Found, message=, path=/apple-touch-ic (truncated)...]
2021-11-30 11:50:28.616 [http-nio-8081-exec-3] "  " DEBUG o.s.w.s.m.m.annotation.HttpEntityMethodProcessor - Writing [{timestamp=Tue Nov 30 11:50:28 GMT 2021, status=404, error=Not Found, message=, path=/favicon.ico}]
2021-11-30 11:50:28.704 [http-nio-8081-exec-3] "  " DEBUG org.springframework.web.servlet.DispatcherServlet - Exiting from "ERROR" dispatch, status 404
2021-11-30 11:50:28.704 [http-nio-8081-exec-2] "  " DEBUG org.springframework.web.servlet.DispatcherServlet - Exiting from "ERROR" dispatch, status 404
2021-11-30 11:50:28.723 [http-nio-8081-exec-4] "GET /apple-touch-icon.png HTTP/1.1" DEBUG org.springframework.web.servlet.DispatcherServlet - GET "/apple-touch-icon.png", parameters={}
2021-11-30 11:50:28.730 [http-nio-8081-exec-4] "GET /apple-touch-icon.png HTTP/1.1" DEBUG o.s.web.servlet.handler.SimpleUrlHandlerMapping - Mapped to ResourceHttpRequestHandler ["classpath:/static/"]
2021-11-30 11:50:28.731 [http-nio-8081-exec-4] "GET /apple-touch-icon.png HTTP/1.1" DEBUG o.s.w.servlet.resource.ResourceHttpRequestHandler - Resource not found
2021-11-30 11:50:28.734 [http-nio-8081-exec-4] "GET /apple-touch-icon.png HTTP/1.1" DEBUG org.springframework.web.servlet.DispatcherServlet - Completed 404 NOT_FOUND
2021-11-30 11:50:28.735 [http-nio-8081-exec-4] "  " DEBUG org.springframework.web.servlet.DispatcherServlet - "ERROR" dispatch for GET "/error", parameters={}
2021-11-30 11:50:28.746 [http-nio-8081-exec-4] "  " DEBUG o.s.w.s.m.m.a.RequestMappingHandlerMapping - Mapped to org.springframework.boot.autoconfigure.web.servlet.error.BasicErrorController#error(HttpServletRequest)
2021-11-30 11:50:28.752 [http-nio-8081-exec-4] "  " DEBUG o.s.w.s.m.m.annotation.HttpEntityMethodProcessor - Using 'application/json', given [*/*] and supported [application/json, application/*+json, application/json, application/*+json]
2021-11-30 11:50:28.753 [http-nio-8081-exec-4] "  " DEBUG o.s.w.s.m.m.annotation.HttpEntityMethodProcessor - Writing [{timestamp=Tue Nov 30 11:50:28 GMT 2021, status=404, error=Not Found, message=, path=/apple-touch-ic (truncated)...]
2021-11-30 11:50:28.756 [http-nio-8081-exec-4] "  " DEBUG org.springframework.web.servlet.DispatcherServlet - Exiting from "ERROR" dispatch, status 404
2021-11-30 11:51:46.262 [http-nio-8081-exec-7] "GET / HTTP/1.1" DEBUG org.springframework.web.servlet.DispatcherServlet - GET "/", parameters={}
2021-11-30 11:51:46.289 [http-nio-8081-exec-7] "GET / HTTP/1.1" DEBUG o.s.web.servlet.handler.SimpleUrlHandlerMapping - Mapped to ResourceHttpRequestHandler ["classpath:/static/"]
2021-11-30 11:51:46.291 [http-nio-8081-exec-7] "GET / HTTP/1.1" DEBUG o.s.w.servlet.resource.ResourceHttpRequestHandler - Resource not found
2021-11-30 11:51:46.292 [http-nio-8081-exec-7] "GET / HTTP/1.1" DEBUG org.springframework.web.servlet.DispatcherServlet - Completed 404 NOT_FOUND
2021-11-30 11:51:46.295 [http-nio-8081-exec-7] "  " DEBUG org.springframework.web.servlet.DispatcherServlet - "ERROR" dispatch for GET "/error", parameters={}
2021-11-30 11:51:46.303 [http-nio-8081-exec-7] "  " DEBUG o.s.w.s.m.m.a.RequestMappingHandlerMapping - Mapped to org.springframework.boot.autoconfigure.web.servlet.error.BasicErrorController#errorHtml(HttpServletRequest, HttpServletResponse)
2021-11-30 11:51:46.318 [http-nio-8081-exec-7] "  " DEBUG o.s.w.servlet.view.ContentNegotiatingViewResolver - Selected 'text/html' given [text/html, text/html;q=0.8]
2021-11-30 11:51:46.322 [http-nio-8081-exec-7] "  " DEBUG org.springframework.web.servlet.DispatcherServlet - Exiting from "ERROR" dispatch, status 404
