2021-05-13 08:35:38.467 [main] "  " WARN  o.s.b.a.t.ThymeleafAutoConfiguration$DefaultTemplateResolverConfiguration - Cannot find template location: classpath:/templates/ (please add some templates or check your Thymeleaf configuration)
2021-05-13 08:36:01.642 [main] "  " WARN  o.s.b.a.t.ThymeleafAutoConfiguration$DefaultTemplateResolverConfiguration - Cannot find template location: classpath:/templates/ (please add some templates or check your Thymeleaf configuration)
2021-05-13 08:36:47.474 [main] "  " WARN  o.s.b.a.t.ThymeleafAutoConfiguration$DefaultTemplateResolverConfiguration - Cannot find template location: classpath:/templates/ (please add some templates or check your Thymeleaf configuration)
2021-05-13 08:44:33.880 [http-nio-5000-exec-6] "POST /cms/user/login HTTP/1.1" WARN  com.zaxxer.hikari.pool.PoolBase - HikariPool-1 - Failed to validate connection com.mysql.cj.jdbc.ConnectionImpl@24cf5142 (No operations allowed after connection closed.). Possibly consider using a shorter maxLifetime value.
2021-05-13 08:44:38.898 [http-nio-5000-exec-6] "POST /cms/user/login HTTP/1.1" WARN  com.zaxxer.hikari.pool.PoolBase - HikariPool-1 - Failed to validate connection com.mysql.cj.jdbc.ConnectionImpl@251f3c82 (No operations allowed after connection closed.). Possibly consider using a shorter maxLifetime value.
2021-05-13 08:44:43.900 [http-nio-5000-exec-6] "POST /cms/user/login HTTP/1.1" WARN  com.zaxxer.hikari.pool.PoolBase - HikariPool-1 - Failed to validate connection com.mysql.cj.jdbc.ConnectionImpl@1cf0a432 (No operations allowed after connection closed.). Possibly consider using a shorter maxLifetime value.
2021-05-13 08:44:48.911 [http-nio-5000-exec-6] "POST /cms/user/login HTTP/1.1" WARN  com.zaxxer.hikari.pool.PoolBase - HikariPool-1 - Failed to validate connection com.mysql.cj.jdbc.ConnectionImpl@e93fc10 (No operations allowed after connection closed.). Possibly consider using a shorter maxLifetime value.
2021-05-13 08:44:53.927 [http-nio-5000-exec-6] "POST /cms/user/login HTTP/1.1" WARN  com.zaxxer.hikari.pool.PoolBase - HikariPool-1 - Failed to validate connection com.mysql.cj.jdbc.ConnectionImpl@80b7934 (No operations allowed after connection closed.). Possibly consider using a shorter maxLifetime value.
2021-05-13 08:44:58.944 [http-nio-5000-exec-6] "POST /cms/user/login HTTP/1.1" WARN  com.zaxxer.hikari.pool.PoolBase - HikariPool-1 - Failed to validate connection com.mysql.cj.jdbc.ConnectionImpl@a18077 (No operations allowed after connection closed.). Possibly consider using a shorter maxLifetime value.
2021-05-13 08:45:03.953 [http-nio-5000-exec-6] "POST /cms/user/login HTTP/1.1" WARN  com.zaxxer.hikari.pool.PoolBase - HikariPool-1 - Failed to validate connection com.mysql.cj.jdbc.ConnectionImpl@20a438ce (No operations allowed after connection closed.). Possibly consider using a shorter maxLifetime value.
2021-05-13 08:45:08.959 [http-nio-5000-exec-6] "POST /cms/user/login HTTP/1.1" WARN  com.zaxxer.hikari.pool.PoolBase - HikariPool-1 - Failed to validate connection com.mysql.cj.jdbc.ConnectionImpl@212d1c13 (No operations allowed after connection closed.). Possibly consider using a shorter maxLifetime value.
2021-05-13 08:45:13.979 [http-nio-5000-exec-6] "POST /cms/user/login HTTP/1.1" WARN  com.zaxxer.hikari.pool.PoolBase - HikariPool-1 - Failed to validate connection com.mysql.cj.jdbc.ConnectionImpl@7acb7785 (No operations allowed after connection closed.). Possibly consider using a shorter maxLifetime value.
2021-05-13 08:45:18.987 [http-nio-5000-exec-6] "POST /cms/user/login HTTP/1.1" WARN  com.zaxxer.hikari.pool.PoolBase - HikariPool-1 - Failed to validate connection com.mysql.cj.jdbc.ConnectionImpl@262c738 (No operations allowed after connection closed.). Possibly consider using a shorter maxLifetime value.
2021-05-13 09:32:51.361 [main] "  " WARN  o.s.b.a.t.ThymeleafAutoConfiguration$DefaultTemplateResolverConfiguration - Cannot find template location: classpath:/templates/ (please add some templates or check your Thymeleaf configuration)
2021-05-13 09:43:00.897 [http-nio-5000-exec-5] "GET /cms/user/information HTTP/1.1" WARN  com.zaxxer.hikari.pool.PoolBase - HikariPool-1 - Failed to validate connection com.mysql.cj.jdbc.ConnectionImpl@c25e4d4 (No operations allowed after connection closed.). Possibly consider using a shorter maxLifetime value.
2021-05-13 09:43:00.907 [http-nio-5000-exec-9] "GET /v1/graduate-info/all HTTP/1.1" WARN  com.zaxxer.hikari.pool.PoolBase - HikariPool-1 - Failed to validate connection com.mysql.cj.jdbc.ConnectionImpl@3a07d9c4 (No operations allowed after connection closed.). Possibly consider using a shorter maxLifetime value.
2021-05-13 09:43:05.917 [http-nio-5000-exec-5] "GET /cms/user/information HTTP/1.1" WARN  com.zaxxer.hikari.pool.PoolBase - HikariPool-1 - Failed to validate connection com.mysql.cj.jdbc.ConnectionImpl@786db75f (No operations allowed after connection closed.). Possibly consider using a shorter maxLifetime value.
2021-05-13 09:43:05.917 [http-nio-5000-exec-9] "GET /v1/graduate-info/all HTTP/1.1" WARN  com.zaxxer.hikari.pool.PoolBase - HikariPool-1 - Failed to validate connection com.mysql.cj.jdbc.ConnectionImpl@3f84ab1 (No operations allowed after connection closed.). Possibly consider using a shorter maxLifetime value.
2021-05-13 09:43:10.932 [http-nio-5000-exec-9] "GET /v1/graduate-info/all HTTP/1.1" WARN  com.zaxxer.hikari.pool.PoolBase - HikariPool-1 - Failed to validate connection com.mysql.cj.jdbc.ConnectionImpl@477909ce (No operations allowed after connection closed.). Possibly consider using a shorter maxLifetime value.
2021-05-13 09:43:10.932 [http-nio-5000-exec-5] "GET /cms/user/information HTTP/1.1" WARN  com.zaxxer.hikari.pool.PoolBase - HikariPool-1 - Failed to validate connection com.mysql.cj.jdbc.ConnectionImpl@19f331fc (No operations allowed after connection closed.). Possibly consider using a shorter maxLifetime value.
2021-05-13 09:43:15.945 [http-nio-5000-exec-9] "GET /v1/graduate-info/all HTTP/1.1" WARN  com.zaxxer.hikari.pool.PoolBase - HikariPool-1 - Failed to validate connection com.mysql.cj.jdbc.ConnectionImpl@3fd65ae6 (No operations allowed after connection closed.). Possibly consider using a shorter maxLifetime value.
2021-05-13 09:43:15.945 [http-nio-5000-exec-5] "GET /cms/user/information HTTP/1.1" WARN  com.zaxxer.hikari.pool.PoolBase - HikariPool-1 - Failed to validate connection com.mysql.cj.jdbc.ConnectionImpl@2613923f (No operations allowed after connection closed.). Possibly consider using a shorter maxLifetime value.
2021-05-13 09:43:20.974 [http-nio-5000-exec-9] "GET /v1/graduate-info/all HTTP/1.1" WARN  com.zaxxer.hikari.pool.PoolBase - HikariPool-1 - Failed to validate connection com.mysql.cj.jdbc.ConnectionImpl@7182630f (No operations allowed after connection closed.). Possibly consider using a shorter maxLifetime value.
2021-05-13 09:43:20.975 [http-nio-5000-exec-5] "GET /cms/user/information HTTP/1.1" WARN  com.zaxxer.hikari.pool.PoolBase - HikariPool-1 - Failed to validate connection com.mysql.cj.jdbc.ConnectionImpl@33d11eed (No operations allowed after connection closed.). Possibly consider using a shorter maxLifetime value.
2021-05-13 09:49:03.599 [http-nio-5000-exec-7] "POST /cms/user/login HTTP/1.1" WARN  com.zaxxer.hikari.pool.PoolBase - HikariPool-1 - Failed to validate connection com.mysql.cj.jdbc.ConnectionImpl@110537a2 (No operations allowed after connection closed.). Possibly consider using a shorter maxLifetime value.
2021-05-13 09:49:08.613 [http-nio-5000-exec-7] "POST /cms/user/login HTTP/1.1" WARN  com.zaxxer.hikari.pool.PoolBase - HikariPool-1 - Failed to validate connection com.mysql.cj.jdbc.ConnectionImpl@25ed6678 (No operations allowed after connection closed.). Possibly consider using a shorter maxLifetime value.
2021-05-13 09:49:23.970 [main] "  " WARN  o.s.b.a.t.ThymeleafAutoConfiguration$DefaultTemplateResolverConfiguration - Cannot find template location: classpath:/templates/ (please add some templates or check your Thymeleaf configuration)
2021-05-13 09:53:34.983 [http-nio-5000-exec-1] "GET /v1/graduate-info/all HTTP/1.1" WARN  com.zaxxer.hikari.pool.PoolBase - HikariPool-1 - Failed to validate connection com.mysql.cj.jdbc.ConnectionImpl@34877f84 (No operations allowed after connection closed.). Possibly consider using a shorter maxLifetime value.
2021-05-13 09:54:10.018 [http-nio-5000-exec-4] "GET /v1/graduate-info/all HTTP/1.1" WARN  com.zaxxer.hikari.pool.PoolBase - HikariPool-1 - Failed to validate connection com.mysql.cj.jdbc.ConnectionImpl@11e917e2 (No operations allowed after connection closed.). Possibly consider using a shorter maxLifetime value.
2021-05-13 09:55:06.504 [http-nio-5000-exec-5] "GET /v1/topic/16 HTTP/1.1" WARN  com.zaxxer.hikari.pool.PoolBase - HikariPool-1 - Failed to validate connection com.mysql.cj.jdbc.ConnectionImpl@34f7c253 (No operations allowed after connection closed.). Possibly consider using a shorter maxLifetime value.
2021-05-13 09:55:08.924 [http-nio-5000-exec-3] "GET /v1/topic/25 HTTP/1.1" WARN  com.zaxxer.hikari.pool.PoolBase - HikariPool-1 - Failed to validate connection com.mysql.cj.jdbc.ConnectionImpl@31aee209 (No operations allowed after connection closed.). Possibly consider using a shorter maxLifetime value.
2021-05-13 09:55:11.825 [http-nio-5000-exec-6] "GET /v1/topic/18 HTTP/1.1" WARN  com.zaxxer.hikari.pool.PoolBase - HikariPool-1 - Failed to validate connection com.mysql.cj.jdbc.ConnectionImpl@769f2e32 (No operations allowed after connection closed.). Possibly consider using a shorter maxLifetime value.
2021-05-13 09:55:15.149 [http-nio-5000-exec-5] "GET /v1/topic/26 HTTP/1.1" WARN  com.zaxxer.hikari.pool.PoolBase - HikariPool-1 - Failed to validate connection com.mysql.cj.jdbc.ConnectionImpl@7593e796 (No operations allowed after connection closed.). Possibly consider using a shorter maxLifetime value.
2021-05-13 09:56:36.779 [main] "  " WARN  o.s.b.a.t.ThymeleafAutoConfiguration$DefaultTemplateResolverConfiguration - Cannot find template location: classpath:/templates/ (please add some templates or check your Thymeleaf configuration)
2021-05-13 09:57:26.479 [main] "  " WARN  o.s.b.a.t.ThymeleafAutoConfiguration$DefaultTemplateResolverConfiguration - Cannot find template location: classpath:/templates/ (please add some templates or check your Thymeleaf configuration)
