2021-12-08 22:19:47.873 [background-preinit] "  " INFO  org.hibernate.validator.internal.util.Version - HV000001: Hibernate Validator 6.1.5.Final
2021-12-08 22:19:47.903 [main] "  " INFO  io.github.xmchxup.latticy.LatticyApplication - Starting LatticyApplication on zhanggedeMacBook-Pro.local with PID 824 (/Users/z9/Projects/cms/backend/target/classes started by z9 in /Users/z9/Projects/cms/backend)
2021-12-08 22:19:47.904 [main] "  " INFO  io.github.xmchxup.latticy.LatticyApplication - The following profiles are active: dev
2021-12-08 22:19:49.392 [main] "  " INFO  o.s.c.s.PostProcessorRegistrationDelegate$BeanPostProcessorChecker - Bean 'commonConfiguration' of type [io.github.xmchxup.latticy.common.configuration.CommonConfiguration] is not eligible for getting processed by all BeanPostProcessors (for example: not eligible for auto-proxying)
2021-12-08 22:19:49.707 [main] "  " INFO  o.s.boot.web.embedded.tomcat.TomcatWebServer - Tomcat initialized with port(s): 8081 (http)
2021-12-08 22:19:49.718 [main] "  " INFO  org.apache.coyote.http11.Http11NioProtocol - Initializing ProtocolHandler ["http-nio-8081"]
2021-12-08 22:19:49.718 [main] "  " INFO  org.apache.catalina.core.StandardService - Starting service [Tomcat]
2021-12-08 22:19:49.718 [main] "  " INFO  org.apache.catalina.core.StandardEngine - Starting Servlet engine: [Apache Tomcat/9.0.37]
2021-12-08 22:19:49.797 [main] "  " INFO  o.a.c.core.ContainerBase.[Tomcat].[localhost].[/] - Initializing Spring embedded WebApplicationContext
2021-12-08 22:19:49.797 [main] "  " INFO  o.s.b.w.s.c.ServletWebServerApplicationContext - Root WebApplicationContext: initialization completed in 1837 ms
2021-12-08 22:19:50.104 [main] "  " INFO  com.zaxxer.hikari.HikariDataSource - HikariPool-1 - Starting...
2021-12-08 22:19:50.420 [main] "  " INFO  com.zaxxer.hikari.HikariDataSource - HikariPool-1 - Start completed.
2021-12-08 22:19:51.761 [main] "  " INFO  com.zaxxer.hikari.HikariDataSource - HikariPool-1 - Shutdown initiated...
2021-12-08 22:19:51.763 [main] "  " INFO  com.zaxxer.hikari.HikariDataSource - HikariPool-1 - Shutdown completed.
2021-12-08 22:19:51.766 [main] "  " INFO  org.apache.catalina.core.StandardService - Stopping service [Tomcat]
2021-12-08 22:19:51.775 [main] "  " INFO  o.s.b.a.l.ConditionEvaluationReportLoggingListener - 

Error starting ApplicationContext. To display the conditions report re-run your application with 'debug' enabled.
2021-12-08 22:21:48.323 [background-preinit] "  " INFO  org.hibernate.validator.internal.util.Version - HV000001: Hibernate Validator 6.1.5.Final
2021-12-08 22:21:48.354 [main] "  " INFO  io.github.xmchxup.latticy.LatticyApplication - Starting LatticyApplication on zhanggedeMacBook-Pro.local with PID 879 (/Users/z9/Projects/cms/backend/target/classes started by z9 in /Users/z9/Projects/cms/backend)
2021-12-08 22:21:48.355 [main] "  " INFO  io.github.xmchxup.latticy.LatticyApplication - The following profiles are active: dev
2021-12-08 22:21:49.612 [main] "  " INFO  o.s.c.s.PostProcessorRegistrationDelegate$BeanPostProcessorChecker - Bean 'commonConfiguration' of type [io.github.xmchxup.latticy.common.configuration.CommonConfiguration] is not eligible for getting processed by all BeanPostProcessors (for example: not eligible for auto-proxying)
2021-12-08 22:21:49.855 [main] "  " INFO  o.s.boot.web.embedded.tomcat.TomcatWebServer - Tomcat initialized with port(s): 8081 (http)
2021-12-08 22:21:49.861 [main] "  " INFO  org.apache.coyote.http11.Http11NioProtocol - Initializing ProtocolHandler ["http-nio-8081"]
2021-12-08 22:21:49.861 [main] "  " INFO  org.apache.catalina.core.StandardService - Starting service [Tomcat]
2021-12-08 22:21:49.862 [main] "  " INFO  org.apache.catalina.core.StandardEngine - Starting Servlet engine: [Apache Tomcat/9.0.37]
2021-12-08 22:21:49.914 [main] "  " INFO  o.a.c.core.ContainerBase.[Tomcat].[localhost].[/] - Initializing Spring embedded WebApplicationContext
2021-12-08 22:21:49.914 [main] "  " INFO  o.s.b.w.s.c.ServletWebServerApplicationContext - Root WebApplicationContext: initialization completed in 1497 ms
2021-12-08 22:21:50.156 [main] "  " INFO  com.zaxxer.hikari.HikariDataSource - HikariPool-1 - Starting...
2021-12-08 22:21:50.247 [main] "  " INFO  com.zaxxer.hikari.HikariDataSource - HikariPool-1 - Start completed.
2021-12-08 22:21:51.695 [main] "  " INFO  com.zaxxer.hikari.HikariDataSource - HikariPool-1 - Shutdown initiated...
2021-12-08 22:21:51.699 [main] "  " INFO  com.zaxxer.hikari.HikariDataSource - HikariPool-1 - Shutdown completed.
2021-12-08 22:21:51.701 [main] "  " INFO  org.apache.catalina.core.StandardService - Stopping service [Tomcat]
2021-12-08 22:21:51.710 [main] "  " INFO  o.s.b.a.l.ConditionEvaluationReportLoggingListener - 

Error starting ApplicationContext. To display the conditions report re-run your application with 'debug' enabled.
2021-12-08 22:23:12.641 [background-preinit] "  " INFO  org.hibernate.validator.internal.util.Version - HV000001: Hibernate Validator 6.1.5.Final
2021-12-08 22:23:12.660 [main] "  " INFO  io.github.xmchxup.latticy.LatticyApplication - Starting LatticyApplication on zhanggedeMacBook-Pro.local with PID 903 (/Users/z9/Projects/cms/backend/target/classes started by z9 in /Users/z9/Projects/cms/backend)
2021-12-08 22:23:12.660 [main] "  " INFO  io.github.xmchxup.latticy.LatticyApplication - The following profiles are active: dev
2021-12-08 22:23:13.798 [main] "  " INFO  o.s.c.s.PostProcessorRegistrationDelegate$BeanPostProcessorChecker - Bean 'commonConfiguration' of type [io.github.xmchxup.latticy.common.configuration.CommonConfiguration] is not eligible for getting processed by all BeanPostProcessors (for example: not eligible for auto-proxying)
2021-12-08 22:23:14.025 [main] "  " INFO  o.s.boot.web.embedded.tomcat.TomcatWebServer - Tomcat initialized with port(s): 8081 (http)
2021-12-08 22:23:14.033 [main] "  " INFO  org.apache.coyote.http11.Http11NioProtocol - Initializing ProtocolHandler ["http-nio-8081"]
2021-12-08 22:23:14.034 [main] "  " INFO  org.apache.catalina.core.StandardService - Starting service [Tomcat]
2021-12-08 22:23:14.034 [main] "  " INFO  org.apache.catalina.core.StandardEngine - Starting Servlet engine: [Apache Tomcat/9.0.37]
2021-12-08 22:23:14.097 [main] "  " INFO  o.a.c.core.ContainerBase.[Tomcat].[localhost].[/] - Initializing Spring embedded WebApplicationContext
2021-12-08 22:23:14.098 [main] "  " INFO  o.s.b.w.s.c.ServletWebServerApplicationContext - Root WebApplicationContext: initialization completed in 1395 ms
2021-12-08 22:23:14.416 [main] "  " INFO  com.zaxxer.hikari.HikariDataSource - HikariPool-1 - Starting...
2021-12-08 22:23:14.530 [main] "  " INFO  com.zaxxer.hikari.HikariDataSource - HikariPool-1 - Start completed.
2021-12-08 22:23:15.798 [main] "  " INFO  com.zaxxer.hikari.HikariDataSource - HikariPool-1 - Shutdown initiated...
2021-12-08 22:23:15.803 [main] "  " INFO  com.zaxxer.hikari.HikariDataSource - HikariPool-1 - Shutdown completed.
2021-12-08 22:23:15.805 [main] "  " INFO  org.apache.catalina.core.StandardService - Stopping service [Tomcat]
2021-12-08 22:23:15.814 [main] "  " INFO  o.s.b.a.l.ConditionEvaluationReportLoggingListener - 

Error starting ApplicationContext. To display the conditions report re-run your application with 'debug' enabled.
2021-12-08 22:25:13.320 [background-preinit] "  " INFO  org.hibernate.validator.internal.util.Version - HV000001: Hibernate Validator 6.1.5.Final
2021-12-08 22:25:13.346 [main] "  " INFO  io.github.xmchxup.latticy.LatticyApplication - Starting LatticyApplication on zhanggedeMacBook-Pro.local with PID 936 (/Users/z9/Projects/cms/backend/target/classes started by z9 in /Users/z9/Projects/cms/backend)
2021-12-08 22:25:13.347 [main] "  " INFO  io.github.xmchxup.latticy.LatticyApplication - The following profiles are active: dev
2021-12-08 22:25:14.779 [main] "  " INFO  o.s.c.s.PostProcessorRegistrationDelegate$BeanPostProcessorChecker - Bean 'commonConfiguration' of type [io.github.xmchxup.latticy.common.configuration.CommonConfiguration] is not eligible for getting processed by all BeanPostProcessors (for example: not eligible for auto-proxying)
2021-12-08 22:25:15.054 [main] "  " INFO  o.s.boot.web.embedded.tomcat.TomcatWebServer - Tomcat initialized with port(s): 8081 (http)
2021-12-08 22:25:15.061 [main] "  " INFO  org.apache.coyote.http11.Http11NioProtocol - Initializing ProtocolHandler ["http-nio-8081"]
2021-12-08 22:25:15.062 [main] "  " INFO  org.apache.catalina.core.StandardService - Starting service [Tomcat]
2021-12-08 22:25:15.062 [main] "  " INFO  org.apache.catalina.core.StandardEngine - Starting Servlet engine: [Apache Tomcat/9.0.37]
2021-12-08 22:25:15.127 [main] "  " INFO  o.a.c.core.ContainerBase.[Tomcat].[localhost].[/] - Initializing Spring embedded WebApplicationContext
2021-12-08 22:25:15.127 [main] "  " INFO  o.s.b.w.s.c.ServletWebServerApplicationContext - Root WebApplicationContext: initialization completed in 1721 ms
2021-12-08 22:25:15.406 [main] "  " INFO  com.zaxxer.hikari.HikariDataSource - HikariPool-1 - Starting...
2021-12-08 22:25:15.511 [main] "  " INFO  com.zaxxer.hikari.HikariDataSource - HikariPool-1 - Start completed.
2021-12-08 22:25:17.877 [main] "  " INFO  o.s.scheduling.concurrent.ThreadPoolTaskExecutor - Initializing ExecutorService 'applicationTaskExecutor'
2021-12-08 22:25:18.196 [main] "  " INFO  org.apache.coyote.http11.Http11NioProtocol - Starting ProtocolHandler ["http-nio-8081"]
2021-12-08 22:25:18.232 [main] "  " INFO  o.s.boot.web.embedded.tomcat.TomcatWebServer - Tomcat started on port(s): 8081 (http) with context path ''
2021-12-08 22:25:19.310 [main] "  " INFO  io.github.xmchxup.latticy.LatticyApplication - Started LatticyApplication in 6.428 seconds (JVM running for 7.19)
2021-12-08 22:25:24.060 [SpringContextShutdownHook] "  " INFO  o.s.scheduling.concurrent.ThreadPoolTaskExecutor - Shutting down ExecutorService 'applicationTaskExecutor'
2021-12-08 22:25:24.065 [SpringContextShutdownHook] "  " INFO  com.zaxxer.hikari.HikariDataSource - HikariPool-1 - Shutdown initiated...
2021-12-08 22:25:24.071 [SpringContextShutdownHook] "  " INFO  com.zaxxer.hikari.HikariDataSource - HikariPool-1 - Shutdown completed.
2021-12-08 22:25:27.796 [background-preinit] "  " INFO  org.hibernate.validator.internal.util.Version - HV000001: Hibernate Validator 6.1.5.Final
2021-12-08 22:25:27.819 [main] "  " INFO  io.github.xmchxup.latticy.LatticyApplication - Starting LatticyApplication on zhanggedeMacBook-Pro.local with PID 939 (/Users/z9/Projects/cms/backend/target/classes started by z9 in /Users/z9/Projects/cms/backend)
2021-12-08 22:25:27.820 [main] "  " INFO  io.github.xmchxup.latticy.LatticyApplication - The following profiles are active: dev
2021-12-08 22:25:29.031 [main] "  " INFO  o.s.c.s.PostProcessorRegistrationDelegate$BeanPostProcessorChecker - Bean 'commonConfiguration' of type [io.github.xmchxup.latticy.common.configuration.CommonConfiguration] is not eligible for getting processed by all BeanPostProcessors (for example: not eligible for auto-proxying)
2021-12-08 22:25:29.270 [main] "  " INFO  o.s.boot.web.embedded.tomcat.TomcatWebServer - Tomcat initialized with port(s): 8081 (http)
2021-12-08 22:25:29.277 [main] "  " INFO  org.apache.coyote.http11.Http11NioProtocol - Initializing ProtocolHandler ["http-nio-8081"]
2021-12-08 22:25:29.278 [main] "  " INFO  org.apache.catalina.core.StandardService - Starting service [Tomcat]
2021-12-08 22:25:29.278 [main] "  " INFO  org.apache.catalina.core.StandardEngine - Starting Servlet engine: [Apache Tomcat/9.0.37]
2021-12-08 22:25:29.345 [main] "  " INFO  o.a.c.core.ContainerBase.[Tomcat].[localhost].[/] - Initializing Spring embedded WebApplicationContext
2021-12-08 22:25:29.345 [main] "  " INFO  o.s.b.w.s.c.ServletWebServerApplicationContext - Root WebApplicationContext: initialization completed in 1468 ms
2021-12-08 22:25:29.657 [main] "  " INFO  com.zaxxer.hikari.HikariDataSource - HikariPool-1 - Starting...
2021-12-08 22:25:29.762 [main] "  " INFO  com.zaxxer.hikari.HikariDataSource - HikariPool-1 - Start completed.
2021-12-08 22:25:31.510 [main] "  " INFO  o.s.scheduling.concurrent.ThreadPoolTaskExecutor - Initializing ExecutorService 'applicationTaskExecutor'
2021-12-08 22:25:31.753 [main] "  " INFO  org.apache.coyote.http11.Http11NioProtocol - Starting ProtocolHandler ["http-nio-8081"]
2021-12-08 22:25:31.778 [main] "  " INFO  o.s.boot.web.embedded.tomcat.TomcatWebServer - Tomcat started on port(s): 8081 (http) with context path ''
2021-12-08 22:25:32.617 [main] "  " INFO  io.github.xmchxup.latticy.LatticyApplication - Started LatticyApplication in 5.3 seconds (JVM running for 7.174)
2021-12-08 22:28:47.002 [http-nio-8081-exec-2] "  " INFO  o.a.c.core.ContainerBase.[Tomcat].[localhost].[/] - Initializing Spring DispatcherServlet 'dispatcherServlet'
2021-12-08 22:28:47.002 [http-nio-8081-exec-2] "  " INFO  org.springframework.web.servlet.DispatcherServlet - Initializing Servlet 'dispatcherServlet'
2021-12-08 22:28:47.013 [http-nio-8081-exec-2] "  " INFO  org.springframework.web.servlet.DispatcherServlet - Completed initialization in 11 ms
2021-12-08 22:30:23.852 [http-nio-8081-exec-6] "POST /v1/papercheck/check HTTP/1.1" INFO  i.g.x.l.common.interceptor.RequestLogInterceptor - [POST] -> [/v1/papercheck/check] from: 0:0:0:0:0:0:0:1 costs: 0ms
2021-12-08 22:30:23.882 [http-nio-8081-exec-6] "  " INFO  i.g.x.l.common.interceptor.RequestLogInterceptor - [POST] -> [/error] from: 0:0:0:0:0:0:0:1 costs: 22ms
2021-12-08 22:30:51.556 [SpringContextShutdownHook] "  " INFO  o.s.scheduling.concurrent.ThreadPoolTaskExecutor - Shutting down ExecutorService 'applicationTaskExecutor'
2021-12-08 22:30:51.561 [SpringContextShutdownHook] "  " INFO  com.zaxxer.hikari.HikariDataSource - HikariPool-1 - Shutdown initiated...
2021-12-08 22:30:51.567 [SpringContextShutdownHook] "  " INFO  com.zaxxer.hikari.HikariDataSource - HikariPool-1 - Shutdown completed.
2021-12-08 22:30:57.314 [background-preinit] "  " INFO  org.hibernate.validator.internal.util.Version - HV000001: Hibernate Validator 6.1.5.Final
2021-12-08 22:30:57.360 [main] "  " INFO  io.github.xmchxup.latticy.LatticyApplication - Starting LatticyApplication on zhanggedeMacBook-Pro.local with PID 1002 (/Users/z9/Projects/cms/backend/target/classes started by z9 in /Users/z9/Projects/cms/backend)
2021-12-08 22:30:57.362 [main] "  " INFO  io.github.xmchxup.latticy.LatticyApplication - The following profiles are active: dev
2021-12-08 22:30:58.780 [main] "  " INFO  o.s.c.s.PostProcessorRegistrationDelegate$BeanPostProcessorChecker - Bean 'commonConfiguration' of type [io.github.xmchxup.latticy.common.configuration.CommonConfiguration] is not eligible for getting processed by all BeanPostProcessors (for example: not eligible for auto-proxying)
2021-12-08 22:30:59.043 [main] "  " INFO  o.s.boot.web.embedded.tomcat.TomcatWebServer - Tomcat initialized with port(s): 8081 (http)
2021-12-08 22:30:59.052 [main] "  " INFO  org.apache.coyote.http11.Http11NioProtocol - Initializing ProtocolHandler ["http-nio-8081"]
2021-12-08 22:30:59.053 [main] "  " INFO  org.apache.catalina.core.StandardService - Starting service [Tomcat]
2021-12-08 22:30:59.054 [main] "  " INFO  org.apache.catalina.core.StandardEngine - Starting Servlet engine: [Apache Tomcat/9.0.37]
2021-12-08 22:30:59.151 [main] "  " INFO  o.a.c.core.ContainerBase.[Tomcat].[localhost].[/] - Initializing Spring embedded WebApplicationContext
2021-12-08 22:30:59.152 [main] "  " INFO  o.s.b.w.s.c.ServletWebServerApplicationContext - Root WebApplicationContext: initialization completed in 1701 ms
2021-12-08 22:30:59.485 [main] "  " INFO  com.zaxxer.hikari.HikariDataSource - HikariPool-1 - Starting...
2021-12-08 22:30:59.596 [main] "  " INFO  com.zaxxer.hikari.HikariDataSource - HikariPool-1 - Start completed.
2021-12-08 22:31:01.444 [main] "  " INFO  o.s.scheduling.concurrent.ThreadPoolTaskExecutor - Initializing ExecutorService 'applicationTaskExecutor'
2021-12-08 22:31:01.699 [main] "  " INFO  org.apache.coyote.http11.Http11NioProtocol - Starting ProtocolHandler ["http-nio-8081"]
2021-12-08 22:31:01.726 [main] "  " INFO  o.s.boot.web.embedded.tomcat.TomcatWebServer - Tomcat started on port(s): 8081 (http) with context path ''
2021-12-08 22:31:02.634 [main] "  " INFO  io.github.xmchxup.latticy.LatticyApplication - Started LatticyApplication in 6.218 seconds (JVM running for 7.064)
2021-12-08 22:31:25.660 [http-nio-8081-exec-2] "  " INFO  o.a.c.core.ContainerBase.[Tomcat].[localhost].[/] - Initializing Spring DispatcherServlet 'dispatcherServlet'
2021-12-08 22:31:25.660 [http-nio-8081-exec-2] "  " INFO  org.springframework.web.servlet.DispatcherServlet - Initializing Servlet 'dispatcherServlet'
2021-12-08 22:31:25.668 [http-nio-8081-exec-2] "  " INFO  org.springframework.web.servlet.DispatcherServlet - Completed initialization in 8 ms
2021-12-08 22:31:49.633 [SpringContextShutdownHook] "  " INFO  o.s.scheduling.concurrent.ThreadPoolTaskExecutor - Shutting down ExecutorService 'applicationTaskExecutor'
2021-12-08 22:31:49.638 [SpringContextShutdownHook] "  " INFO  com.zaxxer.hikari.HikariDataSource - HikariPool-1 - Shutdown initiated...
2021-12-08 22:31:49.646 [SpringContextShutdownHook] "  " INFO  com.zaxxer.hikari.HikariDataSource - HikariPool-1 - Shutdown completed.
2021-12-08 22:31:55.491 [background-preinit] "  " INFO  org.hibernate.validator.internal.util.Version - HV000001: Hibernate Validator 6.1.5.Final
2021-12-08 22:31:55.529 [main] "  " INFO  io.github.xmchxup.latticy.LatticyApplication - Starting LatticyApplication on zhanggedeMacBook-Pro.local with PID 1017 (/Users/z9/Projects/cms/backend/target/classes started by z9 in /Users/z9/Projects/cms/backend)
2021-12-08 22:31:55.530 [main] "  " INFO  io.github.xmchxup.latticy.LatticyApplication - The following profiles are active: dev
2021-12-08 22:31:56.919 [main] "  " INFO  o.s.c.s.PostProcessorRegistrationDelegate$BeanPostProcessorChecker - Bean 'commonConfiguration' of type [io.github.xmchxup.latticy.common.configuration.CommonConfiguration] is not eligible for getting processed by all BeanPostProcessors (for example: not eligible for auto-proxying)
2021-12-08 22:31:57.179 [main] "  " INFO  o.s.boot.web.embedded.tomcat.TomcatWebServer - Tomcat initialized with port(s): 8081 (http)
2021-12-08 22:31:57.190 [main] "  " INFO  org.apache.coyote.http11.Http11NioProtocol - Initializing ProtocolHandler ["http-nio-8081"]
2021-12-08 22:31:57.191 [main] "  " INFO  org.apache.catalina.core.StandardService - Starting service [Tomcat]
2021-12-08 22:31:57.191 [main] "  " INFO  org.apache.catalina.core.StandardEngine - Starting Servlet engine: [Apache Tomcat/9.0.37]
2021-12-08 22:31:57.266 [main] "  " INFO  o.a.c.core.ContainerBase.[Tomcat].[localhost].[/] - Initializing Spring embedded WebApplicationContext
2021-12-08 22:31:57.266 [main] "  " INFO  o.s.b.w.s.c.ServletWebServerApplicationContext - Root WebApplicationContext: initialization completed in 1662 ms
2021-12-08 22:31:57.562 [main] "  " INFO  com.zaxxer.hikari.HikariDataSource - HikariPool-1 - Starting...
2021-12-08 22:31:57.674 [main] "  " INFO  com.zaxxer.hikari.HikariDataSource - HikariPool-1 - Start completed.
2021-12-08 22:31:59.528 [main] "  " INFO  o.s.scheduling.concurrent.ThreadPoolTaskExecutor - Initializing ExecutorService 'applicationTaskExecutor'
2021-12-08 22:31:59.791 [main] "  " INFO  org.apache.coyote.http11.Http11NioProtocol - Starting ProtocolHandler ["http-nio-8081"]
2021-12-08 22:31:59.820 [main] "  " INFO  o.s.boot.web.embedded.tomcat.TomcatWebServer - Tomcat started on port(s): 8081 (http) with context path ''
2021-12-08 22:32:00.705 [main] "  " INFO  io.github.xmchxup.latticy.LatticyApplication - Started LatticyApplication in 6.073 seconds (JVM running for 7.022)
2021-12-08 22:32:08.933 [http-nio-8081-exec-2] "  " INFO  o.a.c.core.ContainerBase.[Tomcat].[localhost].[/] - Initializing Spring DispatcherServlet 'dispatcherServlet'
2021-12-08 22:32:08.933 [http-nio-8081-exec-2] "  " INFO  org.springframework.web.servlet.DispatcherServlet - Initializing Servlet 'dispatcherServlet'
2021-12-08 22:32:08.942 [http-nio-8081-exec-2] "  " INFO  org.springframework.web.servlet.DispatcherServlet - Completed initialization in 9 ms
2021-12-08 22:32:29.201 [http-nio-8081-exec-2] "POST /v1/papercheck/check HTTP/1.1" INFO  i.g.x.l.common.interceptor.RequestLogInterceptor - [POST] -> [/v1/papercheck/check] from: 0:0:0:0:0:0:0:1 costs: 20247ms
2021-12-08 22:32:59.103 [http-nio-8081-exec-4] "POST /v1/papercheck/check HTTP/1.1" INFO  i.g.x.l.common.interceptor.RequestLogInterceptor - [POST] -> [/v1/papercheck/check] from: 0:0:0:0:0:0:0:1 costs: 14024ms
2021-12-08 22:34:00.360 [http-nio-8081-exec-6] "POST /v1/papercheck/check HTTP/1.1" INFO  i.g.x.l.common.interceptor.RequestLogInterceptor - [POST] -> [/v1/papercheck/check] from: 0:0:0:0:0:0:0:1 costs: 25418ms
2021-12-08 22:40:13.501 [http-nio-8081-exec-8] "POST /v1/papercheck/check HTTP/1.1" INFO  i.g.x.l.common.interceptor.RequestLogInterceptor - [POST] -> [/v1/papercheck/check] from: 0:0:0:0:0:0:0:1 costs: 366766ms
2021-12-08 22:40:13.643 [SpringContextShutdownHook] "  " INFO  o.s.scheduling.concurrent.ThreadPoolTaskExecutor - Shutting down ExecutorService 'applicationTaskExecutor'
2021-12-08 22:40:13.647 [SpringContextShutdownHook] "  " INFO  com.zaxxer.hikari.HikariDataSource - HikariPool-1 - Shutdown initiated...
2021-12-08 22:40:13.652 [SpringContextShutdownHook] "  " INFO  com.zaxxer.hikari.HikariDataSource - HikariPool-1 - Shutdown completed.
2021-12-08 22:40:18.417 [background-preinit] "  " INFO  org.hibernate.validator.internal.util.Version - HV000001: Hibernate Validator 6.1.5.Final
2021-12-08 22:40:18.436 [main] "  " INFO  io.github.xmchxup.latticy.LatticyApplication - Starting LatticyApplication on zhanggedeMacBook-Pro.local with PID 1079 (/Users/z9/Projects/cms/backend/target/classes started by z9 in /Users/z9/Projects/cms/backend)
2021-12-08 22:40:18.437 [main] "  " INFO  io.github.xmchxup.latticy.LatticyApplication - The following profiles are active: dev
2021-12-08 22:40:19.876 [main] "  " INFO  o.s.c.s.PostProcessorRegistrationDelegate$BeanPostProcessorChecker - Bean 'commonConfiguration' of type [io.github.xmchxup.latticy.common.configuration.CommonConfiguration] is not eligible for getting processed by all BeanPostProcessors (for example: not eligible for auto-proxying)
2021-12-08 22:40:20.147 [main] "  " INFO  o.s.boot.web.embedded.tomcat.TomcatWebServer - Tomcat initialized with port(s): 8081 (http)
2021-12-08 22:40:20.156 [main] "  " INFO  org.apache.coyote.http11.Http11NioProtocol - Initializing ProtocolHandler ["http-nio-8081"]
2021-12-08 22:40:20.156 [main] "  " INFO  org.apache.catalina.core.StandardService - Starting service [Tomcat]
2021-12-08 22:40:20.156 [main] "  " INFO  org.apache.catalina.core.StandardEngine - Starting Servlet engine: [Apache Tomcat/9.0.37]
2021-12-08 22:40:20.234 [main] "  " INFO  o.a.c.core.ContainerBase.[Tomcat].[localhost].[/] - Initializing Spring embedded WebApplicationContext
2021-12-08 22:40:20.235 [main] "  " INFO  o.s.b.w.s.c.ServletWebServerApplicationContext - Root WebApplicationContext: initialization completed in 1752 ms
2021-12-08 22:40:20.528 [main] "  " INFO  com.zaxxer.hikari.HikariDataSource - HikariPool-1 - Starting...
2021-12-08 22:40:20.629 [main] "  " INFO  com.zaxxer.hikari.HikariDataSource - HikariPool-1 - Start completed.
2021-12-08 22:40:22.469 [main] "  " INFO  o.s.scheduling.concurrent.ThreadPoolTaskExecutor - Initializing ExecutorService 'applicationTaskExecutor'
2021-12-08 22:40:22.721 [main] "  " INFO  org.apache.coyote.http11.Http11NioProtocol - Starting ProtocolHandler ["http-nio-8081"]
2021-12-08 22:40:22.748 [main] "  " INFO  o.s.boot.web.embedded.tomcat.TomcatWebServer - Tomcat started on port(s): 8081 (http) with context path ''
2021-12-08 22:40:23.622 [main] "  " INFO  io.github.xmchxup.latticy.LatticyApplication - Started LatticyApplication in 5.788 seconds (JVM running for 6.501)
2021-12-08 22:40:28.153 [http-nio-8081-exec-1] "  " INFO  o.a.c.core.ContainerBase.[Tomcat].[localhost].[/] - Initializing Spring DispatcherServlet 'dispatcherServlet'
2021-12-08 22:40:28.153 [http-nio-8081-exec-1] "  " INFO  org.springframework.web.servlet.DispatcherServlet - Initializing Servlet 'dispatcherServlet'
2021-12-08 22:40:28.163 [http-nio-8081-exec-1] "  " INFO  org.springframework.web.servlet.DispatcherServlet - Completed initialization in 10 ms
2021-12-08 22:40:28.232 [http-nio-8081-exec-1] "POST /v1/papercheck/check HTTP/1.1" INFO  i.g.x.l.common.interceptor.RequestLogInterceptor - [POST] -> [/v1/papercheck/check] from: 0:0:0:0:0:0:0:1 costs: 58ms
2021-12-08 22:41:00.519 [SpringContextShutdownHook] "  " INFO  o.s.scheduling.concurrent.ThreadPoolTaskExecutor - Shutting down ExecutorService 'applicationTaskExecutor'
2021-12-08 22:41:00.524 [SpringContextShutdownHook] "  " INFO  com.zaxxer.hikari.HikariDataSource - HikariPool-1 - Shutdown initiated...
2021-12-08 22:41:00.534 [SpringContextShutdownHook] "  " INFO  com.zaxxer.hikari.HikariDataSource - HikariPool-1 - Shutdown completed.
2021-12-08 22:41:04.755 [background-preinit] "  " INFO  org.hibernate.validator.internal.util.Version - HV000001: Hibernate Validator 6.1.5.Final
2021-12-08 22:41:04.774 [main] "  " INFO  io.github.xmchxup.latticy.LatticyApplication - Starting LatticyApplication on zhanggedeMacBook-Pro.local with PID 1093 (/Users/z9/Projects/cms/backend/target/classes started by z9 in /Users/z9/Projects/cms/backend)
2021-12-08 22:41:04.775 [main] "  " INFO  io.github.xmchxup.latticy.LatticyApplication - The following profiles are active: dev
2021-12-08 22:41:06.092 [main] "  " INFO  o.s.c.s.PostProcessorRegistrationDelegate$BeanPostProcessorChecker - Bean 'commonConfiguration' of type [io.github.xmchxup.latticy.common.configuration.CommonConfiguration] is not eligible for getting processed by all BeanPostProcessors (for example: not eligible for auto-proxying)
2021-12-08 22:41:06.333 [main] "  " INFO  o.s.boot.web.embedded.tomcat.TomcatWebServer - Tomcat initialized with port(s): 8081 (http)
2021-12-08 22:41:06.341 [main] "  " INFO  org.apache.coyote.http11.Http11NioProtocol - Initializing ProtocolHandler ["http-nio-8081"]
2021-12-08 22:41:06.342 [main] "  " INFO  org.apache.catalina.core.StandardService - Starting service [Tomcat]
2021-12-08 22:41:06.342 [main] "  " INFO  org.apache.catalina.core.StandardEngine - Starting Servlet engine: [Apache Tomcat/9.0.37]
2021-12-08 22:41:06.407 [main] "  " INFO  o.a.c.core.ContainerBase.[Tomcat].[localhost].[/] - Initializing Spring embedded WebApplicationContext
2021-12-08 22:41:06.407 [main] "  " INFO  o.s.b.w.s.c.ServletWebServerApplicationContext - Root WebApplicationContext: initialization completed in 1585 ms
2021-12-08 22:41:06.686 [main] "  " INFO  com.zaxxer.hikari.HikariDataSource - HikariPool-1 - Starting...
2021-12-08 22:41:06.787 [main] "  " INFO  com.zaxxer.hikari.HikariDataSource - HikariPool-1 - Start completed.
2021-12-08 22:41:08.587 [main] "  " INFO  o.s.scheduling.concurrent.ThreadPoolTaskExecutor - Initializing ExecutorService 'applicationTaskExecutor'
2021-12-08 22:41:08.907 [main] "  " INFO  org.apache.coyote.http11.Http11NioProtocol - Starting ProtocolHandler ["http-nio-8081"]
2021-12-08 22:41:08.942 [main] "  " INFO  o.s.boot.web.embedded.tomcat.TomcatWebServer - Tomcat started on port(s): 8081 (http) with context path ''
2021-12-08 22:41:09.833 [main] "  " INFO  io.github.xmchxup.latticy.LatticyApplication - Started LatticyApplication in 5.604 seconds (JVM running for 6.248)
2021-12-08 22:41:10.168 [http-nio-8081-exec-2] "  " INFO  o.a.c.core.ContainerBase.[Tomcat].[localhost].[/] - Initializing Spring DispatcherServlet 'dispatcherServlet'
2021-12-08 22:41:10.168 [http-nio-8081-exec-2] "  " INFO  org.springframework.web.servlet.DispatcherServlet - Initializing Servlet 'dispatcherServlet'
2021-12-08 22:41:10.178 [http-nio-8081-exec-2] "  " INFO  org.springframework.web.servlet.DispatcherServlet - Completed initialization in 10 ms
2021-12-08 22:41:10.244 [http-nio-8081-exec-2] "POST /v1/papercheck/check HTTP/1.1" INFO  i.g.x.l.common.interceptor.RequestLogInterceptor - [POST] -> [/v1/papercheck/check] from: 0:0:0:0:0:0:0:1 costs: 55ms
2021-12-08 22:42:37.964 [SpringContextShutdownHook] "  " INFO  o.s.scheduling.concurrent.ThreadPoolTaskExecutor - Shutting down ExecutorService 'applicationTaskExecutor'
2021-12-08 22:42:37.969 [SpringContextShutdownHook] "  " INFO  com.zaxxer.hikari.HikariDataSource - HikariPool-1 - Shutdown initiated...
2021-12-08 22:42:37.974 [SpringContextShutdownHook] "  " INFO  com.zaxxer.hikari.HikariDataSource - HikariPool-1 - Shutdown completed.
2021-12-08 22:42:42.594 [background-preinit] "  " INFO  org.hibernate.validator.internal.util.Version - HV000001: Hibernate Validator 6.1.5.Final
2021-12-08 22:42:42.614 [main] "  " INFO  io.github.xmchxup.latticy.LatticyApplication - Starting LatticyApplication on zhanggedeMacBook-Pro.local with PID 1110 (/Users/z9/Projects/cms/backend/target/classes started by z9 in /Users/z9/Projects/cms/backend)
2021-12-08 22:42:42.615 [main] "  " INFO  io.github.xmchxup.latticy.LatticyApplication - The following profiles are active: dev
2021-12-08 22:42:43.997 [main] "  " INFO  o.s.c.s.PostProcessorRegistrationDelegate$BeanPostProcessorChecker - Bean 'commonConfiguration' of type [io.github.xmchxup.latticy.common.configuration.CommonConfiguration] is not eligible for getting processed by all BeanPostProcessors (for example: not eligible for auto-proxying)
2021-12-08 22:42:44.229 [main] "  " INFO  o.s.boot.web.embedded.tomcat.TomcatWebServer - Tomcat initialized with port(s): 8081 (http)
2021-12-08 22:42:44.238 [main] "  " INFO  org.apache.coyote.http11.Http11NioProtocol - Initializing ProtocolHandler ["http-nio-8081"]
2021-12-08 22:42:44.239 [main] "  " INFO  org.apache.catalina.core.StandardService - Starting service [Tomcat]
2021-12-08 22:42:44.239 [main] "  " INFO  org.apache.catalina.core.StandardEngine - Starting Servlet engine: [Apache Tomcat/9.0.37]
2021-12-08 22:42:44.302 [main] "  " INFO  o.a.c.core.ContainerBase.[Tomcat].[localhost].[/] - Initializing Spring embedded WebApplicationContext
2021-12-08 22:42:44.302 [main] "  " INFO  o.s.b.w.s.c.ServletWebServerApplicationContext - Root WebApplicationContext: initialization completed in 1640 ms
2021-12-08 22:42:44.633 [main] "  " INFO  com.zaxxer.hikari.HikariDataSource - HikariPool-1 - Starting...
2021-12-08 22:42:44.750 [main] "  " INFO  com.zaxxer.hikari.HikariDataSource - HikariPool-1 - Start completed.
2021-12-08 22:42:46.628 [main] "  " INFO  o.s.scheduling.concurrent.ThreadPoolTaskExecutor - Initializing ExecutorService 'applicationTaskExecutor'
2021-12-08 22:42:46.904 [main] "  " INFO  org.apache.coyote.http11.Http11NioProtocol - Starting ProtocolHandler ["http-nio-8081"]
2021-12-08 22:42:46.934 [main] "  " INFO  o.s.boot.web.embedded.tomcat.TomcatWebServer - Tomcat started on port(s): 8081 (http) with context path ''
2021-12-08 22:42:47.957 [main] "  " INFO  io.github.xmchxup.latticy.LatticyApplication - Started LatticyApplication in 5.815 seconds (JVM running for 6.469)
2021-12-08 22:42:48.391 [http-nio-8081-exec-2] "  " INFO  o.a.c.core.ContainerBase.[Tomcat].[localhost].[/] - Initializing Spring DispatcherServlet 'dispatcherServlet'
2021-12-08 22:42:48.391 [http-nio-8081-exec-2] "  " INFO  org.springframework.web.servlet.DispatcherServlet - Initializing Servlet 'dispatcherServlet'
2021-12-08 22:42:48.401 [http-nio-8081-exec-2] "  " INFO  org.springframework.web.servlet.DispatcherServlet - Completed initialization in 9 ms
2021-12-08 22:42:48.473 [http-nio-8081-exec-2] "POST /v1/papercheck/check HTTP/1.1" INFO  i.g.x.l.common.interceptor.RequestLogInterceptor - [POST] -> [/v1/papercheck/check] from: 0:0:0:0:0:0:0:1 costs: 62ms
2021-12-08 22:47:21.243 [SpringContextShutdownHook] "  " INFO  o.s.scheduling.concurrent.ThreadPoolTaskExecutor - Shutting down ExecutorService 'applicationTaskExecutor'
2021-12-08 22:47:21.247 [SpringContextShutdownHook] "  " INFO  com.zaxxer.hikari.HikariDataSource - HikariPool-1 - Shutdown initiated...
2021-12-08 22:47:21.256 [SpringContextShutdownHook] "  " INFO  com.zaxxer.hikari.HikariDataSource - HikariPool-1 - Shutdown completed.
2021-12-08 22:47:25.954 [background-preinit] "  " INFO  org.hibernate.validator.internal.util.Version - HV000001: Hibernate Validator 6.1.5.Final
2021-12-08 22:47:25.976 [main] "  " INFO  io.github.xmchxup.latticy.LatticyApplication - Starting LatticyApplication on zhanggedeMacBook-Pro.local with PID 1158 (/Users/z9/Projects/cms/backend/target/classes started by z9 in /Users/z9/Projects/cms/backend)
2021-12-08 22:47:25.977 [main] "  " INFO  io.github.xmchxup.latticy.LatticyApplication - The following profiles are active: dev
2021-12-08 22:47:27.537 [main] "  " INFO  o.s.c.s.PostProcessorRegistrationDelegate$BeanPostProcessorChecker - Bean 'commonConfiguration' of type [io.github.xmchxup.latticy.common.configuration.CommonConfiguration] is not eligible for getting processed by all BeanPostProcessors (for example: not eligible for auto-proxying)
2021-12-08 22:47:27.874 [main] "  " INFO  o.s.boot.web.embedded.tomcat.TomcatWebServer - Tomcat initialized with port(s): 8081 (http)
2021-12-08 22:47:27.884 [main] "  " INFO  org.apache.coyote.http11.Http11NioProtocol - Initializing ProtocolHandler ["http-nio-8081"]
2021-12-08 22:47:27.885 [main] "  " INFO  org.apache.catalina.core.StandardService - Starting service [Tomcat]
2021-12-08 22:47:27.885 [main] "  " INFO  org.apache.catalina.core.StandardEngine - Starting Servlet engine: [Apache Tomcat/9.0.37]
2021-12-08 22:47:27.956 [main] "  " INFO  o.a.c.core.ContainerBase.[Tomcat].[localhost].[/] - Initializing Spring embedded WebApplicationContext
2021-12-08 22:47:27.956 [main] "  " INFO  o.s.b.w.s.c.ServletWebServerApplicationContext - Root WebApplicationContext: initialization completed in 1931 ms
2021-12-08 22:47:28.284 [main] "  " INFO  com.zaxxer.hikari.HikariDataSource - HikariPool-1 - Starting...
2021-12-08 22:47:28.392 [main] "  " INFO  com.zaxxer.hikari.HikariDataSource - HikariPool-1 - Start completed.
2021-12-08 22:47:30.553 [main] "  " INFO  o.s.scheduling.concurrent.ThreadPoolTaskExecutor - Initializing ExecutorService 'applicationTaskExecutor'
2021-12-08 22:47:30.916 [main] "  " INFO  org.apache.coyote.http11.Http11NioProtocol - Starting ProtocolHandler ["http-nio-8081"]
2021-12-08 22:47:30.952 [main] "  " INFO  o.s.boot.web.embedded.tomcat.TomcatWebServer - Tomcat started on port(s): 8081 (http) with context path ''
2021-12-08 22:47:31.920 [main] "  " INFO  io.github.xmchxup.latticy.LatticyApplication - Started LatticyApplication in 6.493 seconds (JVM running for 7.116)
2021-12-08 22:49:18.105 [http-nio-8081-exec-1] "  " INFO  o.a.c.core.ContainerBase.[Tomcat].[localhost].[/] - Initializing Spring DispatcherServlet 'dispatcherServlet'
2021-12-08 22:49:18.106 [http-nio-8081-exec-1] "  " INFO  org.springframework.web.servlet.DispatcherServlet - Initializing Servlet 'dispatcherServlet'
2021-12-08 22:49:18.116 [http-nio-8081-exec-1] "  " INFO  org.springframework.web.servlet.DispatcherServlet - Completed initialization in 10 ms
2021-12-08 22:49:54.284 [http-nio-8081-exec-1] "POST /v1/papercheck/check HTTP/1.1" INFO  i.g.x.l.common.interceptor.RequestLogInterceptor - [POST] -> [/v1/papercheck/check] from: 0:0:0:0:0:0:0:1 costs: 36154ms
2021-12-08 22:54:12.411 [http-nio-8081-exec-4] "POST /v1/papercheck/check HTTP/1.1" INFO  i.g.x.l.common.interceptor.RequestLogInterceptor - [POST] -> [/v1/papercheck/check] from: 0:0:0:0:0:0:0:1 costs: 255486ms
2021-12-08 22:54:21.119 [background-preinit] "  " INFO  org.hibernate.validator.internal.util.Version - HV000001: Hibernate Validator 6.1.5.Final
2021-12-08 22:54:21.153 [main] "  " INFO  io.github.xmchxup.latticy.LatticyApplication - Starting LatticyApplication on zhanggedeMacBook-Pro.local with PID 1190 (/Users/z9/Projects/cms/backend/target/classes started by z9 in /Users/z9/Projects/cms/backend)
2021-12-08 22:54:21.154 [main] "  " INFO  io.github.xmchxup.latticy.LatticyApplication - The following profiles are active: dev
2021-12-08 22:54:22.472 [main] "  " INFO  o.s.c.s.PostProcessorRegistrationDelegate$BeanPostProcessorChecker - Bean 'commonConfiguration' of type [io.github.xmchxup.latticy.common.configuration.CommonConfiguration] is not eligible for getting processed by all BeanPostProcessors (for example: not eligible for auto-proxying)
2021-12-08 22:54:22.731 [main] "  " INFO  o.s.boot.web.embedded.tomcat.TomcatWebServer - Tomcat initialized with port(s): 8081 (http)
2021-12-08 22:54:22.738 [main] "  " INFO  org.apache.coyote.http11.Http11NioProtocol - Initializing ProtocolHandler ["http-nio-8081"]
2021-12-08 22:54:22.739 [main] "  " INFO  org.apache.catalina.core.StandardService - Starting service [Tomcat]
2021-12-08 22:54:22.740 [main] "  " INFO  org.apache.catalina.core.StandardEngine - Starting Servlet engine: [Apache Tomcat/9.0.37]
2021-12-08 22:54:22.810 [main] "  " INFO  o.a.c.core.ContainerBase.[Tomcat].[localhost].[/] - Initializing Spring embedded WebApplicationContext
2021-12-08 22:54:22.811 [main] "  " INFO  o.s.b.w.s.c.ServletWebServerApplicationContext - Root WebApplicationContext: initialization completed in 1573 ms
2021-12-08 22:54:23.131 [main] "  " INFO  com.zaxxer.hikari.HikariDataSource - HikariPool-1 - Starting...
2021-12-08 22:54:23.268 [main] "  " INFO  com.zaxxer.hikari.HikariDataSource - HikariPool-1 - Start completed.
2021-12-08 22:54:25.239 [main] "  " INFO  o.s.scheduling.concurrent.ThreadPoolTaskExecutor - Initializing ExecutorService 'applicationTaskExecutor'
2021-12-08 22:54:25.514 [main] "  " INFO  org.apache.coyote.http11.Http11NioProtocol - Starting ProtocolHandler ["http-nio-8081"]
2021-12-08 22:54:25.559 [main] "  " INFO  o.s.boot.web.embedded.tomcat.TomcatWebServer - Tomcat started on port(s): 8081 (http) with context path ''
2021-12-08 22:54:26.608 [main] "  " INFO  io.github.xmchxup.latticy.LatticyApplication - Started LatticyApplication in 6.119 seconds (JVM running for 6.785)
2021-12-08 22:54:28.028 [http-nio-8081-exec-2] "  " INFO  o.a.c.core.ContainerBase.[Tomcat].[localhost].[/] - Initializing Spring DispatcherServlet 'dispatcherServlet'
2021-12-08 22:54:28.028 [http-nio-8081-exec-2] "  " INFO  org.springframework.web.servlet.DispatcherServlet - Initializing Servlet 'dispatcherServlet'
2021-12-08 22:54:28.035 [http-nio-8081-exec-2] "  " INFO  org.springframework.web.servlet.DispatcherServlet - Completed initialization in 7 ms
2021-12-08 23:04:41.776 [http-nio-8081-exec-2] "POST /v1/papercheck/check HTTP/1.1" INFO  i.g.x.l.common.interceptor.RequestLogInterceptor - [POST] -> [/v1/papercheck/check] from: 0:0:0:0:0:0:0:1 costs: 613728ms
2021-12-08 23:05:04.885 [http-nio-8081-exec-4] "POST /v1/papercheck/check HTTP/1.1" INFO  i.g.x.l.common.interceptor.RequestLogInterceptor - [POST] -> [/v1/papercheck/check] from: 0:0:0:0:0:0:0:1 costs: 20509ms
2021-12-08 23:07:30.329 [http-nio-8081-exec-6] "POST /v1/papercheck/check HTTP/1.1" INFO  i.g.x.l.common.interceptor.RequestLogInterceptor - [POST] -> [/v1/papercheck/check] from: 0:0:0:0:0:0:0:1 costs: 142098ms
2021-12-08 23:08:26.191 [http-nio-8081-exec-7] "POST /v1/papercheck/check HTTP/1.1" INFO  i.g.x.l.common.interceptor.RequestLogInterceptor - [POST] -> [/v1/papercheck/check] from: 0:0:0:0:0:0:0:1 costs: 12574ms
2021-12-08 23:08:58.842 [http-nio-8081-exec-8] "POST /v1/papercheck/check HTTP/1.1" INFO  i.g.x.l.common.interceptor.RequestLogInterceptor - [POST] -> [/v1/papercheck/check] from: 0:0:0:0:0:0:0:1 costs: 6ms
2021-12-08 23:10:18.132 [http-nio-8081-exec-10] "POST /v1/papercheck/check HTTP/1.1" INFO  i.g.x.l.common.interceptor.RequestLogInterceptor - [POST] -> [/v1/papercheck/check] from: 0:0:0:0:0:0:0:1 costs: 4ms
2021-12-08 23:12:35.379 [http-nio-8081-exec-2] "POST /v1/papercheck/check HTTP/1.1" INFO  i.g.x.l.common.interceptor.RequestLogInterceptor - [POST] -> [/v1/papercheck/check] from: 0:0:0:0:0:0:0:1 costs: 33ms
2021-12-08 23:14:31.200 [http-nio-8081-exec-5] "POST /v1/papercheck/check HTTP/1.1" INFO  i.g.x.l.common.interceptor.RequestLogInterceptor - [POST] -> [/v1/papercheck/check] from: 0:0:0:0:0:0:0:1 costs: 22ms
2021-12-08 23:18:38.515 [http-nio-8081-exec-7] "OPTIONS /cms/user/login HTTP/1.1" INFO  i.g.x.l.common.interceptor.RequestLogInterceptor - [OPTIONS] -> [/cms/user/login] from: 127.0.0.1 costs: 0ms
2021-12-08 23:18:39.308 [http-nio-8081-exec-8] "POST /cms/user/login HTTP/1.1" INFO  i.g.x.l.common.interceptor.RequestLogInterceptor - [POST] -> [/cms/user/login] from: 127.0.0.1 costs: 783ms
2021-12-08 23:18:39.314 [http-nio-8081-exec-9] "OPTIONS /cms/user/permissions HTTP/1.1" INFO  i.g.x.l.common.interceptor.RequestLogInterceptor - [OPTIONS] -> [/cms/user/permissions] from: 127.0.0.1 costs: 1ms
2021-12-08 23:18:49.455 [http-nio-8081-exec-10] "GET /cms/user/permissions HTTP/1.1" INFO  i.g.x.l.common.interceptor.RequestLogInterceptor - [GET] -> [/cms/user/permissions] from: 127.0.0.1 costs: 10114ms
2021-12-08 23:18:53.669 [http-nio-8081-exec-1] "OPTIONS /cms/user/login HTTP/1.1" INFO  i.g.x.l.common.interceptor.RequestLogInterceptor - [OPTIONS] -> [/cms/user/login] from: 127.0.0.1 costs: 1ms
2021-12-08 23:18:53.887 [http-nio-8081-exec-2] "POST /cms/user/login HTTP/1.1" INFO  i.g.x.l.common.interceptor.RequestLogInterceptor - [POST] -> [/cms/user/login] from: 127.0.0.1 costs: 213ms
2021-12-08 23:18:53.905 [http-nio-8081-exec-3] "GET /cms/user/permissions HTTP/1.1" INFO  i.g.x.l.common.interceptor.RequestLogInterceptor - [GET] -> [/cms/user/permissions] from: 127.0.0.1 costs: 11ms
2021-12-08 23:19:54.169 [http-nio-8081-exec-5] "OPTIONS /v1/teacher/all HTTP/1.1" INFO  i.g.x.l.common.interceptor.RequestLogInterceptor - [OPTIONS] -> [/v1/teacher/all] from: 127.0.0.1 costs: 0ms
2021-12-08 23:19:54.174 [http-nio-8081-exec-6] "OPTIONS /v1/scorecard/page HTTP/1.1" INFO  i.g.x.l.common.interceptor.RequestLogInterceptor - [OPTIONS] -> [/v1/scorecard/page] from: 127.0.0.1 costs: 0ms
2021-12-08 23:19:54.205 [http-nio-8081-exec-7] "GET /v1/teacher/all HTTP/1.1" INFO  i.g.x.l.common.interceptor.RequestLogInterceptor - [GET] -> [/v1/teacher/all] from: 127.0.0.1 costs: 32ms
2021-12-08 23:19:54.217 [http-nio-8081-exec-9] "OPTIONS /v1/class/all HTTP/1.1" INFO  i.g.x.l.common.interceptor.RequestLogInterceptor - [OPTIONS] -> [/v1/class/all] from: 127.0.0.1 costs: 1ms
2021-12-08 23:19:54.252 [http-nio-8081-exec-10] "GET /v1/class/all HTTP/1.1" INFO  i.g.x.l.common.interceptor.RequestLogInterceptor - [GET] -> [/v1/class/all] from: 127.0.0.1 costs: 27ms
2021-12-08 23:19:54.299 [http-nio-8081-exec-8] "GET /v1/scorecard/page HTTP/1.1" INFO  i.g.x.l.common.interceptor.RequestLogInterceptor - [GET] -> [/v1/scorecard/page] from: 127.0.0.1 costs: 120ms
2021-12-08 23:19:56.783 [http-nio-8081-exec-1] "OPTIONS /v1/card/ HTTP/1.1" INFO  i.g.x.l.common.interceptor.RequestLogInterceptor - [OPTIONS] -> [/v1/card/] from: 127.0.0.1 costs: 1ms
2021-12-08 23:19:56.809 [http-nio-8081-exec-2] "GET /v1/card/ HTTP/1.1" INFO  i.g.x.l.common.interceptor.RequestLogInterceptor - [GET] -> [/v1/card/] from: 127.0.0.1 costs: 21ms
2021-12-08 23:19:56.815 [http-nio-8081-exec-3] "OPTIONS /v1/question/ HTTP/1.1" INFO  i.g.x.l.common.interceptor.RequestLogInterceptor - [OPTIONS] -> [/v1/question/] from: 127.0.0.1 costs: 0ms
2021-12-08 23:19:56.837 [http-nio-8081-exec-4] "GET /v1/question/ HTTP/1.1" INFO  i.g.x.l.common.interceptor.RequestLogInterceptor - [GET] -> [/v1/question/] from: 127.0.0.1 costs: 18ms
2021-12-08 23:19:57.891 [http-nio-8081-exec-5] "OPTIONS /v1/question/page HTTP/1.1" INFO  i.g.x.l.common.interceptor.RequestLogInterceptor - [OPTIONS] -> [/v1/question/page] from: 127.0.0.1 costs: 0ms
2021-12-08 23:19:57.906 [http-nio-8081-exec-6] "GET /v1/question/page HTTP/1.1" INFO  i.g.x.l.common.interceptor.RequestLogInterceptor - [GET] -> [/v1/question/page] from: 127.0.0.1 costs: 10ms
2021-12-08 23:20:09.761 [http-nio-8081-exec-7] "GET /v1/scorecard/page HTTP/1.1" INFO  i.g.x.l.common.interceptor.RequestLogInterceptor - [GET] -> [/v1/scorecard/page] from: 127.0.0.1 costs: 9ms
2021-12-08 23:20:12.110 [http-nio-8081-exec-9] "GET /v1/question/page HTTP/1.1" INFO  i.g.x.l.common.interceptor.RequestLogInterceptor - [GET] -> [/v1/question/page] from: 127.0.0.1 costs: 6ms
2021-12-08 23:20:57.274 [http-nio-8081-exec-8] "OPTIONS /cms/admin/permission HTTP/1.1" INFO  i.g.x.l.common.interceptor.RequestLogInterceptor - [OPTIONS] -> [/cms/admin/permission] from: 127.0.0.1 costs: 1ms
2021-12-08 23:20:57.317 [http-nio-8081-exec-1] "GET /cms/admin/permission HTTP/1.1" INFO  i.g.x.l.common.interceptor.RequestLogInterceptor - [GET] -> [/cms/admin/permission] from: 127.0.0.1 costs: 25ms
2021-12-08 23:20:57.511 [http-nio-8081-exec-2] "OPTIONS /cms/admin/group/all HTTP/1.1" INFO  i.g.x.l.common.interceptor.RequestLogInterceptor - [OPTIONS] -> [/cms/admin/group/all] from: 127.0.0.1 costs: 1ms
2021-12-08 23:20:57.545 [http-nio-8081-exec-3] "GET /cms/admin/group/all HTTP/1.1" INFO  i.g.x.l.common.interceptor.RequestLogInterceptor - [GET] -> [/cms/admin/group/all] from: 127.0.0.1 costs: 18ms
2021-12-08 23:20:57.643 [http-nio-8081-exec-4] "GET /cms/admin/group/all HTTP/1.1" INFO  i.g.x.l.common.interceptor.RequestLogInterceptor - [GET] -> [/cms/admin/group/all] from: 127.0.0.1 costs: 9ms
2021-12-08 23:20:58.223 [http-nio-8081-exec-5] "OPTIONS /v1/college/all HTTP/1.1" INFO  i.g.x.l.common.interceptor.RequestLogInterceptor - [OPTIONS] -> [/v1/college/all] from: 127.0.0.1 costs: 0ms
2021-12-08 23:20:58.224 [http-nio-8081-exec-6] "OPTIONS /v1/team/page HTTP/1.1" INFO  i.g.x.l.common.interceptor.RequestLogInterceptor - [OPTIONS] -> [/v1/team/page] from: 127.0.0.1 costs: 0ms
2021-12-08 23:20:58.260 [http-nio-8081-exec-7] "GET /v1/college/all HTTP/1.1" INFO  i.g.x.l.common.interceptor.RequestLogInterceptor - [GET] -> [/v1/college/all] from: 127.0.0.1 costs: 24ms
2021-12-08 23:20:58.261 [http-nio-8081-exec-9] "GET /v1/team/page HTTP/1.1" INFO  i.g.x.l.common.interceptor.RequestLogInterceptor - [GET] -> [/v1/team/page] from: 127.0.0.1 costs: 30ms
2021-12-08 23:20:58.582 [http-nio-8081-exec-10] "OPTIONS /v1/topic/page HTTP/1.1" INFO  i.g.x.l.common.interceptor.RequestLogInterceptor - [OPTIONS] -> [/v1/topic/page] from: 127.0.0.1 costs: 0ms
2021-12-08 23:20:58.619 [http-nio-8081-exec-8] "GET /v1/topic/page HTTP/1.1" INFO  i.g.x.l.common.interceptor.RequestLogInterceptor - [GET] -> [/v1/topic/page] from: 127.0.0.1 costs: 31ms
2021-12-08 23:20:58.712 [http-nio-8081-exec-1] "OPTIONS /cms/user/information HTTP/1.1" INFO  i.g.x.l.common.interceptor.RequestLogInterceptor - [OPTIONS] -> [/cms/user/information] from: 127.0.0.1 costs: 0ms
2021-12-08 23:20:58.777 [http-nio-8081-exec-2] "GET /cms/user/information HTTP/1.1" INFO  i.g.x.l.common.interceptor.RequestLogInterceptor - [GET] -> [/cms/user/information] from: 127.0.0.1 costs: 57ms
2021-12-08 23:22:22.903 [http-nio-8081-exec-5] "GET /cms/user/information HTTP/1.1" INFO  i.g.x.l.common.interceptor.RequestLogInterceptor - [GET] -> [/cms/user/information] from: 127.0.0.1 costs: 4ms
2021-12-08 23:22:25.990 [http-nio-8081-exec-6] "GET /v1/topic/page HTTP/1.1" INFO  i.g.x.l.common.interceptor.RequestLogInterceptor - [GET] -> [/v1/topic/page] from: 127.0.0.1 costs: 7ms
2021-12-08 23:22:27.871 [http-nio-8081-exec-9] "GET /cms/user/information HTTP/1.1" INFO  i.g.x.l.common.interceptor.RequestLogInterceptor - [GET] -> [/cms/user/information] from: 127.0.0.1 costs: 4ms
2021-12-08 23:22:34.357 [http-nio-8081-exec-7] "GET /v1/topic/page HTTP/1.1" INFO  i.g.x.l.common.interceptor.RequestLogInterceptor - [GET] -> [/v1/topic/page] from: 127.0.0.1 costs: 8ms
2021-12-08 23:22:37.271 [http-nio-8081-exec-10] "GET /cms/user/information HTTP/1.1" INFO  i.g.x.l.common.interceptor.RequestLogInterceptor - [GET] -> [/cms/user/information] from: 127.0.0.1 costs: 4ms
2021-12-08 23:22:44.834 [http-nio-8081-exec-8] "GET /v1/topic/page HTTP/1.1" INFO  i.g.x.l.common.interceptor.RequestLogInterceptor - [GET] -> [/v1/topic/page] from: 127.0.0.1 costs: 11ms
2021-12-08 23:22:49.313 [http-nio-8081-exec-1] "GET /v1/team/page HTTP/1.1" INFO  i.g.x.l.common.interceptor.RequestLogInterceptor - [GET] -> [/v1/team/page] from: 127.0.0.1 costs: 4ms
2021-12-08 23:22:50.937 [http-nio-8081-exec-2] "OPTIONS /cms/log/users HTTP/1.1" INFO  i.g.x.l.common.interceptor.RequestLogInterceptor - [OPTIONS] -> [/cms/log/users] from: 127.0.0.1 costs: 0ms
2021-12-08 23:22:50.982 [http-nio-8081-exec-3] "GET /cms/log/users HTTP/1.1" INFO  i.g.x.l.common.interceptor.RequestLogInterceptor - [GET] -> [/cms/log/users] from: 127.0.0.1 costs: 31ms
2021-12-08 23:22:50.987 [http-nio-8081-exec-4] "OPTIONS /cms/log HTTP/1.1" INFO  i.g.x.l.common.interceptor.RequestLogInterceptor - [OPTIONS] -> [/cms/log] from: 127.0.0.1 costs: 0ms
2021-12-08 23:22:51.003 [http-nio-8081-exec-5] "GET /cms/log HTTP/1.1" INFO  i.g.x.l.common.interceptor.RequestLogInterceptor - [GET] -> [/cms/log] from: 127.0.0.1 costs: 5ms
2021-12-08 23:22:52.479 [http-nio-8081-exec-6] "GET /v1/teacher/all HTTP/1.1" INFO  i.g.x.l.common.interceptor.RequestLogInterceptor - [GET] -> [/v1/teacher/all] from: 127.0.0.1 costs: 8ms
2021-12-08 23:22:55.482 [http-nio-8081-exec-9] "GET /v1/team/page HTTP/1.1" INFO  i.g.x.l.common.interceptor.RequestLogInterceptor - [GET] -> [/v1/team/page] from: 127.0.0.1 costs: 5ms
2021-12-08 23:22:56.398 [http-nio-8081-exec-7] "GET /cms/log/users HTTP/1.1" INFO  i.g.x.l.common.interceptor.RequestLogInterceptor - [GET] -> [/cms/log/users] from: 127.0.0.1 costs: 6ms
2021-12-08 23:22:56.413 [http-nio-8081-exec-10] "GET /cms/log HTTP/1.1" INFO  i.g.x.l.common.interceptor.RequestLogInterceptor - [GET] -> [/cms/log] from: 127.0.0.1 costs: 3ms
2021-12-08 23:22:57.729 [http-nio-8081-exec-8] "GET /cms/user/information HTTP/1.1" INFO  i.g.x.l.common.interceptor.RequestLogInterceptor - [GET] -> [/cms/user/information] from: 127.0.0.1 costs: 3ms
2021-12-08 23:23:05.751 [http-nio-8081-exec-1] "OPTIONS /cms/admin/users HTTP/1.1" INFO  i.g.x.l.common.interceptor.RequestLogInterceptor - [OPTIONS] -> [/cms/admin/users] from: 127.0.0.1 costs: 0ms
2021-12-08 23:23:05.781 [http-nio-8081-exec-2] "GET /cms/admin/users HTTP/1.1" INFO  i.g.x.l.common.interceptor.RequestLogInterceptor - [GET] -> [/cms/admin/users] from: 127.0.0.1 costs: 19ms
2021-12-08 23:23:05.806 [http-nio-8081-exec-3] "GET /cms/admin/group/all HTTP/1.1" INFO  i.g.x.l.common.interceptor.RequestLogInterceptor - [GET] -> [/cms/admin/group/all] from: 127.0.0.1 costs: 6ms
2021-12-08 23:23:06.519 [http-nio-8081-exec-4] "GET /cms/admin/group/all HTTP/1.1" INFO  i.g.x.l.common.interceptor.RequestLogInterceptor - [GET] -> [/cms/admin/group/all] from: 127.0.0.1 costs: 7ms
2021-12-08 23:23:08.693 [http-nio-8081-exec-5] "GET /cms/admin/group/all HTTP/1.1" INFO  i.g.x.l.common.interceptor.RequestLogInterceptor - [GET] -> [/cms/admin/group/all] from: 127.0.0.1 costs: 8ms
2021-12-08 23:23:13.090 [http-nio-8081-exec-6] "GET /cms/admin/permission HTTP/1.1" INFO  i.g.x.l.common.interceptor.RequestLogInterceptor - [GET] -> [/cms/admin/permission] from: 127.0.0.1 costs: 5ms
2021-12-08 23:23:13.095 [http-nio-8081-exec-9] "OPTIONS /cms/admin/group/2 HTTP/1.1" INFO  i.g.x.l.common.interceptor.RequestLogInterceptor - [OPTIONS] -> [/cms/admin/group/2] from: 127.0.0.1 costs: 0ms
2021-12-08 23:23:13.117 [http-nio-8081-exec-7] "GET /cms/admin/group/2 HTTP/1.1" INFO  i.g.x.l.common.interceptor.RequestLogInterceptor - [GET] -> [/cms/admin/group/2] from: 127.0.0.1 costs: 10ms
2021-12-08 23:23:24.693 [http-nio-8081-exec-10] "GET /cms/admin/permission HTTP/1.1" INFO  i.g.x.l.common.interceptor.RequestLogInterceptor - [GET] -> [/cms/admin/permission] from: 127.0.0.1 costs: 3ms
2021-12-08 23:23:28.429 [http-nio-8081-exec-8] "GET /cms/admin/group/all HTTP/1.1" INFO  i.g.x.l.common.interceptor.RequestLogInterceptor - [GET] -> [/cms/admin/group/all] from: 127.0.0.1 costs: 5ms
2021-12-08 23:23:30.830 [http-nio-8081-exec-1] "GET /cms/admin/permission HTTP/1.1" INFO  i.g.x.l.common.interceptor.RequestLogInterceptor - [GET] -> [/cms/admin/permission] from: 127.0.0.1 costs: 3ms
2021-12-08 23:23:30.846 [http-nio-8081-exec-2] "GET /cms/admin/group/2 HTTP/1.1" INFO  i.g.x.l.common.interceptor.RequestLogInterceptor - [GET] -> [/cms/admin/group/2] from: 127.0.0.1 costs: 6ms
2021-12-08 23:23:32.127 [http-nio-8081-exec-3] "GET /cms/admin/permission HTTP/1.1" INFO  i.g.x.l.common.interceptor.RequestLogInterceptor - [GET] -> [/cms/admin/permission] from: 127.0.0.1 costs: 3ms
2021-12-08 23:23:41.675 [http-nio-8081-exec-4] "OPTIONS /cms/admin/group HTTP/1.1" INFO  i.g.x.l.common.interceptor.RequestLogInterceptor - [OPTIONS] -> [/cms/admin/group] from: 127.0.0.1 costs: 0ms
2021-12-08 23:23:41.721 [http-nio-8081-exec-5] "POST /cms/admin/group HTTP/1.1" INFO  i.g.x.l.common.interceptor.RequestLogInterceptor - [POST] -> [/cms/admin/group] from: 127.0.0.1 costs: 38ms
2021-12-08 23:23:41.780 [http-nio-8081-exec-9] "GET /cms/admin/permission HTTP/1.1" INFO  i.g.x.l.common.interceptor.RequestLogInterceptor - [GET] -> [/cms/admin/permission] from: 127.0.0.1 costs: 4ms
2021-12-08 23:23:41.781 [http-nio-8081-exec-6] "GET /cms/admin/group/all HTTP/1.1" INFO  i.g.x.l.common.interceptor.RequestLogInterceptor - [GET] -> [/cms/admin/group/all] from: 127.0.0.1 costs: 6ms
2021-12-08 23:23:41.794 [http-nio-8081-exec-7] "GET /cms/admin/group/all HTTP/1.1" INFO  i.g.x.l.common.interceptor.RequestLogInterceptor - [GET] -> [/cms/admin/group/all] from: 127.0.0.1 costs: 5ms
2021-12-08 23:23:41.808 [http-nio-8081-exec-10] "GET /cms/admin/group/all HTTP/1.1" INFO  i.g.x.l.common.interceptor.RequestLogInterceptor - [GET] -> [/cms/admin/group/all] from: 127.0.0.1 costs: 7ms
2021-12-08 23:23:42.096 [http-nio-8081-exec-8] "GET /cms/admin/group/all HTTP/1.1" INFO  i.g.x.l.common.interceptor.RequestLogInterceptor - [GET] -> [/cms/admin/group/all] from: 127.0.0.1 costs: 5ms
2021-12-08 23:23:46.185 [http-nio-8081-exec-1] "OPTIONS /cms/admin/group/8 HTTP/1.1" INFO  i.g.x.l.common.interceptor.RequestLogInterceptor - [OPTIONS] -> [/cms/admin/group/8] from: 127.0.0.1 costs: 0ms
2021-12-08 23:23:46.214 [http-nio-8081-exec-2] "DELETE /cms/admin/group/8 HTTP/1.1" INFO  i.g.x.l.common.interceptor.RequestLogInterceptor - [DELETE] -> [/cms/admin/group/8] from: 127.0.0.1 costs: 17ms
2021-12-08 23:23:46.230 [http-nio-8081-exec-3] "GET /cms/admin/group/all HTTP/1.1" INFO  i.g.x.l.common.interceptor.RequestLogInterceptor - [GET] -> [/cms/admin/group/all] from: 127.0.0.1 costs: 5ms
2021-12-08 23:23:56.165 [http-nio-8081-exec-4] "GET /v1/scorecard/page HTTP/1.1" INFO  i.g.x.l.common.interceptor.RequestLogInterceptor - [GET] -> [/v1/scorecard/page] from: 127.0.0.1 costs: 5ms
2021-12-08 23:24:00.565 [http-nio-8081-exec-5] "GET /v1/question/page HTTP/1.1" INFO  i.g.x.l.common.interceptor.RequestLogInterceptor - [GET] -> [/v1/question/page] from: 127.0.0.1 costs: 7ms
2021-12-08 23:24:49.921 [http-nio-8081-exec-6] "GET /v1/question/page HTTP/1.1" INFO  i.g.x.l.common.interceptor.RequestLogInterceptor - [GET] -> [/v1/question/page] from: 127.0.0.1 costs: 6ms
2021-12-08 23:25:50.273 [http-nio-8081-exec-10] "GET /v1/question/page HTTP/1.1" INFO  i.g.x.l.common.interceptor.RequestLogInterceptor - [GET] -> [/v1/question/page] from: 127.0.0.1 costs: 7ms
2021-12-08 23:28:41.102 [http-nio-8081-exec-1] "GET /v1/scorecard/page HTTP/1.1" INFO  i.g.x.l.common.interceptor.RequestLogInterceptor - [GET] -> [/v1/scorecard/page] from: 127.0.0.1 costs: 6ms
2021-12-08 23:29:35.634 [http-nio-8081-exec-2] "GET /v1/scorecard/page HTTP/1.1" INFO  i.g.x.l.common.interceptor.RequestLogInterceptor - [GET] -> [/v1/scorecard/page] from: 127.0.0.1 costs: 7ms
