2021-12-02 22:31:08.287 [background-preinit] "  " INFO  org.hibernate.validator.internal.util.Version - HV000001: Hibernate Validator 6.1.5.Final
2021-12-02 22:31:08.313 [main] "  " INFO  io.github.xmchxup.latticy.LatticyApplication - Starting LatticyApplication on SHILEIS-AIR.station with PID 64756 (/Users/shileimao/Documents/小项目/026-论文评分系统/毕设评分系统-归档/项目/backend/target/classes started by shileimao in /Users/shileimao/Documents/小项目/026-论文评分系统/毕设评分系统-归档/项目/backend)
2021-12-02 22:31:08.315 [main] "  " INFO  io.github.xmchxup.latticy.LatticyApplication - The following profiles are active: dev
2021-12-02 22:31:10.154 [main] "  " INFO  o.s.c.s.PostProcessorRegistrationDelegate$BeanPostProcessorChecker - Bean 'commonConfiguration' of type [io.github.xmchxup.latticy.common.configuration.CommonConfiguration] is not eligible for getting processed by all BeanPostProcessors (for example: not eligible for auto-proxying)
2021-12-02 22:31:10.514 [main] "  " INFO  o.s.boot.web.embedded.tomcat.TomcatWebServer - Tomcat initialized with port(s): 8081 (http)
2021-12-02 22:31:10.521 [main] "  " INFO  org.apache.coyote.http11.Http11NioProtocol - Initializing ProtocolHandler ["http-nio-8081"]
2021-12-02 22:31:10.521 [main] "  " INFO  org.apache.catalina.core.StandardService - Starting service [Tomcat]
2021-12-02 22:31:10.521 [main] "  " INFO  org.apache.catalina.core.StandardEngine - Starting Servlet engine: [Apache Tomcat/9.0.37]
2021-12-02 22:31:10.589 [main] "  " INFO  o.a.c.core.ContainerBase.[Tomcat].[localhost].[/] - Initializing Spring embedded WebApplicationContext
2021-12-02 22:31:10.590 [main] "  " INFO  o.s.b.w.s.c.ServletWebServerApplicationContext - Root WebApplicationContext: initialization completed in 2159 ms
2021-12-02 22:31:11.079 [main] "  " INFO  com.zaxxer.hikari.HikariDataSource - HikariPool-1 - Starting...
2021-12-02 22:31:11.203 [main] "  " INFO  com.zaxxer.hikari.HikariDataSource - HikariPool-1 - Start completed.
2021-12-02 22:31:13.341 [main] "  " INFO  o.s.scheduling.concurrent.ThreadPoolTaskExecutor - Initializing ExecutorService 'applicationTaskExecutor'
2021-12-02 22:31:13.590 [main] "  " INFO  org.apache.coyote.http11.Http11NioProtocol - Starting ProtocolHandler ["http-nio-8081"]
2021-12-02 22:31:13.628 [main] "  " INFO  o.s.boot.web.embedded.tomcat.TomcatWebServer - Tomcat started on port(s): 8081 (http) with context path ''
2021-12-02 22:31:14.465 [main] "  " INFO  org.apache.coyote.http11.Http11NioProtocol - Pausing ProtocolHandler ["http-nio-8081"]
2021-12-02 22:31:14.476 [main] "  " INFO  org.apache.catalina.core.StandardService - Stopping service [Tomcat]
2021-12-02 22:31:14.478 [main] "  " INFO  org.apache.coyote.http11.Http11NioProtocol - Stopping ProtocolHandler ["http-nio-8081"]
2021-12-02 22:31:14.484 [main] "  " INFO  org.apache.coyote.http11.Http11NioProtocol - Destroying ProtocolHandler ["http-nio-8081"]
2021-12-02 22:31:14.495 [main] "  " INFO  o.s.b.a.l.ConditionEvaluationReportLoggingListener - 

Error starting ApplicationContext. To display the conditions report re-run your application with 'debug' enabled.
2021-12-02 22:31:14.526 [main] "  " INFO  o.s.scheduling.concurrent.ThreadPoolTaskExecutor - Shutting down ExecutorService 'applicationTaskExecutor'
2021-12-02 22:31:14.531 [main] "  " INFO  com.zaxxer.hikari.HikariDataSource - HikariPool-1 - Shutdown initiated...
2021-12-02 22:31:14.540 [main] "  " INFO  com.zaxxer.hikari.HikariDataSource - HikariPool-1 - Shutdown completed.
