2021-12-03 10:22:29.997 [background-preinit] "  " INFO  org.hibernate.validator.internal.util.Version - HV000001: Hibernate Validator 6.1.5.Final
2021-12-03 10:22:30.017 [main] "  " INFO  io.github.xmchxup.latticy.LatticyApplication - Starting LatticyApplication on SHILEIS-AIR.station with PID 70325 (/Users/shileimao/Documents/小项目/026-论文评分系统/毕设评分系统-归档/项目/backend/target/classes started by shileimao in /Users/shileimao/Documents/小项目/026-论文评分系统/毕设评分系统-归档/项目/backend)
2021-12-03 10:22:30.018 [main] "  " INFO  io.github.xmchxup.latticy.LatticyApplication - The following profiles are active: dev
2021-12-03 10:22:31.732 [main] "  " INFO  o.s.c.s.PostProcessorRegistrationDelegate$BeanPostProcessorChecker - Bean 'commonConfiguration' of type [io.github.xmchxup.latticy.common.configuration.CommonConfiguration] is not eligible for getting processed by all BeanPostProcessors (for example: not eligible for auto-proxying)
2021-12-03 10:22:32.024 [main] "  " INFO  o.s.boot.web.embedded.tomcat.TomcatWebServer - Tomcat initialized with port(s): 8081 (http)
2021-12-03 10:22:32.029 [main] "  " INFO  org.apache.coyote.http11.Http11NioProtocol - Initializing ProtocolHandler ["http-nio-8081"]
2021-12-03 10:22:32.030 [main] "  " INFO  org.apache.catalina.core.StandardService - Starting service [Tomcat]
2021-12-03 10:22:32.030 [main] "  " INFO  org.apache.catalina.core.StandardEngine - Starting Servlet engine: [Apache Tomcat/9.0.37]
2021-12-03 10:22:32.084 [main] "  " INFO  o.a.c.core.ContainerBase.[Tomcat].[localhost].[/] - Initializing Spring embedded WebApplicationContext
2021-12-03 10:22:32.085 [main] "  " INFO  o.s.b.w.s.c.ServletWebServerApplicationContext - Root WebApplicationContext: initialization completed in 1978 ms
2021-12-03 10:22:32.490 [main] "  " INFO  com.zaxxer.hikari.HikariDataSource - HikariPool-1 - Starting...
2021-12-03 10:22:32.604 [main] "  " INFO  com.zaxxer.hikari.HikariDataSource - HikariPool-1 - Start completed.
2021-12-03 10:22:34.841 [main] "  " INFO  o.s.scheduling.concurrent.ThreadPoolTaskExecutor - Initializing ExecutorService 'applicationTaskExecutor'
2021-12-03 10:22:35.151 [main] "  " INFO  org.apache.coyote.http11.Http11NioProtocol - Starting ProtocolHandler ["http-nio-8081"]
2021-12-03 10:22:35.177 [main] "  " INFO  o.s.boot.web.embedded.tomcat.TomcatWebServer - Tomcat started on port(s): 8081 (http) with context path ''
2021-12-03 10:22:36.010 [main] "  " INFO  org.apache.coyote.http11.Http11NioProtocol - Pausing ProtocolHandler ["http-nio-8081"]
2021-12-03 10:22:36.020 [main] "  " INFO  org.apache.catalina.core.StandardService - Stopping service [Tomcat]
2021-12-03 10:22:36.023 [main] "  " INFO  org.apache.coyote.http11.Http11NioProtocol - Stopping ProtocolHandler ["http-nio-8081"]
2021-12-03 10:22:36.032 [main] "  " INFO  org.apache.coyote.http11.Http11NioProtocol - Destroying ProtocolHandler ["http-nio-8081"]
2021-12-03 10:22:36.042 [main] "  " INFO  o.s.b.a.l.ConditionEvaluationReportLoggingListener - 

Error starting ApplicationContext. To display the conditions report re-run your application with 'debug' enabled.
2021-12-03 10:22:36.074 [main] "  " INFO  o.s.scheduling.concurrent.ThreadPoolTaskExecutor - Shutting down ExecutorService 'applicationTaskExecutor'
2021-12-03 10:22:36.080 [main] "  " INFO  com.zaxxer.hikari.HikariDataSource - HikariPool-1 - Shutdown initiated...
2021-12-03 10:22:36.089 [main] "  " INFO  com.zaxxer.hikari.HikariDataSource - HikariPool-1 - Shutdown completed.
2021-12-03 10:52:24.304 [background-preinit] "  " INFO  org.hibernate.validator.internal.util.Version - HV000001: Hibernate Validator 6.1.5.Final
2021-12-03 10:52:24.331 [main] "  " INFO  io.github.xmchxup.latticy.LatticyApplication - Starting LatticyApplication on SHILEIS-AIR.station with PID 71356 (/Users/shileimao/Documents/小项目/026-论文评分系统/毕设评分系统-归档/项目/backend/target/classes started by shileimao in /Users/shileimao/Documents/小项目/026-论文评分系统/毕设评分系统-归档/项目/backend)
2021-12-03 10:52:24.332 [main] "  " INFO  io.github.xmchxup.latticy.LatticyApplication - The following profiles are active: dev
2021-12-03 10:52:25.961 [main] "  " INFO  o.s.c.s.PostProcessorRegistrationDelegate$BeanPostProcessorChecker - Bean 'commonConfiguration' of type [io.github.xmchxup.latticy.common.configuration.CommonConfiguration] is not eligible for getting processed by all BeanPostProcessors (for example: not eligible for auto-proxying)
2021-12-03 10:52:26.261 [main] "  " INFO  o.s.boot.web.embedded.tomcat.TomcatWebServer - Tomcat initialized with port(s): 8081 (http)
2021-12-03 10:52:26.266 [main] "  " INFO  org.apache.coyote.http11.Http11NioProtocol - Initializing ProtocolHandler ["http-nio-8081"]
2021-12-03 10:52:26.266 [main] "  " INFO  org.apache.catalina.core.StandardService - Starting service [Tomcat]
2021-12-03 10:52:26.266 [main] "  " INFO  org.apache.catalina.core.StandardEngine - Starting Servlet engine: [Apache Tomcat/9.0.37]
2021-12-03 10:52:26.318 [main] "  " INFO  o.a.c.core.ContainerBase.[Tomcat].[localhost].[/] - Initializing Spring embedded WebApplicationContext
2021-12-03 10:52:26.318 [main] "  " INFO  o.s.b.w.s.c.ServletWebServerApplicationContext - Root WebApplicationContext: initialization completed in 1891 ms
2021-12-03 10:52:26.697 [main] "  " INFO  com.zaxxer.hikari.HikariDataSource - HikariPool-1 - Starting...
2021-12-03 10:52:26.800 [main] "  " INFO  com.zaxxer.hikari.HikariDataSource - HikariPool-1 - Start completed.
2021-12-03 10:52:28.955 [main] "  " INFO  o.s.scheduling.concurrent.ThreadPoolTaskExecutor - Initializing ExecutorService 'applicationTaskExecutor'
2021-12-03 10:52:29.221 [main] "  " INFO  org.apache.coyote.http11.Http11NioProtocol - Starting ProtocolHandler ["http-nio-8081"]
2021-12-03 10:52:29.245 [main] "  " INFO  o.s.boot.web.embedded.tomcat.TomcatWebServer - Tomcat started on port(s): 8081 (http) with context path ''
2021-12-03 10:52:30.131 [main] "  " INFO  org.apache.coyote.http11.Http11NioProtocol - Pausing ProtocolHandler ["http-nio-8081"]
2021-12-03 10:52:30.141 [main] "  " INFO  org.apache.catalina.core.StandardService - Stopping service [Tomcat]
2021-12-03 10:52:30.143 [main] "  " INFO  org.apache.coyote.http11.Http11NioProtocol - Stopping ProtocolHandler ["http-nio-8081"]
2021-12-03 10:52:30.148 [main] "  " INFO  org.apache.coyote.http11.Http11NioProtocol - Destroying ProtocolHandler ["http-nio-8081"]
2021-12-03 10:52:30.159 [main] "  " INFO  o.s.b.a.l.ConditionEvaluationReportLoggingListener - 

Error starting ApplicationContext. To display the conditions report re-run your application with 'debug' enabled.
2021-12-03 10:52:30.190 [main] "  " INFO  o.s.scheduling.concurrent.ThreadPoolTaskExecutor - Shutting down ExecutorService 'applicationTaskExecutor'
2021-12-03 10:52:30.195 [main] "  " INFO  com.zaxxer.hikari.HikariDataSource - HikariPool-1 - Shutdown initiated...
2021-12-03 10:52:30.205 [main] "  " INFO  com.zaxxer.hikari.HikariDataSource - HikariPool-1 - Shutdown completed.
2021-12-03 10:53:08.331 [background-preinit] "  " INFO  org.hibernate.validator.internal.util.Version - HV000001: Hibernate Validator 6.1.5.Final
2021-12-03 10:53:08.346 [main] "  " INFO  io.github.xmchxup.latticy.LatticyApplication - Starting LatticyApplication on SHILEIS-AIR.station with PID 71399 (/Users/shileimao/Documents/小项目/026-论文评分系统/毕设评分系统-归档/项目/backend/target/classes started by shileimao in /Users/shileimao/Documents/小项目/026-论文评分系统/毕设评分系统-归档/项目/backend)
2021-12-03 10:53:08.347 [main] "  " INFO  io.github.xmchxup.latticy.LatticyApplication - The following profiles are active: dev
2021-12-03 10:53:10.127 [main] "  " INFO  o.s.c.s.PostProcessorRegistrationDelegate$BeanPostProcessorChecker - Bean 'commonConfiguration' of type [io.github.xmchxup.latticy.common.configuration.CommonConfiguration] is not eligible for getting processed by all BeanPostProcessors (for example: not eligible for auto-proxying)
2021-12-03 10:53:10.427 [main] "  " INFO  o.s.boot.web.embedded.tomcat.TomcatWebServer - Tomcat initialized with port(s): 8081 (http)
2021-12-03 10:53:10.432 [main] "  " INFO  org.apache.coyote.http11.Http11NioProtocol - Initializing ProtocolHandler ["http-nio-8081"]
2021-12-03 10:53:10.433 [main] "  " INFO  org.apache.catalina.core.StandardService - Starting service [Tomcat]
2021-12-03 10:53:10.433 [main] "  " INFO  org.apache.catalina.core.StandardEngine - Starting Servlet engine: [Apache Tomcat/9.0.37]
2021-12-03 10:53:10.487 [main] "  " INFO  o.a.c.core.ContainerBase.[Tomcat].[localhost].[/] - Initializing Spring embedded WebApplicationContext
2021-12-03 10:53:10.487 [main] "  " INFO  o.s.b.w.s.c.ServletWebServerApplicationContext - Root WebApplicationContext: initialization completed in 2030 ms
2021-12-03 10:53:10.851 [main] "  " INFO  com.zaxxer.hikari.HikariDataSource - HikariPool-1 - Starting...
2021-12-03 10:53:10.938 [main] "  " INFO  com.zaxxer.hikari.HikariDataSource - HikariPool-1 - Start completed.
2021-12-03 10:53:13.053 [main] "  " INFO  o.s.scheduling.concurrent.ThreadPoolTaskExecutor - Initializing ExecutorService 'applicationTaskExecutor'
2021-12-03 10:53:13.292 [main] "  " INFO  org.apache.coyote.http11.Http11NioProtocol - Starting ProtocolHandler ["http-nio-8081"]
2021-12-03 10:53:13.317 [main] "  " INFO  o.s.boot.web.embedded.tomcat.TomcatWebServer - Tomcat started on port(s): 8081 (http) with context path ''
2021-12-03 10:53:14.387 [main] "  " INFO  io.github.xmchxup.latticy.LatticyApplication - Started LatticyApplication in 6.524 seconds (JVM running for 7.15)
2021-12-03 10:53:32.040 [http-nio-8081-exec-1] "  " INFO  o.a.c.core.ContainerBase.[Tomcat].[localhost].[/] - Initializing Spring DispatcherServlet 'dispatcherServlet'
2021-12-03 10:53:32.042 [http-nio-8081-exec-1] "  " INFO  org.springframework.web.servlet.DispatcherServlet - Initializing Servlet 'dispatcherServlet'
2021-12-03 10:53:32.076 [http-nio-8081-exec-1] "  " INFO  org.springframework.web.servlet.DispatcherServlet - Completed initialization in 33 ms
2021-12-03 10:53:32.106 [http-nio-8081-exec-1] "OPTIONS /cms/user/login HTTP/1.1" INFO  i.g.x.l.common.interceptor.RequestLogInterceptor - [OPTIONS] -> [/cms/user/login] from: 127.0.0.1 costs: 11ms
2021-12-03 10:53:32.488 [http-nio-8081-exec-2] "POST /cms/user/login HTTP/1.1" INFO  i.g.x.l.common.interceptor.RequestLogInterceptor - [POST] -> [/cms/user/login] from: 127.0.0.1 costs: 368ms
2021-12-03 10:53:49.381 [http-nio-8081-exec-4] "POST /cms/user/login HTTP/1.1" INFO  i.g.x.l.common.interceptor.RequestLogInterceptor - [POST] -> [/cms/user/login] from: 127.0.0.1 costs: 63ms
2021-12-03 10:58:40.260 [SpringContextShutdownHook] "  " INFO  o.s.scheduling.concurrent.ThreadPoolTaskExecutor - Shutting down ExecutorService 'applicationTaskExecutor'
2021-12-03 10:58:40.273 [SpringContextShutdownHook] "  " INFO  com.zaxxer.hikari.HikariDataSource - HikariPool-1 - Shutdown initiated...
2021-12-03 10:58:40.301 [SpringContextShutdownHook] "  " INFO  com.zaxxer.hikari.HikariDataSource - HikariPool-1 - Shutdown completed.
2021-12-03 10:58:43.741 [background-preinit] "  " INFO  org.hibernate.validator.internal.util.Version - HV000001: Hibernate Validator 6.1.5.Final
2021-12-03 10:58:43.786 [main] "  " INFO  io.github.xmchxup.latticy.LatticyApplication - Starting LatticyApplication on SHILEIS-AIR.station with PID 71594 (/Users/shileimao/Documents/小项目/026-论文评分系统/毕设评分系统-归档/项目/backend/target/classes started by shileimao in /Users/shileimao/Documents/小项目/026-论文评分系统/毕设评分系统-归档/项目/backend)
2021-12-03 10:58:43.787 [main] "  " INFO  io.github.xmchxup.latticy.LatticyApplication - The following profiles are active: dev
2021-12-03 10:58:45.606 [main] "  " INFO  o.s.c.s.PostProcessorRegistrationDelegate$BeanPostProcessorChecker - Bean 'commonConfiguration' of type [io.github.xmchxup.latticy.common.configuration.CommonConfiguration] is not eligible for getting processed by all BeanPostProcessors (for example: not eligible for auto-proxying)
2021-12-03 10:58:45.916 [main] "  " INFO  o.s.boot.web.embedded.tomcat.TomcatWebServer - Tomcat initialized with port(s): 8081 (http)
2021-12-03 10:58:45.922 [main] "  " INFO  org.apache.coyote.http11.Http11NioProtocol - Initializing ProtocolHandler ["http-nio-8081"]
2021-12-03 10:58:45.923 [main] "  " INFO  org.apache.catalina.core.StandardService - Starting service [Tomcat]
2021-12-03 10:58:45.923 [main] "  " INFO  org.apache.catalina.core.StandardEngine - Starting Servlet engine: [Apache Tomcat/9.0.37]
2021-12-03 10:58:45.981 [main] "  " INFO  o.a.c.core.ContainerBase.[Tomcat].[localhost].[/] - Initializing Spring embedded WebApplicationContext
2021-12-03 10:58:45.982 [main] "  " INFO  o.s.b.w.s.c.ServletWebServerApplicationContext - Root WebApplicationContext: initialization completed in 2108 ms
2021-12-03 10:58:46.356 [main] "  " INFO  com.zaxxer.hikari.HikariDataSource - HikariPool-1 - Starting...
2021-12-03 10:58:46.439 [main] "  " INFO  com.zaxxer.hikari.HikariDataSource - HikariPool-1 - Start completed.
2021-12-03 10:58:48.894 [main] "  " INFO  o.s.scheduling.concurrent.ThreadPoolTaskExecutor - Initializing ExecutorService 'applicationTaskExecutor'
2021-12-03 10:58:49.202 [main] "  " INFO  org.apache.coyote.http11.Http11NioProtocol - Starting ProtocolHandler ["http-nio-8081"]
2021-12-03 10:58:49.223 [main] "  " INFO  o.s.boot.web.embedded.tomcat.TomcatWebServer - Tomcat started on port(s): 8081 (http) with context path ''
2021-12-03 10:58:49.735 [http-nio-8081-exec-1] "  " INFO  o.a.c.core.ContainerBase.[Tomcat].[localhost].[/] - Initializing Spring DispatcherServlet 'dispatcherServlet'
2021-12-03 10:58:49.736 [http-nio-8081-exec-1] "  " INFO  org.springframework.web.servlet.DispatcherServlet - Initializing Servlet 'dispatcherServlet'
2021-12-03 10:58:49.773 [http-nio-8081-exec-1] "  " INFO  org.springframework.web.servlet.DispatcherServlet - Completed initialization in 36 ms
2021-12-03 10:58:50.368 [http-nio-8081-exec-1] "POST /cms/user/login HTTP/1.1" INFO  i.g.x.l.common.interceptor.RequestLogInterceptor - [POST] -> [/cms/user/login] from: 127.0.0.1 costs: 566ms
2021-12-03 10:58:50.566 [main] "  " INFO  io.github.xmchxup.latticy.LatticyApplication - Started LatticyApplication in 7.329 seconds (JVM running for 8.005)
2021-12-03 10:58:55.049 [http-nio-8081-exec-2] "POST /cms/user/login HTTP/1.1" INFO  i.g.x.l.common.interceptor.RequestLogInterceptor - [POST] -> [/cms/user/login] from: 127.0.0.1 costs: 59ms
2021-12-03 11:00:37.418 [SpringContextShutdownHook] "  " INFO  o.s.scheduling.concurrent.ThreadPoolTaskExecutor - Shutting down ExecutorService 'applicationTaskExecutor'
2021-12-03 11:00:37.426 [SpringContextShutdownHook] "  " INFO  com.zaxxer.hikari.HikariDataSource - HikariPool-1 - Shutdown initiated...
2021-12-03 11:00:37.462 [SpringContextShutdownHook] "  " INFO  com.zaxxer.hikari.HikariDataSource - HikariPool-1 - Shutdown completed.
2021-12-03 11:00:42.846 [background-preinit] "  " INFO  org.hibernate.validator.internal.util.Version - HV000001: Hibernate Validator 6.1.5.Final
2021-12-03 11:00:42.874 [main] "  " INFO  io.github.xmchxup.latticy.LatticyApplication - Starting LatticyApplication on SHILEIS-AIR.station with PID 71685 (/Users/shileimao/Documents/小项目/026-论文评分系统/毕设评分系统-归档/项目/backend/target/classes started by shileimao in /Users/shileimao/Documents/小项目/026-论文评分系统/毕设评分系统-归档/项目/backend)
2021-12-03 11:00:42.874 [main] "  " INFO  io.github.xmchxup.latticy.LatticyApplication - The following profiles are active: dev
2021-12-03 11:00:44.517 [main] "  " INFO  o.s.c.s.PostProcessorRegistrationDelegate$BeanPostProcessorChecker - Bean 'commonConfiguration' of type [io.github.xmchxup.latticy.common.configuration.CommonConfiguration] is not eligible for getting processed by all BeanPostProcessors (for example: not eligible for auto-proxying)
2021-12-03 11:00:44.797 [main] "  " INFO  o.s.boot.web.embedded.tomcat.TomcatWebServer - Tomcat initialized with port(s): 8081 (http)
2021-12-03 11:00:44.805 [main] "  " INFO  org.apache.coyote.http11.Http11NioProtocol - Initializing ProtocolHandler ["http-nio-8081"]
2021-12-03 11:00:44.806 [main] "  " INFO  org.apache.catalina.core.StandardService - Starting service [Tomcat]
2021-12-03 11:00:44.806 [main] "  " INFO  org.apache.catalina.core.StandardEngine - Starting Servlet engine: [Apache Tomcat/9.0.37]
2021-12-03 11:00:44.854 [main] "  " INFO  o.a.c.core.ContainerBase.[Tomcat].[localhost].[/] - Initializing Spring embedded WebApplicationContext
2021-12-03 11:00:44.855 [main] "  " INFO  o.s.b.w.s.c.ServletWebServerApplicationContext - Root WebApplicationContext: initialization completed in 1895 ms
2021-12-03 11:00:45.232 [main] "  " INFO  com.zaxxer.hikari.HikariDataSource - HikariPool-1 - Starting...
2021-12-03 11:00:45.312 [main] "  " INFO  com.zaxxer.hikari.HikariDataSource - HikariPool-1 - Start completed.
2021-12-03 11:00:47.401 [main] "  " INFO  o.s.scheduling.concurrent.ThreadPoolTaskExecutor - Initializing ExecutorService 'applicationTaskExecutor'
2021-12-03 11:00:47.640 [main] "  " INFO  org.apache.coyote.http11.Http11NioProtocol - Starting ProtocolHandler ["http-nio-8081"]
2021-12-03 11:00:47.658 [main] "  " INFO  o.s.boot.web.embedded.tomcat.TomcatWebServer - Tomcat started on port(s): 8081 (http) with context path ''
2021-12-03 11:00:48.636 [main] "  " INFO  io.github.xmchxup.latticy.LatticyApplication - Started LatticyApplication in 6.377 seconds (JVM running for 7.022)
2021-12-03 11:00:56.272 [http-nio-8081-exec-1] "  " INFO  o.a.c.core.ContainerBase.[Tomcat].[localhost].[/] - Initializing Spring DispatcherServlet 'dispatcherServlet'
2021-12-03 11:00:56.274 [http-nio-8081-exec-1] "  " INFO  org.springframework.web.servlet.DispatcherServlet - Initializing Servlet 'dispatcherServlet'
2021-12-03 11:00:56.300 [http-nio-8081-exec-1] "  " INFO  org.springframework.web.servlet.DispatcherServlet - Completed initialization in 26 ms
2021-12-03 11:00:56.721 [http-nio-8081-exec-1] "POST /cms/user/login HTTP/1.1" INFO  i.g.x.l.common.interceptor.RequestLogInterceptor - [POST] -> [/cms/user/login] from: 127.0.0.1 costs: 394ms
2021-12-03 11:00:56.745 [http-nio-8081-exec-2] "OPTIONS /cms/user/permissions HTTP/1.1" INFO  i.g.x.l.common.interceptor.RequestLogInterceptor - [OPTIONS] -> [/cms/user/permissions] from: 127.0.0.1 costs: 1ms
2021-12-03 11:00:56.982 [http-nio-8081-exec-3] "GET /cms/user/permissions HTTP/1.1" INFO  i.g.x.l.common.interceptor.RequestLogInterceptor - [GET] -> [/cms/user/permissions] from: 127.0.0.1 costs: 194ms
2021-12-03 11:01:27.475 [SpringContextShutdownHook] "  " INFO  o.s.scheduling.concurrent.ThreadPoolTaskExecutor - Shutting down ExecutorService 'applicationTaskExecutor'
2021-12-03 11:01:27.482 [SpringContextShutdownHook] "  " INFO  com.zaxxer.hikari.HikariDataSource - HikariPool-1 - Shutdown initiated...
2021-12-03 11:01:27.503 [SpringContextShutdownHook] "  " INFO  com.zaxxer.hikari.HikariDataSource - HikariPool-1 - Shutdown completed.
2021-12-03 11:01:31.803 [background-preinit] "  " INFO  org.hibernate.validator.internal.util.Version - HV000001: Hibernate Validator 6.1.5.Final
2021-12-03 11:01:31.817 [main] "  " INFO  io.github.xmchxup.latticy.LatticyApplication - Starting LatticyApplication on SHILEIS-AIR.station with PID 71773 (/Users/shileimao/Documents/小项目/026-论文评分系统/毕设评分系统-归档/项目/backend/target/classes started by shileimao in /Users/shileimao/Documents/小项目/026-论文评分系统/毕设评分系统-归档/项目/backend)
2021-12-03 11:01:31.818 [main] "  " INFO  io.github.xmchxup.latticy.LatticyApplication - The following profiles are active: dev
2021-12-03 11:01:33.701 [main] "  " INFO  o.s.c.s.PostProcessorRegistrationDelegate$BeanPostProcessorChecker - Bean 'commonConfiguration' of type [io.github.xmchxup.latticy.common.configuration.CommonConfiguration] is not eligible for getting processed by all BeanPostProcessors (for example: not eligible for auto-proxying)
2021-12-03 11:01:34.007 [main] "  " INFO  o.s.boot.web.embedded.tomcat.TomcatWebServer - Tomcat initialized with port(s): 8081 (http)
2021-12-03 11:01:34.020 [main] "  " INFO  org.apache.coyote.http11.Http11NioProtocol - Initializing ProtocolHandler ["http-nio-8081"]
2021-12-03 11:01:34.021 [main] "  " INFO  org.apache.catalina.core.StandardService - Starting service [Tomcat]
2021-12-03 11:01:34.021 [main] "  " INFO  org.apache.catalina.core.StandardEngine - Starting Servlet engine: [Apache Tomcat/9.0.37]
2021-12-03 11:01:34.086 [main] "  " INFO  o.a.c.core.ContainerBase.[Tomcat].[localhost].[/] - Initializing Spring embedded WebApplicationContext
2021-12-03 11:01:34.086 [main] "  " INFO  o.s.b.w.s.c.ServletWebServerApplicationContext - Root WebApplicationContext: initialization completed in 2194 ms
2021-12-03 11:01:34.452 [main] "  " INFO  com.zaxxer.hikari.HikariDataSource - HikariPool-1 - Starting...
2021-12-03 11:01:34.531 [main] "  " INFO  com.zaxxer.hikari.HikariDataSource - HikariPool-1 - Start completed.
2021-12-03 11:01:36.621 [main] "  " INFO  o.s.scheduling.concurrent.ThreadPoolTaskExecutor - Initializing ExecutorService 'applicationTaskExecutor'
2021-12-03 11:01:36.856 [main] "  " INFO  org.apache.coyote.http11.Http11NioProtocol - Starting ProtocolHandler ["http-nio-8081"]
2021-12-03 11:01:36.876 [main] "  " INFO  o.s.boot.web.embedded.tomcat.TomcatWebServer - Tomcat started on port(s): 8081 (http) with context path ''
2021-12-03 11:01:37.857 [main] "  " INFO  io.github.xmchxup.latticy.LatticyApplication - Started LatticyApplication in 6.526 seconds (JVM running for 7.151)
2021-12-03 11:01:40.355 [http-nio-8081-exec-1] "  " INFO  o.a.c.core.ContainerBase.[Tomcat].[localhost].[/] - Initializing Spring DispatcherServlet 'dispatcherServlet'
2021-12-03 11:01:40.357 [http-nio-8081-exec-1] "  " INFO  org.springframework.web.servlet.DispatcherServlet - Initializing Servlet 'dispatcherServlet'
2021-12-03 11:01:40.391 [http-nio-8081-exec-1] "  " INFO  org.springframework.web.servlet.DispatcherServlet - Completed initialization in 34 ms
2021-12-03 11:01:40.419 [http-nio-8081-exec-1] "OPTIONS /cms/user/login HTTP/1.1" INFO  i.g.x.l.common.interceptor.RequestLogInterceptor - [OPTIONS] -> [/cms/user/login] from: 127.0.0.1 costs: 9ms
2021-12-03 11:01:40.816 [http-nio-8081-exec-2] "POST /cms/user/login HTTP/1.1" INFO  i.g.x.l.common.interceptor.RequestLogInterceptor - [POST] -> [/cms/user/login] from: 127.0.0.1 costs: 380ms
2021-12-03 11:01:41.031 [http-nio-8081-exec-3] "GET /cms/user/permissions HTTP/1.1" INFO  i.g.x.l.common.interceptor.RequestLogInterceptor - [GET] -> [/cms/user/permissions] from: 127.0.0.1 costs: 175ms
2021-12-03 11:02:35.884 [SpringContextShutdownHook] "  " INFO  o.s.scheduling.concurrent.ThreadPoolTaskExecutor - Shutting down ExecutorService 'applicationTaskExecutor'
2021-12-03 11:02:35.893 [SpringContextShutdownHook] "  " INFO  com.zaxxer.hikari.HikariDataSource - HikariPool-1 - Shutdown initiated...
2021-12-03 11:02:35.919 [SpringContextShutdownHook] "  " INFO  com.zaxxer.hikari.HikariDataSource - HikariPool-1 - Shutdown completed.
2021-12-03 11:02:41.139 [background-preinit] "  " INFO  org.hibernate.validator.internal.util.Version - HV000001: Hibernate Validator 6.1.5.Final
2021-12-03 11:02:41.153 [main] "  " INFO  io.github.xmchxup.latticy.LatticyApplication - Starting LatticyApplication on SHILEIS-AIR.station with PID 71823 (/Users/shileimao/Documents/小项目/026-论文评分系统/毕设评分系统-归档/项目/backend/target/classes started by shileimao in /Users/shileimao/Documents/小项目/026-论文评分系统/毕设评分系统-归档/项目/backend)
2021-12-03 11:02:41.154 [main] "  " INFO  io.github.xmchxup.latticy.LatticyApplication - The following profiles are active: dev
2021-12-03 11:02:42.729 [main] "  " INFO  o.s.c.s.PostProcessorRegistrationDelegate$BeanPostProcessorChecker - Bean 'commonConfiguration' of type [io.github.xmchxup.latticy.common.configuration.CommonConfiguration] is not eligible for getting processed by all BeanPostProcessors (for example: not eligible for auto-proxying)
2021-12-03 11:02:43.018 [main] "  " INFO  o.s.boot.web.embedded.tomcat.TomcatWebServer - Tomcat initialized with port(s): 8081 (http)
2021-12-03 11:02:43.022 [main] "  " INFO  org.apache.coyote.http11.Http11NioProtocol - Initializing ProtocolHandler ["http-nio-8081"]
2021-12-03 11:02:43.023 [main] "  " INFO  org.apache.catalina.core.StandardService - Starting service [Tomcat]
2021-12-03 11:02:43.023 [main] "  " INFO  org.apache.catalina.core.StandardEngine - Starting Servlet engine: [Apache Tomcat/9.0.37]
2021-12-03 11:02:43.072 [main] "  " INFO  o.a.c.core.ContainerBase.[Tomcat].[localhost].[/] - Initializing Spring embedded WebApplicationContext
2021-12-03 11:02:43.073 [main] "  " INFO  o.s.b.w.s.c.ServletWebServerApplicationContext - Root WebApplicationContext: initialization completed in 1831 ms
2021-12-03 11:02:43.431 [main] "  " INFO  com.zaxxer.hikari.HikariDataSource - HikariPool-1 - Starting...
2021-12-03 11:02:43.509 [main] "  " INFO  com.zaxxer.hikari.HikariDataSource - HikariPool-1 - Start completed.
2021-12-03 11:02:45.545 [main] "  " INFO  o.s.scheduling.concurrent.ThreadPoolTaskExecutor - Initializing ExecutorService 'applicationTaskExecutor'
2021-12-03 11:02:45.772 [main] "  " INFO  org.apache.coyote.http11.Http11NioProtocol - Starting ProtocolHandler ["http-nio-8081"]
2021-12-03 11:02:45.792 [main] "  " INFO  o.s.boot.web.embedded.tomcat.TomcatWebServer - Tomcat started on port(s): 8081 (http) with context path ''
2021-12-03 11:02:46.766 [main] "  " INFO  io.github.xmchxup.latticy.LatticyApplication - Started LatticyApplication in 6.083 seconds (JVM running for 6.704)
2021-12-03 11:02:54.086 [http-nio-8081-exec-1] "  " INFO  o.a.c.core.ContainerBase.[Tomcat].[localhost].[/] - Initializing Spring DispatcherServlet 'dispatcherServlet'
2021-12-03 11:02:54.088 [http-nio-8081-exec-1] "  " INFO  org.springframework.web.servlet.DispatcherServlet - Initializing Servlet 'dispatcherServlet'
2021-12-03 11:02:54.115 [http-nio-8081-exec-1] "  " INFO  org.springframework.web.servlet.DispatcherServlet - Completed initialization in 27 ms
2021-12-03 11:02:54.532 [http-nio-8081-exec-1] "POST /cms/user/login HTTP/1.1" INFO  i.g.x.l.common.interceptor.RequestLogInterceptor - [POST] -> [/cms/user/login] from: 127.0.0.1 costs: 393ms
2021-12-03 11:02:54.680 [http-nio-8081-exec-2] "GET /cms/user/permissions HTTP/1.1" INFO  i.g.x.l.common.interceptor.RequestLogInterceptor - [GET] -> [/cms/user/permissions] from: 127.0.0.1 costs: 85ms
2021-12-03 11:02:57.992 [http-nio-8081-exec-3] "OPTIONS /cms/user/information HTTP/1.1" INFO  i.g.x.l.common.interceptor.RequestLogInterceptor - [OPTIONS] -> [/cms/user/information] from: 127.0.0.1 costs: 3ms
2021-12-03 11:02:58.072 [http-nio-8081-exec-4] "GET /cms/user/information HTTP/1.1" INFO  i.g.x.l.common.interceptor.RequestLogInterceptor - [GET] -> [/cms/user/information] from: 127.0.0.1 costs: 56ms
2021-12-03 11:02:58.083 [http-nio-8081-exec-5] "OPTIONS /v1/card/ HTTP/1.1" INFO  i.g.x.l.common.interceptor.RequestLogInterceptor - [OPTIONS] -> [/v1/card/] from: 127.0.0.1 costs: 1ms
2021-12-03 11:02:58.255 [http-nio-8081-exec-6] "GET /v1/card/ HTTP/1.1" INFO  i.g.x.l.common.interceptor.RequestLogInterceptor - [GET] -> [/v1/card/] from: 127.0.0.1 costs: 165ms
2021-12-03 11:07:25.310 [http-nio-8081-exec-7] "OPTIONS /cms/log/users HTTP/1.1" INFO  i.g.x.l.common.interceptor.RequestLogInterceptor - [OPTIONS] -> [/cms/log/users] from: 127.0.0.1 costs: 3ms
2021-12-03 11:07:25.713 [http-nio-8081-exec-7] "GET /cms/log/users HTTP/1.1" INFO  i.g.x.l.common.interceptor.RequestLogInterceptor - [GET] -> [/cms/log/users] from: 127.0.0.1 costs: 338ms
2021-12-03 11:07:25.723 [http-nio-8081-exec-8] "OPTIONS /cms/log HTTP/1.1" INFO  i.g.x.l.common.interceptor.RequestLogInterceptor - [OPTIONS] -> [/cms/log] from: 127.0.0.1 costs: 1ms
2021-12-03 11:07:25.785 [http-nio-8081-exec-9] "GET /cms/log HTTP/1.1" INFO  i.g.x.l.common.interceptor.RequestLogInterceptor - [GET] -> [/cms/log] from: 127.0.0.1 costs: 27ms
2021-12-03 11:07:25.984 [http-nio-8081-exec-10] "GET /cms/user/information HTTP/1.1" INFO  i.g.x.l.common.interceptor.RequestLogInterceptor - [GET] -> [/cms/user/information] from: 127.0.0.1 costs: 19ms
2021-12-03 11:07:28.010 [http-nio-8081-exec-1] "GET /cms/user/information HTTP/1.1" INFO  i.g.x.l.common.interceptor.RequestLogInterceptor - [GET] -> [/cms/user/information] from: 127.0.0.1 costs: 6ms
2021-12-03 11:07:28.037 [http-nio-8081-exec-2] "GET /v1/card/ HTTP/1.1" INFO  i.g.x.l.common.interceptor.RequestLogInterceptor - [GET] -> [/v1/card/] from: 127.0.0.1 costs: 17ms
2021-12-03 11:07:46.318 [SpringContextShutdownHook] "  " INFO  o.s.scheduling.concurrent.ThreadPoolTaskExecutor - Shutting down ExecutorService 'applicationTaskExecutor'
2021-12-03 11:07:46.322 [SpringContextShutdownHook] "  " INFO  com.zaxxer.hikari.HikariDataSource - HikariPool-1 - Shutdown initiated...
2021-12-03 11:07:46.340 [SpringContextShutdownHook] "  " INFO  com.zaxxer.hikari.HikariDataSource - HikariPool-1 - Shutdown completed.
2021-12-03 11:07:51.135 [background-preinit] "  " INFO  org.hibernate.validator.internal.util.Version - HV000001: Hibernate Validator 6.1.5.Final
2021-12-03 11:07:51.173 [main] "  " INFO  io.github.xmchxup.latticy.LatticyApplication - Starting LatticyApplication on SHILEIS-AIR.station with PID 72001 (/Users/shileimao/Documents/小项目/026-论文评分系统/毕设评分系统-归档/项目/backend/target/classes started by shileimao in /Users/shileimao/Documents/小项目/026-论文评分系统/毕设评分系统-归档/项目/backend)
2021-12-03 11:07:51.175 [main] "  " INFO  io.github.xmchxup.latticy.LatticyApplication - The following profiles are active: dev
2021-12-03 11:07:52.831 [main] "  " INFO  o.s.c.s.PostProcessorRegistrationDelegate$BeanPostProcessorChecker - Bean 'commonConfiguration' of type [io.github.xmchxup.latticy.common.configuration.CommonConfiguration] is not eligible for getting processed by all BeanPostProcessors (for example: not eligible for auto-proxying)
2021-12-03 11:07:53.186 [main] "  " INFO  o.s.boot.web.embedded.tomcat.TomcatWebServer - Tomcat initialized with port(s): 8081 (http)
2021-12-03 11:07:53.191 [main] "  " INFO  org.apache.coyote.http11.Http11NioProtocol - Initializing ProtocolHandler ["http-nio-8081"]
2021-12-03 11:07:53.191 [main] "  " INFO  org.apache.catalina.core.StandardService - Starting service [Tomcat]
2021-12-03 11:07:53.191 [main] "  " INFO  org.apache.catalina.core.StandardEngine - Starting Servlet engine: [Apache Tomcat/9.0.37]
2021-12-03 11:07:53.254 [main] "  " INFO  o.a.c.core.ContainerBase.[Tomcat].[localhost].[/] - Initializing Spring embedded WebApplicationContext
2021-12-03 11:07:53.254 [main] "  " INFO  o.s.b.w.s.c.ServletWebServerApplicationContext - Root WebApplicationContext: initialization completed in 2008 ms
2021-12-03 11:07:53.681 [main] "  " INFO  com.zaxxer.hikari.HikariDataSource - HikariPool-1 - Starting...
2021-12-03 11:07:53.761 [main] "  " INFO  com.zaxxer.hikari.HikariDataSource - HikariPool-1 - Start completed.
2021-12-03 11:07:55.956 [main] "  " INFO  o.s.scheduling.concurrent.ThreadPoolTaskExecutor - Initializing ExecutorService 'applicationTaskExecutor'
2021-12-03 11:07:56.207 [main] "  " INFO  org.apache.coyote.http11.Http11NioProtocol - Starting ProtocolHandler ["http-nio-8081"]
2021-12-03 11:07:56.230 [main] "  " INFO  o.s.boot.web.embedded.tomcat.TomcatWebServer - Tomcat started on port(s): 8081 (http) with context path ''
2021-12-03 11:07:57.304 [main] "  " INFO  io.github.xmchxup.latticy.LatticyApplication - Started LatticyApplication in 6.682 seconds (JVM running for 7.372)
2021-12-03 11:08:00.598 [http-nio-8081-exec-1] "  " INFO  o.a.c.core.ContainerBase.[Tomcat].[localhost].[/] - Initializing Spring DispatcherServlet 'dispatcherServlet'
2021-12-03 11:08:00.601 [http-nio-8081-exec-1] "  " INFO  org.springframework.web.servlet.DispatcherServlet - Initializing Servlet 'dispatcherServlet'
2021-12-03 11:08:00.642 [http-nio-8081-exec-1] "  " INFO  org.springframework.web.servlet.DispatcherServlet - Completed initialization in 41 ms
2021-12-03 11:08:00.949 [http-nio-8081-exec-1] "GET /cms/log/users HTTP/1.1" INFO  i.g.x.l.common.interceptor.RequestLogInterceptor - [GET] -> [/cms/log/users] from: 127.0.0.1 costs: 162ms
2021-12-03 11:08:00.999 [http-nio-8081-exec-2] "GET /cms/log HTTP/1.1" INFO  i.g.x.l.common.interceptor.RequestLogInterceptor - [GET] -> [/cms/log] from: 127.0.0.1 costs: 26ms
2021-12-03 11:08:03.277 [http-nio-8081-exec-3] "GET /cms/user/information HTTP/1.1" INFO  i.g.x.l.common.interceptor.RequestLogInterceptor - [GET] -> [/cms/user/information] from: 127.0.0.1 costs: 87ms
2021-12-03 11:08:03.406 [http-nio-8081-exec-4] "GET /v1/card/ HTTP/1.1" INFO  i.g.x.l.common.interceptor.RequestLogInterceptor - [GET] -> [/v1/card/] from: 127.0.0.1 costs: 113ms
2021-12-03 11:09:21.106 [SpringContextShutdownHook] "  " INFO  o.s.scheduling.concurrent.ThreadPoolTaskExecutor - Shutting down ExecutorService 'applicationTaskExecutor'
2021-12-03 11:09:21.113 [SpringContextShutdownHook] "  " INFO  com.zaxxer.hikari.HikariDataSource - HikariPool-1 - Shutdown initiated...
2021-12-03 11:09:21.138 [SpringContextShutdownHook] "  " INFO  com.zaxxer.hikari.HikariDataSource - HikariPool-1 - Shutdown completed.
2021-12-03 11:12:17.109 [background-preinit] "  " INFO  org.hibernate.validator.internal.util.Version - HV000001: Hibernate Validator 6.1.5.Final
2021-12-03 11:12:17.137 [main] "  " INFO  io.github.xmchxup.latticy.LatticyApplication - Starting LatticyApplication on SHILEIS-AIR.station with PID 72219 (/Users/shileimao/Documents/小项目/026-论文评分系统/毕设评分系统-归档/项目/backend/target/classes started by shileimao in /Users/shileimao/Documents/小项目/026-论文评分系统/毕设评分系统-归档/项目/backend)
2021-12-03 11:12:17.140 [main] "  " INFO  io.github.xmchxup.latticy.LatticyApplication - The following profiles are active: dev
2021-12-03 11:12:18.891 [main] "  " INFO  o.s.c.s.PostProcessorRegistrationDelegate$BeanPostProcessorChecker - Bean 'commonConfiguration' of type [io.github.xmchxup.latticy.common.configuration.CommonConfiguration] is not eligible for getting processed by all BeanPostProcessors (for example: not eligible for auto-proxying)
2021-12-03 11:12:19.203 [main] "  " INFO  o.s.boot.web.embedded.tomcat.TomcatWebServer - Tomcat initialized with port(s): 8081 (http)
2021-12-03 11:12:19.208 [main] "  " INFO  org.apache.coyote.http11.Http11NioProtocol - Initializing ProtocolHandler ["http-nio-8081"]
2021-12-03 11:12:19.209 [main] "  " INFO  org.apache.catalina.core.StandardService - Starting service [Tomcat]
2021-12-03 11:12:19.209 [main] "  " INFO  org.apache.catalina.core.StandardEngine - Starting Servlet engine: [Apache Tomcat/9.0.37]
2021-12-03 11:12:19.261 [main] "  " INFO  o.a.c.core.ContainerBase.[Tomcat].[localhost].[/] - Initializing Spring embedded WebApplicationContext
2021-12-03 11:12:19.262 [main] "  " INFO  o.s.b.w.s.c.ServletWebServerApplicationContext - Root WebApplicationContext: initialization completed in 2005 ms
2021-12-03 11:12:19.666 [main] "  " INFO  com.zaxxer.hikari.HikariDataSource - HikariPool-1 - Starting...
2021-12-03 11:12:19.755 [main] "  " INFO  com.zaxxer.hikari.HikariDataSource - HikariPool-1 - Start completed.
2021-12-03 11:12:22.183 [main] "  " INFO  o.s.scheduling.concurrent.ThreadPoolTaskExecutor - Initializing ExecutorService 'applicationTaskExecutor'
2021-12-03 11:12:22.433 [main] "  " INFO  org.apache.coyote.http11.Http11NioProtocol - Starting ProtocolHandler ["http-nio-8081"]
2021-12-03 11:12:22.453 [main] "  " INFO  o.s.boot.web.embedded.tomcat.TomcatWebServer - Tomcat started on port(s): 8081 (http) with context path ''
2021-12-03 11:12:23.536 [main] "  " INFO  io.github.xmchxup.latticy.LatticyApplication - Started LatticyApplication in 6.963 seconds (JVM running for 7.661)
2021-12-03 11:13:25.590 [http-nio-8081-exec-1] "  " INFO  o.a.c.core.ContainerBase.[Tomcat].[localhost].[/] - Initializing Spring DispatcherServlet 'dispatcherServlet'
2021-12-03 11:13:25.593 [http-nio-8081-exec-1] "  " INFO  org.springframework.web.servlet.DispatcherServlet - Initializing Servlet 'dispatcherServlet'
2021-12-03 11:13:25.632 [http-nio-8081-exec-1] "  " INFO  org.springframework.web.servlet.DispatcherServlet - Completed initialization in 39 ms
2021-12-03 11:13:25.665 [http-nio-8081-exec-1] "OPTIONS /cms/admin/users HTTP/1.1" INFO  i.g.x.l.common.interceptor.RequestLogInterceptor - [OPTIONS] -> [/cms/admin/users] from: 127.0.0.1 costs: 11ms
2021-12-03 11:13:26.010 [http-nio-8081-exec-1] "GET /cms/admin/users HTTP/1.1" INFO  i.g.x.l.common.interceptor.RequestLogInterceptor - [GET] -> [/cms/admin/users] from: 127.0.0.1 costs: 217ms
2021-12-03 11:13:26.030 [http-nio-8081-exec-2] "OPTIONS /cms/admin/group/all HTTP/1.1" INFO  i.g.x.l.common.interceptor.RequestLogInterceptor - [OPTIONS] -> [/cms/admin/group/all] from: 127.0.0.1 costs: 1ms
2021-12-03 11:13:26.089 [http-nio-8081-exec-3] "GET /cms/admin/group/all HTTP/1.1" INFO  i.g.x.l.common.interceptor.RequestLogInterceptor - [GET] -> [/cms/admin/group/all] from: 127.0.0.1 costs: 38ms
2021-12-03 11:13:28.642 [http-nio-8081-exec-4] "OPTIONS /v1/teacher/all HTTP/1.1" INFO  i.g.x.l.common.interceptor.RequestLogInterceptor - [OPTIONS] -> [/v1/teacher/all] from: 127.0.0.1 costs: 5ms
2021-12-03 11:13:28.854 [http-nio-8081-exec-5] "GET /v1/teacher/all HTTP/1.1" INFO  i.g.x.l.common.interceptor.RequestLogInterceptor - [GET] -> [/v1/teacher/all] from: 127.0.0.1 costs: 197ms
2021-12-03 11:14:34.441 [SpringContextShutdownHook] "  " INFO  o.s.scheduling.concurrent.ThreadPoolTaskExecutor - Shutting down ExecutorService 'applicationTaskExecutor'
2021-12-03 11:14:34.450 [SpringContextShutdownHook] "  " INFO  com.zaxxer.hikari.HikariDataSource - HikariPool-1 - Shutdown initiated...
2021-12-03 11:14:34.475 [SpringContextShutdownHook] "  " INFO  com.zaxxer.hikari.HikariDataSource - HikariPool-1 - Shutdown completed.
2021-12-03 11:14:40.162 [background-preinit] "  " INFO  org.hibernate.validator.internal.util.Version - HV000001: Hibernate Validator 6.1.5.Final
2021-12-03 11:14:40.192 [main] "  " INFO  io.github.xmchxup.latticy.LatticyApplication - Starting LatticyApplication on SHILEIS-AIR.station with PID 72315 (/Users/shileimao/Documents/小项目/026-论文评分系统/毕设评分系统-归档/项目/backend/target/classes started by shileimao in /Users/shileimao/Documents/小项目/026-论文评分系统/毕设评分系统-归档/项目/backend)
2021-12-03 11:14:40.192 [main] "  " INFO  io.github.xmchxup.latticy.LatticyApplication - The following profiles are active: dev
2021-12-03 11:14:41.841 [main] "  " INFO  o.s.c.s.PostProcessorRegistrationDelegate$BeanPostProcessorChecker - Bean 'commonConfiguration' of type [io.github.xmchxup.latticy.common.configuration.CommonConfiguration] is not eligible for getting processed by all BeanPostProcessors (for example: not eligible for auto-proxying)
2021-12-03 11:14:42.142 [main] "  " INFO  o.s.boot.web.embedded.tomcat.TomcatWebServer - Tomcat initialized with port(s): 8081 (http)
2021-12-03 11:14:42.149 [main] "  " INFO  org.apache.coyote.http11.Http11NioProtocol - Initializing ProtocolHandler ["http-nio-8081"]
2021-12-03 11:14:42.150 [main] "  " INFO  org.apache.catalina.core.StandardService - Starting service [Tomcat]
2021-12-03 11:14:42.150 [main] "  " INFO  org.apache.catalina.core.StandardEngine - Starting Servlet engine: [Apache Tomcat/9.0.37]
2021-12-03 11:14:42.201 [main] "  " INFO  o.a.c.core.ContainerBase.[Tomcat].[localhost].[/] - Initializing Spring embedded WebApplicationContext
2021-12-03 11:14:42.202 [main] "  " INFO  o.s.b.w.s.c.ServletWebServerApplicationContext - Root WebApplicationContext: initialization completed in 1879 ms
2021-12-03 11:14:42.570 [main] "  " INFO  com.zaxxer.hikari.HikariDataSource - HikariPool-1 - Starting...
2021-12-03 11:14:42.649 [main] "  " INFO  com.zaxxer.hikari.HikariDataSource - HikariPool-1 - Start completed.
2021-12-03 11:14:44.740 [main] "  " INFO  o.s.scheduling.concurrent.ThreadPoolTaskExecutor - Initializing ExecutorService 'applicationTaskExecutor'
2021-12-03 11:14:44.968 [main] "  " INFO  org.apache.coyote.http11.Http11NioProtocol - Starting ProtocolHandler ["http-nio-8081"]
2021-12-03 11:14:45.000 [main] "  " INFO  o.s.boot.web.embedded.tomcat.TomcatWebServer - Tomcat started on port(s): 8081 (http) with context path ''
2021-12-03 11:14:45.944 [main] "  " INFO  io.github.xmchxup.latticy.LatticyApplication - Started LatticyApplication in 6.282 seconds (JVM running for 6.95)
2021-12-03 11:15:20.233 [http-nio-8081-exec-1] "  " INFO  o.a.c.core.ContainerBase.[Tomcat].[localhost].[/] - Initializing Spring DispatcherServlet 'dispatcherServlet'
2021-12-03 11:15:20.236 [http-nio-8081-exec-1] "  " INFO  org.springframework.web.servlet.DispatcherServlet - Initializing Servlet 'dispatcherServlet'
2021-12-03 11:15:20.268 [http-nio-8081-exec-1] "  " INFO  org.springframework.web.servlet.DispatcherServlet - Completed initialization in 32 ms
2021-12-03 11:15:20.298 [http-nio-8081-exec-1] "OPTIONS /cms/user/information HTTP/1.1" INFO  i.g.x.l.common.interceptor.RequestLogInterceptor - [OPTIONS] -> [/cms/user/information] from: 127.0.0.1 costs: 10ms
2021-12-03 11:15:20.566 [http-nio-8081-exec-2] "GET /cms/user/information HTTP/1.1" INFO  i.g.x.l.common.interceptor.RequestLogInterceptor - [GET] -> [/cms/user/information] from: 127.0.0.1 costs: 176ms
2021-12-03 11:15:20.577 [http-nio-8081-exec-3] "OPTIONS /v1/card/ HTTP/1.1" INFO  i.g.x.l.common.interceptor.RequestLogInterceptor - [OPTIONS] -> [/v1/card/] from: 127.0.0.1 costs: 0ms
2021-12-03 11:15:20.734 [http-nio-8081-exec-4] "GET /v1/card/ HTTP/1.1" INFO  i.g.x.l.common.interceptor.RequestLogInterceptor - [GET] -> [/v1/card/] from: 127.0.0.1 costs: 153ms
2021-12-03 11:15:21.869 [http-nio-8081-exec-5] "GET /cms/admin/group/all HTTP/1.1" INFO  i.g.x.l.common.interceptor.RequestLogInterceptor - [GET] -> [/cms/admin/group/all] from: 127.0.0.1 costs: 69ms
2021-12-03 11:15:22.772 [http-nio-8081-exec-6] "GET /cms/admin/users HTTP/1.1" INFO  i.g.x.l.common.interceptor.RequestLogInterceptor - [GET] -> [/cms/admin/users] from: 127.0.0.1 costs: 100ms
2021-12-03 11:15:22.795 [http-nio-8081-exec-7] "GET /cms/admin/group/all HTTP/1.1" INFO  i.g.x.l.common.interceptor.RequestLogInterceptor - [GET] -> [/cms/admin/group/all] from: 127.0.0.1 costs: 8ms
2021-12-03 11:15:25.539 [http-nio-8081-exec-8] "OPTIONS /v1/topic/page HTTP/1.1" INFO  i.g.x.l.common.interceptor.RequestLogInterceptor - [OPTIONS] -> [/v1/topic/page] from: 127.0.0.1 costs: 1ms
2021-12-03 11:15:25.779 [http-nio-8081-exec-9] "GET /v1/topic/page HTTP/1.1" INFO  i.g.x.l.common.interceptor.RequestLogInterceptor - [GET] -> [/v1/topic/page] from: 127.0.0.1 costs: 223ms
2021-12-03 11:15:29.597 [http-nio-8081-exec-10] "GET /cms/admin/group/all HTTP/1.1" INFO  i.g.x.l.common.interceptor.RequestLogInterceptor - [GET] -> [/cms/admin/group/all] from: 127.0.0.1 costs: 16ms
2021-12-03 11:15:30.824 [http-nio-8081-exec-1] "GET /cms/admin/group/all HTTP/1.1" INFO  i.g.x.l.common.interceptor.RequestLogInterceptor - [GET] -> [/cms/admin/group/all] from: 127.0.0.1 costs: 16ms
2021-12-03 11:18:42.422 [http-nio-8081-exec-3] "GET /v1/teacher/all HTTP/1.1" INFO  i.g.x.l.common.interceptor.RequestLogInterceptor - [GET] -> [/v1/teacher/all] from: 127.0.0.1 costs: 76ms
2021-12-03 11:21:04.911 [SpringContextShutdownHook] "  " INFO  o.s.scheduling.concurrent.ThreadPoolTaskExecutor - Shutting down ExecutorService 'applicationTaskExecutor'
2021-12-03 11:21:04.924 [SpringContextShutdownHook] "  " INFO  com.zaxxer.hikari.HikariDataSource - HikariPool-1 - Shutdown initiated...
2021-12-03 11:21:04.952 [SpringContextShutdownHook] "  " INFO  com.zaxxer.hikari.HikariDataSource - HikariPool-1 - Shutdown completed.
2021-12-03 11:21:10.383 [background-preinit] "  " INFO  org.hibernate.validator.internal.util.Version - HV000001: Hibernate Validator 6.1.5.Final
2021-12-03 11:21:10.399 [main] "  " INFO  io.github.xmchxup.latticy.LatticyApplication - Starting LatticyApplication on SHILEIS-AIR.station with PID 72500 (/Users/shileimao/Documents/小项目/026-论文评分系统/毕设评分系统-归档/项目/backend/target/classes started by shileimao in /Users/shileimao/Documents/小项目/026-论文评分系统/毕设评分系统-归档/项目/backend)
2021-12-03 11:21:10.399 [main] "  " INFO  io.github.xmchxup.latticy.LatticyApplication - The following profiles are active: dev
2021-12-03 11:21:12.198 [main] "  " INFO  o.s.c.s.PostProcessorRegistrationDelegate$BeanPostProcessorChecker - Bean 'commonConfiguration' of type [io.github.xmchxup.latticy.common.configuration.CommonConfiguration] is not eligible for getting processed by all BeanPostProcessors (for example: not eligible for auto-proxying)
2021-12-03 11:21:12.505 [main] "  " INFO  o.s.boot.web.embedded.tomcat.TomcatWebServer - Tomcat initialized with port(s): 8081 (http)
2021-12-03 11:21:12.511 [main] "  " INFO  org.apache.coyote.http11.Http11NioProtocol - Initializing ProtocolHandler ["http-nio-8081"]
2021-12-03 11:21:12.511 [main] "  " INFO  org.apache.catalina.core.StandardService - Starting service [Tomcat]
2021-12-03 11:21:12.512 [main] "  " INFO  org.apache.catalina.core.StandardEngine - Starting Servlet engine: [Apache Tomcat/9.0.37]
2021-12-03 11:21:12.599 [main] "  " INFO  o.a.c.core.ContainerBase.[Tomcat].[localhost].[/] - Initializing Spring embedded WebApplicationContext
2021-12-03 11:21:12.599 [main] "  " INFO  o.s.b.w.s.c.ServletWebServerApplicationContext - Root WebApplicationContext: initialization completed in 2113 ms
2021-12-03 11:21:12.966 [main] "  " INFO  com.zaxxer.hikari.HikariDataSource - HikariPool-1 - Starting...
2021-12-03 11:21:13.050 [main] "  " INFO  com.zaxxer.hikari.HikariDataSource - HikariPool-1 - Start completed.
2021-12-03 11:21:15.186 [main] "  " INFO  o.s.scheduling.concurrent.ThreadPoolTaskExecutor - Initializing ExecutorService 'applicationTaskExecutor'
2021-12-03 11:21:15.429 [main] "  " INFO  org.apache.coyote.http11.Http11NioProtocol - Starting ProtocolHandler ["http-nio-8081"]
2021-12-03 11:21:15.450 [main] "  " INFO  o.s.boot.web.embedded.tomcat.TomcatWebServer - Tomcat started on port(s): 8081 (http) with context path ''
2021-12-03 11:21:16.432 [main] "  " INFO  io.github.xmchxup.latticy.LatticyApplication - Started LatticyApplication in 6.549 seconds (JVM running for 7.28)
2021-12-03 11:22:42.631 [http-nio-8081-exec-1] "  " INFO  o.a.c.core.ContainerBase.[Tomcat].[localhost].[/] - Initializing Spring DispatcherServlet 'dispatcherServlet'
2021-12-03 11:22:42.634 [http-nio-8081-exec-1] "  " INFO  org.springframework.web.servlet.DispatcherServlet - Initializing Servlet 'dispatcherServlet'
2021-12-03 11:22:42.674 [http-nio-8081-exec-1] "  " INFO  org.springframework.web.servlet.DispatcherServlet - Completed initialization in 39 ms
2021-12-03 11:22:43.043 [http-nio-8081-exec-1] "GET /cms/admin/users HTTP/1.1" INFO  i.g.x.l.common.interceptor.RequestLogInterceptor - [GET] -> [/cms/admin/users] from: 127.0.0.1 costs: 213ms
2021-12-03 11:22:43.108 [http-nio-8081-exec-2] "GET /cms/admin/group/all HTTP/1.1" INFO  i.g.x.l.common.interceptor.RequestLogInterceptor - [GET] -> [/cms/admin/group/all] from: 127.0.0.1 costs: 30ms
2021-12-03 11:22:44.117 [http-nio-8081-exec-3] "GET /cms/admin/group/all HTTP/1.1" INFO  i.g.x.l.common.interceptor.RequestLogInterceptor - [GET] -> [/cms/admin/group/all] from: 127.0.0.1 costs: 12ms
2021-12-03 11:22:45.067 [http-nio-8081-exec-5] "OPTIONS /v1/team/page HTTP/1.1" INFO  i.g.x.l.common.interceptor.RequestLogInterceptor - [OPTIONS] -> [/v1/team/page] from: 127.0.0.1 costs: 2ms
2021-12-03 11:22:45.067 [http-nio-8081-exec-4] "OPTIONS /v1/college/all HTTP/1.1" INFO  i.g.x.l.common.interceptor.RequestLogInterceptor - [OPTIONS] -> [/v1/college/all] from: 127.0.0.1 costs: 2ms
2021-12-03 11:22:45.160 [http-nio-8081-exec-6] "GET /v1/college/all HTTP/1.1" INFO  i.g.x.l.common.interceptor.RequestLogInterceptor - [GET] -> [/v1/college/all] from: 127.0.0.1 costs: 51ms
2021-12-03 11:22:45.171 [http-nio-8081-exec-7] "GET /v1/team/page HTTP/1.1" INFO  i.g.x.l.common.interceptor.RequestLogInterceptor - [GET] -> [/v1/team/page] from: 127.0.0.1 costs: 73ms
2021-12-03 11:22:45.773 [http-nio-8081-exec-8] "OPTIONS /cms/log/users HTTP/1.1" INFO  i.g.x.l.common.interceptor.RequestLogInterceptor - [OPTIONS] -> [/cms/log/users] from: 127.0.0.1 costs: 3ms
2021-12-03 11:22:45.878 [http-nio-8081-exec-9] "GET /cms/log/users HTTP/1.1" INFO  i.g.x.l.common.interceptor.RequestLogInterceptor - [GET] -> [/cms/log/users] from: 127.0.0.1 costs: 59ms
2021-12-03 11:22:45.885 [http-nio-8081-exec-10] "OPTIONS /cms/log HTTP/1.1" INFO  i.g.x.l.common.interceptor.RequestLogInterceptor - [OPTIONS] -> [/cms/log] from: 127.0.0.1 costs: 0ms
2021-12-03 11:22:45.907 [http-nio-8081-exec-1] "GET /cms/log HTTP/1.1" INFO  i.g.x.l.common.interceptor.RequestLogInterceptor - [GET] -> [/cms/log] from: 127.0.0.1 costs: 8ms
2021-12-03 11:22:47.513 [http-nio-8081-exec-2] "GET /v1/teacher/all HTTP/1.1" INFO  i.g.x.l.common.interceptor.RequestLogInterceptor - [GET] -> [/v1/teacher/all] from: 127.0.0.1 costs: 52ms
2021-12-03 11:22:48.653 [http-nio-8081-exec-3] "GET /v1/team/page HTTP/1.1" INFO  i.g.x.l.common.interceptor.RequestLogInterceptor - [GET] -> [/v1/team/page] from: 127.0.0.1 costs: 35ms
2021-12-03 11:22:50.366 [http-nio-8081-exec-5] "GET /cms/user/information HTTP/1.1" INFO  i.g.x.l.common.interceptor.RequestLogInterceptor - [GET] -> [/cms/user/information] from: 127.0.0.1 costs: 77ms
2021-12-03 11:22:50.390 [http-nio-8081-exec-4] "GET /v1/card/ HTTP/1.1" INFO  i.g.x.l.common.interceptor.RequestLogInterceptor - [GET] -> [/v1/card/] from: 127.0.0.1 costs: 16ms
2021-12-03 11:22:52.220 [http-nio-8081-exec-6] "GET /cms/user/information HTTP/1.1" INFO  i.g.x.l.common.interceptor.RequestLogInterceptor - [GET] -> [/cms/user/information] from: 127.0.0.1 costs: 9ms
2021-12-03 11:22:53.834 [http-nio-8081-exec-7] "GET /v1/topic/page HTTP/1.1" INFO  i.g.x.l.common.interceptor.RequestLogInterceptor - [GET] -> [/v1/topic/page] from: 127.0.0.1 costs: 234ms
2021-12-03 11:22:54.622 [http-nio-8081-exec-8] "GET /cms/user/information HTTP/1.1" INFO  i.g.x.l.common.interceptor.RequestLogInterceptor - [GET] -> [/cms/user/information] from: 127.0.0.1 costs: 19ms
2021-12-03 11:22:56.335 [http-nio-8081-exec-10] "OPTIONS /v1/scorecard/page HTTP/1.1" INFO  i.g.x.l.common.interceptor.RequestLogInterceptor - [OPTIONS] -> [/v1/scorecard/page] from: 127.0.0.1 costs: 2ms
2021-12-03 11:22:56.356 [http-nio-8081-exec-9] "GET /v1/teacher/all HTTP/1.1" INFO  i.g.x.l.common.interceptor.RequestLogInterceptor - [GET] -> [/v1/teacher/all] from: 127.0.0.1 costs: 23ms
2021-12-03 11:22:56.388 [http-nio-8081-exec-2] "OPTIONS /v1/class/all HTTP/1.1" INFO  i.g.x.l.common.interceptor.RequestLogInterceptor - [OPTIONS] -> [/v1/class/all] from: 127.0.0.1 costs: 1ms
2021-12-03 11:22:56.475 [http-nio-8081-exec-1] "GET /v1/scorecard/page HTTP/1.1" INFO  i.g.x.l.common.interceptor.RequestLogInterceptor - [GET] -> [/v1/scorecard/page] from: 127.0.0.1 costs: 122ms
2021-12-03 11:22:56.573 [http-nio-8081-exec-3] "GET /v1/class/all HTTP/1.1" INFO  i.g.x.l.common.interceptor.RequestLogInterceptor - [GET] -> [/v1/class/all] from: 127.0.0.1 costs: 169ms
2021-12-03 11:23:51.883 [SpringContextShutdownHook] "  " INFO  o.s.scheduling.concurrent.ThreadPoolTaskExecutor - Shutting down ExecutorService 'applicationTaskExecutor'
2021-12-03 11:23:51.892 [SpringContextShutdownHook] "  " INFO  com.zaxxer.hikari.HikariDataSource - HikariPool-1 - Shutdown initiated...
2021-12-03 11:23:51.918 [SpringContextShutdownHook] "  " INFO  com.zaxxer.hikari.HikariDataSource - HikariPool-1 - Shutdown completed.
2021-12-03 11:23:57.853 [background-preinit] "  " INFO  org.hibernate.validator.internal.util.Version - HV000001: Hibernate Validator 6.1.5.Final
2021-12-03 11:23:57.889 [main] "  " INFO  io.github.xmchxup.latticy.LatticyApplication - Starting LatticyApplication on SHILEIS-AIR.station with PID 72611 (/Users/shileimao/Documents/小项目/026-论文评分系统/毕设评分系统-归档/项目/backend/target/classes started by shileimao in /Users/shileimao/Documents/小项目/026-论文评分系统/毕设评分系统-归档/项目/backend)
2021-12-03 11:23:57.889 [main] "  " INFO  io.github.xmchxup.latticy.LatticyApplication - The following profiles are active: dev
2021-12-03 11:23:59.711 [main] "  " INFO  o.s.c.s.PostProcessorRegistrationDelegate$BeanPostProcessorChecker - Bean 'commonConfiguration' of type [io.github.xmchxup.latticy.common.configuration.CommonConfiguration] is not eligible for getting processed by all BeanPostProcessors (for example: not eligible for auto-proxying)
2021-12-03 11:24:00.010 [main] "  " INFO  o.s.boot.web.embedded.tomcat.TomcatWebServer - Tomcat initialized with port(s): 8081 (http)
2021-12-03 11:24:00.016 [main] "  " INFO  org.apache.coyote.http11.Http11NioProtocol - Initializing ProtocolHandler ["http-nio-8081"]
2021-12-03 11:24:00.017 [main] "  " INFO  org.apache.catalina.core.StandardService - Starting service [Tomcat]
2021-12-03 11:24:00.017 [main] "  " INFO  org.apache.catalina.core.StandardEngine - Starting Servlet engine: [Apache Tomcat/9.0.37]
2021-12-03 11:24:00.066 [main] "  " INFO  o.a.c.core.ContainerBase.[Tomcat].[localhost].[/] - Initializing Spring embedded WebApplicationContext
2021-12-03 11:24:00.067 [main] "  " INFO  o.s.b.w.s.c.ServletWebServerApplicationContext - Root WebApplicationContext: initialization completed in 2110 ms
2021-12-03 11:24:00.431 [main] "  " INFO  com.zaxxer.hikari.HikariDataSource - HikariPool-1 - Starting...
2021-12-03 11:24:00.526 [main] "  " INFO  com.zaxxer.hikari.HikariDataSource - HikariPool-1 - Start completed.
2021-12-03 11:24:07.392 [background-preinit] "  " INFO  org.hibernate.validator.internal.util.Version - HV000001: Hibernate Validator 6.1.5.Final
2021-12-03 11:24:07.421 [main] "  " INFO  io.github.xmchxup.latticy.LatticyApplication - Starting LatticyApplication on SHILEIS-AIR.station with PID 72621 (/Users/shileimao/Documents/小项目/026-论文评分系统/毕设评分系统-归档/项目/backend/target/classes started by shileimao in /Users/shileimao/Documents/小项目/026-论文评分系统/毕设评分系统-归档/项目/backend)
2021-12-03 11:24:07.422 [main] "  " INFO  io.github.xmchxup.latticy.LatticyApplication - The following profiles are active: dev
2021-12-03 11:24:09.125 [main] "  " INFO  o.s.c.s.PostProcessorRegistrationDelegate$BeanPostProcessorChecker - Bean 'commonConfiguration' of type [io.github.xmchxup.latticy.common.configuration.CommonConfiguration] is not eligible for getting processed by all BeanPostProcessors (for example: not eligible for auto-proxying)
2021-12-03 11:24:09.417 [main] "  " INFO  o.s.boot.web.embedded.tomcat.TomcatWebServer - Tomcat initialized with port(s): 8081 (http)
2021-12-03 11:24:09.422 [main] "  " INFO  org.apache.coyote.http11.Http11NioProtocol - Initializing ProtocolHandler ["http-nio-8081"]
2021-12-03 11:24:09.423 [main] "  " INFO  org.apache.catalina.core.StandardService - Starting service [Tomcat]
2021-12-03 11:24:09.423 [main] "  " INFO  org.apache.catalina.core.StandardEngine - Starting Servlet engine: [Apache Tomcat/9.0.37]
2021-12-03 11:24:09.477 [main] "  " INFO  o.a.c.core.ContainerBase.[Tomcat].[localhost].[/] - Initializing Spring embedded WebApplicationContext
2021-12-03 11:24:09.478 [main] "  " INFO  o.s.b.w.s.c.ServletWebServerApplicationContext - Root WebApplicationContext: initialization completed in 1958 ms
2021-12-03 11:24:09.842 [main] "  " INFO  com.zaxxer.hikari.HikariDataSource - HikariPool-1 - Starting...
2021-12-03 11:24:09.924 [main] "  " INFO  com.zaxxer.hikari.HikariDataSource - HikariPool-1 - Start completed.
2021-12-03 11:24:12.006 [main] "  " INFO  o.s.scheduling.concurrent.ThreadPoolTaskExecutor - Initializing ExecutorService 'applicationTaskExecutor'
2021-12-03 11:24:12.250 [main] "  " INFO  org.apache.coyote.http11.Http11NioProtocol - Starting ProtocolHandler ["http-nio-8081"]
2021-12-03 11:24:12.278 [main] "  " INFO  o.s.boot.web.embedded.tomcat.TomcatWebServer - Tomcat started on port(s): 8081 (http) with context path ''
2021-12-03 11:24:13.258 [main] "  " INFO  io.github.xmchxup.latticy.LatticyApplication - Started LatticyApplication in 6.361 seconds (JVM running for 6.954)
2021-12-03 11:25:16.362 [http-nio-8081-exec-1] "  " INFO  o.a.c.core.ContainerBase.[Tomcat].[localhost].[/] - Initializing Spring DispatcherServlet 'dispatcherServlet'
2021-12-03 11:25:16.365 [http-nio-8081-exec-1] "  " INFO  org.springframework.web.servlet.DispatcherServlet - Initializing Servlet 'dispatcherServlet'
2021-12-03 11:25:16.399 [http-nio-8081-exec-1] "  " INFO  org.springframework.web.servlet.DispatcherServlet - Completed initialization in 34 ms
2021-12-03 11:25:16.435 [http-nio-8081-exec-1] "OPTIONS /v1/question/ HTTP/1.1" INFO  i.g.x.l.common.interceptor.RequestLogInterceptor - [OPTIONS] -> [/v1/question/] from: 127.0.0.1 costs: 11ms
2021-12-03 11:25:16.690 [http-nio-8081-exec-2] "GET /v1/question/ HTTP/1.1" INFO  i.g.x.l.common.interceptor.RequestLogInterceptor - [GET] -> [/v1/question/] from: 127.0.0.1 costs: 235ms
2021-12-03 11:25:47.099 [SpringContextShutdownHook] "  " INFO  o.s.scheduling.concurrent.ThreadPoolTaskExecutor - Shutting down ExecutorService 'applicationTaskExecutor'
2021-12-03 11:25:47.107 [SpringContextShutdownHook] "  " INFO  com.zaxxer.hikari.HikariDataSource - HikariPool-1 - Shutdown initiated...
2021-12-03 11:25:47.125 [SpringContextShutdownHook] "  " INFO  com.zaxxer.hikari.HikariDataSource - HikariPool-1 - Shutdown completed.
2021-12-03 11:25:52.362 [background-preinit] "  " INFO  org.hibernate.validator.internal.util.Version - HV000001: Hibernate Validator 6.1.5.Final
2021-12-03 11:25:52.380 [main] "  " INFO  io.github.xmchxup.latticy.LatticyApplication - Starting LatticyApplication on SHILEIS-AIR.station with PID 72677 (/Users/shileimao/Documents/小项目/026-论文评分系统/毕设评分系统-归档/项目/backend/target/classes started by shileimao in /Users/shileimao/Documents/小项目/026-论文评分系统/毕设评分系统-归档/项目/backend)
2021-12-03 11:25:52.381 [main] "  " INFO  io.github.xmchxup.latticy.LatticyApplication - The following profiles are active: dev
2021-12-03 11:25:54.009 [main] "  " INFO  o.s.c.s.PostProcessorRegistrationDelegate$BeanPostProcessorChecker - Bean 'commonConfiguration' of type [io.github.xmchxup.latticy.common.configuration.CommonConfiguration] is not eligible for getting processed by all BeanPostProcessors (for example: not eligible for auto-proxying)
2021-12-03 11:25:54.311 [main] "  " INFO  o.s.boot.web.embedded.tomcat.TomcatWebServer - Tomcat initialized with port(s): 8081 (http)
2021-12-03 11:25:54.316 [main] "  " INFO  org.apache.coyote.http11.Http11NioProtocol - Initializing ProtocolHandler ["http-nio-8081"]
2021-12-03 11:25:54.317 [main] "  " INFO  org.apache.catalina.core.StandardService - Starting service [Tomcat]
2021-12-03 11:25:54.317 [main] "  " INFO  org.apache.catalina.core.StandardEngine - Starting Servlet engine: [Apache Tomcat/9.0.37]
2021-12-03 11:25:54.363 [main] "  " INFO  o.a.c.core.ContainerBase.[Tomcat].[localhost].[/] - Initializing Spring embedded WebApplicationContext
2021-12-03 11:25:54.364 [main] "  " INFO  o.s.b.w.s.c.ServletWebServerApplicationContext - Root WebApplicationContext: initialization completed in 1915 ms
2021-12-03 11:25:54.759 [main] "  " INFO  com.zaxxer.hikari.HikariDataSource - HikariPool-1 - Starting...
2021-12-03 11:25:54.837 [main] "  " INFO  com.zaxxer.hikari.HikariDataSource - HikariPool-1 - Start completed.
2021-12-03 11:25:57.235 [main] "  " INFO  o.s.scheduling.concurrent.ThreadPoolTaskExecutor - Initializing ExecutorService 'applicationTaskExecutor'
2021-12-03 11:25:57.489 [main] "  " INFO  org.apache.coyote.http11.Http11NioProtocol - Starting ProtocolHandler ["http-nio-8081"]
2021-12-03 11:25:57.509 [main] "  " INFO  o.s.boot.web.embedded.tomcat.TomcatWebServer - Tomcat started on port(s): 8081 (http) with context path ''
2021-12-03 11:25:58.543 [main] "  " INFO  io.github.xmchxup.latticy.LatticyApplication - Started LatticyApplication in 6.66 seconds (JVM running for 7.438)
2021-12-03 11:25:58.795 [http-nio-8081-exec-1] "  " INFO  o.a.c.core.ContainerBase.[Tomcat].[localhost].[/] - Initializing Spring DispatcherServlet 'dispatcherServlet'
2021-12-03 11:25:58.797 [http-nio-8081-exec-1] "  " INFO  org.springframework.web.servlet.DispatcherServlet - Initializing Servlet 'dispatcherServlet'
2021-12-03 11:25:58.837 [http-nio-8081-exec-1] "  " INFO  org.springframework.web.servlet.DispatcherServlet - Completed initialization in 40 ms
2021-12-03 11:25:59.204 [http-nio-8081-exec-2] "GET /v1/class/all HTTP/1.1" INFO  i.g.x.l.common.interceptor.RequestLogInterceptor - [GET] -> [/v1/class/all] from: 127.0.0.1 costs: 127ms
2021-12-03 11:25:59.246 [http-nio-8081-exec-1] "GET /v1/scorecard/page HTTP/1.1" INFO  i.g.x.l.common.interceptor.RequestLogInterceptor - [GET] -> [/v1/scorecard/page] from: 127.0.0.1 costs: 355ms
2021-12-03 11:25:59.523 [http-nio-8081-exec-3] "GET /v1/question/ HTTP/1.1" INFO  i.g.x.l.common.interceptor.RequestLogInterceptor - [GET] -> [/v1/question/] from: 127.0.0.1 costs: 44ms
2021-12-03 11:26:00.856 [http-nio-8081-exec-4] "OPTIONS /v1/question/page HTTP/1.1" INFO  i.g.x.l.common.interceptor.RequestLogInterceptor - [OPTIONS] -> [/v1/question/page] from: 127.0.0.1 costs: 1ms
2021-12-03 11:26:00.898 [http-nio-8081-exec-5] "GET /v1/question/page HTTP/1.1" INFO  i.g.x.l.common.interceptor.RequestLogInterceptor - [GET] -> [/v1/question/page] from: 127.0.0.1 costs: 25ms
2021-12-03 11:26:13.785 [http-nio-8081-exec-6] "OPTIONS /v1/question HTTP/1.1" INFO  i.g.x.l.common.interceptor.RequestLogInterceptor - [OPTIONS] -> [/v1/question] from: 127.0.0.1 costs: 1ms
2021-12-03 11:26:13.888 [http-nio-8081-exec-7] "POST /v1/question HTTP/1.1" INFO  i.g.x.l.common.interceptor.RequestLogInterceptor - [POST] -> [/v1/question] from: 127.0.0.1 costs: 34ms
2021-12-03 11:26:14.400 [http-nio-8081-exec-8] "POST /v1/question HTTP/1.1" INFO  i.g.x.l.common.interceptor.RequestLogInterceptor - [POST] -> [/v1/question] from: 127.0.0.1 costs: 11ms
2021-12-03 11:26:18.898 [http-nio-8081-exec-9] "POST /v1/question HTTP/1.1" INFO  i.g.x.l.common.interceptor.RequestLogInterceptor - [POST] -> [/v1/question] from: 127.0.0.1 costs: 12ms
2021-12-03 11:26:39.689 [http-nio-8081-exec-10] "OPTIONS /v1/teacher/all HTTP/1.1" INFO  i.g.x.l.common.interceptor.RequestLogInterceptor - [OPTIONS] -> [/v1/teacher/all] from: 127.0.0.1 costs: 1ms
2021-12-03 11:26:39.761 [http-nio-8081-exec-2] "GET /v1/teacher/all HTTP/1.1" INFO  i.g.x.l.common.interceptor.RequestLogInterceptor - [GET] -> [/v1/teacher/all] from: 127.0.0.1 costs: 61ms
2021-12-03 11:26:49.032 [http-nio-8081-exec-1] "OPTIONS /v1/graduate-info HTTP/1.1" INFO  i.g.x.l.common.interceptor.RequestLogInterceptor - [OPTIONS] -> [/v1/graduate-info] from: 127.0.0.1 costs: 0ms
2021-12-03 11:26:49.216 [http-nio-8081-exec-3] "POST /v1/graduate-info HTTP/1.1" INFO  i.g.x.l.common.interceptor.RequestLogInterceptor - [POST] -> [/v1/graduate-info] from: 127.0.0.1 costs: 170ms
2021-12-03 11:27:01.342 [http-nio-8081-exec-4] "POST /v1/graduate-info HTTP/1.1" INFO  i.g.x.l.common.interceptor.RequestLogInterceptor - [POST] -> [/v1/graduate-info] from: 127.0.0.1 costs: 28ms
2021-12-03 11:27:27.369 [http-nio-8081-exec-5] "GET /v1/team/page HTTP/1.1" INFO  i.g.x.l.common.interceptor.RequestLogInterceptor - [GET] -> [/v1/team/page] from: 127.0.0.1 costs: 345ms
2021-12-03 11:27:30.112 [http-nio-8081-exec-6] "GET /v1/teacher/all HTTP/1.1" INFO  i.g.x.l.common.interceptor.RequestLogInterceptor - [GET] -> [/v1/teacher/all] from: 127.0.0.1 costs: 30ms
2021-12-03 11:27:53.077 [http-nio-8081-exec-7] "OPTIONS /cms/admin/users HTTP/1.1" INFO  i.g.x.l.common.interceptor.RequestLogInterceptor - [OPTIONS] -> [/cms/admin/users] from: 127.0.0.1 costs: 3ms
2021-12-03 11:27:53.206 [http-nio-8081-exec-7] "GET /cms/admin/users HTTP/1.1" INFO  i.g.x.l.common.interceptor.RequestLogInterceptor - [GET] -> [/cms/admin/users] from: 127.0.0.1 costs: 88ms
2021-12-03 11:27:53.214 [http-nio-8081-exec-8] "OPTIONS /cms/admin/group/all HTTP/1.1" INFO  i.g.x.l.common.interceptor.RequestLogInterceptor - [OPTIONS] -> [/cms/admin/group/all] from: 127.0.0.1 costs: 0ms
2021-12-03 11:27:53.245 [http-nio-8081-exec-9] "GET /cms/admin/group/all HTTP/1.1" INFO  i.g.x.l.common.interceptor.RequestLogInterceptor - [GET] -> [/cms/admin/group/all] from: 127.0.0.1 costs: 20ms
2021-12-03 11:27:54.644 [http-nio-8081-exec-10] "GET /cms/admin/group/all HTTP/1.1" INFO  i.g.x.l.common.interceptor.RequestLogInterceptor - [GET] -> [/cms/admin/group/all] from: 127.0.0.1 costs: 15ms
2021-12-03 11:28:02.162 [http-nio-8081-exec-2] "GET /v1/team/page HTTP/1.1" INFO  i.g.x.l.common.interceptor.RequestLogInterceptor - [GET] -> [/v1/team/page] from: 127.0.0.1 costs: 33ms
2021-12-03 11:28:03.495 [http-nio-8081-exec-1] "GET /v1/teacher/all HTTP/1.1" INFO  i.g.x.l.common.interceptor.RequestLogInterceptor - [GET] -> [/v1/teacher/all] from: 127.0.0.1 costs: 14ms
2021-12-03 11:28:09.477 [http-nio-8081-exec-3] "GET /cms/admin/users HTTP/1.1" INFO  i.g.x.l.common.interceptor.RequestLogInterceptor - [GET] -> [/cms/admin/users] from: 127.0.0.1 costs: 25ms
2021-12-03 11:28:09.502 [http-nio-8081-exec-4] "GET /cms/admin/group/all HTTP/1.1" INFO  i.g.x.l.common.interceptor.RequestLogInterceptor - [GET] -> [/cms/admin/group/all] from: 127.0.0.1 costs: 7ms
2021-12-03 11:28:10.173 [http-nio-8081-exec-5] "GET /cms/admin/group/all HTTP/1.1" INFO  i.g.x.l.common.interceptor.RequestLogInterceptor - [GET] -> [/cms/admin/group/all] from: 127.0.0.1 costs: 23ms
2021-12-03 11:28:25.805 [http-nio-8081-exec-6] "OPTIONS /cms/user/register HTTP/1.1" INFO  i.g.x.l.common.interceptor.RequestLogInterceptor - [OPTIONS] -> [/cms/user/register] from: 127.0.0.1 costs: 0ms
2021-12-03 11:28:26.097 [http-nio-8081-exec-7] "POST /cms/user/register HTTP/1.1" INFO  i.g.x.l.common.interceptor.RequestLogInterceptor - [POST] -> [/cms/user/register] from: 127.0.0.1 costs: 283ms
2021-12-03 11:28:30.875 [http-nio-8081-exec-8] "OPTIONS /cms/user/information HTTP/1.1" INFO  i.g.x.l.common.interceptor.RequestLogInterceptor - [OPTIONS] -> [/cms/user/information] from: 127.0.0.1 costs: 0ms
2021-12-03 11:28:30.924 [http-nio-8081-exec-9] "GET /cms/user/information HTTP/1.1" INFO  i.g.x.l.common.interceptor.RequestLogInterceptor - [GET] -> [/cms/user/information] from: 127.0.0.1 costs: 30ms
2021-12-03 11:28:42.993 [SpringContextShutdownHook] "  " INFO  o.s.scheduling.concurrent.ThreadPoolTaskExecutor - Shutting down ExecutorService 'applicationTaskExecutor'
2021-12-03 11:28:42.999 [SpringContextShutdownHook] "  " INFO  com.zaxxer.hikari.HikariDataSource - HikariPool-1 - Shutdown initiated...
2021-12-03 11:28:43.010 [SpringContextShutdownHook] "  " INFO  com.zaxxer.hikari.HikariDataSource - HikariPool-1 - Shutdown completed.
2021-12-03 11:28:50.488 [background-preinit] "  " INFO  org.hibernate.validator.internal.util.Version - HV000001: Hibernate Validator 6.1.5.Final
2021-12-03 11:28:50.501 [main] "  " INFO  io.github.xmchxup.latticy.LatticyApplication - Starting LatticyApplication on SHILEIS-AIR.station with PID 72777 (/Users/shileimao/Documents/小项目/026-论文评分系统/毕设评分系统-归档/项目/backend/target/classes started by shileimao in /Users/shileimao/Documents/小项目/026-论文评分系统/毕设评分系统-归档/项目/backend)
2021-12-03 11:28:50.501 [main] "  " INFO  io.github.xmchxup.latticy.LatticyApplication - The following profiles are active: dev
2021-12-03 11:28:52.122 [main] "  " INFO  o.s.c.s.PostProcessorRegistrationDelegate$BeanPostProcessorChecker - Bean 'commonConfiguration' of type [io.github.xmchxup.latticy.common.configuration.CommonConfiguration] is not eligible for getting processed by all BeanPostProcessors (for example: not eligible for auto-proxying)
2021-12-03 11:28:52.430 [main] "  " INFO  o.s.boot.web.embedded.tomcat.TomcatWebServer - Tomcat initialized with port(s): 8081 (http)
2021-12-03 11:28:52.436 [main] "  " INFO  org.apache.coyote.http11.Http11NioProtocol - Initializing ProtocolHandler ["http-nio-8081"]
2021-12-03 11:28:52.437 [main] "  " INFO  org.apache.catalina.core.StandardService - Starting service [Tomcat]
2021-12-03 11:28:52.437 [main] "  " INFO  org.apache.catalina.core.StandardEngine - Starting Servlet engine: [Apache Tomcat/9.0.37]
2021-12-03 11:28:52.493 [main] "  " INFO  o.a.c.core.ContainerBase.[Tomcat].[localhost].[/] - Initializing Spring embedded WebApplicationContext
2021-12-03 11:28:52.494 [main] "  " INFO  o.s.b.w.s.c.ServletWebServerApplicationContext - Root WebApplicationContext: initialization completed in 1932 ms
2021-12-03 11:28:52.869 [main] "  " INFO  com.zaxxer.hikari.HikariDataSource - HikariPool-1 - Starting...
2021-12-03 11:28:52.979 [main] "  " INFO  com.zaxxer.hikari.HikariDataSource - HikariPool-1 - Start completed.
2021-12-03 11:28:55.111 [main] "  " INFO  o.s.scheduling.concurrent.ThreadPoolTaskExecutor - Initializing ExecutorService 'applicationTaskExecutor'
2021-12-03 11:28:55.369 [main] "  " INFO  org.apache.coyote.http11.Http11NioProtocol - Starting ProtocolHandler ["http-nio-8081"]
2021-12-03 11:28:55.401 [main] "  " INFO  o.s.boot.web.embedded.tomcat.TomcatWebServer - Tomcat started on port(s): 8081 (http) with context path ''
2021-12-03 11:28:56.385 [main] "  " INFO  io.github.xmchxup.latticy.LatticyApplication - Started LatticyApplication in 6.394 seconds (JVM running for 7.379)
2021-12-03 11:29:16.047 [http-nio-8081-exec-1] "  " INFO  o.a.c.core.ContainerBase.[Tomcat].[localhost].[/] - Initializing Spring DispatcherServlet 'dispatcherServlet'
2021-12-03 11:29:16.049 [http-nio-8081-exec-1] "  " INFO  org.springframework.web.servlet.DispatcherServlet - Initializing Servlet 'dispatcherServlet'
2021-12-03 11:29:16.084 [http-nio-8081-exec-1] "  " INFO  org.springframework.web.servlet.DispatcherServlet - Completed initialization in 35 ms
2021-12-03 11:29:16.462 [http-nio-8081-exec-1] "GET /cms/log/users HTTP/1.1" INFO  i.g.x.l.common.interceptor.RequestLogInterceptor - [GET] -> [/cms/log/users] from: 127.0.0.1 costs: 167ms
2021-12-03 11:29:16.514 [http-nio-8081-exec-2] "GET /cms/log HTTP/1.1" INFO  i.g.x.l.common.interceptor.RequestLogInterceptor - [GET] -> [/cms/log] from: 127.0.0.1 costs: 23ms
2021-12-03 11:29:21.492 [http-nio-8081-exec-3] "GET /cms/admin/group/all HTTP/1.1" INFO  i.g.x.l.common.interceptor.RequestLogInterceptor - [GET] -> [/cms/admin/group/all] from: 127.0.0.1 costs: 82ms
2021-12-03 11:29:33.762 [http-nio-8081-exec-4] "OPTIONS /cms/user/login HTTP/1.1" INFO  i.g.x.l.common.interceptor.RequestLogInterceptor - [OPTIONS] -> [/cms/user/login] from: 127.0.0.1 costs: 3ms
2021-12-03 11:29:34.061 [http-nio-8081-exec-5] "POST /cms/user/login HTTP/1.1" INFO  i.g.x.l.common.interceptor.RequestLogInterceptor - [POST] -> [/cms/user/login] from: 127.0.0.1 costs: 280ms
2021-12-03 11:29:34.068 [http-nio-8081-exec-6] "OPTIONS /cms/user/permissions HTTP/1.1" INFO  i.g.x.l.common.interceptor.RequestLogInterceptor - [OPTIONS] -> [/cms/user/permissions] from: 127.0.0.1 costs: 1ms
2021-12-03 11:29:34.108 [http-nio-8081-exec-7] "GET /cms/user/permissions HTTP/1.1" INFO  i.g.x.l.common.interceptor.RequestLogInterceptor - [GET] -> [/cms/user/permissions] from: 127.0.0.1 costs: 34ms
2021-12-03 11:29:45.592 [http-nio-8081-exec-8] "GET /cms/admin/users HTTP/1.1" INFO  i.g.x.l.common.interceptor.RequestLogInterceptor - [GET] -> [/cms/admin/users] from: 127.0.0.1 costs: 418ms
2021-12-03 11:29:45.665 [http-nio-8081-exec-9] "GET /cms/admin/group/all HTTP/1.1" INFO  i.g.x.l.common.interceptor.RequestLogInterceptor - [GET] -> [/cms/admin/group/all] from: 127.0.0.1 costs: 10ms
2021-12-03 11:30:48.392 [http-nio-8081-exec-1] "GET /v1/team/page HTTP/1.1" INFO  i.g.x.l.common.interceptor.RequestLogInterceptor - [GET] -> [/v1/team/page] from: 127.0.0.1 costs: 63ms
2021-12-03 11:30:49.705 [http-nio-8081-exec-2] "GET /cms/user/information HTTP/1.1" INFO  i.g.x.l.common.interceptor.RequestLogInterceptor - [GET] -> [/cms/user/information] from: 127.0.0.1 costs: 32ms
2021-12-03 11:30:53.267 [http-nio-8081-exec-3] "GET /v1/team/page HTTP/1.1" INFO  i.g.x.l.common.interceptor.RequestLogInterceptor - [GET] -> [/v1/team/page] from: 127.0.0.1 costs: 31ms
2021-12-03 11:30:55.207 [http-nio-8081-exec-4] "GET /v1/teacher/all HTTP/1.1" INFO  i.g.x.l.common.interceptor.RequestLogInterceptor - [GET] -> [/v1/teacher/all] from: 127.0.0.1 costs: 30ms
2021-12-03 11:31:01.790 [http-nio-8081-exec-5] "GET /v1/team/page HTTP/1.1" INFO  i.g.x.l.common.interceptor.RequestLogInterceptor - [GET] -> [/v1/team/page] from: 127.0.0.1 costs: 43ms
2021-12-03 11:31:03.409 [http-nio-8081-exec-6] "GET /v1/teacher/all HTTP/1.1" INFO  i.g.x.l.common.interceptor.RequestLogInterceptor - [GET] -> [/v1/teacher/all] from: 127.0.0.1 costs: 20ms
2021-12-03 11:31:13.282 [http-nio-8081-exec-7] "GET /cms/admin/users HTTP/1.1" INFO  i.g.x.l.common.interceptor.RequestLogInterceptor - [GET] -> [/cms/admin/users] from: 127.0.0.1 costs: 39ms
2021-12-03 11:31:13.311 [http-nio-8081-exec-8] "GET /cms/admin/group/all HTTP/1.1" INFO  i.g.x.l.common.interceptor.RequestLogInterceptor - [GET] -> [/cms/admin/group/all] from: 127.0.0.1 costs: 5ms
2021-12-03 11:31:15.777 [http-nio-8081-exec-9] "GET /cms/user/information HTTP/1.1" INFO  i.g.x.l.common.interceptor.RequestLogInterceptor - [GET] -> [/cms/user/information] from: 127.0.0.1 costs: 11ms
2021-12-03 11:31:25.478 [http-nio-8081-exec-10] "GET /cms/admin/group/all HTTP/1.1" INFO  i.g.x.l.common.interceptor.RequestLogInterceptor - [GET] -> [/cms/admin/group/all] from: 127.0.0.1 costs: 13ms
2021-12-03 11:31:35.346 [http-nio-8081-exec-1] "OPTIONS /cms/admin/permission HTTP/1.1" INFO  i.g.x.l.common.interceptor.RequestLogInterceptor - [OPTIONS] -> [/cms/admin/permission] from: 127.0.0.1 costs: 1ms
2021-12-03 11:31:35.413 [http-nio-8081-exec-1] "GET /cms/admin/permission HTTP/1.1" INFO  i.g.x.l.common.interceptor.RequestLogInterceptor - [GET] -> [/cms/admin/permission] from: 127.0.0.1 costs: 36ms
2021-12-03 11:31:35.423 [http-nio-8081-exec-2] "OPTIONS /cms/admin/group/2 HTTP/1.1" INFO  i.g.x.l.common.interceptor.RequestLogInterceptor - [OPTIONS] -> [/cms/admin/group/2] from: 127.0.0.1 costs: 0ms
2021-12-03 11:31:35.474 [http-nio-8081-exec-3] "GET /cms/admin/group/2 HTTP/1.1" INFO  i.g.x.l.common.interceptor.RequestLogInterceptor - [GET] -> [/cms/admin/group/2] from: 127.0.0.1 costs: 40ms
2021-12-03 11:31:39.508 [http-nio-8081-exec-4] "GET /cms/admin/group/all HTTP/1.1" INFO  i.g.x.l.common.interceptor.RequestLogInterceptor - [GET] -> [/cms/admin/group/all] from: 127.0.0.1 costs: 15ms
2021-12-03 11:32:45.638 [SpringContextShutdownHook] "  " INFO  o.s.scheduling.concurrent.ThreadPoolTaskExecutor - Shutting down ExecutorService 'applicationTaskExecutor'
2021-12-03 11:32:45.644 [SpringContextShutdownHook] "  " INFO  com.zaxxer.hikari.HikariDataSource - HikariPool-1 - Shutdown initiated...
2021-12-03 11:32:45.669 [SpringContextShutdownHook] "  " INFO  com.zaxxer.hikari.HikariDataSource - HikariPool-1 - Shutdown completed.
