2021-12-01 22:26:13.255 [background-preinit] "  " INFO  org.hibernate.validator.internal.util.Version - HV000001: Hibernate Validator 6.1.5.Final
2021-12-01 22:26:13.299 [main] "  " INFO  io.github.xmchxup.latticy.LatticyApplication - Starting LatticyApplication on SHILEIS-AIR.station with PID 40542 (/Users/shileimao/Documents/小项目/026-论文评分系统/毕设评分系统-归档/项目/backend/target/classes started by shileimao in /Users/shileimao/Documents/小项目/026-论文评分系统/毕设评分系统-归档/项目/backend)
2021-12-01 22:26:13.300 [main] "  " INFO  io.github.xmchxup.latticy.LatticyApplication - The following profiles are active: dev
2021-12-01 22:26:14.898 [main] "  " INFO  o.s.c.s.PostProcessorRegistrationDelegate$BeanPostProcessorChecker - Bean 'commonConfiguration' of type [io.github.xmchxup.latticy.common.configuration.CommonConfiguration] is not eligible for getting processed by all BeanPostProcessors (for example: not eligible for auto-proxying)
2021-12-01 22:26:15.201 [main] "  " INFO  o.s.boot.web.embedded.tomcat.TomcatWebServer - Tomcat initialized with port(s): 8081 (http)
2021-12-01 22:26:15.206 [main] "  " INFO  org.apache.coyote.http11.Http11NioProtocol - Initializing ProtocolHandler ["http-nio-8081"]
2021-12-01 22:26:15.207 [main] "  " INFO  org.apache.catalina.core.StandardService - Starting service [Tomcat]
2021-12-01 22:26:15.207 [main] "  " INFO  org.apache.catalina.core.StandardEngine - Starting Servlet engine: [Apache Tomcat/9.0.37]
2021-12-01 22:26:15.258 [main] "  " INFO  o.a.c.core.ContainerBase.[Tomcat].[localhost].[/] - Initializing Spring embedded WebApplicationContext
2021-12-01 22:26:15.259 [main] "  " INFO  o.s.b.w.s.c.ServletWebServerApplicationContext - Root WebApplicationContext: initialization completed in 1862 ms
2021-12-01 22:26:15.637 [main] "  " INFO  com.zaxxer.hikari.HikariDataSource - HikariPool-1 - Starting...
2021-12-01 22:26:15.747 [main] "  " INFO  com.zaxxer.hikari.HikariDataSource - HikariPool-1 - Start completed.
2021-12-01 22:26:17.855 [main] "  " INFO  o.s.scheduling.concurrent.ThreadPoolTaskExecutor - Initializing ExecutorService 'applicationTaskExecutor'
2021-12-01 22:26:18.095 [main] "  " INFO  org.apache.coyote.http11.Http11NioProtocol - Starting ProtocolHandler ["http-nio-8081"]
2021-12-01 22:26:18.116 [main] "  " INFO  o.s.boot.web.embedded.tomcat.TomcatWebServer - Tomcat started on port(s): 8081 (http) with context path ''
2021-12-01 22:26:18.989 [main] "  " INFO  org.apache.coyote.http11.Http11NioProtocol - Pausing ProtocolHandler ["http-nio-8081"]
2021-12-01 22:26:19.000 [main] "  " INFO  org.apache.catalina.core.StandardService - Stopping service [Tomcat]
2021-12-01 22:26:19.002 [main] "  " INFO  org.apache.coyote.http11.Http11NioProtocol - Stopping ProtocolHandler ["http-nio-8081"]
2021-12-01 22:26:19.008 [main] "  " INFO  org.apache.coyote.http11.Http11NioProtocol - Destroying ProtocolHandler ["http-nio-8081"]
2021-12-01 22:26:19.020 [main] "  " INFO  o.s.b.a.l.ConditionEvaluationReportLoggingListener - 

Error starting ApplicationContext. To display the conditions report re-run your application with 'debug' enabled.
2021-12-01 22:26:19.054 [main] "  " INFO  o.s.scheduling.concurrent.ThreadPoolTaskExecutor - Shutting down ExecutorService 'applicationTaskExecutor'
2021-12-01 22:26:19.060 [main] "  " INFO  com.zaxxer.hikari.HikariDataSource - HikariPool-1 - Shutdown initiated...
2021-12-01 22:26:19.069 [main] "  " INFO  com.zaxxer.hikari.HikariDataSource - HikariPool-1 - Shutdown completed.
2021-12-01 22:31:02.316 [background-preinit] "  " INFO  org.hibernate.validator.internal.util.Version - HV000001: Hibernate Validator 6.1.5.Final
2021-12-01 22:31:02.336 [main] "  " INFO  io.github.xmchxup.latticy.LatticyApplication - Starting LatticyApplication on SHILEIS-AIR.station with PID 40698 (/Users/shileimao/Documents/小项目/026-论文评分系统/毕设评分系统-归档/项目/backend/target/classes started by shileimao in /Users/shileimao/Documents/小项目/026-论文评分系统/毕设评分系统-归档/项目/backend)
2021-12-01 22:31:02.338 [main] "  " INFO  io.github.xmchxup.latticy.LatticyApplication - The following profiles are active: dev
2021-12-01 22:31:03.985 [main] "  " INFO  o.s.c.s.PostProcessorRegistrationDelegate$BeanPostProcessorChecker - Bean 'commonConfiguration' of type [io.github.xmchxup.latticy.common.configuration.CommonConfiguration] is not eligible for getting processed by all BeanPostProcessors (for example: not eligible for auto-proxying)
2021-12-01 22:31:04.292 [main] "  " INFO  o.s.boot.web.embedded.tomcat.TomcatWebServer - Tomcat initialized with port(s): 8081 (http)
2021-12-01 22:31:04.300 [main] "  " INFO  org.apache.coyote.http11.Http11NioProtocol - Initializing ProtocolHandler ["http-nio-8081"]
2021-12-01 22:31:04.301 [main] "  " INFO  org.apache.catalina.core.StandardService - Starting service [Tomcat]
2021-12-01 22:31:04.301 [main] "  " INFO  org.apache.catalina.core.StandardEngine - Starting Servlet engine: [Apache Tomcat/9.0.37]
2021-12-01 22:31:04.364 [main] "  " INFO  o.a.c.core.ContainerBase.[Tomcat].[localhost].[/] - Initializing Spring embedded WebApplicationContext
2021-12-01 22:31:04.364 [main] "  " INFO  o.s.b.w.s.c.ServletWebServerApplicationContext - Root WebApplicationContext: initialization completed in 1956 ms
2021-12-01 22:31:04.756 [main] "  " INFO  com.zaxxer.hikari.HikariDataSource - HikariPool-1 - Starting...
2021-12-01 22:31:04.856 [main] "  " INFO  com.zaxxer.hikari.HikariDataSource - HikariPool-1 - Start completed.
2021-12-01 22:31:07.185 [main] "  " INFO  o.s.scheduling.concurrent.ThreadPoolTaskExecutor - Initializing ExecutorService 'applicationTaskExecutor'
2021-12-01 22:31:07.445 [main] "  " INFO  org.apache.coyote.http11.Http11NioProtocol - Starting ProtocolHandler ["http-nio-8081"]
2021-12-01 22:31:07.466 [main] "  " INFO  o.s.boot.web.embedded.tomcat.TomcatWebServer - Tomcat started on port(s): 8081 (http) with context path ''
2021-12-01 22:31:08.352 [main] "  " INFO  org.apache.coyote.http11.Http11NioProtocol - Pausing ProtocolHandler ["http-nio-8081"]
2021-12-01 22:31:08.362 [main] "  " INFO  org.apache.catalina.core.StandardService - Stopping service [Tomcat]
2021-12-01 22:31:08.364 [main] "  " INFO  org.apache.coyote.http11.Http11NioProtocol - Stopping ProtocolHandler ["http-nio-8081"]
2021-12-01 22:31:08.369 [main] "  " INFO  org.apache.coyote.http11.Http11NioProtocol - Destroying ProtocolHandler ["http-nio-8081"]
2021-12-01 22:31:08.379 [main] "  " INFO  o.s.b.a.l.ConditionEvaluationReportLoggingListener - 

Error starting ApplicationContext. To display the conditions report re-run your application with 'debug' enabled.
2021-12-01 22:31:08.413 [main] "  " INFO  o.s.scheduling.concurrent.ThreadPoolTaskExecutor - Shutting down ExecutorService 'applicationTaskExecutor'
2021-12-01 22:31:08.417 [main] "  " INFO  com.zaxxer.hikari.HikariDataSource - HikariPool-1 - Shutdown initiated...
2021-12-01 22:31:08.429 [main] "  " INFO  com.zaxxer.hikari.HikariDataSource - HikariPool-1 - Shutdown completed.
2021-12-01 22:40:13.732 [background-preinit] "  " INFO  org.hibernate.validator.internal.util.Version - HV000001: Hibernate Validator 6.1.5.Final
2021-12-01 22:40:13.750 [main] "  " INFO  io.github.xmchxup.latticy.LatticyApplication - Starting LatticyApplication on SHILEIS-AIR.station with PID 41449 (/Users/shileimao/Documents/小项目/026-论文评分系统/毕设评分系统-归档/项目/backend/target/classes started by shileimao in /Users/shileimao/Documents/小项目/026-论文评分系统/毕设评分系统-归档/项目/backend)
2021-12-01 22:40:13.751 [main] "  " INFO  io.github.xmchxup.latticy.LatticyApplication - The following profiles are active: dev
2021-12-01 22:40:15.425 [main] "  " INFO  o.s.c.s.PostProcessorRegistrationDelegate$BeanPostProcessorChecker - Bean 'commonConfiguration' of type [io.github.xmchxup.latticy.common.configuration.CommonConfiguration] is not eligible for getting processed by all BeanPostProcessors (for example: not eligible for auto-proxying)
2021-12-01 22:40:15.751 [main] "  " INFO  o.s.boot.web.embedded.tomcat.TomcatWebServer - Tomcat initialized with port(s): 8081 (http)
2021-12-01 22:40:15.757 [main] "  " INFO  org.apache.coyote.http11.Http11NioProtocol - Initializing ProtocolHandler ["http-nio-8081"]
2021-12-01 22:40:15.758 [main] "  " INFO  org.apache.catalina.core.StandardService - Starting service [Tomcat]
2021-12-01 22:40:15.758 [main] "  " INFO  org.apache.catalina.core.StandardEngine - Starting Servlet engine: [Apache Tomcat/9.0.37]
2021-12-01 22:40:15.819 [main] "  " INFO  o.a.c.core.ContainerBase.[Tomcat].[localhost].[/] - Initializing Spring embedded WebApplicationContext
2021-12-01 22:40:15.820 [main] "  " INFO  o.s.b.w.s.c.ServletWebServerApplicationContext - Root WebApplicationContext: initialization completed in 1978 ms
2021-12-01 22:40:16.256 [main] "  " INFO  com.zaxxer.hikari.HikariDataSource - HikariPool-1 - Starting...
2021-12-01 22:40:16.381 [main] "  " INFO  com.zaxxer.hikari.HikariDataSource - HikariPool-1 - Start completed.
2021-12-01 22:40:18.914 [main] "  " INFO  o.s.scheduling.concurrent.ThreadPoolTaskExecutor - Initializing ExecutorService 'applicationTaskExecutor'
2021-12-01 22:40:19.182 [main] "  " INFO  org.apache.coyote.http11.Http11NioProtocol - Starting ProtocolHandler ["http-nio-8081"]
2021-12-01 22:40:19.210 [main] "  " INFO  o.s.boot.web.embedded.tomcat.TomcatWebServer - Tomcat started on port(s): 8081 (http) with context path ''
2021-12-01 22:40:20.208 [main] "  " INFO  org.apache.coyote.http11.Http11NioProtocol - Pausing ProtocolHandler ["http-nio-8081"]
2021-12-01 22:40:20.220 [main] "  " INFO  org.apache.catalina.core.StandardService - Stopping service [Tomcat]
2021-12-01 22:40:20.227 [main] "  " INFO  org.apache.coyote.http11.Http11NioProtocol - Stopping ProtocolHandler ["http-nio-8081"]
2021-12-01 22:40:20.232 [main] "  " INFO  org.apache.coyote.http11.Http11NioProtocol - Destroying ProtocolHandler ["http-nio-8081"]
2021-12-01 22:40:20.281 [main] "  " INFO  o.s.b.a.l.ConditionEvaluationReportLoggingListener - 

Error starting ApplicationContext. To display the conditions report re-run your application with 'debug' enabled.
2021-12-01 22:40:20.306 [main] "  " INFO  o.s.scheduling.concurrent.ThreadPoolTaskExecutor - Shutting down ExecutorService 'applicationTaskExecutor'
2021-12-01 22:40:20.310 [main] "  " INFO  com.zaxxer.hikari.HikariDataSource - HikariPool-1 - Shutdown initiated...
2021-12-01 22:40:20.318 [main] "  " INFO  com.zaxxer.hikari.HikariDataSource - HikariPool-1 - Shutdown completed.
2021-12-01 23:26:39.288 [background-preinit] "  " INFO  org.hibernate.validator.internal.util.Version - HV000001: Hibernate Validator 6.1.5.Final
2021-12-01 23:26:39.312 [main] "  " INFO  io.github.xmchxup.latticy.LatticyApplication - Starting LatticyApplication on SHILEIS-AIR.station with PID 42754 (/Users/shileimao/Documents/小项目/026-论文评分系统/毕设评分系统-归档/项目/backend/target/classes started by shileimao in /Users/shileimao/Documents/小项目/026-论文评分系统/毕设评分系统-归档/项目/backend)
2021-12-01 23:26:39.313 [main] "  " INFO  io.github.xmchxup.latticy.LatticyApplication - The following profiles are active: dev
2021-12-01 23:26:42.219 [main] "  " INFO  o.s.c.s.PostProcessorRegistrationDelegate$BeanPostProcessorChecker - Bean 'commonConfiguration' of type [io.github.xmchxup.latticy.common.configuration.CommonConfiguration] is not eligible for getting processed by all BeanPostProcessors (for example: not eligible for auto-proxying)
2021-12-01 23:26:42.655 [main] "  " INFO  o.s.boot.web.embedded.tomcat.TomcatWebServer - Tomcat initialized with port(s): 8081 (http)
2021-12-01 23:26:42.662 [main] "  " INFO  org.apache.coyote.http11.Http11NioProtocol - Initializing ProtocolHandler ["http-nio-8081"]
2021-12-01 23:26:42.663 [main] "  " INFO  org.apache.catalina.core.StandardService - Starting service [Tomcat]
2021-12-01 23:26:42.663 [main] "  " INFO  org.apache.catalina.core.StandardEngine - Starting Servlet engine: [Apache Tomcat/9.0.37]
2021-12-01 23:26:42.742 [main] "  " INFO  o.a.c.core.ContainerBase.[Tomcat].[localhost].[/] - Initializing Spring embedded WebApplicationContext
2021-12-01 23:26:42.743 [main] "  " INFO  o.s.b.w.s.c.ServletWebServerApplicationContext - Root WebApplicationContext: initialization completed in 3288 ms
2021-12-01 23:26:43.403 [main] "  " INFO  com.zaxxer.hikari.HikariDataSource - HikariPool-1 - Starting...
2021-12-01 23:26:43.551 [main] "  " INFO  com.zaxxer.hikari.HikariDataSource - HikariPool-1 - Start completed.
2021-12-01 23:26:46.869 [main] "  " INFO  o.s.scheduling.concurrent.ThreadPoolTaskExecutor - Initializing ExecutorService 'applicationTaskExecutor'
2021-12-01 23:26:47.335 [main] "  " INFO  org.apache.coyote.http11.Http11NioProtocol - Starting ProtocolHandler ["http-nio-8081"]
2021-12-01 23:26:47.365 [main] "  " INFO  o.s.boot.web.embedded.tomcat.TomcatWebServer - Tomcat started on port(s): 8081 (http) with context path ''
2021-12-01 23:26:48.623 [main] "  " INFO  org.apache.coyote.http11.Http11NioProtocol - Pausing ProtocolHandler ["http-nio-8081"]
2021-12-01 23:26:48.638 [main] "  " INFO  org.apache.catalina.core.StandardService - Stopping service [Tomcat]
2021-12-01 23:26:48.647 [main] "  " INFO  org.apache.coyote.http11.Http11NioProtocol - Stopping ProtocolHandler ["http-nio-8081"]
2021-12-01 23:26:48.729 [main] "  " INFO  org.apache.coyote.http11.Http11NioProtocol - Destroying ProtocolHandler ["http-nio-8081"]
2021-12-01 23:26:48.746 [main] "  " INFO  o.s.b.a.l.ConditionEvaluationReportLoggingListener - 

Error starting ApplicationContext. To display the conditions report re-run your application with 'debug' enabled.
2021-12-01 23:26:48.809 [main] "  " INFO  o.s.scheduling.concurrent.ThreadPoolTaskExecutor - Shutting down ExecutorService 'applicationTaskExecutor'
2021-12-01 23:26:48.819 [main] "  " INFO  com.zaxxer.hikari.HikariDataSource - HikariPool-1 - Shutdown initiated...
2021-12-01 23:26:48.854 [main] "  " INFO  com.zaxxer.hikari.HikariDataSource - HikariPool-1 - Shutdown completed.
2021-12-01 23:27:10.436 [background-preinit] "  " INFO  org.hibernate.validator.internal.util.Version - HV000001: Hibernate Validator 6.1.5.Final
2021-12-01 23:27:10.482 [main] "  " INFO  io.github.xmchxup.latticy.LatticyApplication - Starting LatticyApplication on SHILEIS-AIR.station with PID 42793 (/Users/shileimao/Documents/小项目/026-论文评分系统/毕设评分系统-归档/项目/backend/target/classes started by shileimao in /Users/shileimao/Documents/小项目/026-论文评分系统/毕设评分系统-归档/项目/backend)
2021-12-01 23:27:10.484 [main] "  " INFO  io.github.xmchxup.latticy.LatticyApplication - The following profiles are active: dev
2021-12-01 23:27:13.546 [main] "  " INFO  o.s.c.s.PostProcessorRegistrationDelegate$BeanPostProcessorChecker - Bean 'commonConfiguration' of type [io.github.xmchxup.latticy.common.configuration.CommonConfiguration] is not eligible for getting processed by all BeanPostProcessors (for example: not eligible for auto-proxying)
2021-12-01 23:27:14.021 [main] "  " INFO  o.s.boot.web.embedded.tomcat.TomcatWebServer - Tomcat initialized with port(s): 8081 (http)
2021-12-01 23:27:14.030 [main] "  " INFO  org.apache.coyote.http11.Http11NioProtocol - Initializing ProtocolHandler ["http-nio-8081"]
2021-12-01 23:27:14.031 [main] "  " INFO  org.apache.catalina.core.StandardService - Starting service [Tomcat]
2021-12-01 23:27:14.031 [main] "  " INFO  org.apache.catalina.core.StandardEngine - Starting Servlet engine: [Apache Tomcat/9.0.37]
2021-12-01 23:27:14.114 [main] "  " INFO  o.a.c.core.ContainerBase.[Tomcat].[localhost].[/] - Initializing Spring embedded WebApplicationContext
2021-12-01 23:27:14.115 [main] "  " INFO  o.s.b.w.s.c.ServletWebServerApplicationContext - Root WebApplicationContext: initialization completed in 3384 ms
2021-12-01 23:27:14.780 [main] "  " INFO  com.zaxxer.hikari.HikariDataSource - HikariPool-1 - Starting...
2021-12-01 23:27:14.930 [main] "  " INFO  com.zaxxer.hikari.HikariDataSource - HikariPool-1 - Start completed.
2021-12-01 23:27:18.554 [main] "  " INFO  o.s.scheduling.concurrent.ThreadPoolTaskExecutor - Initializing ExecutorService 'applicationTaskExecutor'
2021-12-01 23:27:18.960 [main] "  " INFO  org.apache.coyote.http11.Http11NioProtocol - Starting ProtocolHandler ["http-nio-8081"]
2021-12-01 23:27:19.002 [main] "  " INFO  o.s.boot.web.embedded.tomcat.TomcatWebServer - Tomcat started on port(s): 8081 (http) with context path ''
2021-12-01 23:29:35.153 [main] "  " INFO  org.apache.coyote.http11.Http11NioProtocol - Pausing ProtocolHandler ["http-nio-8081"]
2021-12-01 23:29:35.177 [main] "  " INFO  org.apache.catalina.core.StandardService - Stopping service [Tomcat]
2021-12-01 23:29:35.195 [main] "  " INFO  org.apache.coyote.http11.Http11NioProtocol - Stopping ProtocolHandler ["http-nio-8081"]
2021-12-01 23:29:35.201 [main] "  " INFO  org.apache.coyote.http11.Http11NioProtocol - Destroying ProtocolHandler ["http-nio-8081"]
2021-12-01 23:36:01.417 [background-preinit] "  " INFO  org.hibernate.validator.internal.util.Version - HV000001: Hibernate Validator 6.1.5.Final
2021-12-01 23:36:01.490 [main] "  " INFO  io.github.xmchxup.latticy.LatticyApplication - Starting LatticyApplication on SHILEIS-AIR.station with PID 43205 (/Users/shileimao/Documents/小项目/026-论文评分系统/毕设评分系统-归档/项目/backend/target/classes started by shileimao in /Users/shileimao/Documents/小项目/026-论文评分系统/毕设评分系统-归档/项目/backend)
2021-12-01 23:36:01.494 [main] "  " INFO  io.github.xmchxup.latticy.LatticyApplication - The following profiles are active: dev
2021-12-01 23:36:04.661 [main] "  " INFO  o.s.c.s.PostProcessorRegistrationDelegate$BeanPostProcessorChecker - Bean 'commonConfiguration' of type [io.github.xmchxup.latticy.common.configuration.CommonConfiguration] is not eligible for getting processed by all BeanPostProcessors (for example: not eligible for auto-proxying)
2021-12-01 23:36:05.128 [main] "  " INFO  o.s.boot.web.embedded.tomcat.TomcatWebServer - Tomcat initialized with port(s): 8081 (http)
2021-12-01 23:36:05.136 [main] "  " INFO  org.apache.coyote.http11.Http11NioProtocol - Initializing ProtocolHandler ["http-nio-8081"]
2021-12-01 23:36:05.137 [main] "  " INFO  org.apache.catalina.core.StandardService - Starting service [Tomcat]
2021-12-01 23:36:05.137 [main] "  " INFO  org.apache.catalina.core.StandardEngine - Starting Servlet engine: [Apache Tomcat/9.0.37]
2021-12-01 23:36:05.222 [main] "  " INFO  o.a.c.core.ContainerBase.[Tomcat].[localhost].[/] - Initializing Spring embedded WebApplicationContext
2021-12-01 23:36:05.222 [main] "  " INFO  o.s.b.w.s.c.ServletWebServerApplicationContext - Root WebApplicationContext: initialization completed in 3536 ms
2021-12-01 23:36:05.898 [main] "  " INFO  com.zaxxer.hikari.HikariDataSource - HikariPool-1 - Starting...
2021-12-01 23:36:06.051 [main] "  " INFO  com.zaxxer.hikari.HikariDataSource - HikariPool-1 - Start completed.
2021-12-01 23:36:09.697 [main] "  " INFO  o.s.scheduling.concurrent.ThreadPoolTaskExecutor - Initializing ExecutorService 'applicationTaskExecutor'
2021-12-01 23:36:10.167 [main] "  " INFO  org.apache.coyote.http11.Http11NioProtocol - Starting ProtocolHandler ["http-nio-8081"]
2021-12-01 23:36:10.217 [main] "  " INFO  o.s.boot.web.embedded.tomcat.TomcatWebServer - Tomcat started on port(s): 8081 (http) with context path ''
2021-12-01 23:43:34.189 [background-preinit] "  " INFO  org.hibernate.validator.internal.util.Version - HV000001: Hibernate Validator 6.1.5.Final
2021-12-01 23:43:34.224 [main] "  " INFO  io.github.xmchxup.latticy.LatticyApplication - Starting LatticyApplication on SHILEIS-AIR.station with PID 43541 (/Users/shileimao/Documents/小项目/026-论文评分系统/毕设评分系统-归档/项目/backend/target/classes started by shileimao in /Users/shileimao/Documents/小项目/026-论文评分系统/毕设评分系统-归档/项目/backend)
2021-12-01 23:43:34.226 [main] "  " INFO  io.github.xmchxup.latticy.LatticyApplication - The following profiles are active: dev
2021-12-01 23:43:37.109 [main] "  " INFO  o.s.c.s.PostProcessorRegistrationDelegate$BeanPostProcessorChecker - Bean 'commonConfiguration' of type [io.github.xmchxup.latticy.common.configuration.CommonConfiguration] is not eligible for getting processed by all BeanPostProcessors (for example: not eligible for auto-proxying)
2021-12-01 23:43:37.562 [main] "  " INFO  o.s.boot.web.embedded.tomcat.TomcatWebServer - Tomcat initialized with port(s): 8081 (http)
2021-12-01 23:43:37.571 [main] "  " INFO  org.apache.coyote.http11.Http11NioProtocol - Initializing ProtocolHandler ["http-nio-8081"]
2021-12-01 23:43:37.572 [main] "  " INFO  org.apache.catalina.core.StandardService - Starting service [Tomcat]
2021-12-01 23:43:37.573 [main] "  " INFO  org.apache.catalina.core.StandardEngine - Starting Servlet engine: [Apache Tomcat/9.0.37]
2021-12-01 23:43:37.654 [main] "  " INFO  o.a.c.core.ContainerBase.[Tomcat].[localhost].[/] - Initializing Spring embedded WebApplicationContext
2021-12-01 23:43:37.654 [main] "  " INFO  o.s.b.w.s.c.ServletWebServerApplicationContext - Root WebApplicationContext: initialization completed in 3264 ms
2021-12-01 23:43:38.264 [main] "  " INFO  com.zaxxer.hikari.HikariDataSource - HikariPool-1 - Starting...
2021-12-01 23:43:38.391 [main] "  " INFO  com.zaxxer.hikari.HikariDataSource - HikariPool-1 - Start completed.
2021-12-01 23:43:41.611 [main] "  " INFO  o.s.scheduling.concurrent.ThreadPoolTaskExecutor - Initializing ExecutorService 'applicationTaskExecutor'
2021-12-01 23:43:42.011 [main] "  " INFO  org.apache.coyote.http11.Http11NioProtocol - Starting ProtocolHandler ["http-nio-8081"]
2021-12-01 23:43:42.048 [main] "  " INFO  o.s.boot.web.embedded.tomcat.TomcatWebServer - Tomcat started on port(s): 8081 (http) with context path ''
2021-12-01 23:43:43.349 [main] "  " INFO  org.apache.coyote.http11.Http11NioProtocol - Pausing ProtocolHandler ["http-nio-8081"]
2021-12-01 23:43:43.360 [main] "  " INFO  org.apache.catalina.core.StandardService - Stopping service [Tomcat]
2021-12-01 23:43:43.364 [main] "  " INFO  org.apache.coyote.http11.Http11NioProtocol - Stopping ProtocolHandler ["http-nio-8081"]
2021-12-01 23:43:43.416 [main] "  " INFO  org.apache.coyote.http11.Http11NioProtocol - Destroying ProtocolHandler ["http-nio-8081"]
2021-12-01 23:43:43.437 [main] "  " INFO  o.s.b.a.l.ConditionEvaluationReportLoggingListener - 

Error starting ApplicationContext. To display the conditions report re-run your application with 'debug' enabled.
2021-12-01 23:43:43.485 [main] "  " INFO  o.s.scheduling.concurrent.ThreadPoolTaskExecutor - Shutting down ExecutorService 'applicationTaskExecutor'
2021-12-01 23:43:43.492 [main] "  " INFO  com.zaxxer.hikari.HikariDataSource - HikariPool-1 - Shutdown initiated...
2021-12-01 23:43:43.516 [main] "  " INFO  com.zaxxer.hikari.HikariDataSource - HikariPool-1 - Shutdown completed.
