2021-11-27 12:01:36.853 [background-preinit] "  " INFO  org.hibernate.validator.internal.util.Version - HV000001: Hibernate Validator 6.1.5.Final
2021-11-27 12:01:36.895 [main] "  " INFO  io.github.xmchxup.latticy.LatticyApplication - Starting LatticyApplication on zhanggedeMacBook-Pro.local with PID 39895 (/Users/z9/Projects/java_dev/026-论文评分系统/毕设评分系统-归档/项目/backend/target/classes started by z9 in /Users/z9/Projects/java_dev/026-论文评分系统/毕设评分系统-归档/项目/backend)
2021-11-27 12:01:36.896 [main] "  " INFO  io.github.xmchxup.latticy.LatticyApplication - The following profiles are active: dev
2021-11-27 12:01:38.439 [main] "  " INFO  o.s.c.s.PostProcessorRegistrationDelegate$BeanPostProcessorChecker - Bean 'commonConfiguration' of type [io.github.xmchxup.latticy.common.configuration.CommonConfiguration] is not eligible for getting processed by all BeanPostProcessors (for example: not eligible for auto-proxying)
2021-11-27 12:01:38.706 [main] "  " INFO  o.s.boot.web.embedded.tomcat.TomcatWebServer - Tomcat initialized with port(s): 8081 (http)
2021-11-27 12:01:38.717 [main] "  " INFO  org.apache.coyote.http11.Http11NioProtocol - Initializing ProtocolHandler ["http-nio-8081"]
2021-11-27 12:01:38.718 [main] "  " INFO  org.apache.catalina.core.StandardService - Starting service [Tomcat]
2021-11-27 12:01:38.718 [main] "  " INFO  org.apache.catalina.core.StandardEngine - Starting Servlet engine: [Apache Tomcat/9.0.37]
2021-11-27 12:01:38.815 [main] "  " INFO  o.a.c.core.ContainerBase.[Tomcat].[localhost].[/] - Initializing Spring embedded WebApplicationContext
2021-11-27 12:01:38.815 [main] "  " INFO  o.s.b.w.s.c.ServletWebServerApplicationContext - Root WebApplicationContext: initialization completed in 1838 ms
2021-11-27 12:01:39.155 [main] "  " INFO  com.zaxxer.hikari.HikariDataSource - HikariPool-1 - Starting...
2021-11-27 12:01:39.372 [main] "  " INFO  com.zaxxer.hikari.HikariDataSource - HikariPool-1 - Start completed.
2021-11-27 12:01:41.402 [main] "  " INFO  s.d.s.w.PropertySourcedRequestMappingHandlerMapping - Mapped URL path [/v2/api-docs] onto method [springfox.documentation.swagger2.web.Swagger2Controller#getDocumentation(String, HttpServletRequest)]
2021-11-27 12:01:41.475 [main] "  " INFO  o.s.scheduling.concurrent.ThreadPoolTaskExecutor - Initializing ExecutorService 'applicationTaskExecutor'
2021-11-27 12:01:41.833 [main] "  " INFO  org.apache.coyote.http11.Http11NioProtocol - Starting ProtocolHandler ["http-nio-8081"]
2021-11-27 12:01:41.864 [main] "  " INFO  o.s.boot.web.embedded.tomcat.TomcatWebServer - Tomcat started on port(s): 8081 (http) with context path ''
2021-11-27 12:01:41.865 [main] "  " INFO  s.d.s.web.plugins.DocumentationPluginsBootstrapper - Context refreshed
2021-11-27 12:01:41.888 [main] "  " INFO  s.d.s.web.plugins.DocumentationPluginsBootstrapper - Found 1 custom documentation plugin(s)
2021-11-27 12:01:41.954 [main] "  " INFO  s.d.spring.web.scanners.ApiListingReferenceScanner - Scanning for api listing references
2021-11-27 12:01:42.100 [main] "  " INFO  s.d.s.w.r.operation.CachingOperationNameGenerator - Generating unique operation named: createUsingPOST_1
2021-11-27 12:01:42.102 [main] "  " INFO  s.d.s.w.r.operation.CachingOperationNameGenerator - Generating unique operation named: deleteUsingDELETE_1
2021-11-27 12:01:42.124 [main] "  " INFO  s.d.s.w.r.operation.CachingOperationNameGenerator - Generating unique operation named: createUsingPOST_2
2021-11-27 12:01:42.126 [main] "  " INFO  s.d.s.w.r.operation.CachingOperationNameGenerator - Generating unique operation named: deleteUsingDELETE_2
2021-11-27 12:01:42.130 [main] "  " INFO  s.d.s.w.r.operation.CachingOperationNameGenerator - Generating unique operation named: getUsingGET_1
2021-11-27 12:01:42.136 [main] "  " INFO  s.d.s.w.r.operation.CachingOperationNameGenerator - Generating unique operation named: pageUsingGET_1
2021-11-27 12:01:42.138 [main] "  " INFO  s.d.s.w.r.operation.CachingOperationNameGenerator - Generating unique operation named: updateUsingPUT_1
2021-11-27 12:01:42.141 [main] "  " INFO  s.d.s.w.r.operation.CachingOperationNameGenerator - Generating unique operation named: createUsingPOST_3
2021-11-27 12:01:42.143 [main] "  " INFO  s.d.s.w.r.operation.CachingOperationNameGenerator - Generating unique operation named: deleteUsingDELETE_3
2021-11-27 12:01:42.146 [main] "  " INFO  s.d.s.w.r.operation.CachingOperationNameGenerator - Generating unique operation named: getUsingGET_2
2021-11-27 12:01:42.153 [main] "  " INFO  s.d.s.w.r.operation.CachingOperationNameGenerator - Generating unique operation named: pageUsingGET_2
2021-11-27 12:01:42.155 [main] "  " INFO  s.d.s.w.r.operation.CachingOperationNameGenerator - Generating unique operation named: searchMajorByNameUsingGET_1
2021-11-27 12:01:42.157 [main] "  " INFO  s.d.s.w.r.operation.CachingOperationNameGenerator - Generating unique operation named: updateUsingPUT_2
2021-11-27 12:01:42.166 [main] "  " INFO  s.d.s.w.r.operation.CachingOperationNameGenerator - Generating unique operation named: createUsingPOST_4
2021-11-27 12:01:42.168 [main] "  " INFO  s.d.s.w.r.operation.CachingOperationNameGenerator - Generating unique operation named: deleteUsingDELETE_4
2021-11-27 12:01:42.171 [main] "  " INFO  s.d.s.w.r.operation.CachingOperationNameGenerator - Generating unique operation named: getUsingGET_3
2021-11-27 12:01:42.178 [main] "  " INFO  s.d.s.w.r.operation.CachingOperationNameGenerator - Generating unique operation named: pageUsingGET_3
2021-11-27 12:01:42.180 [main] "  " INFO  s.d.s.w.r.operation.CachingOperationNameGenerator - Generating unique operation named: updateUsingPUT_3
2021-11-27 12:01:42.192 [main] "  " INFO  s.d.s.w.r.operation.CachingOperationNameGenerator - Generating unique operation named: deleteUsingDELETE_5
2021-11-27 12:01:42.201 [main] "  " INFO  s.d.s.w.r.operation.CachingOperationNameGenerator - Generating unique operation named: getUsingGET_4
2021-11-27 12:01:42.230 [main] "  " INFO  s.d.s.w.r.operation.CachingOperationNameGenerator - Generating unique operation named: pageUsingGET_4
2021-11-27 12:01:42.232 [main] "  " INFO  s.d.s.w.r.operation.CachingOperationNameGenerator - Generating unique operation named: updateUsingPUT_4
2021-11-27 12:01:42.237 [main] "  " INFO  s.d.s.w.r.operation.CachingOperationNameGenerator - Generating unique operation named: createUsingPOST_5
2021-11-27 12:01:42.238 [main] "  " INFO  s.d.s.w.r.operation.CachingOperationNameGenerator - Generating unique operation named: deleteUsingDELETE_6
2021-11-27 12:01:42.242 [main] "  " INFO  s.d.s.w.r.operation.CachingOperationNameGenerator - Generating unique operation named: getUsingGET_5
2021-11-27 12:01:42.247 [main] "  " INFO  s.d.s.w.r.operation.CachingOperationNameGenerator - Generating unique operation named: pageUsingGET_5
2021-11-27 12:01:42.248 [main] "  " INFO  s.d.s.w.r.operation.CachingOperationNameGenerator - Generating unique operation named: updateUsingPUT_5
2021-11-27 12:01:42.253 [main] "  " INFO  s.d.s.w.r.operation.CachingOperationNameGenerator - Generating unique operation named: createUsingPOST_6
2021-11-27 12:01:42.254 [main] "  " INFO  s.d.s.w.r.operation.CachingOperationNameGenerator - Generating unique operation named: deleteUsingDELETE_7
2021-11-27 12:01:42.257 [main] "  " INFO  s.d.s.w.r.operation.CachingOperationNameGenerator - Generating unique operation named: getUsingGET_6
2021-11-27 12:01:42.262 [main] "  " INFO  s.d.s.w.r.operation.CachingOperationNameGenerator - Generating unique operation named: pageUsingGET_6
2021-11-27 12:01:42.264 [main] "  " INFO  s.d.s.w.r.operation.CachingOperationNameGenerator - Generating unique operation named: updateUsingPUT_6
2021-11-27 12:01:42.269 [main] "  " INFO  s.d.s.w.r.operation.CachingOperationNameGenerator - Generating unique operation named: createUsingPOST_7
2021-11-27 12:01:42.270 [main] "  " INFO  s.d.s.w.r.operation.CachingOperationNameGenerator - Generating unique operation named: deleteUsingDELETE_8
2021-11-27 12:01:42.274 [main] "  " INFO  s.d.s.w.r.operation.CachingOperationNameGenerator - Generating unique operation named: getUsingGET_7
2021-11-27 12:01:42.280 [main] "  " INFO  s.d.s.w.r.operation.CachingOperationNameGenerator - Generating unique operation named: pageUsingGET_7
2021-11-27 12:01:42.281 [main] "  " INFO  s.d.s.w.r.operation.CachingOperationNameGenerator - Generating unique operation named: updateUsingPUT_7
2021-11-27 12:01:42.286 [main] "  " INFO  s.d.s.w.r.operation.CachingOperationNameGenerator - Generating unique operation named: createUsingPOST_8
2021-11-27 12:01:42.287 [main] "  " INFO  s.d.s.w.r.operation.CachingOperationNameGenerator - Generating unique operation named: deleteUsingDELETE_9
2021-11-27 12:01:42.290 [main] "  " INFO  s.d.s.w.r.operation.CachingOperationNameGenerator - Generating unique operation named: getUsingGET_8
2021-11-27 12:01:42.304 [main] "  " INFO  s.d.s.w.r.operation.CachingOperationNameGenerator - Generating unique operation named: pageUsingGET_8
2021-11-27 12:01:42.306 [main] "  " INFO  s.d.s.w.r.operation.CachingOperationNameGenerator - Generating unique operation named: updateUsingPUT_8
2021-11-27 12:01:42.695 [main] "  " INFO  io.github.xmchxup.latticy.LatticyApplication - Started LatticyApplication in 6.524 seconds (JVM running for 7.285)
2021-11-27 12:03:06.032 [http-nio-8081-exec-1] "  " INFO  o.a.c.core.ContainerBase.[Tomcat].[localhost].[/] - Initializing Spring DispatcherServlet 'dispatcherServlet'
2021-11-27 12:03:06.033 [http-nio-8081-exec-1] "  " INFO  org.springframework.web.servlet.DispatcherServlet - Initializing Servlet 'dispatcherServlet'
2021-11-27 12:03:06.046 [http-nio-8081-exec-1] "  " INFO  org.springframework.web.servlet.DispatcherServlet - Completed initialization in 13 ms
2021-11-27 12:03:06.079 [http-nio-8081-exec-1] "OPTIONS /cms/user/login HTTP/1.1" INFO  i.g.x.l.common.interceptor.RequestLogInterceptor - [OPTIONS] -> [/cms/user/login] from: 127.0.0.1 costs: 11ms
2021-11-27 12:03:06.729 [http-nio-8081-exec-1] "POST /cms/user/login HTTP/1.1" INFO  i.g.x.l.common.interceptor.RequestLogInterceptor - [POST] -> [/cms/user/login] from: 127.0.0.1 costs: 631ms
2021-11-27 12:03:06.734 [http-nio-8081-exec-2] "OPTIONS /cms/user/permissions HTTP/1.1" INFO  i.g.x.l.common.interceptor.RequestLogInterceptor - [OPTIONS] -> [/cms/user/permissions] from: 127.0.0.1 costs: 0ms
2021-11-27 12:03:06.862 [http-nio-8081-exec-3] "GET /cms/user/permissions HTTP/1.1" INFO  i.g.x.l.common.interceptor.RequestLogInterceptor - [GET] -> [/cms/user/permissions] from: 127.0.0.1 costs: 96ms
2021-11-27 12:16:52.235 [http-nio-8081-exec-4] "POST /cms/user/login HTTP/1.1" INFO  i.g.x.l.common.interceptor.RequestLogInterceptor - [POST] -> [/cms/user/login] from: 127.0.0.1 costs: 196ms
2021-11-27 12:16:52.249 [http-nio-8081-exec-5] "GET /cms/user/permissions HTTP/1.1" INFO  i.g.x.l.common.interceptor.RequestLogInterceptor - [GET] -> [/cms/user/permissions] from: 127.0.0.1 costs: 5ms
2021-11-27 12:30:26.693 [http-nio-8081-exec-6] "POST /cms/user/login HTTP/1.1" INFO  i.g.x.l.common.interceptor.RequestLogInterceptor - [POST] -> [/cms/user/login] from: 127.0.0.1 costs: 200ms
2021-11-27 12:30:26.706 [http-nio-8081-exec-7] "GET /cms/user/permissions HTTP/1.1" INFO  i.g.x.l.common.interceptor.RequestLogInterceptor - [GET] -> [/cms/user/permissions] from: 127.0.0.1 costs: 6ms
2021-11-27 12:31:59.142 [SpringContextShutdownHook] "  " INFO  o.s.scheduling.concurrent.ThreadPoolTaskExecutor - Shutting down ExecutorService 'applicationTaskExecutor'
2021-11-27 12:31:59.145 [SpringContextShutdownHook] "  " INFO  com.zaxxer.hikari.HikariDataSource - HikariPool-1 - Shutdown initiated...
2021-11-27 12:31:59.151 [SpringContextShutdownHook] "  " INFO  com.zaxxer.hikari.HikariDataSource - HikariPool-1 - Shutdown completed.
2021-11-27 12:32:04.488 [background-preinit] "  " INFO  org.hibernate.validator.internal.util.Version - HV000001: Hibernate Validator 6.1.5.Final
2021-11-27 12:32:04.532 [main] "  " INFO  io.github.xmchxup.latticy.LatticyApplication - Starting LatticyApplication on zhanggedeMacBook-Pro.local with PID 40642 (/Users/z9/Projects/java_dev/026-论文评分系统/毕设评分系统-归档/项目/backend/target/classes started by z9 in /Users/z9/Projects/java_dev/026-论文评分系统/毕设评分系统-归档/项目/backend)
2021-11-27 12:32:04.532 [main] "  " INFO  io.github.xmchxup.latticy.LatticyApplication - The following profiles are active: dev
2021-11-27 12:32:06.273 [main] "  " INFO  o.s.c.s.PostProcessorRegistrationDelegate$BeanPostProcessorChecker - Bean 'commonConfiguration' of type [io.github.xmchxup.latticy.common.configuration.CommonConfiguration] is not eligible for getting processed by all BeanPostProcessors (for example: not eligible for auto-proxying)
2021-11-27 12:32:06.620 [main] "  " INFO  o.s.boot.web.embedded.tomcat.TomcatWebServer - Tomcat initialized with port(s): 8081 (http)
2021-11-27 12:32:06.633 [main] "  " INFO  org.apache.coyote.http11.Http11NioProtocol - Initializing ProtocolHandler ["http-nio-8081"]
2021-11-27 12:32:06.634 [main] "  " INFO  org.apache.catalina.core.StandardService - Starting service [Tomcat]
2021-11-27 12:32:06.634 [main] "  " INFO  org.apache.catalina.core.StandardEngine - Starting Servlet engine: [Apache Tomcat/9.0.37]
2021-11-27 12:32:06.740 [main] "  " INFO  o.a.c.core.ContainerBase.[Tomcat].[localhost].[/] - Initializing Spring embedded WebApplicationContext
2021-11-27 12:32:06.740 [main] "  " INFO  o.s.b.w.s.c.ServletWebServerApplicationContext - Root WebApplicationContext: initialization completed in 2112 ms
2021-11-27 12:32:07.180 [main] "  " INFO  com.zaxxer.hikari.HikariDataSource - HikariPool-1 - Starting...
2021-11-27 12:32:07.340 [main] "  " INFO  com.zaxxer.hikari.HikariDataSource - HikariPool-1 - Start completed.
2021-11-27 12:32:09.349 [main] "  " INFO  s.d.s.w.PropertySourcedRequestMappingHandlerMapping - Mapped URL path [/v2/api-docs] onto method [springfox.documentation.swagger2.web.Swagger2Controller#getDocumentation(String, HttpServletRequest)]
2021-11-27 12:32:09.445 [main] "  " INFO  o.s.scheduling.concurrent.ThreadPoolTaskExecutor - Initializing ExecutorService 'applicationTaskExecutor'
2021-11-27 12:32:09.915 [main] "  " INFO  org.apache.coyote.http11.Http11NioProtocol - Starting ProtocolHandler ["http-nio-8081"]
2021-11-27 12:32:09.942 [main] "  " INFO  o.s.boot.web.embedded.tomcat.TomcatWebServer - Tomcat started on port(s): 8081 (http) with context path ''
2021-11-27 12:32:09.943 [main] "  " INFO  s.d.s.web.plugins.DocumentationPluginsBootstrapper - Context refreshed
2021-11-27 12:32:09.958 [main] "  " INFO  s.d.s.web.plugins.DocumentationPluginsBootstrapper - Found 1 custom documentation plugin(s)
2021-11-27 12:32:10.019 [main] "  " INFO  s.d.spring.web.scanners.ApiListingReferenceScanner - Scanning for api listing references
2021-11-27 12:32:10.165 [main] "  " INFO  s.d.s.w.r.operation.CachingOperationNameGenerator - Generating unique operation named: createUsingPOST_1
2021-11-27 12:32:10.167 [main] "  " INFO  s.d.s.w.r.operation.CachingOperationNameGenerator - Generating unique operation named: deleteUsingDELETE_1
2021-11-27 12:32:10.199 [main] "  " INFO  s.d.s.w.r.operation.CachingOperationNameGenerator - Generating unique operation named: createUsingPOST_2
2021-11-27 12:32:10.201 [main] "  " INFO  s.d.s.w.r.operation.CachingOperationNameGenerator - Generating unique operation named: deleteUsingDELETE_2
2021-11-27 12:32:10.205 [main] "  " INFO  s.d.s.w.r.operation.CachingOperationNameGenerator - Generating unique operation named: getUsingGET_1
2021-11-27 12:32:10.212 [main] "  " INFO  s.d.s.w.r.operation.CachingOperationNameGenerator - Generating unique operation named: pageUsingGET_1
2021-11-27 12:32:10.214 [main] "  " INFO  s.d.s.w.r.operation.CachingOperationNameGenerator - Generating unique operation named: updateUsingPUT_1
2021-11-27 12:32:10.217 [main] "  " INFO  s.d.s.w.r.operation.CachingOperationNameGenerator - Generating unique operation named: createUsingPOST_3
2021-11-27 12:32:10.219 [main] "  " INFO  s.d.s.w.r.operation.CachingOperationNameGenerator - Generating unique operation named: deleteUsingDELETE_3
2021-11-27 12:32:10.222 [main] "  " INFO  s.d.s.w.r.operation.CachingOperationNameGenerator - Generating unique operation named: getUsingGET_2
2021-11-27 12:32:10.229 [main] "  " INFO  s.d.s.w.r.operation.CachingOperationNameGenerator - Generating unique operation named: pageUsingGET_2
2021-11-27 12:32:10.231 [main] "  " INFO  s.d.s.w.r.operation.CachingOperationNameGenerator - Generating unique operation named: searchMajorByNameUsingGET_1
2021-11-27 12:32:10.232 [main] "  " INFO  s.d.s.w.r.operation.CachingOperationNameGenerator - Generating unique operation named: updateUsingPUT_2
2021-11-27 12:32:10.242 [main] "  " INFO  s.d.s.w.r.operation.CachingOperationNameGenerator - Generating unique operation named: createUsingPOST_4
2021-11-27 12:32:10.244 [main] "  " INFO  s.d.s.w.r.operation.CachingOperationNameGenerator - Generating unique operation named: deleteUsingDELETE_4
2021-11-27 12:32:10.246 [main] "  " INFO  s.d.s.w.r.operation.CachingOperationNameGenerator - Generating unique operation named: getUsingGET_3
2021-11-27 12:32:10.254 [main] "  " INFO  s.d.s.w.r.operation.CachingOperationNameGenerator - Generating unique operation named: pageUsingGET_3
2021-11-27 12:32:10.255 [main] "  " INFO  s.d.s.w.r.operation.CachingOperationNameGenerator - Generating unique operation named: updateUsingPUT_3
2021-11-27 12:32:10.266 [main] "  " INFO  s.d.s.w.r.operation.CachingOperationNameGenerator - Generating unique operation named: deleteUsingDELETE_5
2021-11-27 12:32:10.276 [main] "  " INFO  s.d.s.w.r.operation.CachingOperationNameGenerator - Generating unique operation named: getUsingGET_4
2021-11-27 12:32:10.302 [main] "  " INFO  s.d.s.w.r.operation.CachingOperationNameGenerator - Generating unique operation named: pageUsingGET_4
2021-11-27 12:32:10.304 [main] "  " INFO  s.d.s.w.r.operation.CachingOperationNameGenerator - Generating unique operation named: updateUsingPUT_4
2021-11-27 12:32:10.309 [main] "  " INFO  s.d.s.w.r.operation.CachingOperationNameGenerator - Generating unique operation named: createUsingPOST_5
2021-11-27 12:32:10.310 [main] "  " INFO  s.d.s.w.r.operation.CachingOperationNameGenerator - Generating unique operation named: deleteUsingDELETE_6
2021-11-27 12:32:10.315 [main] "  " INFO  s.d.s.w.r.operation.CachingOperationNameGenerator - Generating unique operation named: getUsingGET_5
2021-11-27 12:32:10.319 [main] "  " INFO  s.d.s.w.r.operation.CachingOperationNameGenerator - Generating unique operation named: pageUsingGET_5
2021-11-27 12:32:10.320 [main] "  " INFO  s.d.s.w.r.operation.CachingOperationNameGenerator - Generating unique operation named: updateUsingPUT_5
2021-11-27 12:32:10.325 [main] "  " INFO  s.d.s.w.r.operation.CachingOperationNameGenerator - Generating unique operation named: createUsingPOST_6
2021-11-27 12:32:10.326 [main] "  " INFO  s.d.s.w.r.operation.CachingOperationNameGenerator - Generating unique operation named: deleteUsingDELETE_7
2021-11-27 12:32:10.330 [main] "  " INFO  s.d.s.w.r.operation.CachingOperationNameGenerator - Generating unique operation named: getUsingGET_6
2021-11-27 12:32:10.334 [main] "  " INFO  s.d.s.w.r.operation.CachingOperationNameGenerator - Generating unique operation named: pageUsingGET_6
2021-11-27 12:32:10.336 [main] "  " INFO  s.d.s.w.r.operation.CachingOperationNameGenerator - Generating unique operation named: updateUsingPUT_6
2021-11-27 12:32:10.341 [main] "  " INFO  s.d.s.w.r.operation.CachingOperationNameGenerator - Generating unique operation named: createUsingPOST_7
2021-11-27 12:32:10.343 [main] "  " INFO  s.d.s.w.r.operation.CachingOperationNameGenerator - Generating unique operation named: deleteUsingDELETE_8
2021-11-27 12:32:10.347 [main] "  " INFO  s.d.s.w.r.operation.CachingOperationNameGenerator - Generating unique operation named: getUsingGET_7
2021-11-27 12:32:10.352 [main] "  " INFO  s.d.s.w.r.operation.CachingOperationNameGenerator - Generating unique operation named: pageUsingGET_7
2021-11-27 12:32:10.354 [main] "  " INFO  s.d.s.w.r.operation.CachingOperationNameGenerator - Generating unique operation named: updateUsingPUT_7
2021-11-27 12:32:10.359 [main] "  " INFO  s.d.s.w.r.operation.CachingOperationNameGenerator - Generating unique operation named: createUsingPOST_8
2021-11-27 12:32:10.360 [main] "  " INFO  s.d.s.w.r.operation.CachingOperationNameGenerator - Generating unique operation named: deleteUsingDELETE_9
2021-11-27 12:32:10.363 [main] "  " INFO  s.d.s.w.r.operation.CachingOperationNameGenerator - Generating unique operation named: getUsingGET_8
2021-11-27 12:32:10.376 [main] "  " INFO  s.d.s.w.r.operation.CachingOperationNameGenerator - Generating unique operation named: pageUsingGET_8
2021-11-27 12:32:10.377 [main] "  " INFO  s.d.s.w.r.operation.CachingOperationNameGenerator - Generating unique operation named: updateUsingPUT_8
2021-11-27 12:32:10.791 [main] "  " INFO  io.github.xmchxup.latticy.LatticyApplication - Started LatticyApplication in 6.855 seconds (JVM running for 8.547)
2021-11-27 12:32:28.367 [http-nio-8081-exec-1] "  " INFO  o.a.c.core.ContainerBase.[Tomcat].[localhost].[/] - Initializing Spring DispatcherServlet 'dispatcherServlet'
2021-11-27 12:32:28.367 [http-nio-8081-exec-1] "  " INFO  org.springframework.web.servlet.DispatcherServlet - Initializing Servlet 'dispatcherServlet'
2021-11-27 12:32:28.377 [http-nio-8081-exec-1] "  " INFO  org.springframework.web.servlet.DispatcherServlet - Completed initialization in 9 ms
2021-11-27 12:32:28.878 [http-nio-8081-exec-1] "POST /cms/user/login HTTP/1.1" INFO  i.g.x.l.common.interceptor.RequestLogInterceptor - [POST] -> [/cms/user/login] from: 127.0.0.1 costs: 478ms
2021-11-27 12:44:44.661 [http-nio-8081-exec-2] "GET /cms/user/permissions HTTP/1.1" INFO  i.g.x.l.common.interceptor.RequestLogInterceptor - [GET] -> [/cms/user/permissions] from: 127.0.0.1 costs: 735758ms
2021-11-27 12:45:58.033 [http-nio-8081-exec-3] "POST /cms/user/login HTTP/1.1" INFO  i.g.x.l.common.interceptor.RequestLogInterceptor - [POST] -> [/cms/user/login] from: 127.0.0.1 costs: 12ms
2021-11-27 12:46:00.034 [http-nio-8081-exec-4] "POST /cms/user/login HTTP/1.1" INFO  i.g.x.l.common.interceptor.RequestLogInterceptor - [POST] -> [/cms/user/login] from: 127.0.0.1 costs: 10ms
2021-11-27 12:46:21.343 [http-nio-8081-exec-5] "POST /cms/user/login HTTP/1.1" INFO  i.g.x.l.common.interceptor.RequestLogInterceptor - [POST] -> [/cms/user/login] from: 127.0.0.1 costs: 12ms
2021-11-27 12:47:27.531 [http-nio-8081-exec-6] "POST /cms/user/login HTTP/1.1" INFO  i.g.x.l.common.interceptor.RequestLogInterceptor - [POST] -> [/cms/user/login] from: 127.0.0.1 costs: 207ms
2021-11-27 13:00:16.537 [http-nio-8081-exec-7] "GET /cms/user/permissions HTTP/1.1" INFO  i.g.x.l.common.interceptor.RequestLogInterceptor - [GET] -> [/cms/user/permissions] from: 127.0.0.1 costs: 768997ms
2021-11-27 13:02:03.105 [SpringContextShutdownHook] "  " INFO  o.s.scheduling.concurrent.ThreadPoolTaskExecutor - Shutting down ExecutorService 'applicationTaskExecutor'
2021-11-27 13:02:03.109 [SpringContextShutdownHook] "  " INFO  com.zaxxer.hikari.HikariDataSource - HikariPool-1 - Shutdown initiated...
2021-11-27 13:02:03.115 [SpringContextShutdownHook] "  " INFO  com.zaxxer.hikari.HikariDataSource - HikariPool-1 - Shutdown completed.
2021-11-27 13:02:07.646 [background-preinit] "  " INFO  org.hibernate.validator.internal.util.Version - HV000001: Hibernate Validator 6.1.5.Final
2021-11-27 13:02:07.671 [main] "  " INFO  io.github.xmchxup.latticy.LatticyApplication - Starting LatticyApplication on zhanggedeMacBook-Pro.local with PID 41261 (/Users/z9/Projects/java_dev/026-论文评分系统/毕设评分系统-归档/项目/backend/target/classes started by z9 in /Users/z9/Projects/java_dev/026-论文评分系统/毕设评分系统-归档/项目/backend)
2021-11-27 13:02:07.672 [main] "  " INFO  io.github.xmchxup.latticy.LatticyApplication - The following profiles are active: dev
2021-11-27 13:02:08.971 [main] "  " INFO  o.s.c.s.PostProcessorRegistrationDelegate$BeanPostProcessorChecker - Bean 'commonConfiguration' of type [io.github.xmchxup.latticy.common.configuration.CommonConfiguration] is not eligible for getting processed by all BeanPostProcessors (for example: not eligible for auto-proxying)
2021-11-27 13:02:09.215 [main] "  " INFO  o.s.boot.web.embedded.tomcat.TomcatWebServer - Tomcat initialized with port(s): 8081 (http)
2021-11-27 13:02:09.224 [main] "  " INFO  org.apache.coyote.http11.Http11NioProtocol - Initializing ProtocolHandler ["http-nio-8081"]
2021-11-27 13:02:09.225 [main] "  " INFO  org.apache.catalina.core.StandardService - Starting service [Tomcat]
2021-11-27 13:02:09.225 [main] "  " INFO  org.apache.catalina.core.StandardEngine - Starting Servlet engine: [Apache Tomcat/9.0.37]
2021-11-27 13:02:09.294 [main] "  " INFO  o.a.c.core.ContainerBase.[Tomcat].[localhost].[/] - Initializing Spring embedded WebApplicationContext
2021-11-27 13:02:09.294 [main] "  " INFO  o.s.b.w.s.c.ServletWebServerApplicationContext - Root WebApplicationContext: initialization completed in 1560 ms
2021-11-27 13:02:09.577 [main] "  " INFO  com.zaxxer.hikari.HikariDataSource - HikariPool-1 - Starting...
2021-11-27 13:02:09.675 [main] "  " INFO  com.zaxxer.hikari.HikariDataSource - HikariPool-1 - Start completed.
2021-11-27 13:02:11.509 [main] "  " INFO  s.d.s.w.PropertySourcedRequestMappingHandlerMapping - Mapped URL path [/v2/api-docs] onto method [springfox.documentation.swagger2.web.Swagger2Controller#getDocumentation(String, HttpServletRequest)]
2021-11-27 13:02:11.577 [main] "  " INFO  o.s.scheduling.concurrent.ThreadPoolTaskExecutor - Initializing ExecutorService 'applicationTaskExecutor'
2021-11-27 13:02:11.864 [main] "  " INFO  org.apache.coyote.http11.Http11NioProtocol - Starting ProtocolHandler ["http-nio-8081"]
2021-11-27 13:02:11.893 [main] "  " INFO  o.s.boot.web.embedded.tomcat.TomcatWebServer - Tomcat started on port(s): 8081 (http) with context path ''
2021-11-27 13:02:11.895 [main] "  " INFO  s.d.s.web.plugins.DocumentationPluginsBootstrapper - Context refreshed
2021-11-27 13:02:11.910 [main] "  " INFO  s.d.s.web.plugins.DocumentationPluginsBootstrapper - Found 1 custom documentation plugin(s)
2021-11-27 13:02:11.972 [main] "  " INFO  s.d.spring.web.scanners.ApiListingReferenceScanner - Scanning for api listing references
2021-11-27 13:02:12.081 [main] "  " INFO  s.d.s.w.r.operation.CachingOperationNameGenerator - Generating unique operation named: createUsingPOST_1
2021-11-27 13:02:12.083 [main] "  " INFO  s.d.s.w.r.operation.CachingOperationNameGenerator - Generating unique operation named: deleteUsingDELETE_1
2021-11-27 13:02:12.100 [main] "  " INFO  s.d.s.w.r.operation.CachingOperationNameGenerator - Generating unique operation named: createUsingPOST_2
2021-11-27 13:02:12.102 [main] "  " INFO  s.d.s.w.r.operation.CachingOperationNameGenerator - Generating unique operation named: deleteUsingDELETE_2
2021-11-27 13:02:12.106 [main] "  " INFO  s.d.s.w.r.operation.CachingOperationNameGenerator - Generating unique operation named: getUsingGET_1
2021-11-27 13:02:12.112 [main] "  " INFO  s.d.s.w.r.operation.CachingOperationNameGenerator - Generating unique operation named: pageUsingGET_1
2021-11-27 13:02:12.113 [main] "  " INFO  s.d.s.w.r.operation.CachingOperationNameGenerator - Generating unique operation named: updateUsingPUT_1
2021-11-27 13:02:12.117 [main] "  " INFO  s.d.s.w.r.operation.CachingOperationNameGenerator - Generating unique operation named: createUsingPOST_3
2021-11-27 13:02:12.118 [main] "  " INFO  s.d.s.w.r.operation.CachingOperationNameGenerator - Generating unique operation named: deleteUsingDELETE_3
2021-11-27 13:02:12.121 [main] "  " INFO  s.d.s.w.r.operation.CachingOperationNameGenerator - Generating unique operation named: getUsingGET_2
2021-11-27 13:02:12.125 [main] "  " INFO  s.d.s.w.r.operation.CachingOperationNameGenerator - Generating unique operation named: pageUsingGET_2
2021-11-27 13:02:12.127 [main] "  " INFO  s.d.s.w.r.operation.CachingOperationNameGenerator - Generating unique operation named: searchMajorByNameUsingGET_1
2021-11-27 13:02:12.129 [main] "  " INFO  s.d.s.w.r.operation.CachingOperationNameGenerator - Generating unique operation named: updateUsingPUT_2
2021-11-27 13:02:12.139 [main] "  " INFO  s.d.s.w.r.operation.CachingOperationNameGenerator - Generating unique operation named: createUsingPOST_4
2021-11-27 13:02:12.140 [main] "  " INFO  s.d.s.w.r.operation.CachingOperationNameGenerator - Generating unique operation named: deleteUsingDELETE_4
2021-11-27 13:02:12.142 [main] "  " INFO  s.d.s.w.r.operation.CachingOperationNameGenerator - Generating unique operation named: getUsingGET_3
2021-11-27 13:02:12.149 [main] "  " INFO  s.d.s.w.r.operation.CachingOperationNameGenerator - Generating unique operation named: pageUsingGET_3
2021-11-27 13:02:12.151 [main] "  " INFO  s.d.s.w.r.operation.CachingOperationNameGenerator - Generating unique operation named: updateUsingPUT_3
2021-11-27 13:02:12.162 [main] "  " INFO  s.d.s.w.r.operation.CachingOperationNameGenerator - Generating unique operation named: deleteUsingDELETE_5
2021-11-27 13:02:12.171 [main] "  " INFO  s.d.s.w.r.operation.CachingOperationNameGenerator - Generating unique operation named: getUsingGET_4
2021-11-27 13:02:12.193 [main] "  " INFO  s.d.s.w.r.operation.CachingOperationNameGenerator - Generating unique operation named: pageUsingGET_4
2021-11-27 13:02:12.195 [main] "  " INFO  s.d.s.w.r.operation.CachingOperationNameGenerator - Generating unique operation named: updateUsingPUT_4
2021-11-27 13:02:12.199 [main] "  " INFO  s.d.s.w.r.operation.CachingOperationNameGenerator - Generating unique operation named: createUsingPOST_5
2021-11-27 13:02:12.200 [main] "  " INFO  s.d.s.w.r.operation.CachingOperationNameGenerator - Generating unique operation named: deleteUsingDELETE_6
2021-11-27 13:02:12.203 [main] "  " INFO  s.d.s.w.r.operation.CachingOperationNameGenerator - Generating unique operation named: getUsingGET_5
2021-11-27 13:02:12.206 [main] "  " INFO  s.d.s.w.r.operation.CachingOperationNameGenerator - Generating unique operation named: pageUsingGET_5
2021-11-27 13:02:12.207 [main] "  " INFO  s.d.s.w.r.operation.CachingOperationNameGenerator - Generating unique operation named: updateUsingPUT_5
2021-11-27 13:02:12.211 [main] "  " INFO  s.d.s.w.r.operation.CachingOperationNameGenerator - Generating unique operation named: createUsingPOST_6
2021-11-27 13:02:12.212 [main] "  " INFO  s.d.s.w.r.operation.CachingOperationNameGenerator - Generating unique operation named: deleteUsingDELETE_7
2021-11-27 13:02:12.215 [main] "  " INFO  s.d.s.w.r.operation.CachingOperationNameGenerator - Generating unique operation named: getUsingGET_6
2021-11-27 13:02:12.219 [main] "  " INFO  s.d.s.w.r.operation.CachingOperationNameGenerator - Generating unique operation named: pageUsingGET_6
2021-11-27 13:02:12.220 [main] "  " INFO  s.d.s.w.r.operation.CachingOperationNameGenerator - Generating unique operation named: updateUsingPUT_6
2021-11-27 13:02:12.225 [main] "  " INFO  s.d.s.w.r.operation.CachingOperationNameGenerator - Generating unique operation named: createUsingPOST_7
2021-11-27 13:02:12.226 [main] "  " INFO  s.d.s.w.r.operation.CachingOperationNameGenerator - Generating unique operation named: deleteUsingDELETE_8
2021-11-27 13:02:12.229 [main] "  " INFO  s.d.s.w.r.operation.CachingOperationNameGenerator - Generating unique operation named: getUsingGET_7
2021-11-27 13:02:12.233 [main] "  " INFO  s.d.s.w.r.operation.CachingOperationNameGenerator - Generating unique operation named: pageUsingGET_7
2021-11-27 13:02:12.234 [main] "  " INFO  s.d.s.w.r.operation.CachingOperationNameGenerator - Generating unique operation named: updateUsingPUT_7
2021-11-27 13:02:12.238 [main] "  " INFO  s.d.s.w.r.operation.CachingOperationNameGenerator - Generating unique operation named: createUsingPOST_8
2021-11-27 13:02:12.239 [main] "  " INFO  s.d.s.w.r.operation.CachingOperationNameGenerator - Generating unique operation named: deleteUsingDELETE_9
2021-11-27 13:02:12.242 [main] "  " INFO  s.d.s.w.r.operation.CachingOperationNameGenerator - Generating unique operation named: getUsingGET_8
2021-11-27 13:02:12.252 [main] "  " INFO  s.d.s.w.r.operation.CachingOperationNameGenerator - Generating unique operation named: pageUsingGET_8
2021-11-27 13:02:12.253 [main] "  " INFO  s.d.s.w.r.operation.CachingOperationNameGenerator - Generating unique operation named: updateUsingPUT_8
2021-11-27 13:02:12.523 [main] "  " INFO  io.github.xmchxup.latticy.LatticyApplication - Started LatticyApplication in 5.328 seconds (JVM running for 5.994)
2021-11-27 13:02:21.817 [http-nio-8081-exec-1] "  " INFO  o.a.c.core.ContainerBase.[Tomcat].[localhost].[/] - Initializing Spring DispatcherServlet 'dispatcherServlet'
2021-11-27 13:02:21.817 [http-nio-8081-exec-1] "  " INFO  org.springframework.web.servlet.DispatcherServlet - Initializing Servlet 'dispatcherServlet'
2021-11-27 13:02:21.827 [http-nio-8081-exec-1] "  " INFO  org.springframework.web.servlet.DispatcherServlet - Completed initialization in 10 ms
2021-11-27 13:02:22.322 [http-nio-8081-exec-1] "POST /cms/user/login HTTP/1.1" INFO  i.g.x.l.common.interceptor.RequestLogInterceptor - [POST] -> [/cms/user/login] from: 127.0.0.1 costs: 472ms
2021-11-27 13:02:34.066 [http-nio-8081-exec-2] "GET /cms/user/permissions HTTP/1.1" INFO  i.g.x.l.common.interceptor.RequestLogInterceptor - [GET] -> [/cms/user/permissions] from: 127.0.0.1 costs: 11718ms
2021-11-27 13:13:43.976 [SpringContextShutdownHook] "  " INFO  o.s.scheduling.concurrent.ThreadPoolTaskExecutor - Shutting down ExecutorService 'applicationTaskExecutor'
2021-11-27 13:13:43.981 [SpringContextShutdownHook] "  " INFO  com.zaxxer.hikari.HikariDataSource - HikariPool-1 - Shutdown initiated...
2021-11-27 13:13:43.986 [SpringContextShutdownHook] "  " INFO  com.zaxxer.hikari.HikariDataSource - HikariPool-1 - Shutdown completed.
