2021-12-01 22:26:15.300 [main] "  " DEBUG o.s.b.web.servlet.ServletContextInitializerBeans - Mapping filters: mdc-access-servlet-filter urls=[/*] order=2147483647, characterEncodingFilter urls=[/*] order=-2147483648, formContentFilter urls=[/*] order=-9900, requestContextFilter urls=[/*] order=-105
2021-12-01 22:26:15.301 [main] "  " DEBUG o.s.b.web.servlet.ServletContextInitializerBeans - Mapping servlets: dispatcherServlet urls=[/]
2021-12-01 22:26:17.749 [main] "  " DEBUG o.s.w.s.m.m.a.RequestMappingHandlerMapping - 133 mappings in 'requestMappingHandlerMapping'
2021-12-01 22:26:17.893 [main] "  " DEBUG o.s.w.s.m.m.a.RequestMappingHandlerAdapter - ControllerAdvice beans: 0 @ModelAttribute, 0 @InitBinder, 1 RequestBodyAdvice, 1 ResponseBodyAdvice
2021-12-01 22:26:17.925 [main] "  " DEBUG o.s.web.servlet.config.annotation.WebMvcConfigurer - Default resource handling disabled
2021-12-01 22:26:17.936 [main] "  " DEBUG o.s.web.servlet.handler.SimpleUrlHandlerMapping - Patterns [/assets/**, /**, /swagger-ui.html, /webjars/**] in 'resourceHandlerMapping'
2021-12-01 22:26:17.949 [main] "  " DEBUG o.s.w.s.m.m.a.ExceptionHandlerExceptionResolver - ControllerAdvice beans: 1 @ExceptionHandler, 1 ResponseBodyAdvice
2021-12-01 22:31:04.408 [main] "  " DEBUG o.s.b.web.servlet.ServletContextInitializerBeans - Mapping filters: mdc-access-servlet-filter urls=[/*] order=2147483647, characterEncodingFilter urls=[/*] order=-2147483648, formContentFilter urls=[/*] order=-9900, requestContextFilter urls=[/*] order=-105
2021-12-01 22:31:04.408 [main] "  " DEBUG o.s.b.web.servlet.ServletContextInitializerBeans - Mapping servlets: dispatcherServlet urls=[/]
2021-12-01 22:31:07.058 [main] "  " DEBUG o.s.w.s.m.m.a.RequestMappingHandlerMapping - 133 mappings in 'requestMappingHandlerMapping'
2021-12-01 22:31:07.235 [main] "  " DEBUG o.s.w.s.m.m.a.RequestMappingHandlerAdapter - ControllerAdvice beans: 0 @ModelAttribute, 0 @InitBinder, 1 RequestBodyAdvice, 1 ResponseBodyAdvice
2021-12-01 22:31:07.265 [main] "  " DEBUG o.s.web.servlet.config.annotation.WebMvcConfigurer - Default resource handling disabled
2021-12-01 22:31:07.279 [main] "  " DEBUG o.s.web.servlet.handler.SimpleUrlHandlerMapping - Patterns [/assets/**, /**, /swagger-ui.html, /webjars/**] in 'resourceHandlerMapping'
2021-12-01 22:31:07.294 [main] "  " DEBUG o.s.w.s.m.m.a.ExceptionHandlerExceptionResolver - ControllerAdvice beans: 1 @ExceptionHandler, 1 ResponseBodyAdvice
2021-12-01 22:40:15.864 [main] "  " DEBUG o.s.b.web.servlet.ServletContextInitializerBeans - Mapping filters: mdc-access-servlet-filter urls=[/*] order=2147483647, characterEncodingFilter urls=[/*] order=-2147483648, formContentFilter urls=[/*] order=-9900, requestContextFilter urls=[/*] order=-105
2021-12-01 22:40:15.867 [main] "  " DEBUG o.s.b.web.servlet.ServletContextInitializerBeans - Mapping servlets: dispatcherServlet urls=[/]
2021-12-01 22:40:18.801 [main] "  " DEBUG o.s.w.s.m.m.a.RequestMappingHandlerMapping - 133 mappings in 'requestMappingHandlerMapping'
2021-12-01 22:40:18.959 [main] "  " DEBUG o.s.w.s.m.m.a.RequestMappingHandlerAdapter - ControllerAdvice beans: 0 @ModelAttribute, 0 @InitBinder, 1 RequestBodyAdvice, 1 ResponseBodyAdvice
2021-12-01 22:40:18.995 [main] "  " DEBUG o.s.web.servlet.config.annotation.WebMvcConfigurer - Default resource handling disabled
2021-12-01 22:40:19.008 [main] "  " DEBUG o.s.web.servlet.handler.SimpleUrlHandlerMapping - Patterns [/assets/**, /**, /swagger-ui.html, /webjars/**] in 'resourceHandlerMapping'
2021-12-01 22:40:19.021 [main] "  " DEBUG o.s.w.s.m.m.a.ExceptionHandlerExceptionResolver - ControllerAdvice beans: 1 @ExceptionHandler, 1 ResponseBodyAdvice
2021-12-01 23:26:42.803 [main] "  " DEBUG o.s.b.web.servlet.ServletContextInitializerBeans - Mapping filters: mdc-access-servlet-filter urls=[/*] order=2147483647, characterEncodingFilter urls=[/*] order=-2147483648, formContentFilter urls=[/*] order=-9900, requestContextFilter urls=[/*] order=-105
2021-12-01 23:26:42.804 [main] "  " DEBUG o.s.b.web.servlet.ServletContextInitializerBeans - Mapping servlets: dispatcherServlet urls=[/]
2021-12-01 23:26:46.710 [main] "  " DEBUG o.s.w.s.m.m.a.RequestMappingHandlerMapping - 133 mappings in 'requestMappingHandlerMapping'
2021-12-01 23:26:46.933 [main] "  " DEBUG o.s.w.s.m.m.a.RequestMappingHandlerAdapter - ControllerAdvice beans: 0 @ModelAttribute, 0 @InitBinder, 1 RequestBodyAdvice, 1 ResponseBodyAdvice
2021-12-01 23:26:46.979 [main] "  " DEBUG o.s.web.servlet.config.annotation.WebMvcConfigurer - Default resource handling disabled
2021-12-01 23:26:47.024 [main] "  " DEBUG o.s.web.servlet.handler.SimpleUrlHandlerMapping - Patterns [/assets/**, /**, /swagger-ui.html, /webjars/**] in 'resourceHandlerMapping'
2021-12-01 23:26:47.048 [main] "  " DEBUG o.s.w.s.m.m.a.ExceptionHandlerExceptionResolver - ControllerAdvice beans: 1 @ExceptionHandler, 1 ResponseBodyAdvice
2021-12-01 23:27:14.186 [main] "  " DEBUG o.s.b.web.servlet.ServletContextInitializerBeans - Mapping filters: mdc-access-servlet-filter urls=[/*] order=2147483647, characterEncodingFilter urls=[/*] order=-2147483648, formContentFilter urls=[/*] order=-9900, requestContextFilter urls=[/*] order=-105
2021-12-01 23:27:14.187 [main] "  " DEBUG o.s.b.web.servlet.ServletContextInitializerBeans - Mapping servlets: dispatcherServlet urls=[/]
2021-12-01 23:27:18.366 [main] "  " DEBUG o.s.w.s.m.m.a.RequestMappingHandlerMapping - 133 mappings in 'requestMappingHandlerMapping'
2021-12-01 23:27:18.627 [main] "  " DEBUG o.s.w.s.m.m.a.RequestMappingHandlerAdapter - ControllerAdvice beans: 0 @ModelAttribute, 0 @InitBinder, 1 RequestBodyAdvice, 1 ResponseBodyAdvice
2021-12-01 23:27:18.682 [main] "  " DEBUG o.s.web.servlet.config.annotation.WebMvcConfigurer - Default resource handling disabled
2021-12-01 23:27:18.698 [main] "  " DEBUG o.s.web.servlet.handler.SimpleUrlHandlerMapping - Patterns [/assets/**, /**, /swagger-ui.html, /webjars/**] in 'resourceHandlerMapping'
2021-12-01 23:27:18.722 [main] "  " DEBUG o.s.w.s.m.m.a.ExceptionHandlerExceptionResolver - ControllerAdvice beans: 1 @ExceptionHandler, 1 ResponseBodyAdvice
2021-12-01 23:36:05.279 [main] "  " DEBUG o.s.b.web.servlet.ServletContextInitializerBeans - Mapping filters: mdc-access-servlet-filter urls=[/*] order=2147483647, characterEncodingFilter urls=[/*] order=-2147483648, formContentFilter urls=[/*] order=-9900, requestContextFilter urls=[/*] order=-105
2021-12-01 23:36:05.281 [main] "  " DEBUG o.s.b.web.servlet.ServletContextInitializerBeans - Mapping servlets: dispatcherServlet urls=[/]
2021-12-01 23:36:09.511 [main] "  " DEBUG o.s.w.s.m.m.a.RequestMappingHandlerMapping - 133 mappings in 'requestMappingHandlerMapping'
2021-12-01 23:36:09.764 [main] "  " DEBUG o.s.w.s.m.m.a.RequestMappingHandlerAdapter - ControllerAdvice beans: 0 @ModelAttribute, 0 @InitBinder, 1 RequestBodyAdvice, 1 ResponseBodyAdvice
2021-12-01 23:36:09.817 [main] "  " DEBUG o.s.web.servlet.config.annotation.WebMvcConfigurer - Default resource handling disabled
2021-12-01 23:36:09.835 [main] "  " DEBUG o.s.web.servlet.handler.SimpleUrlHandlerMapping - Patterns [/assets/**, /**, /swagger-ui.html, /webjars/**] in 'resourceHandlerMapping'
2021-12-01 23:36:09.856 [main] "  " DEBUG o.s.w.s.m.m.a.ExceptionHandlerExceptionResolver - ControllerAdvice beans: 1 @ExceptionHandler, 1 ResponseBodyAdvice
2021-12-01 23:43:37.716 [main] "  " DEBUG o.s.b.web.servlet.ServletContextInitializerBeans - Mapping filters: mdc-access-servlet-filter urls=[/*] order=2147483647, characterEncodingFilter urls=[/*] order=-2147483648, formContentFilter urls=[/*] order=-9900, requestContextFilter urls=[/*] order=-105
2021-12-01 23:43:37.717 [main] "  " DEBUG o.s.b.web.servlet.ServletContextInitializerBeans - Mapping servlets: dispatcherServlet urls=[/]
2021-12-01 23:43:41.446 [main] "  " DEBUG o.s.w.s.m.m.a.RequestMappingHandlerMapping - 133 mappings in 'requestMappingHandlerMapping'
2021-12-01 23:43:41.667 [main] "  " DEBUG o.s.w.s.m.m.a.RequestMappingHandlerAdapter - ControllerAdvice beans: 0 @ModelAttribute, 0 @InitBinder, 1 RequestBodyAdvice, 1 ResponseBodyAdvice
2021-12-01 23:43:41.712 [main] "  " DEBUG o.s.web.servlet.config.annotation.WebMvcConfigurer - Default resource handling disabled
2021-12-01 23:43:41.727 [main] "  " DEBUG o.s.web.servlet.handler.SimpleUrlHandlerMapping - Patterns [/assets/**, /**, /swagger-ui.html, /webjars/**] in 'resourceHandlerMapping'
2021-12-01 23:43:41.744 [main] "  " DEBUG o.s.w.s.m.m.a.ExceptionHandlerExceptionResolver - ControllerAdvice beans: 1 @ExceptionHandler, 1 ResponseBodyAdvice
