2021-12-21 12:19:12.093 [http-nio-8081-exec-2] "OPTIONS /cms/user/login HTTP/1.1" DEBUG org.springframework.web.servlet.DispatcherServlet - OPTIONS "/cms/user/login", parameters={}
2021-12-21 12:19:12.114 [http-nio-8081-exec-2] "OPTIONS /cms/user/login HTTP/1.1" DEBUG o.s.w.s.m.m.a.RequestMappingHandlerMapping - Mapped to io.github.xmchxup.latticy.controller.cms.UserController#login(LoginDTO)
2021-12-21 12:19:12.126 [http-nio-8081-exec-2] "OPTIONS /cms/user/login HTTP/1.1" DEBUG org.springframework.web.servlet.DispatcherServlet - Completed 200 OK
2021-12-21 12:19:12.141 [http-nio-8081-exec-2] "POST /cms/user/login HTTP/1.1" DEBUG org.springframework.web.servlet.DispatcherServlet - POST "/cms/user/login", parameters={}
2021-12-21 12:19:12.142 [http-nio-8081-exec-2] "POST /cms/user/login HTTP/1.1" DEBUG o.s.w.s.m.m.a.RequestMappingHandlerMapping - Mapped to io.github.xmchxup.latticy.controller.cms.UserController#login(LoginDTO)
2021-12-21 12:19:12.156 [http-nio-8081-exec-2] "POST /cms/user/login HTTP/1.1" DEBUG o.s.w.s.m.m.a.RequestResponseBodyMethodProcessor - Read "application/json;charset=UTF-8" to [LoginDTO(username=root, password=123456)]
2021-12-21 12:19:12.521 [http-nio-8081-exec-2] "POST /cms/user/login HTTP/1.1" DEBUG o.s.w.s.m.m.a.RequestResponseBodyMethodProcessor - Using 'application/json', given [application/json, text/plain, */*] and supported [application/json, application/*+json, application/json, application/*+json]
2021-12-21 12:19:12.521 [http-nio-8081-exec-2] "POST /cms/user/login HTTP/1.1" DEBUG o.s.w.s.m.m.a.RequestResponseBodyMethodProcessor - Writing [Tokens{accessToken='eyJ0eXAiOiJKV1QiLCJhbGciOiJIUzI1NiJ9.eyJpZGVudGl0eSI6MSwic2NvcGUiOiJsaW4iLCJ0eXB (truncated)...]
2021-12-21 12:19:12.535 [http-nio-8081-exec-2] "POST /cms/user/login HTTP/1.1" DEBUG org.springframework.web.servlet.DispatcherServlet - Completed 200 OK
2021-12-21 12:19:12.541 [http-nio-8081-exec-4] "OPTIONS /cms/user/permissions HTTP/1.1" DEBUG org.springframework.web.servlet.DispatcherServlet - OPTIONS "/cms/user/permissions", parameters={}
2021-12-21 12:19:12.542 [http-nio-8081-exec-4] "OPTIONS /cms/user/permissions HTTP/1.1" DEBUG o.s.w.s.m.m.a.RequestMappingHandlerMapping - Mapped to io.github.xmchxup.latticy.controller.cms.UserController#getPermissions()
2021-12-21 12:19:12.544 [http-nio-8081-exec-4] "OPTIONS /cms/user/permissions HTTP/1.1" DEBUG org.springframework.web.servlet.DispatcherServlet - Completed 200 OK
2021-12-21 12:19:12.548 [http-nio-8081-exec-5] "GET /cms/user/permissions HTTP/1.1" DEBUG org.springframework.web.servlet.DispatcherServlet - GET "/cms/user/permissions", parameters={}
2021-12-21 12:19:12.548 [http-nio-8081-exec-5] "GET /cms/user/permissions HTTP/1.1" DEBUG o.s.w.s.m.m.a.RequestMappingHandlerMapping - Mapped to io.github.xmchxup.latticy.controller.cms.UserController#getPermissions()
2021-12-21 12:19:12.580 [http-nio-8081-exec-5] "GET /cms/user/permissions HTTP/1.1" DEBUG o.s.w.s.m.m.a.RequestResponseBodyMethodProcessor - Using 'application/json', given [application/json, text/plain, */*] and supported [application/json, application/*+json, application/json, application/*+json]
2021-12-21 12:19:12.580 [http-nio-8081-exec-5] "GET /cms/user/permissions HTTP/1.1" DEBUG o.s.w.s.m.m.a.RequestResponseBodyMethodProcessor - Writing [UserPermissionVO(id=1, nickname=root, avatar=null, admin=true, email=null, permissions=[])]
2021-12-21 12:19:12.582 [http-nio-8081-exec-5] "GET /cms/user/permissions HTTP/1.1" DEBUG org.springframework.web.servlet.DispatcherServlet - Completed 200 OK
2021-12-21 12:19:18.854 [http-nio-8081-exec-8] "OPTIONS /v1/team/page HTTP/1.1" DEBUG org.springframework.web.servlet.DispatcherServlet - OPTIONS "/v1/team/page?page=0&count=10", parameters={masked}
2021-12-21 12:19:18.858 [http-nio-8081-exec-8] "OPTIONS /v1/team/page HTTP/1.1" DEBUG o.s.w.s.m.m.a.RequestMappingHandlerMapping - Mapped to org.springframework.web.servlet.handler.AbstractHandlerMethodMapping$EmptyHandler#handle()
2021-12-21 12:19:18.859 [http-nio-8081-exec-8] "OPTIONS /v1/team/page HTTP/1.1" DEBUG org.springframework.web.servlet.DispatcherServlet - Completed 200 OK
2021-12-21 12:19:18.862 [http-nio-8081-exec-7] "GET /v1/team/page HTTP/1.1" DEBUG org.springframework.web.servlet.DispatcherServlet - GET "/v1/team/page?page=0&count=10", parameters={masked}
2021-12-21 12:19:18.863 [http-nio-8081-exec-7] "GET /v1/team/page HTTP/1.1" DEBUG o.s.w.s.m.m.a.RequestMappingHandlerMapping - Mapped to io.github.xmchxup.latticy.controller.v1.TeamController#page(String, Integer, Integer)
2021-12-21 12:19:18.898 [http-nio-8081-exec-7] "GET /v1/team/page HTTP/1.1" DEBUG o.s.w.s.m.m.a.RequestResponseBodyMethodProcessor - Using 'application/json', given [application/json, text/plain, */*] and supported [application/json, application/*+json, application/json, application/*+json]
2021-12-21 12:19:18.898 [http-nio-8081-exec-7] "GET /v1/team/page HTTP/1.1" DEBUG o.s.w.s.m.m.a.RequestResponseBodyMethodProcessor - Writing [PageResponseVO(total=0, items=[], page=0, count=10)]
2021-12-21 12:19:18.899 [http-nio-8081-exec-7] "GET /v1/team/page HTTP/1.1" DEBUG org.springframework.web.servlet.DispatcherServlet - Completed 200 OK
2021-12-21 12:19:20.680 [http-nio-8081-exec-6] "OPTIONS /v1/teacher/all HTTP/1.1" DEBUG org.springframework.web.servlet.DispatcherServlet - OPTIONS "/v1/teacher/all", parameters={}
2021-12-21 12:19:20.680 [http-nio-8081-exec-6] "OPTIONS /v1/teacher/all HTTP/1.1" DEBUG o.s.w.s.m.m.a.RequestMappingHandlerMapping - Mapped to io.github.xmchxup.latticy.controller.v1.TeacherController#getAll()
2021-12-21 12:19:20.681 [http-nio-8081-exec-6] "OPTIONS /v1/teacher/all HTTP/1.1" DEBUG org.springframework.web.servlet.DispatcherServlet - Completed 200 OK
2021-12-21 12:19:20.685 [http-nio-8081-exec-9] "GET /v1/teacher/all HTTP/1.1" DEBUG org.springframework.web.servlet.DispatcherServlet - GET "/v1/teacher/all", parameters={}
2021-12-21 12:19:20.686 [http-nio-8081-exec-9] "GET /v1/teacher/all HTTP/1.1" DEBUG o.s.w.s.m.m.a.RequestMappingHandlerMapping - Mapped to io.github.xmchxup.latticy.controller.v1.TeacherController#getAll()
2021-12-21 12:19:20.691 [http-nio-8081-exec-9] "GET /v1/teacher/all HTTP/1.1" DEBUG o.s.w.s.m.m.a.RequestResponseBodyMethodProcessor - Using 'application/json', given [application/json, text/plain, */*] and supported [application/json, application/*+json, application/json, application/*+json]
2021-12-21 12:19:20.692 [http-nio-8081-exec-9] "GET /v1/teacher/all HTTP/1.1" DEBUG o.s.w.s.m.m.a.RequestResponseBodyMethodProcessor - Writing [[TeacherDO(tid=1234, name=老师1, sex=1, position=教授, email=fdsaf@mail.com, collegeId=14, mobile=, summ (truncated)...]
2021-12-21 12:19:20.693 [http-nio-8081-exec-9] "GET /v1/teacher/all HTTP/1.1" DEBUG org.springframework.web.servlet.DispatcherServlet - Completed 200 OK
2021-12-21 17:20:28.833 [http-nio-8081-exec-10] "OPTIONS /cms/user/login HTTP/1.1" DEBUG org.springframework.web.servlet.DispatcherServlet - OPTIONS "/cms/user/login", parameters={}
2021-12-21 17:20:28.839 [http-nio-8081-exec-10] "OPTIONS /cms/user/login HTTP/1.1" DEBUG o.s.w.s.m.m.a.RequestMappingHandlerMapping - Mapped to io.github.xmchxup.latticy.controller.cms.UserController#login(LoginDTO)
2021-12-21 17:20:28.842 [http-nio-8081-exec-10] "OPTIONS /cms/user/login HTTP/1.1" DEBUG org.springframework.web.servlet.DispatcherServlet - Completed 200 OK
2021-12-21 17:20:28.858 [http-nio-8081-exec-3] "POST /cms/user/login HTTP/1.1" DEBUG org.springframework.web.servlet.DispatcherServlet - POST "/cms/user/login", parameters={}
2021-12-21 17:20:28.859 [http-nio-8081-exec-3] "POST /cms/user/login HTTP/1.1" DEBUG o.s.w.s.m.m.a.RequestMappingHandlerMapping - Mapped to io.github.xmchxup.latticy.controller.cms.UserController#login(LoginDTO)
2021-12-21 17:20:28.861 [http-nio-8081-exec-3] "POST /cms/user/login HTTP/1.1" DEBUG o.s.w.s.m.m.a.RequestResponseBodyMethodProcessor - Read "application/json;charset=UTF-8" to [LoginDTO(username=root, password=123456)]
2021-12-21 17:20:29.143 [http-nio-8081-exec-3] "POST /cms/user/login HTTP/1.1" DEBUG o.s.w.s.m.m.a.RequestResponseBodyMethodProcessor - Using 'application/json', given [application/json, text/plain, */*] and supported [application/json, application/*+json, application/json, application/*+json]
2021-12-21 17:20:29.143 [http-nio-8081-exec-3] "POST /cms/user/login HTTP/1.1" DEBUG o.s.w.s.m.m.a.RequestResponseBodyMethodProcessor - Writing [Tokens{accessToken='eyJ0eXAiOiJKV1QiLCJhbGciOiJIUzI1NiJ9.eyJpZGVudGl0eSI6MSwic2NvcGUiOiJsaW4iLCJ0eXB (truncated)...]
2021-12-21 17:20:29.144 [http-nio-8081-exec-3] "POST /cms/user/login HTTP/1.1" DEBUG org.springframework.web.servlet.DispatcherServlet - Completed 200 OK
2021-12-21 17:20:29.153 [http-nio-8081-exec-2] "OPTIONS /cms/user/permissions HTTP/1.1" DEBUG org.springframework.web.servlet.DispatcherServlet - OPTIONS "/cms/user/permissions", parameters={}
2021-12-21 17:20:29.153 [http-nio-8081-exec-2] "OPTIONS /cms/user/permissions HTTP/1.1" DEBUG o.s.w.s.m.m.a.RequestMappingHandlerMapping - Mapped to io.github.xmchxup.latticy.controller.cms.UserController#getPermissions()
2021-12-21 17:20:29.154 [http-nio-8081-exec-2] "OPTIONS /cms/user/permissions HTTP/1.1" DEBUG org.springframework.web.servlet.DispatcherServlet - Completed 200 OK
2021-12-21 17:20:29.157 [http-nio-8081-exec-4] "GET /cms/user/permissions HTTP/1.1" DEBUG org.springframework.web.servlet.DispatcherServlet - GET "/cms/user/permissions", parameters={}
2021-12-21 17:20:29.157 [http-nio-8081-exec-4] "GET /cms/user/permissions HTTP/1.1" DEBUG o.s.w.s.m.m.a.RequestMappingHandlerMapping - Mapped to io.github.xmchxup.latticy.controller.cms.UserController#getPermissions()
2021-12-21 17:20:29.202 [http-nio-8081-exec-4] "GET /cms/user/permissions HTTP/1.1" DEBUG o.s.w.s.m.m.a.RequestResponseBodyMethodProcessor - Using 'application/json', given [application/json, text/plain, */*] and supported [application/json, application/*+json, application/json, application/*+json]
2021-12-21 17:20:29.204 [http-nio-8081-exec-4] "GET /cms/user/permissions HTTP/1.1" DEBUG o.s.w.s.m.m.a.RequestResponseBodyMethodProcessor - Writing [UserPermissionVO(id=1, nickname=root, avatar=null, admin=true, email=null, permissions=[])]
2021-12-21 17:20:29.211 [http-nio-8081-exec-4] "GET /cms/user/permissions HTTP/1.1" DEBUG org.springframework.web.servlet.DispatcherServlet - Completed 200 OK
2021-12-21 23:16:06.379 [http-nio-8081-exec-8] "OPTIONS /v1/team/page HTTP/1.1" DEBUG org.springframework.web.servlet.DispatcherServlet - OPTIONS "/v1/team/page?page=0&count=10", parameters={masked}
2021-12-21 23:16:06.383 [http-nio-8081-exec-8] "OPTIONS /v1/team/page HTTP/1.1" DEBUG o.s.w.s.m.m.a.RequestMappingHandlerMapping - Mapped to org.springframework.web.servlet.handler.AbstractHandlerMethodMapping$EmptyHandler#handle()
2021-12-21 23:16:06.388 [http-nio-8081-exec-8] "OPTIONS /v1/team/page HTTP/1.1" DEBUG org.springframework.web.servlet.DispatcherServlet - Completed 200 OK
2021-12-21 23:16:06.398 [http-nio-8081-exec-7] "GET /v1/team/page HTTP/1.1" DEBUG org.springframework.web.servlet.DispatcherServlet - GET "/v1/team/page?page=0&count=10", parameters={masked}
2021-12-21 23:16:06.399 [http-nio-8081-exec-7] "GET /v1/team/page HTTP/1.1" DEBUG o.s.w.s.m.m.a.RequestMappingHandlerMapping - Mapped to io.github.xmchxup.latticy.controller.v1.TeamController#page(String, Integer, Integer)
2021-12-21 23:16:06.491 [http-nio-8081-exec-7] "GET /v1/team/page HTTP/1.1" DEBUG o.s.w.s.m.m.a.RequestResponseBodyMethodProcessor - Using 'application/json', given [application/json, text/plain, */*] and supported [application/json, application/*+json, application/json, application/*+json]
2021-12-21 23:16:06.492 [http-nio-8081-exec-7] "GET /v1/team/page HTTP/1.1" DEBUG o.s.w.s.m.m.a.RequestResponseBodyMethodProcessor - Writing [PageResponseVO(total=0, items=[], page=0, count=10)]
2021-12-21 23:16:06.496 [http-nio-8081-exec-7] "GET /v1/team/page HTTP/1.1" DEBUG org.springframework.web.servlet.DispatcherServlet - Completed 200 OK
2021-12-21 23:16:08.238 [http-nio-8081-exec-6] "OPTIONS /v1/teacher/all HTTP/1.1" DEBUG org.springframework.web.servlet.DispatcherServlet - OPTIONS "/v1/teacher/all", parameters={}
2021-12-21 23:16:08.239 [http-nio-8081-exec-6] "OPTIONS /v1/teacher/all HTTP/1.1" DEBUG o.s.w.s.m.m.a.RequestMappingHandlerMapping - Mapped to io.github.xmchxup.latticy.controller.v1.TeacherController#getAll()
2021-12-21 23:16:08.241 [http-nio-8081-exec-6] "OPTIONS /v1/teacher/all HTTP/1.1" DEBUG org.springframework.web.servlet.DispatcherServlet - Completed 200 OK
2021-12-21 23:16:08.247 [http-nio-8081-exec-9] "GET /v1/teacher/all HTTP/1.1" DEBUG org.springframework.web.servlet.DispatcherServlet - GET "/v1/teacher/all", parameters={}
2021-12-21 23:16:08.248 [http-nio-8081-exec-9] "GET /v1/teacher/all HTTP/1.1" DEBUG o.s.w.s.m.m.a.RequestMappingHandlerMapping - Mapped to io.github.xmchxup.latticy.controller.v1.TeacherController#getAll()
2021-12-21 23:16:08.273 [http-nio-8081-exec-9] "GET /v1/teacher/all HTTP/1.1" DEBUG o.s.w.s.m.m.a.RequestResponseBodyMethodProcessor - Using 'application/json', given [application/json, text/plain, */*] and supported [application/json, application/*+json, application/json, application/*+json]
2021-12-21 23:16:08.273 [http-nio-8081-exec-9] "GET /v1/teacher/all HTTP/1.1" DEBUG o.s.w.s.m.m.a.RequestResponseBodyMethodProcessor - Writing [[TeacherDO(tid=1234, name=老师1, sex=1, position=教授, email=fdsaf@mail.com, collegeId=14, mobile=, summ (truncated)...]
2021-12-21 23:16:08.276 [http-nio-8081-exec-9] "GET /v1/teacher/all HTTP/1.1" DEBUG org.springframework.web.servlet.DispatcherServlet - Completed 200 OK
