2021-05-25 16:51:41.824 [background-preinit] "  " INFO  org.hibernate.validator.internal.util.Version - HV000001: Hibernate Validator 6.1.5.Final
2021-05-25 16:51:41.886 [main] "  " INFO  io.github.xmchxup.latticy.LatticyApplication - Starting LatticyApplication on LifeOverflow with PID 7408 (C:\Users\sunhu\Desktop\tmp\full-stack\school-manager\backend\target\classes started by sunhu in C:\Users\sunhu\Desktop\tmp\full-stack\school-manager\backend)
2021-05-25 16:51:41.887 [main] "  " INFO  io.github.xmchxup.latticy.LatticyApplication - The following profiles are active: dev
2021-05-25 16:51:47.312 [main] "  " INFO  o.s.c.s.PostProcessorRegistrationDelegate$BeanPostProcessorChecker - Bean 'commonConfiguration' of type [io.github.xmchxup.latticy.common.configuration.CommonConfiguration] is not eligible for getting processed by all BeanPostProcessors (for example: not eligible for auto-proxying)
2021-05-25 16:51:47.813 [main] "  " INFO  o.s.boot.web.embedded.tomcat.TomcatWebServer - Tomcat initialized with port(s): 5000 (http)
2021-05-25 16:51:47.826 [main] "  " INFO  org.apache.coyote.http11.Http11NioProtocol - Initializing ProtocolHandler ["http-nio-5000"]
2021-05-25 16:51:47.827 [main] "  " INFO  org.apache.catalina.core.StandardService - Starting service [Tomcat]
2021-05-25 16:51:47.827 [main] "  " INFO  org.apache.catalina.core.StandardEngine - Starting Servlet engine: [Apache Tomcat/9.0.37]
2021-05-25 16:51:47.829 [main] "  " INFO  org.apache.catalina.core.AprLifecycleListener - Loaded Apache Tomcat Native library [1.2.27] using APR version [1.7.0].
2021-05-25 16:51:47.830 [main] "  " INFO  org.apache.catalina.core.AprLifecycleListener - APR capabilities: IPv6 [true], sendfile [true], accept filters [false], random [true].
2021-05-25 16:51:47.830 [main] "  " INFO  org.apache.catalina.core.AprLifecycleListener - APR/OpenSSL configuration: useAprConnector [false], useOpenSSL [true]
2021-05-25 16:51:47.844 [main] "  " INFO  org.apache.catalina.core.AprLifecycleListener - OpenSSL successfully initialized [OpenSSL 1.1.1k  25 Mar 2021]
2021-05-25 16:51:48.029 [main] "  " INFO  o.a.c.core.ContainerBase.[Tomcat].[localhost].[/] - Initializing Spring embedded WebApplicationContext
2021-05-25 16:51:48.030 [main] "  " INFO  o.s.b.w.s.c.ServletWebServerApplicationContext - Root WebApplicationContext: initialization completed in 6023 ms
2021-05-25 16:51:48.816 [main] "  " INFO  com.zaxxer.hikari.HikariDataSource - HikariPool-1 - Starting...
2021-05-25 16:51:54.093 [main] "  " INFO  s.d.s.w.PropertySourcedRequestMappingHandlerMapping - Mapped URL path [/v2/api-docs] onto method [springfox.documentation.swagger2.web.Swagger2Controller#getDocumentation(String, HttpServletRequest)]
2021-05-25 16:51:54.183 [main] "  " INFO  o.s.scheduling.concurrent.ThreadPoolTaskExecutor - Initializing ExecutorService 'applicationTaskExecutor'
2021-05-25 16:51:54.688 [main] "  " INFO  org.apache.coyote.http11.Http11NioProtocol - Starting ProtocolHandler ["http-nio-5000"]
2021-05-25 16:51:54.724 [main] "  " INFO  o.s.boot.web.embedded.tomcat.TomcatWebServer - Tomcat started on port(s): 5000 (http) with context path ''
2021-05-25 16:51:54.726 [main] "  " INFO  s.d.s.web.plugins.DocumentationPluginsBootstrapper - Context refreshed
2021-05-25 16:51:54.754 [main] "  " INFO  s.d.s.web.plugins.DocumentationPluginsBootstrapper - Found 1 custom documentation plugin(s)
2021-05-25 16:51:54.853 [main] "  " INFO  s.d.spring.web.scanners.ApiListingReferenceScanner - Scanning for api listing references
2021-05-25 16:51:55.110 [main] "  " INFO  s.d.s.w.r.operation.CachingOperationNameGenerator - Generating unique operation named: createUsingPOST_1
2021-05-25 16:51:55.113 [main] "  " INFO  s.d.s.w.r.operation.CachingOperationNameGenerator - Generating unique operation named: deleteUsingDELETE_1
2021-05-25 16:51:55.138 [main] "  " INFO  s.d.s.w.r.operation.CachingOperationNameGenerator - Generating unique operation named: createUsingPOST_2
2021-05-25 16:51:55.141 [main] "  " INFO  s.d.s.w.r.operation.CachingOperationNameGenerator - Generating unique operation named: deleteUsingDELETE_2
2021-05-25 16:51:55.146 [main] "  " INFO  s.d.s.w.r.operation.CachingOperationNameGenerator - Generating unique operation named: getUsingGET_1
2021-05-25 16:51:55.156 [main] "  " INFO  s.d.s.w.r.operation.CachingOperationNameGenerator - Generating unique operation named: pageUsingGET_1
2021-05-25 16:51:55.159 [main] "  " INFO  s.d.s.w.r.operation.CachingOperationNameGenerator - Generating unique operation named: updateUsingPUT_1
2021-05-25 16:51:55.164 [main] "  " INFO  s.d.s.w.r.operation.CachingOperationNameGenerator - Generating unique operation named: createUsingPOST_3
2021-05-25 16:51:55.166 [main] "  " INFO  s.d.s.w.r.operation.CachingOperationNameGenerator - Generating unique operation named: deleteUsingDELETE_3
2021-05-25 16:51:55.171 [main] "  " INFO  s.d.s.w.r.operation.CachingOperationNameGenerator - Generating unique operation named: getUsingGET_2
2021-05-25 16:51:55.182 [main] "  " INFO  s.d.s.w.r.operation.CachingOperationNameGenerator - Generating unique operation named: pageUsingGET_2
2021-05-25 16:51:55.185 [main] "  " INFO  s.d.s.w.r.operation.CachingOperationNameGenerator - Generating unique operation named: searchMajorByNameUsingGET_1
2021-05-25 16:51:55.188 [main] "  " INFO  s.d.s.w.r.operation.CachingOperationNameGenerator - Generating unique operation named: updateUsingPUT_2
2021-05-25 16:51:55.209 [main] "  " INFO  s.d.s.w.r.operation.CachingOperationNameGenerator - Generating unique operation named: createUsingPOST_4
2021-05-25 16:51:55.212 [main] "  " INFO  s.d.s.w.r.operation.CachingOperationNameGenerator - Generating unique operation named: deleteUsingDELETE_4
2021-05-25 16:51:55.218 [main] "  " INFO  s.d.s.w.r.operation.CachingOperationNameGenerator - Generating unique operation named: getUsingGET_3
2021-05-25 16:51:55.234 [main] "  " INFO  s.d.s.w.r.operation.CachingOperationNameGenerator - Generating unique operation named: pageUsingGET_3
2021-05-25 16:51:55.237 [main] "  " INFO  s.d.s.w.r.operation.CachingOperationNameGenerator - Generating unique operation named: updateUsingPUT_3
2021-05-25 16:51:55.262 [main] "  " INFO  s.d.s.w.r.operation.CachingOperationNameGenerator - Generating unique operation named: deleteUsingDELETE_5
2021-05-25 16:51:55.278 [main] "  " INFO  s.d.s.w.r.operation.CachingOperationNameGenerator - Generating unique operation named: getUsingGET_4
2021-05-25 16:51:55.317 [main] "  " INFO  s.d.s.w.r.operation.CachingOperationNameGenerator - Generating unique operation named: pageUsingGET_4
2021-05-25 16:51:55.318 [main] "  " INFO  s.d.s.w.r.operation.CachingOperationNameGenerator - Generating unique operation named: updateUsingPUT_4
2021-05-25 16:51:55.335 [main] "  " INFO  s.d.s.w.r.operation.CachingOperationNameGenerator - Generating unique operation named: createUsingPOST_5
2021-05-25 16:51:55.339 [main] "  " INFO  s.d.s.w.r.operation.CachingOperationNameGenerator - Generating unique operation named: deleteUsingDELETE_6
2021-05-25 16:51:55.359 [main] "  " INFO  s.d.s.w.r.operation.CachingOperationNameGenerator - Generating unique operation named: getUsingGET_5
2021-05-25 16:51:55.366 [main] "  " INFO  s.d.s.w.r.operation.CachingOperationNameGenerator - Generating unique operation named: pageUsingGET_5
2021-05-25 16:51:55.369 [main] "  " INFO  s.d.s.w.r.operation.CachingOperationNameGenerator - Generating unique operation named: updateUsingPUT_5
2021-05-25 16:51:55.376 [main] "  " INFO  s.d.s.w.r.operation.CachingOperationNameGenerator - Generating unique operation named: createUsingPOST_6
2021-05-25 16:51:55.379 [main] "  " INFO  s.d.s.w.r.operation.CachingOperationNameGenerator - Generating unique operation named: deleteUsingDELETE_7
2021-05-25 16:51:55.383 [main] "  " INFO  s.d.s.w.r.operation.CachingOperationNameGenerator - Generating unique operation named: getUsingGET_6
2021-05-25 16:51:55.393 [main] "  " INFO  s.d.s.w.r.operation.CachingOperationNameGenerator - Generating unique operation named: pageUsingGET_6
2021-05-25 16:51:55.396 [main] "  " INFO  s.d.s.w.r.operation.CachingOperationNameGenerator - Generating unique operation named: updateUsingPUT_6
2021-05-25 16:51:55.410 [main] "  " INFO  s.d.s.w.r.operation.CachingOperationNameGenerator - Generating unique operation named: createUsingPOST_7
2021-05-25 16:51:55.412 [main] "  " INFO  s.d.s.w.r.operation.CachingOperationNameGenerator - Generating unique operation named: deleteUsingDELETE_8
2021-05-25 16:51:55.418 [main] "  " INFO  s.d.s.w.r.operation.CachingOperationNameGenerator - Generating unique operation named: getUsingGET_7
2021-05-25 16:51:55.429 [main] "  " INFO  s.d.s.w.r.operation.CachingOperationNameGenerator - Generating unique operation named: pageUsingGET_7
2021-05-25 16:51:55.432 [main] "  " INFO  s.d.s.w.r.operation.CachingOperationNameGenerator - Generating unique operation named: updateUsingPUT_7
2021-05-25 16:51:55.439 [main] "  " INFO  s.d.s.w.r.operation.CachingOperationNameGenerator - Generating unique operation named: createUsingPOST_8
2021-05-25 16:51:55.442 [main] "  " INFO  s.d.s.w.r.operation.CachingOperationNameGenerator - Generating unique operation named: deleteUsingDELETE_9
2021-05-25 16:51:55.452 [main] "  " INFO  s.d.s.w.r.operation.CachingOperationNameGenerator - Generating unique operation named: getUsingGET_8
2021-05-25 16:51:55.481 [main] "  " INFO  s.d.s.w.r.operation.CachingOperationNameGenerator - Generating unique operation named: pageUsingGET_8
2021-05-25 16:51:55.483 [main] "  " INFO  s.d.s.w.r.operation.CachingOperationNameGenerator - Generating unique operation named: updateUsingPUT_8
2021-05-25 16:51:55.661 [main] "  " INFO  com.zaxxer.hikari.HikariDataSource - HikariPool-1 - Starting...
2021-05-25 16:51:56.689 [main] "  " INFO  org.apache.coyote.http11.Http11NioProtocol - Pausing ProtocolHandler ["http-nio-5000"]
2021-05-25 16:51:56.926 [main] "  " INFO  org.apache.catalina.core.StandardService - Stopping service [Tomcat]
2021-05-25 16:51:56.931 [main] "  " INFO  org.apache.coyote.http11.Http11NioProtocol - Stopping ProtocolHandler ["http-nio-5000"]
2021-05-25 16:51:56.935 [main] "  " INFO  org.apache.coyote.http11.Http11NioProtocol - Destroying ProtocolHandler ["http-nio-5000"]
2021-05-25 16:51:56.940 [main] "  " INFO  o.s.b.a.l.ConditionEvaluationReportLoggingListener - 

Error starting ApplicationContext. To display the conditions report re-run your application with 'debug' enabled.
2021-05-25 16:51:56.972 [main] "  " INFO  o.s.scheduling.concurrent.ThreadPoolTaskExecutor - Shutting down ExecutorService 'applicationTaskExecutor'
