2021-05-12 11:17:35.625 [main] "  " DEBUG o.s.b.web.servlet.ServletContextInitializerBeans - Mapping filters: mdc-access-servlet-filter urls=[/*] order=2147483647, characterEncodingFilter urls=[/*] order=-2147483648, formContentFilter urls=[/*] order=-9900, requestContextFilter urls=[/*] order=-105
2021-05-12 11:17:35.626 [main] "  " DEBUG o.s.b.web.servlet.ServletContextInitializerBeans - Mapping servlets: dispatcherServlet urls=[/]
2021-05-12 11:17:40.721 [main] "  " DEBUG o.s.w.s.m.m.a.RequestMappingHandlerMapping - 132 mappings in 'requestMappingHandlerMapping'
2021-05-12 11:17:41.648 [main] "  " DEBUG o.s.w.s.m.m.a.RequestMappingHandlerAdapter - ControllerAdvice beans: 0 @ModelAttribute, 0 @InitBinder, 1 RequestBodyAdvice, 1 ResponseBodyAdvice
2021-05-12 11:17:41.787 [main] "  " DEBUG o.s.web.servlet.config.annotation.WebMvcConfigurer - Default resource handling disabled
2021-05-12 11:17:41.819 [main] "  " DEBUG o.s.web.servlet.handler.SimpleUrlHandlerMapping - Patterns [/assets/**, /**, /swagger-ui.html, /webjars/**] in 'resourceHandlerMapping'
2021-05-12 11:17:41.861 [main] "  " DEBUG o.s.w.s.m.m.a.ExceptionHandlerExceptionResolver - ControllerAdvice beans: 1 @ExceptionHandler, 1 ResponseBodyAdvice
2021-05-12 11:17:44.105 [http-nio-5000-exec-2] "  " DEBUG org.springframework.web.servlet.DispatcherServlet - Detected StandardServletMultipartResolver
2021-05-12 11:17:44.124 [http-nio-5000-exec-2] "  " DEBUG org.springframework.web.servlet.DispatcherServlet - enableLoggingRequestDetails='false': request parameters and headers will be masked to prevent unsafe logging of potentially sensitive data
2021-05-12 11:17:44.152 [http-nio-5000-exec-1] "GET /assets/2021/01/04/bcff9c3b10734a14ab490a9c5f746e6a.jpg HTTP/1.1" DEBUG org.springframework.web.servlet.DispatcherServlet - GET "/assets/2021/01/04/bcff9c3b10734a14ab490a9c5f746e6a.jpg", parameters={}
2021-05-12 11:17:44.152 [http-nio-5000-exec-2] "OPTIONS /v1/topic/page HTTP/1.1" DEBUG org.springframework.web.servlet.DispatcherServlet - OPTIONS "/v1/topic/page?page=0&count=10", parameters={masked}
2021-05-12 11:17:44.166 [http-nio-5000-exec-2] "OPTIONS /v1/topic/page HTTP/1.1" DEBUG o.s.w.s.m.m.a.RequestMappingHandlerMapping - Mapped to org.springframework.web.servlet.handler.AbstractHandlerMethodMapping$EmptyHandler#handle()
2021-05-12 11:17:44.167 [http-nio-5000-exec-1] "GET /assets/2021/01/04/bcff9c3b10734a14ab490a9c5f746e6a.jpg HTTP/1.1" DEBUG o.s.web.servlet.handler.SimpleUrlHandlerMapping - Mapped to ResourceHttpRequestHandler ["file:C:\Users\sunhu\Desktop\tmp\full-stack\school-manager\backend\assets/"]
2021-05-12 11:17:44.186 [http-nio-5000-exec-2] "OPTIONS /v1/topic/page HTTP/1.1" DEBUG org.springframework.web.servlet.DispatcherServlet - Completed 200 OK
2021-05-12 11:17:44.200 [http-nio-5000-exec-1] "GET /assets/2021/01/04/bcff9c3b10734a14ab490a9c5f746e6a.jpg HTTP/1.1" DEBUG org.springframework.web.servlet.DispatcherServlet - Completed 200 OK
2021-05-12 11:17:44.207 [http-nio-5000-exec-3] "GET /v1/topic/page HTTP/1.1" DEBUG org.springframework.web.servlet.DispatcherServlet - GET "/v1/topic/page?page=0&count=10", parameters={masked}
2021-05-12 11:17:44.210 [http-nio-5000-exec-3] "GET /v1/topic/page HTTP/1.1" DEBUG o.s.w.s.m.m.a.RequestMappingHandlerMapping - Mapped to io.github.xmchxup.latticy.controller.v1.TopicController#page(String, Integer, Integer)
2021-05-12 11:17:44.683 [http-nio-5000-exec-3] "GET /v1/topic/page HTTP/1.1" DEBUG o.s.w.s.m.m.a.RequestResponseBodyMethodProcessor - Using 'application/json', given [application/json, text/plain, */*] and supported [application/json, application/*+json, application/json, application/*+json]
2021-05-12 11:17:44.685 [http-nio-5000-exec-3] "GET /v1/topic/page HTTP/1.1" DEBUG o.s.w.s.m.m.a.RequestResponseBodyMethodProcessor - Writing [PageResponseVO(total=10, items=[TopicDO(name=毕业设计评分系统, description=这是西门吹雪的课题任务11, type=1, publishYea (truncated)...]
2021-05-12 11:17:44.718 [http-nio-5000-exec-3] "GET /v1/topic/page HTTP/1.1" DEBUG org.springframework.web.servlet.DispatcherServlet - Completed 200 OK
2021-05-12 11:17:51.207 [http-nio-5000-exec-4] "OPTIONS /cms/user/login HTTP/1.1" DEBUG org.springframework.web.servlet.DispatcherServlet - OPTIONS "/cms/user/login", parameters={}
2021-05-12 11:17:51.209 [http-nio-5000-exec-4] "OPTIONS /cms/user/login HTTP/1.1" DEBUG o.s.w.s.m.m.a.RequestMappingHandlerMapping - Mapped to io.github.xmchxup.latticy.controller.cms.UserController#login(LoginDTO)
2021-05-12 11:17:51.212 [http-nio-5000-exec-4] "OPTIONS /cms/user/login HTTP/1.1" DEBUG org.springframework.web.servlet.DispatcherServlet - Completed 200 OK
2021-05-12 11:17:51.220 [http-nio-5000-exec-5] "POST /cms/user/login HTTP/1.1" DEBUG org.springframework.web.servlet.DispatcherServlet - POST "/cms/user/login", parameters={}
2021-05-12 11:17:51.223 [http-nio-5000-exec-5] "POST /cms/user/login HTTP/1.1" DEBUG o.s.w.s.m.m.a.RequestMappingHandlerMapping - Mapped to io.github.xmchxup.latticy.controller.cms.UserController#login(LoginDTO)
2021-05-12 11:17:51.278 [http-nio-5000-exec-5] "POST /cms/user/login HTTP/1.1" DEBUG o.s.w.s.m.m.a.RequestResponseBodyMethodProcessor - Read "application/json;charset=UTF-8" to [LoginDTO(username=root, password=123456)]
2021-05-12 11:17:52.488 [http-nio-5000-exec-5] "POST /cms/user/login HTTP/1.1" DEBUG o.s.w.s.m.m.a.RequestResponseBodyMethodProcessor - Using 'application/json', given [application/json, text/plain, */*] and supported [application/json, application/*+json, application/json, application/*+json]
2021-05-12 11:17:52.489 [http-nio-5000-exec-5] "POST /cms/user/login HTTP/1.1" DEBUG o.s.w.s.m.m.a.RequestResponseBodyMethodProcessor - Writing [Tokens{accessToken='eyJ0eXAiOiJKV1QiLCJhbGciOiJIUzI1NiJ9.eyJpZGVudGl0eSI6MSwic2NvcGUiOiJsaW4iLCJ0eXB (truncated)...]
2021-05-12 11:17:52.493 [http-nio-5000-exec-5] "POST /cms/user/login HTTP/1.1" DEBUG org.springframework.web.servlet.DispatcherServlet - Completed 200 OK
2021-05-12 11:17:52.505 [http-nio-5000-exec-6] "OPTIONS /cms/user/permissions HTTP/1.1" DEBUG org.springframework.web.servlet.DispatcherServlet - OPTIONS "/cms/user/permissions", parameters={}
2021-05-12 11:17:52.506 [http-nio-5000-exec-6] "OPTIONS /cms/user/permissions HTTP/1.1" DEBUG o.s.w.s.m.m.a.RequestMappingHandlerMapping - Mapped to io.github.xmchxup.latticy.controller.cms.UserController#getPermissions()
2021-05-12 11:17:52.507 [http-nio-5000-exec-6] "OPTIONS /cms/user/permissions HTTP/1.1" DEBUG org.springframework.web.servlet.DispatcherServlet - Completed 200 OK
2021-05-12 11:17:52.513 [http-nio-5000-exec-7] "GET /cms/user/permissions HTTP/1.1" DEBUG org.springframework.web.servlet.DispatcherServlet - GET "/cms/user/permissions", parameters={}
2021-05-12 11:17:52.513 [http-nio-5000-exec-7] "GET /cms/user/permissions HTTP/1.1" DEBUG o.s.w.s.m.m.a.RequestMappingHandlerMapping - Mapped to io.github.xmchxup.latticy.controller.cms.UserController#getPermissions()
2021-05-12 11:17:52.899 [http-nio-5000-exec-7] "GET /cms/user/permissions HTTP/1.1" DEBUG o.s.w.s.m.m.a.RequestResponseBodyMethodProcessor - Using 'application/json', given [application/json, text/plain, */*] and supported [application/json, application/*+json, application/json, application/*+json]
2021-05-12 11:17:52.899 [http-nio-5000-exec-7] "GET /cms/user/permissions HTTP/1.1" DEBUG o.s.w.s.m.m.a.RequestResponseBodyMethodProcessor - Writing [UserPermissionVO(id=1, nickname=root, avatar=http://localhost:5000/assets/2021\01\04\b61f08e7165a490 (truncated)...]
2021-05-12 11:17:52.902 [http-nio-5000-exec-7] "GET /cms/user/permissions HTTP/1.1" DEBUG org.springframework.web.servlet.DispatcherServlet - Completed 200 OK
2021-05-12 11:17:53.154 [http-nio-5000-exec-10] "GET /assets/2021/01/04/b61f08e7165a49028567f34ead11e19f.jpg HTTP/1.1" DEBUG org.springframework.web.servlet.DispatcherServlet - GET "/assets/2021/01/04/b61f08e7165a49028567f34ead11e19f.jpg", parameters={}
2021-05-12 11:17:53.160 [http-nio-5000-exec-10] "GET /assets/2021/01/04/b61f08e7165a49028567f34ead11e19f.jpg HTTP/1.1" DEBUG o.s.web.servlet.handler.SimpleUrlHandlerMapping - Mapped to ResourceHttpRequestHandler ["file:C:\Users\sunhu\Desktop\tmp\full-stack\school-manager\backend\assets/"]
2021-05-12 11:17:53.166 [http-nio-5000-exec-10] "GET /assets/2021/01/04/b61f08e7165a49028567f34ead11e19f.jpg HTTP/1.1" DEBUG org.springframework.web.servlet.DispatcherServlet - Completed 200 OK
2021-05-12 11:18:00.674 [http-nio-5000-exec-2] "OPTIONS /v1/college/all HTTP/1.1" DEBUG org.springframework.web.servlet.DispatcherServlet - OPTIONS "/v1/college/all", parameters={}
2021-05-12 11:18:00.675 [http-nio-5000-exec-1] "OPTIONS /v1/team/page HTTP/1.1" DEBUG org.springframework.web.servlet.DispatcherServlet - OPTIONS "/v1/team/page?page=0&count=10", parameters={masked}
2021-05-12 11:18:00.676 [http-nio-5000-exec-2] "OPTIONS /v1/college/all HTTP/1.1" DEBUG o.s.w.s.m.m.a.RequestMappingHandlerMapping - Mapped to org.springframework.web.servlet.handler.AbstractHandlerMethodMapping$EmptyHandler#handle()
2021-05-12 11:18:00.678 [http-nio-5000-exec-2] "OPTIONS /v1/college/all HTTP/1.1" DEBUG org.springframework.web.servlet.DispatcherServlet - Completed 200 OK
2021-05-12 11:18:00.682 [http-nio-5000-exec-1] "OPTIONS /v1/team/page HTTP/1.1" DEBUG o.s.w.s.m.m.a.RequestMappingHandlerMapping - Mapped to org.springframework.web.servlet.handler.AbstractHandlerMethodMapping$EmptyHandler#handle()
2021-05-12 11:18:00.683 [http-nio-5000-exec-1] "OPTIONS /v1/team/page HTTP/1.1" DEBUG org.springframework.web.servlet.DispatcherServlet - Completed 200 OK
2021-05-12 11:18:00.691 [http-nio-5000-exec-3] "GET /v1/college/all HTTP/1.1" DEBUG org.springframework.web.servlet.DispatcherServlet - GET "/v1/college/all", parameters={}
2021-05-12 11:18:00.692 [http-nio-5000-exec-4] "GET /v1/team/page HTTP/1.1" DEBUG org.springframework.web.servlet.DispatcherServlet - GET "/v1/team/page?page=0&count=10", parameters={masked}
2021-05-12 11:18:00.692 [http-nio-5000-exec-3] "GET /v1/college/all HTTP/1.1" DEBUG o.s.w.s.m.m.a.RequestMappingHandlerMapping - Mapped to io.github.xmchxup.latticy.controller.v1.CollegeController#getAllColleges()
2021-05-12 11:18:00.693 [http-nio-5000-exec-4] "GET /v1/team/page HTTP/1.1" DEBUG o.s.w.s.m.m.a.RequestMappingHandlerMapping - Mapped to io.github.xmchxup.latticy.controller.v1.TeamController#page(String, Integer, Integer)
2021-05-12 11:18:00.853 [http-nio-5000-exec-3] "GET /v1/college/all HTTP/1.1" DEBUG o.s.w.s.m.m.a.RequestResponseBodyMethodProcessor - Using 'application/json', given [application/json, text/plain, */*] and supported [application/json, application/*+json, application/json, application/*+json]
2021-05-12 11:18:00.853 [http-nio-5000-exec-3] "GET /v1/college/all HTTP/1.1" DEBUG o.s.w.s.m.m.a.RequestResponseBodyMethodProcessor - Writing [[CollegeDO(name=电子信息学院), CollegeDO(name=test), CollegeDO(name=电子商务学院), CollegeDO(name=艺术学院), College (truncated)...]
2021-05-12 11:18:00.862 [http-nio-5000-exec-3] "GET /v1/college/all HTTP/1.1" DEBUG org.springframework.web.servlet.DispatcherServlet - Completed 200 OK
2021-05-12 11:18:00.882 [http-nio-5000-exec-4] "GET /v1/team/page HTTP/1.1" DEBUG o.s.w.s.m.m.a.RequestResponseBodyMethodProcessor - Using 'application/json', given [application/json, text/plain, */*] and supported [application/json, application/*+json, application/json, application/*+json]
2021-05-12 11:18:00.882 [http-nio-5000-exec-4] "GET /v1/team/page HTTP/1.1" DEBUG o.s.w.s.m.m.a.RequestResponseBodyMethodProcessor - Writing [PageResponseVO(total=6, items=[TeamDO(name=鬼谷八荒, teacherId=2, judges=鬼谷八荒评委团队, studentIds=1902411198 (truncated)...]
2021-05-12 11:18:00.890 [http-nio-5000-exec-4] "GET /v1/team/page HTTP/1.1" DEBUG org.springframework.web.servlet.DispatcherServlet - Completed 200 OK
2021-05-12 11:18:04.411 [http-nio-5000-exec-9] "OPTIONS /v1/teacher/all HTTP/1.1" DEBUG org.springframework.web.servlet.DispatcherServlet - OPTIONS "/v1/teacher/all", parameters={}
2021-05-12 11:18:04.412 [http-nio-5000-exec-8] "OPTIONS /v1/scorecard/page HTTP/1.1" DEBUG org.springframework.web.servlet.DispatcherServlet - OPTIONS "/v1/scorecard/page?page=0&count=2", parameters={masked}
2021-05-12 11:18:04.413 [http-nio-5000-exec-9] "OPTIONS /v1/teacher/all HTTP/1.1" DEBUG o.s.w.s.m.m.a.RequestMappingHandlerMapping - Mapped to io.github.xmchxup.latticy.controller.v1.TeacherController#getAll()
2021-05-12 11:18:04.414 [http-nio-5000-exec-8] "OPTIONS /v1/scorecard/page HTTP/1.1" DEBUG o.s.w.s.m.m.a.RequestMappingHandlerMapping - Mapped to org.springframework.web.servlet.handler.AbstractHandlerMethodMapping$EmptyHandler#handle()
2021-05-12 11:18:04.415 [http-nio-5000-exec-9] "OPTIONS /v1/teacher/all HTTP/1.1" DEBUG org.springframework.web.servlet.DispatcherServlet - Completed 200 OK
2021-05-12 11:18:04.418 [http-nio-5000-exec-8] "OPTIONS /v1/scorecard/page HTTP/1.1" DEBUG org.springframework.web.servlet.DispatcherServlet - Completed 200 OK
2021-05-12 11:18:04.439 [http-nio-5000-exec-2] "GET /v1/scorecard/page HTTP/1.1" DEBUG org.springframework.web.servlet.DispatcherServlet - GET "/v1/scorecard/page?page=0&count=2", parameters={masked}
2021-05-12 11:18:04.439 [http-nio-5000-exec-10] "GET /v1/teacher/all HTTP/1.1" DEBUG org.springframework.web.servlet.DispatcherServlet - GET "/v1/teacher/all", parameters={}
2021-05-12 11:18:04.441 [http-nio-5000-exec-10] "GET /v1/teacher/all HTTP/1.1" DEBUG o.s.w.s.m.m.a.RequestMappingHandlerMapping - Mapped to io.github.xmchxup.latticy.controller.v1.TeacherController#getAll()
2021-05-12 11:18:04.442 [http-nio-5000-exec-2] "GET /v1/scorecard/page HTTP/1.1" DEBUG o.s.w.s.m.m.a.RequestMappingHandlerMapping - Mapped to io.github.xmchxup.latticy.controller.v1.ScorecardController#page(ScorecardQuery, Integer, Integer)
2021-05-12 11:18:04.573 [http-nio-5000-exec-10] "GET /v1/teacher/all HTTP/1.1" DEBUG o.s.w.s.m.m.a.RequestResponseBodyMethodProcessor - Using 'application/json', given [application/json, text/plain, */*] and supported [application/json, application/*+json, application/json, application/*+json]
2021-05-12 11:18:04.574 [http-nio-5000-exec-10] "GET /v1/teacher/all HTTP/1.1" DEBUG o.s.w.s.m.m.a.RequestResponseBodyMethodProcessor - Writing [[TeacherDO(tid=0001, name=孙某, sex=1, position=xx, email=123@qq.com, collegeId=3, mobile=456789, summ (truncated)...]
2021-05-12 11:18:04.584 [http-nio-5000-exec-10] "GET /v1/teacher/all HTTP/1.1" DEBUG org.springframework.web.servlet.DispatcherServlet - Completed 200 OK
2021-05-12 11:18:04.670 [http-nio-5000-exec-2] "GET /v1/scorecard/page HTTP/1.1" DEBUG o.s.w.s.m.m.a.RequestResponseBodyMethodProcessor - Using 'application/json', given [application/json, text/plain, */*] and supported [application/json, application/*+json, application/json, application/*+json]
2021-05-12 11:18:04.673 [http-nio-5000-exec-1] "OPTIONS /v1/class/all HTTP/1.1" DEBUG org.springframework.web.servlet.DispatcherServlet - OPTIONS "/v1/class/all", parameters={}
2021-05-12 11:18:04.676 [http-nio-5000-exec-1] "OPTIONS /v1/class/all HTTP/1.1" DEBUG o.s.w.s.m.m.a.RequestMappingHandlerMapping - Mapped to org.springframework.web.servlet.handler.AbstractHandlerMethodMapping$EmptyHandler#handle()
2021-05-12 11:18:04.678 [http-nio-5000-exec-1] "OPTIONS /v1/class/all HTTP/1.1" DEBUG org.springframework.web.servlet.DispatcherServlet - Completed 200 OK
2021-05-12 11:18:04.680 [http-nio-5000-exec-2] "GET /v1/scorecard/page HTTP/1.1" DEBUG o.s.w.s.m.m.a.RequestResponseBodyMethodProcessor - Writing [PageResponseVO(total=2, items=[ScorecardDO(title=毕业设计评分系统的评分表-补答辩, comment= , level=不及格, score=25.9, (truncated)...]
2021-05-12 11:18:04.691 [http-nio-5000-exec-3] "GET /v1/class/all HTTP/1.1" DEBUG org.springframework.web.servlet.DispatcherServlet - GET "/v1/class/all", parameters={}
2021-05-12 11:18:04.691 [http-nio-5000-exec-2] "GET /v1/scorecard/page HTTP/1.1" DEBUG org.springframework.web.servlet.DispatcherServlet - Completed 200 OK
2021-05-12 11:18:04.693 [http-nio-5000-exec-3] "GET /v1/class/all HTTP/1.1" DEBUG o.s.w.s.m.m.a.RequestMappingHandlerMapping - Mapped to io.github.xmchxup.latticy.controller.v1.ClassController#getAllClass()
2021-05-12 11:18:04.812 [http-nio-5000-exec-3] "GET /v1/class/all HTTP/1.1" DEBUG o.s.w.s.m.m.a.RequestResponseBodyMethodProcessor - Using 'application/json', given [application/json, text/plain, */*] and supported [application/json, application/*+json, application/json, application/*+json]
2021-05-12 11:18:04.812 [http-nio-5000-exec-3] "GET /v1/class/all HTTP/1.1" DEBUG o.s.w.s.m.m.a.RequestResponseBodyMethodProcessor - Writing [[ClassDO(name=软件1941, collegeId=3, majorId=2), ClassDO(name=软件1942, collegeId=3, majorId=2), ClassDO (truncated)...]
2021-05-12 11:18:04.815 [http-nio-5000-exec-3] "GET /v1/class/all HTTP/1.1" DEBUG org.springframework.web.servlet.DispatcherServlet - Completed 200 OK
2021-05-12 11:18:06.197 [http-nio-5000-exec-4] "GET //v1/scorecard/download/45 HTTP/1.1" DEBUG org.springframework.web.servlet.DispatcherServlet - GET "//v1/scorecard/download/45", parameters={}
2021-05-12 11:18:06.200 [http-nio-5000-exec-4] "GET //v1/scorecard/download/45 HTTP/1.1" DEBUG o.s.w.s.m.m.a.RequestMappingHandlerMapping - Mapped to io.github.xmchxup.latticy.controller.v1.ScorecardController#downloadScoreTable(Integer)
2021-05-12 11:18:12.329 [http-nio-5000-exec-4] "GET //v1/scorecard/download/45 HTTP/1.1" DEBUG o.s.w.s.m.m.annotation.HttpEntityMethodProcessor - Found 'Content-Type:application/octet-stream' in response
2021-05-12 11:18:12.335 [http-nio-5000-exec-4] "GET //v1/scorecard/download/45 HTTP/1.1" DEBUG o.s.w.s.m.m.annotation.HttpEntityMethodProcessor - Writing [[B@666c6df7]
2021-05-12 11:18:12.339 [http-nio-5000-exec-4] "GET //v1/scorecard/download/45 HTTP/1.1" DEBUG org.springframework.web.servlet.DispatcherServlet - Completed 201 CREATED
2021-05-12 11:48:52.546 [main] "  " DEBUG o.s.b.web.servlet.ServletContextInitializerBeans - Mapping filters: mdc-access-servlet-filter urls=[/*] order=2147483647, characterEncodingFilter urls=[/*] order=-2147483648, formContentFilter urls=[/*] order=-9900, requestContextFilter urls=[/*] order=-105
2021-05-12 11:48:52.546 [main] "  " DEBUG o.s.b.web.servlet.ServletContextInitializerBeans - Mapping servlets: dispatcherServlet urls=[/]
2021-05-12 11:48:56.232 [main] "  " DEBUG o.s.w.s.m.m.a.RequestMappingHandlerMapping - 132 mappings in 'requestMappingHandlerMapping'
2021-05-12 11:48:56.446 [main] "  " DEBUG o.s.w.s.m.m.a.RequestMappingHandlerAdapter - ControllerAdvice beans: 0 @ModelAttribute, 0 @InitBinder, 1 RequestBodyAdvice, 1 ResponseBodyAdvice
2021-05-12 11:48:56.485 [main] "  " DEBUG o.s.web.servlet.config.annotation.WebMvcConfigurer - Default resource handling disabled
2021-05-12 11:48:56.499 [main] "  " DEBUG o.s.web.servlet.handler.SimpleUrlHandlerMapping - Patterns [/assets/**, /**, /swagger-ui.html, /webjars/**] in 'resourceHandlerMapping'
2021-05-12 11:48:56.505 [main] "  " DEBUG o.s.w.s.m.m.a.ExceptionHandlerExceptionResolver - ControllerAdvice beans: 1 @ExceptionHandler, 1 ResponseBodyAdvice
2021-05-12 11:49:02.481 [http-nio-5000-exec-1] "  " DEBUG org.springframework.web.servlet.DispatcherServlet - Detected StandardServletMultipartResolver
2021-05-12 11:49:02.494 [http-nio-5000-exec-1] "  " DEBUG org.springframework.web.servlet.DispatcherServlet - enableLoggingRequestDetails='false': request parameters and headers will be masked to prevent unsafe logging of potentially sensitive data
2021-05-12 11:49:02.507 [http-nio-5000-exec-1] "GET //v1/scorecard/download/45 HTTP/1.1" DEBUG org.springframework.web.servlet.DispatcherServlet - GET "//v1/scorecard/download/45", parameters={}
2021-05-12 11:49:02.514 [http-nio-5000-exec-1] "GET //v1/scorecard/download/45 HTTP/1.1" DEBUG o.s.w.s.m.m.a.RequestMappingHandlerMapping - Mapped to io.github.xmchxup.latticy.controller.v1.ScorecardController#downloadScoreTable(Integer)
2021-05-12 11:49:07.154 [http-nio-5000-exec-1] "GET //v1/scorecard/download/45 HTTP/1.1" DEBUG o.s.w.s.m.m.annotation.HttpEntityMethodProcessor - Found 'Content-Type:application/octet-stream' in response
2021-05-12 11:49:07.156 [http-nio-5000-exec-1] "GET //v1/scorecard/download/45 HTTP/1.1" DEBUG o.s.w.s.m.m.annotation.HttpEntityMethodProcessor - Writing [[B@68bbf9e4]
2021-05-12 11:49:07.181 [http-nio-5000-exec-1] "GET //v1/scorecard/download/45 HTTP/1.1" DEBUG org.springframework.web.servlet.DispatcherServlet - Completed 201 CREATED
2021-05-12 11:59:00.550 [main] "  " DEBUG o.s.b.web.servlet.ServletContextInitializerBeans - Mapping filters: mdc-access-servlet-filter urls=[/*] order=2147483647, characterEncodingFilter urls=[/*] order=-2147483648, formContentFilter urls=[/*] order=-9900, requestContextFilter urls=[/*] order=-105
2021-05-12 11:59:00.552 [main] "  " DEBUG o.s.b.web.servlet.ServletContextInitializerBeans - Mapping servlets: dispatcherServlet urls=[/]
2021-05-12 11:59:06.615 [main] "  " DEBUG o.s.w.s.m.m.a.RequestMappingHandlerMapping - 132 mappings in 'requestMappingHandlerMapping'
2021-05-12 11:59:07.163 [main] "  " DEBUG o.s.w.s.m.m.a.RequestMappingHandlerAdapter - ControllerAdvice beans: 0 @ModelAttribute, 0 @InitBinder, 1 RequestBodyAdvice, 1 ResponseBodyAdvice
2021-05-12 11:59:07.261 [main] "  " DEBUG o.s.web.servlet.config.annotation.WebMvcConfigurer - Default resource handling disabled
2021-05-12 11:59:07.298 [main] "  " DEBUG o.s.web.servlet.handler.SimpleUrlHandlerMapping - Patterns [/assets/**, /**, /swagger-ui.html, /webjars/**] in 'resourceHandlerMapping'
2021-05-12 11:59:07.327 [main] "  " DEBUG o.s.w.s.m.m.a.ExceptionHandlerExceptionResolver - ControllerAdvice beans: 1 @ExceptionHandler, 1 ResponseBodyAdvice
2021-05-12 12:01:19.753 [http-nio-5000-exec-1] "  " DEBUG org.springframework.web.servlet.DispatcherServlet - Detected StandardServletMultipartResolver
2021-05-12 12:01:19.762 [http-nio-5000-exec-1] "  " DEBUG org.springframework.web.servlet.DispatcherServlet - enableLoggingRequestDetails='false': request parameters and headers will be masked to prevent unsafe logging of potentially sensitive data
2021-05-12 12:01:19.784 [http-nio-5000-exec-1] "GET //v1/scorecard/download/45 HTTP/1.1" DEBUG org.springframework.web.servlet.DispatcherServlet - GET "//v1/scorecard/download/45", parameters={}
2021-05-12 12:01:19.793 [http-nio-5000-exec-1] "GET //v1/scorecard/download/45 HTTP/1.1" DEBUG o.s.w.s.m.m.a.RequestMappingHandlerMapping - Mapped to io.github.xmchxup.latticy.controller.v1.ScorecardController#downloadScoreTable(Integer)
2021-05-12 12:01:50.193 [http-nio-5000-exec-1] "GET //v1/scorecard/download/45 HTTP/1.1" DEBUG o.s.w.s.m.m.annotation.HttpEntityMethodProcessor - Found 'Content-Type:application/octet-stream' in response
2021-05-12 12:01:50.193 [http-nio-5000-exec-1] "GET //v1/scorecard/download/45 HTTP/1.1" DEBUG o.s.w.s.m.m.annotation.HttpEntityMethodProcessor - Writing [[B@186118ec]
2021-05-12 12:01:50.222 [http-nio-5000-exec-1] "GET //v1/scorecard/download/45 HTTP/1.1" DEBUG o.s.w.s.m.m.a.ExceptionHandlerExceptionResolver - Using @ExceptionHandler io.github.xmchxup.latticy.common.exception.RestExceptionHandler#processException(Exception, HttpServletRequest, HttpServletResponse)
2021-05-12 12:01:50.232 [http-nio-5000-exec-1] "GET //v1/scorecard/download/45 HTTP/1.1" DEBUG o.s.w.s.m.m.a.RequestResponseBodyMethodProcessor - Found 'Content-Type:application/octet-stream' in response
2021-05-12 12:01:50.246 [http-nio-5000-exec-1] "GET //v1/scorecard/download/45 HTTP/1.1" DEBUG org.springframework.web.servlet.DispatcherServlet - Failed to complete request: org.apache.coyote.CloseNowException: Failed write
2021-05-12 12:16:00.503 [main] "  " DEBUG o.s.b.web.servlet.ServletContextInitializerBeans - Mapping filters: mdc-access-servlet-filter urls=[/*] order=2147483647, characterEncodingFilter urls=[/*] order=-2147483648, formContentFilter urls=[/*] order=-9900, requestContextFilter urls=[/*] order=-105
2021-05-12 12:16:00.504 [main] "  " DEBUG o.s.b.web.servlet.ServletContextInitializerBeans - Mapping servlets: dispatcherServlet urls=[/]
2021-05-12 12:16:03.806 [main] "  " DEBUG o.s.w.s.m.m.a.RequestMappingHandlerMapping - 132 mappings in 'requestMappingHandlerMapping'
2021-05-12 12:16:04.023 [main] "  " DEBUG o.s.w.s.m.m.a.RequestMappingHandlerAdapter - ControllerAdvice beans: 0 @ModelAttribute, 0 @InitBinder, 1 RequestBodyAdvice, 1 ResponseBodyAdvice
2021-05-12 12:16:04.061 [main] "  " DEBUG o.s.web.servlet.config.annotation.WebMvcConfigurer - Default resource handling disabled
2021-05-12 12:16:04.076 [main] "  " DEBUG o.s.web.servlet.handler.SimpleUrlHandlerMapping - Patterns [/assets/**, /**, /swagger-ui.html, /webjars/**] in 'resourceHandlerMapping'
2021-05-12 12:16:04.083 [main] "  " DEBUG o.s.w.s.m.m.a.ExceptionHandlerExceptionResolver - ControllerAdvice beans: 1 @ExceptionHandler, 1 ResponseBodyAdvice
2021-05-12 12:16:10.945 [http-nio-5000-exec-1] "  " DEBUG org.springframework.web.servlet.DispatcherServlet - Detected StandardServletMultipartResolver
2021-05-12 12:16:10.972 [http-nio-5000-exec-1] "  " DEBUG org.springframework.web.servlet.DispatcherServlet - enableLoggingRequestDetails='false': request parameters and headers will be masked to prevent unsafe logging of potentially sensitive data
2021-05-12 12:16:10.999 [http-nio-5000-exec-1] "GET //v1/scorecard/download/45 HTTP/1.1" DEBUG org.springframework.web.servlet.DispatcherServlet - GET "//v1/scorecard/download/45", parameters={}
2021-05-12 12:16:11.011 [http-nio-5000-exec-1] "GET //v1/scorecard/download/45 HTTP/1.1" DEBUG o.s.w.s.m.m.a.RequestMappingHandlerMapping - Mapped to io.github.xmchxup.latticy.controller.v1.ScorecardController#downloadScoreTable(Integer)
2021-05-12 12:16:16.543 [http-nio-5000-exec-1] "GET //v1/scorecard/download/45 HTTP/1.1" DEBUG o.s.w.s.m.m.annotation.HttpEntityMethodProcessor - Found 'Content-Type:application/octet-stream' in response
2021-05-12 12:16:16.543 [http-nio-5000-exec-1] "GET //v1/scorecard/download/45 HTTP/1.1" DEBUG o.s.w.s.m.m.annotation.HttpEntityMethodProcessor - Writing [[B@417b9095]
2021-05-12 12:16:16.556 [http-nio-5000-exec-1] "GET //v1/scorecard/download/45 HTTP/1.1" DEBUG org.springframework.web.servlet.DispatcherServlet - Completed 201 CREATED
2021-05-12 12:19:53.790 [main] "  " DEBUG o.s.b.web.servlet.ServletContextInitializerBeans - Mapping filters: mdc-access-servlet-filter urls=[/*] order=2147483647, characterEncodingFilter urls=[/*] order=-2147483648, formContentFilter urls=[/*] order=-9900, requestContextFilter urls=[/*] order=-105
2021-05-12 12:19:53.792 [main] "  " DEBUG o.s.b.web.servlet.ServletContextInitializerBeans - Mapping servlets: dispatcherServlet urls=[/]
2021-05-12 12:19:59.838 [main] "  " DEBUG o.s.w.s.m.m.a.RequestMappingHandlerMapping - 132 mappings in 'requestMappingHandlerMapping'
2021-05-12 12:20:00.404 [main] "  " DEBUG o.s.w.s.m.m.a.RequestMappingHandlerAdapter - ControllerAdvice beans: 0 @ModelAttribute, 0 @InitBinder, 1 RequestBodyAdvice, 1 ResponseBodyAdvice
2021-05-12 12:20:00.488 [main] "  " DEBUG o.s.web.servlet.config.annotation.WebMvcConfigurer - Default resource handling disabled
2021-05-12 12:20:00.519 [main] "  " DEBUG o.s.web.servlet.handler.SimpleUrlHandlerMapping - Patterns [/assets/**, /**, /swagger-ui.html, /webjars/**] in 'resourceHandlerMapping'
2021-05-12 12:20:00.540 [main] "  " DEBUG o.s.w.s.m.m.a.ExceptionHandlerExceptionResolver - ControllerAdvice beans: 1 @ExceptionHandler, 1 ResponseBodyAdvice
2021-05-12 12:20:01.294 [http-nio-5000-exec-1] "  " DEBUG org.springframework.web.servlet.DispatcherServlet - Detected StandardServletMultipartResolver
2021-05-12 12:20:01.318 [http-nio-5000-exec-1] "  " DEBUG org.springframework.web.servlet.DispatcherServlet - enableLoggingRequestDetails='false': request parameters and headers will be masked to prevent unsafe logging of potentially sensitive data
2021-05-12 12:20:01.343 [http-nio-5000-exec-1] "GET //v1/scorecard/download/45 HTTP/1.1" DEBUG org.springframework.web.servlet.DispatcherServlet - GET "//v1/scorecard/download/45", parameters={}
2021-05-12 12:20:01.369 [http-nio-5000-exec-1] "GET //v1/scorecard/download/45 HTTP/1.1" DEBUG o.s.w.s.m.m.a.RequestMappingHandlerMapping - Mapped to io.github.xmchxup.latticy.controller.v1.ScorecardController#downloadScoreTable(Integer)
2021-05-12 12:20:07.075 [http-nio-5000-exec-1] "GET //v1/scorecard/download/45 HTTP/1.1" DEBUG o.s.w.s.m.m.annotation.HttpEntityMethodProcessor - Found 'Content-Type:application/octet-stream' in response
2021-05-12 12:20:07.076 [http-nio-5000-exec-1] "GET //v1/scorecard/download/45 HTTP/1.1" DEBUG o.s.w.s.m.m.annotation.HttpEntityMethodProcessor - Writing [[B@23b93033]
2021-05-12 12:20:07.094 [http-nio-5000-exec-1] "GET //v1/scorecard/download/45 HTTP/1.1" DEBUG org.springframework.web.servlet.DispatcherServlet - Completed 201 CREATED
