2021-05-11 20:41:24.216 [main] "  " DEBUG o.s.b.web.servlet.ServletContextInitializerBeans - Mapping filters: mdc-access-servlet-filter urls=[/*] order=2147483647, characterEncodingFilter urls=[/*] order=-2147483648, formContentFilter urls=[/*] order=-9900, requestContextFilter urls=[/*] order=-105
2021-05-11 20:41:24.217 [main] "  " DEBUG o.s.b.web.servlet.ServletContextInitializerBeans - Mapping servlets: dispatcherServlet urls=[/]
2021-05-11 20:41:32.358 [main] "  " DEBUG o.s.w.s.m.m.a.RequestMappingHandlerMapping - 132 mappings in 'requestMappingHandlerMapping'
2021-05-11 20:41:32.603 [main] "  " DEBUG o.s.w.s.m.m.a.RequestMappingHandlerAdapter - ControllerAdvice beans: 0 @ModelAttribute, 0 @InitBinder, 1 RequestBodyAdvice, 1 ResponseBodyAdvice
2021-05-11 20:41:32.651 [main] "  " DEBUG o.s.web.servlet.config.annotation.WebMvcConfigurer - Default resource handling disabled
2021-05-11 20:41:32.670 [main] "  " DEBUG o.s.web.servlet.handler.SimpleUrlHandlerMapping - Patterns [/assets/**, /**, /swagger-ui.html, /webjars/**] in 'resourceHandlerMapping'
2021-05-11 20:41:32.681 [main] "  " DEBUG o.s.w.s.m.m.a.ExceptionHandlerExceptionResolver - ControllerAdvice beans: 1 @ExceptionHandler, 1 ResponseBodyAdvice
2021-05-11 20:41:36.698 [http-nio-5000-exec-1] "  " DEBUG org.springframework.web.servlet.DispatcherServlet - Detected StandardServletMultipartResolver
2021-05-11 20:41:36.711 [http-nio-5000-exec-1] "  " DEBUG org.springframework.web.servlet.DispatcherServlet - enableLoggingRequestDetails='false': request parameters and headers will be masked to prevent unsafe logging of potentially sensitive data
2021-05-11 20:41:36.725 [http-nio-5000-exec-1] "OPTIONS /cms/user/login HTTP/1.1" DEBUG org.springframework.web.servlet.DispatcherServlet - OPTIONS "/cms/user/login", parameters={}
2021-05-11 20:41:36.729 [http-nio-5000-exec-1] "OPTIONS /cms/user/login HTTP/1.1" DEBUG o.s.w.s.m.m.a.RequestMappingHandlerMapping - Mapped to io.github.xmchxup.latticy.controller.cms.UserController#login(LoginDTO)
2021-05-11 20:41:36.744 [http-nio-5000-exec-1] "OPTIONS /cms/user/login HTTP/1.1" DEBUG org.springframework.web.servlet.DispatcherServlet - Completed 200 OK
2021-05-11 20:41:36.759 [http-nio-5000-exec-2] "POST /cms/user/login HTTP/1.1" DEBUG org.springframework.web.servlet.DispatcherServlet - POST "/cms/user/login", parameters={}
2021-05-11 20:41:36.760 [http-nio-5000-exec-2] "POST /cms/user/login HTTP/1.1" DEBUG o.s.w.s.m.m.a.RequestMappingHandlerMapping - Mapped to io.github.xmchxup.latticy.controller.cms.UserController#login(LoginDTO)
2021-05-11 20:41:36.813 [http-nio-5000-exec-2] "POST /cms/user/login HTTP/1.1" DEBUG o.s.w.s.m.m.a.RequestResponseBodyMethodProcessor - Read "application/json;charset=UTF-8" to [LoginDTO(username=root, password=123456)]
2021-05-11 20:41:40.833 [http-nio-5000-exec-2] "POST /cms/user/login HTTP/1.1" DEBUG o.s.w.s.m.m.a.ExceptionHandlerExceptionResolver - Using @ExceptionHandler io.github.xmchxup.latticy.common.exception.RestExceptionHandler#processException(Exception, HttpServletRequest, HttpServletResponse)
2021-05-11 20:41:40.920 [http-nio-5000-exec-2] "POST /cms/user/login HTTP/1.1" DEBUG o.s.w.s.m.m.a.RequestResponseBodyMethodProcessor - Using 'application/json', given [*/*] and supported [application/json, application/*+json, application/json, application/*+json]
2021-05-11 20:41:40.922 [http-nio-5000-exec-2] "POST /cms/user/login HTTP/1.1" DEBUG o.s.w.s.m.m.a.RequestResponseBodyMethodProcessor - Writing [UnifyResponseVO(code=9999, message=服务器未知错误, request=null null)]
2021-05-11 20:41:40.985 [http-nio-5000-exec-2] "POST /cms/user/login HTTP/1.1" DEBUG org.springframework.web.servlet.DispatcherServlet - Failed to complete request: org.mybatis.spring.MyBatisSystemException: nested exception is org.apache.ibatis.exceptions.PersistenceException: 
### Error querying database.  Cause: org.springframework.jdbc.CannotGetJdbcConnectionException: Failed to obtain JDBC Connection; nested exception is com.mysql.cj.jdbc.exceptions.CommunicationsException: Communications link failure

The last packet sent successfully to the server was 0 milliseconds ago. The driver has not received any packets from the server.
### The error may exist in io/github/xmchxup/latticy/mapper/UserMapper.java (best guess)
### The error may involve io.github.xmchxup.latticy.mapper.UserMapper.selectOne
### The error occurred while executing a query
### Cause: org.springframework.jdbc.CannotGetJdbcConnectionException: Failed to obtain JDBC Connection; nested exception is com.mysql.cj.jdbc.exceptions.CommunicationsException: Communications link failure

The last packet sent successfully to the server was 0 milliseconds ago. The driver has not received any packets from the server.
2021-05-11 20:42:39.436 [main] "  " DEBUG o.s.b.web.servlet.ServletContextInitializerBeans - Mapping filters: mdc-access-servlet-filter urls=[/*] order=2147483647, characterEncodingFilter urls=[/*] order=-2147483648, formContentFilter urls=[/*] order=-9900, requestContextFilter urls=[/*] order=-105
2021-05-11 20:42:39.436 [main] "  " DEBUG o.s.b.web.servlet.ServletContextInitializerBeans - Mapping servlets: dispatcherServlet urls=[/]
2021-05-11 20:42:43.444 [main] "  " DEBUG o.s.w.s.m.m.a.RequestMappingHandlerMapping - 132 mappings in 'requestMappingHandlerMapping'
2021-05-11 20:42:43.851 [main] "  " DEBUG o.s.w.s.m.m.a.RequestMappingHandlerAdapter - ControllerAdvice beans: 0 @ModelAttribute, 0 @InitBinder, 1 RequestBodyAdvice, 1 ResponseBodyAdvice
2021-05-11 20:42:43.930 [main] "  " DEBUG o.s.web.servlet.config.annotation.WebMvcConfigurer - Default resource handling disabled
2021-05-11 20:42:43.955 [main] "  " DEBUG o.s.web.servlet.handler.SimpleUrlHandlerMapping - Patterns [/assets/**, /**, /swagger-ui.html, /webjars/**] in 'resourceHandlerMapping'
2021-05-11 20:42:43.979 [main] "  " DEBUG o.s.w.s.m.m.a.ExceptionHandlerExceptionResolver - ControllerAdvice beans: 1 @ExceptionHandler, 1 ResponseBodyAdvice
2021-05-11 20:45:45.343 [main] "  " DEBUG o.s.b.web.servlet.ServletContextInitializerBeans - Mapping filters: mdc-access-servlet-filter urls=[/*] order=2147483647, characterEncodingFilter urls=[/*] order=-2147483648, formContentFilter urls=[/*] order=-9900, requestContextFilter urls=[/*] order=-105
2021-05-11 20:45:45.343 [main] "  " DEBUG o.s.b.web.servlet.ServletContextInitializerBeans - Mapping servlets: dispatcherServlet urls=[/]
2021-05-11 20:45:50.666 [main] "  " DEBUG o.s.w.s.m.m.a.RequestMappingHandlerMapping - 132 mappings in 'requestMappingHandlerMapping'
2021-05-11 20:45:50.876 [main] "  " DEBUG o.s.w.s.m.m.a.RequestMappingHandlerAdapter - ControllerAdvice beans: 0 @ModelAttribute, 0 @InitBinder, 1 RequestBodyAdvice, 1 ResponseBodyAdvice
2021-05-11 20:45:50.917 [main] "  " DEBUG o.s.web.servlet.config.annotation.WebMvcConfigurer - Default resource handling disabled
2021-05-11 20:45:50.930 [main] "  " DEBUG o.s.web.servlet.handler.SimpleUrlHandlerMapping - Patterns [/assets/**, /**, /swagger-ui.html, /webjars/**] in 'resourceHandlerMapping'
2021-05-11 20:45:50.945 [main] "  " DEBUG o.s.w.s.m.m.a.ExceptionHandlerExceptionResolver - ControllerAdvice beans: 1 @ExceptionHandler, 1 ResponseBodyAdvice
2021-05-11 20:46:37.653 [main] "  " DEBUG o.s.b.web.servlet.ServletContextInitializerBeans - Mapping filters: mdc-access-servlet-filter urls=[/*] order=2147483647, characterEncodingFilter urls=[/*] order=-2147483648, formContentFilter urls=[/*] order=-9900, requestContextFilter urls=[/*] order=-105
2021-05-11 20:46:37.654 [main] "  " DEBUG o.s.b.web.servlet.ServletContextInitializerBeans - Mapping servlets: dispatcherServlet urls=[/]
2021-05-11 20:46:43.830 [main] "  " DEBUG o.s.w.s.m.m.a.RequestMappingHandlerMapping - 132 mappings in 'requestMappingHandlerMapping'
2021-05-11 20:46:44.276 [main] "  " DEBUG o.s.w.s.m.m.a.RequestMappingHandlerAdapter - ControllerAdvice beans: 0 @ModelAttribute, 0 @InitBinder, 1 RequestBodyAdvice, 1 ResponseBodyAdvice
2021-05-11 20:46:44.356 [main] "  " DEBUG o.s.web.servlet.config.annotation.WebMvcConfigurer - Default resource handling disabled
2021-05-11 20:46:44.381 [main] "  " DEBUG o.s.web.servlet.handler.SimpleUrlHandlerMapping - Patterns [/assets/**, /**, /swagger-ui.html, /webjars/**] in 'resourceHandlerMapping'
2021-05-11 20:46:44.409 [main] "  " DEBUG o.s.w.s.m.m.a.ExceptionHandlerExceptionResolver - ControllerAdvice beans: 1 @ExceptionHandler, 1 ResponseBodyAdvice
2021-05-11 20:46:57.836 [http-nio-5000-exec-1] "  " DEBUG org.springframework.web.servlet.DispatcherServlet - Detected StandardServletMultipartResolver
2021-05-11 20:46:57.855 [http-nio-5000-exec-1] "  " DEBUG org.springframework.web.servlet.DispatcherServlet - enableLoggingRequestDetails='false': request parameters and headers will be masked to prevent unsafe logging of potentially sensitive data
2021-05-11 20:46:57.871 [http-nio-5000-exec-1] "POST /cms/user/login HTTP/1.1" DEBUG org.springframework.web.servlet.DispatcherServlet - POST "/cms/user/login", parameters={}
2021-05-11 20:46:57.878 [http-nio-5000-exec-1] "POST /cms/user/login HTTP/1.1" DEBUG o.s.w.s.m.m.a.RequestMappingHandlerMapping - Mapped to io.github.xmchxup.latticy.controller.cms.UserController#login(LoginDTO)
2021-05-11 20:46:57.946 [http-nio-5000-exec-1] "POST /cms/user/login HTTP/1.1" DEBUG o.s.w.s.m.m.a.RequestResponseBodyMethodProcessor - Read "application/json;charset=UTF-8" to [LoginDTO(username=root, password=123456)]
2021-05-11 20:46:58.556 [http-nio-5000-exec-1] "POST /cms/user/login HTTP/1.1" DEBUG o.s.w.s.m.m.a.RequestResponseBodyMethodProcessor - Using 'application/json', given [application/json, text/plain, */*] and supported [application/json, application/*+json, application/json, application/*+json]
2021-05-11 20:46:58.556 [http-nio-5000-exec-1] "POST /cms/user/login HTTP/1.1" DEBUG o.s.w.s.m.m.a.RequestResponseBodyMethodProcessor - Writing [Tokens{accessToken='eyJ0eXAiOiJKV1QiLCJhbGciOiJIUzI1NiJ9.eyJpZGVudGl0eSI6MSwic2NvcGUiOiJsaW4iLCJ0eXB (truncated)...]
2021-05-11 20:46:58.573 [http-nio-5000-exec-1] "POST /cms/user/login HTTP/1.1" DEBUG org.springframework.web.servlet.DispatcherServlet - Completed 200 OK
2021-05-11 20:46:58.585 [http-nio-5000-exec-2] "OPTIONS /cms/user/permissions HTTP/1.1" DEBUG org.springframework.web.servlet.DispatcherServlet - OPTIONS "/cms/user/permissions", parameters={}
2021-05-11 20:46:58.586 [http-nio-5000-exec-2] "OPTIONS /cms/user/permissions HTTP/1.1" DEBUG o.s.w.s.m.m.a.RequestMappingHandlerMapping - Mapped to io.github.xmchxup.latticy.controller.cms.UserController#getPermissions()
2021-05-11 20:46:58.588 [http-nio-5000-exec-2] "OPTIONS /cms/user/permissions HTTP/1.1" DEBUG org.springframework.web.servlet.DispatcherServlet - Completed 200 OK
2021-05-11 20:46:58.598 [http-nio-5000-exec-3] "GET /cms/user/permissions HTTP/1.1" DEBUG org.springframework.web.servlet.DispatcherServlet - GET "/cms/user/permissions", parameters={}
2021-05-11 20:46:58.598 [http-nio-5000-exec-3] "GET /cms/user/permissions HTTP/1.1" DEBUG o.s.w.s.m.m.a.RequestMappingHandlerMapping - Mapped to io.github.xmchxup.latticy.controller.cms.UserController#getPermissions()
2021-05-11 20:46:58.889 [http-nio-5000-exec-3] "GET /cms/user/permissions HTTP/1.1" DEBUG o.s.w.s.m.m.a.RequestResponseBodyMethodProcessor - Using 'application/json', given [application/json, text/plain, */*] and supported [application/json, application/*+json, application/json, application/*+json]
2021-05-11 20:46:58.889 [http-nio-5000-exec-3] "GET /cms/user/permissions HTTP/1.1" DEBUG o.s.w.s.m.m.a.RequestResponseBodyMethodProcessor - Writing [UserPermissionVO(id=1, nickname=root, avatar=http://localhost:5000/assets/2021\01\04\b61f08e7165a490 (truncated)...]
2021-05-11 20:46:58.901 [http-nio-5000-exec-3] "GET /cms/user/permissions HTTP/1.1" DEBUG org.springframework.web.servlet.DispatcherServlet - Completed 200 OK
2021-05-11 20:47:00.999 [http-nio-5000-exec-5] "OPTIONS /v1/college/all HTTP/1.1" DEBUG org.springframework.web.servlet.DispatcherServlet - OPTIONS "/v1/college/all", parameters={}
2021-05-11 20:47:01.001 [http-nio-5000-exec-6] "OPTIONS /v1/team/page HTTP/1.1" DEBUG org.springframework.web.servlet.DispatcherServlet - OPTIONS "/v1/team/page?page=0&count=10", parameters={masked}
2021-05-11 20:47:01.007 [http-nio-5000-exec-6] "OPTIONS /v1/team/page HTTP/1.1" DEBUG o.s.w.s.m.m.a.RequestMappingHandlerMapping - Mapped to org.springframework.web.servlet.handler.AbstractHandlerMethodMapping$EmptyHandler#handle()
2021-05-11 20:47:01.007 [http-nio-5000-exec-5] "OPTIONS /v1/college/all HTTP/1.1" DEBUG o.s.w.s.m.m.a.RequestMappingHandlerMapping - Mapped to org.springframework.web.servlet.handler.AbstractHandlerMethodMapping$EmptyHandler#handle()
2021-05-11 20:47:01.009 [http-nio-5000-exec-6] "OPTIONS /v1/team/page HTTP/1.1" DEBUG org.springframework.web.servlet.DispatcherServlet - Completed 200 OK
2021-05-11 20:47:01.009 [http-nio-5000-exec-5] "OPTIONS /v1/college/all HTTP/1.1" DEBUG org.springframework.web.servlet.DispatcherServlet - Completed 200 OK
2021-05-11 20:47:01.021 [http-nio-5000-exec-8] "GET /v1/college/all HTTP/1.1" DEBUG org.springframework.web.servlet.DispatcherServlet - GET "/v1/college/all", parameters={}
2021-05-11 20:47:01.022 [http-nio-5000-exec-7] "GET /v1/team/page HTTP/1.1" DEBUG org.springframework.web.servlet.DispatcherServlet - GET "/v1/team/page?page=0&count=10", parameters={masked}
2021-05-11 20:47:01.024 [http-nio-5000-exec-7] "GET /v1/team/page HTTP/1.1" DEBUG o.s.w.s.m.m.a.RequestMappingHandlerMapping - Mapped to io.github.xmchxup.latticy.controller.v1.TeamController#page(String, Integer, Integer)
2021-05-11 20:47:01.024 [http-nio-5000-exec-8] "GET /v1/college/all HTTP/1.1" DEBUG o.s.w.s.m.m.a.RequestMappingHandlerMapping - Mapped to io.github.xmchxup.latticy.controller.v1.CollegeController#getAllColleges()
2021-05-11 20:47:01.188 [http-nio-5000-exec-8] "GET /v1/college/all HTTP/1.1" DEBUG o.s.w.s.m.m.a.RequestResponseBodyMethodProcessor - Using 'application/json', given [application/json, text/plain, */*] and supported [application/json, application/*+json, application/json, application/*+json]
2021-05-11 20:47:01.188 [http-nio-5000-exec-8] "GET /v1/college/all HTTP/1.1" DEBUG o.s.w.s.m.m.a.RequestResponseBodyMethodProcessor - Writing [[CollegeDO(name=电子信息学院), CollegeDO(name=test), CollegeDO(name=电子商务学院), CollegeDO(name=艺术学院), College (truncated)...]
2021-05-11 20:47:01.194 [http-nio-5000-exec-8] "GET /v1/college/all HTTP/1.1" DEBUG org.springframework.web.servlet.DispatcherServlet - Completed 200 OK
2021-05-11 20:47:01.287 [http-nio-5000-exec-7] "GET /v1/team/page HTTP/1.1" DEBUG o.s.w.s.m.m.a.RequestResponseBodyMethodProcessor - Using 'application/json', given [application/json, text/plain, */*] and supported [application/json, application/*+json, application/json, application/*+json]
2021-05-11 20:47:01.287 [http-nio-5000-exec-7] "GET /v1/team/page HTTP/1.1" DEBUG o.s.w.s.m.m.a.RequestResponseBodyMethodProcessor - Writing [PageResponseVO(total=6, items=[TeamDO(name=鬼谷八荒, teacherId=2, judges=鬼谷八荒评委团队, studentIds=1902411198 (truncated)...]
2021-05-11 20:47:01.290 [http-nio-5000-exec-7] "GET /v1/team/page HTTP/1.1" DEBUG org.springframework.web.servlet.DispatcherServlet - Completed 200 OK
2021-05-11 20:47:10.755 [http-nio-5000-exec-1] "OPTIONS /v1/teacher/all HTTP/1.1" DEBUG org.springframework.web.servlet.DispatcherServlet - OPTIONS "/v1/teacher/all", parameters={}
2021-05-11 20:47:10.756 [http-nio-5000-exec-1] "OPTIONS /v1/teacher/all HTTP/1.1" DEBUG o.s.w.s.m.m.a.RequestMappingHandlerMapping - Mapped to io.github.xmchxup.latticy.controller.v1.TeacherController#getAll()
2021-05-11 20:47:10.756 [http-nio-5000-exec-2] "OPTIONS /v1/scorecard/page HTTP/1.1" DEBUG org.springframework.web.servlet.DispatcherServlet - OPTIONS "/v1/scorecard/page?page=0&count=2", parameters={masked}
2021-05-11 20:47:10.757 [http-nio-5000-exec-1] "OPTIONS /v1/teacher/all HTTP/1.1" DEBUG org.springframework.web.servlet.DispatcherServlet - Completed 200 OK
2021-05-11 20:47:10.758 [http-nio-5000-exec-2] "OPTIONS /v1/scorecard/page HTTP/1.1" DEBUG o.s.w.s.m.m.a.RequestMappingHandlerMapping - Mapped to org.springframework.web.servlet.handler.AbstractHandlerMethodMapping$EmptyHandler#handle()
2021-05-11 20:47:10.760 [http-nio-5000-exec-2] "OPTIONS /v1/scorecard/page HTTP/1.1" DEBUG org.springframework.web.servlet.DispatcherServlet - Completed 200 OK
2021-05-11 20:47:10.765 [http-nio-5000-exec-3] "GET /v1/teacher/all HTTP/1.1" DEBUG org.springframework.web.servlet.DispatcherServlet - GET "/v1/teacher/all", parameters={}
2021-05-11 20:47:10.766 [http-nio-5000-exec-4] "GET /v1/scorecard/page HTTP/1.1" DEBUG org.springframework.web.servlet.DispatcherServlet - GET "/v1/scorecard/page?page=0&count=2", parameters={masked}
2021-05-11 20:47:10.766 [http-nio-5000-exec-3] "GET /v1/teacher/all HTTP/1.1" DEBUG o.s.w.s.m.m.a.RequestMappingHandlerMapping - Mapped to io.github.xmchxup.latticy.controller.v1.TeacherController#getAll()
2021-05-11 20:47:10.766 [http-nio-5000-exec-4] "GET /v1/scorecard/page HTTP/1.1" DEBUG o.s.w.s.m.m.a.RequestMappingHandlerMapping - Mapped to io.github.xmchxup.latticy.controller.v1.ScorecardController#page(ScorecardQuery, Integer, Integer)
2021-05-11 20:47:10.880 [http-nio-5000-exec-3] "GET /v1/teacher/all HTTP/1.1" DEBUG o.s.w.s.m.m.a.RequestResponseBodyMethodProcessor - Using 'application/json', given [application/json, text/plain, */*] and supported [application/json, application/*+json, application/json, application/*+json]
2021-05-11 20:47:10.883 [http-nio-5000-exec-3] "GET /v1/teacher/all HTTP/1.1" DEBUG o.s.w.s.m.m.a.RequestResponseBodyMethodProcessor - Writing [[TeacherDO(tid=0001, name=孙某, sex=1, position=xx, email=123@qq.com, collegeId=3, mobile=456789, summ (truncated)...]
2021-05-11 20:47:10.899 [http-nio-5000-exec-3] "GET /v1/teacher/all HTTP/1.1" DEBUG org.springframework.web.servlet.DispatcherServlet - Completed 200 OK
2021-05-11 20:47:10.995 [http-nio-5000-exec-5] "OPTIONS /v1/class/all HTTP/1.1" DEBUG org.springframework.web.servlet.DispatcherServlet - OPTIONS "/v1/class/all", parameters={}
2021-05-11 20:47:10.997 [http-nio-5000-exec-5] "OPTIONS /v1/class/all HTTP/1.1" DEBUG o.s.w.s.m.m.a.RequestMappingHandlerMapping - Mapped to org.springframework.web.servlet.handler.AbstractHandlerMethodMapping$EmptyHandler#handle()
2021-05-11 20:47:10.997 [http-nio-5000-exec-5] "OPTIONS /v1/class/all HTTP/1.1" DEBUG org.springframework.web.servlet.DispatcherServlet - Completed 200 OK
2021-05-11 20:47:11.003 [http-nio-5000-exec-6] "GET /v1/class/all HTTP/1.1" DEBUG org.springframework.web.servlet.DispatcherServlet - GET "/v1/class/all", parameters={}
2021-05-11 20:47:11.004 [http-nio-5000-exec-4] "GET /v1/scorecard/page HTTP/1.1" DEBUG o.s.w.s.m.m.a.RequestResponseBodyMethodProcessor - Using 'application/json', given [application/json, text/plain, */*] and supported [application/json, application/*+json, application/json, application/*+json]
2021-05-11 20:47:11.004 [http-nio-5000-exec-4] "GET /v1/scorecard/page HTTP/1.1" DEBUG o.s.w.s.m.m.a.RequestResponseBodyMethodProcessor - Writing [PageResponseVO(total=2, items=[ScorecardDO(title=毕业设计评分系统的评分表-补答辩, comment= , level=不及格, score=25.9, (truncated)...]
2021-05-11 20:47:11.004 [http-nio-5000-exec-6] "GET /v1/class/all HTTP/1.1" DEBUG o.s.w.s.m.m.a.RequestMappingHandlerMapping - Mapped to io.github.xmchxup.latticy.controller.v1.ClassController#getAllClass()
2021-05-11 20:47:11.011 [http-nio-5000-exec-4] "GET /v1/scorecard/page HTTP/1.1" DEBUG org.springframework.web.servlet.DispatcherServlet - Completed 200 OK
2021-05-11 20:47:11.115 [http-nio-5000-exec-6] "GET /v1/class/all HTTP/1.1" DEBUG o.s.w.s.m.m.a.RequestResponseBodyMethodProcessor - Using 'application/json', given [application/json, text/plain, */*] and supported [application/json, application/*+json, application/json, application/*+json]
2021-05-11 20:47:11.115 [http-nio-5000-exec-6] "GET /v1/class/all HTTP/1.1" DEBUG o.s.w.s.m.m.a.RequestResponseBodyMethodProcessor - Writing [[ClassDO(name=软件1941, collegeId=3, majorId=2), ClassDO(name=软件1942, collegeId=3, majorId=2), ClassDO (truncated)...]
2021-05-11 20:47:11.117 [http-nio-5000-exec-6] "GET /v1/class/all HTTP/1.1" DEBUG org.springframework.web.servlet.DispatcherServlet - Completed 200 OK
2021-05-11 20:47:13.233 [http-nio-5000-exec-8] "GET //v1/scorecard/download/45/sup HTTP/1.1" DEBUG org.springframework.web.servlet.DispatcherServlet - GET "//v1/scorecard/download/45/sup", parameters={}
2021-05-11 20:47:13.236 [http-nio-5000-exec-8] "GET //v1/scorecard/download/45/sup HTTP/1.1" DEBUG o.s.w.s.m.m.a.RequestMappingHandlerMapping - Mapped to io.github.xmchxup.latticy.controller.v1.ScorecardController#downloadOldScoreTable(Integer)
2021-05-11 20:47:16.915 [http-nio-5000-exec-8] "GET //v1/scorecard/download/45/sup HTTP/1.1" DEBUG o.s.w.s.m.m.annotation.HttpEntityMethodProcessor - Found 'Content-Type:application/octet-stream' in response
2021-05-11 20:47:16.915 [http-nio-5000-exec-8] "GET //v1/scorecard/download/45/sup HTTP/1.1" DEBUG o.s.w.s.m.m.annotation.HttpEntityMethodProcessor - Writing [[B@5d45ef0b]
2021-05-11 20:47:16.917 [http-nio-5000-exec-8] "GET //v1/scorecard/download/45/sup HTTP/1.1" DEBUG org.springframework.web.servlet.DispatcherServlet - Completed 201 CREATED
2021-05-11 20:47:27.005 [http-nio-5000-exec-1] "GET //v1/scorecard/download/45 HTTP/1.1" DEBUG org.springframework.web.servlet.DispatcherServlet - GET "//v1/scorecard/download/45", parameters={}
2021-05-11 20:47:27.006 [http-nio-5000-exec-1] "GET //v1/scorecard/download/45 HTTP/1.1" DEBUG o.s.w.s.m.m.a.RequestMappingHandlerMapping - Mapped to io.github.xmchxup.latticy.controller.v1.ScorecardController#downloadScoreTable(Integer)
2021-05-11 20:47:28.274 [http-nio-5000-exec-1] "GET //v1/scorecard/download/45 HTTP/1.1" DEBUG o.s.w.s.m.m.annotation.HttpEntityMethodProcessor - Found 'Content-Type:application/octet-stream' in response
2021-05-11 20:47:28.275 [http-nio-5000-exec-1] "GET //v1/scorecard/download/45 HTTP/1.1" DEBUG o.s.w.s.m.m.annotation.HttpEntityMethodProcessor - Writing [[B@3b674ea6]
2021-05-11 20:47:28.278 [http-nio-5000-exec-1] "GET //v1/scorecard/download/45 HTTP/1.1" DEBUG org.springframework.web.servlet.DispatcherServlet - Completed 201 CREATED
2021-05-11 20:48:46.959 [http-nio-5000-exec-3] "GET /v1/scorecard/page HTTP/1.1" DEBUG org.springframework.web.servlet.DispatcherServlet - GET "/v1/scorecard/page?page=0&count=2", parameters={masked}
2021-05-11 20:48:46.960 [http-nio-5000-exec-3] "GET /v1/scorecard/page HTTP/1.1" DEBUG o.s.w.s.m.m.a.RequestMappingHandlerMapping - Mapped to io.github.xmchxup.latticy.controller.v1.ScorecardController#page(ScorecardQuery, Integer, Integer)
2021-05-11 20:48:47.098 [http-nio-5000-exec-3] "GET /v1/scorecard/page HTTP/1.1" DEBUG o.s.w.s.m.m.a.RequestResponseBodyMethodProcessor - Using 'application/json', given [application/json, text/plain, */*] and supported [application/json, application/*+json, application/json, application/*+json]
2021-05-11 20:48:47.098 [http-nio-5000-exec-3] "GET /v1/scorecard/page HTTP/1.1" DEBUG o.s.w.s.m.m.a.RequestResponseBodyMethodProcessor - Writing [PageResponseVO(total=2, items=[ScorecardDO(title=毕业设计评分系统的评分表-补答辩, comment= , level=不及格, score=25.9, (truncated)...]
2021-05-11 20:48:47.099 [http-nio-5000-exec-3] "GET /v1/scorecard/page HTTP/1.1" DEBUG org.springframework.web.servlet.DispatcherServlet - Completed 200 OK
2021-05-11 20:49:13.230 [http-nio-5000-exec-4] "GET /assets/2021/01/04/b61f08e7165a49028567f34ead11e19f.jpg HTTP/1.1" DEBUG org.springframework.web.servlet.DispatcherServlet - GET "/assets/2021/01/04/b61f08e7165a49028567f34ead11e19f.jpg", parameters={}
2021-05-11 20:49:13.234 [http-nio-5000-exec-4] "GET /assets/2021/01/04/b61f08e7165a49028567f34ead11e19f.jpg HTTP/1.1" DEBUG o.s.web.servlet.handler.SimpleUrlHandlerMapping - Mapped to ResourceHttpRequestHandler ["file:C:\Users\sunhu\Desktop\tmp\full-stack\school-manager\backend\assets/"]
2021-05-11 20:49:13.247 [http-nio-5000-exec-4] "GET /assets/2021/01/04/b61f08e7165a49028567f34ead11e19f.jpg HTTP/1.1" DEBUG org.springframework.web.servlet.DispatcherServlet - Completed 200 OK
2021-05-11 20:49:13.251 [http-nio-5000-exec-6] "OPTIONS /v1/scorecard/page HTTP/1.1" DEBUG org.springframework.web.servlet.DispatcherServlet - OPTIONS "/v1/scorecard/page?page=0&count=2", parameters={masked}
2021-05-11 20:49:13.252 [http-nio-5000-exec-6] "OPTIONS /v1/scorecard/page HTTP/1.1" DEBUG o.s.w.s.m.m.a.RequestMappingHandlerMapping - Mapped to org.springframework.web.servlet.handler.AbstractHandlerMethodMapping$EmptyHandler#handle()
2021-05-11 20:49:13.253 [http-nio-5000-exec-6] "OPTIONS /v1/scorecard/page HTTP/1.1" DEBUG org.springframework.web.servlet.DispatcherServlet - Completed 200 OK
2021-05-11 20:49:13.260 [http-nio-5000-exec-8] "GET /v1/scorecard/page HTTP/1.1" DEBUG org.springframework.web.servlet.DispatcherServlet - GET "/v1/scorecard/page?page=0&count=2", parameters={masked}
2021-05-11 20:49:13.261 [http-nio-5000-exec-8] "GET /v1/scorecard/page HTTP/1.1" DEBUG o.s.w.s.m.m.a.RequestMappingHandlerMapping - Mapped to io.github.xmchxup.latticy.controller.v1.ScorecardController#page(ScorecardQuery, Integer, Integer)
2021-05-11 20:49:13.399 [http-nio-5000-exec-8] "GET /v1/scorecard/page HTTP/1.1" DEBUG o.s.w.s.m.m.a.RequestResponseBodyMethodProcessor - Using 'application/json', given [application/json, text/plain, */*] and supported [application/json, application/*+json, application/json, application/*+json]
2021-05-11 20:49:13.399 [http-nio-5000-exec-8] "GET /v1/scorecard/page HTTP/1.1" DEBUG o.s.w.s.m.m.a.RequestResponseBodyMethodProcessor - Writing [PageResponseVO(total=2, items=[ScorecardDO(title=毕业设计评分系统的评分表-补答辩, comment= , level=不及格, score=25.9, (truncated)...]
2021-05-11 20:49:13.401 [http-nio-5000-exec-8] "GET /v1/scorecard/page HTTP/1.1" DEBUG org.springframework.web.servlet.DispatcherServlet - Completed 200 OK
2021-05-11 20:49:27.417 [http-nio-5000-exec-10] "POST /cms/user/login HTTP/1.1" DEBUG org.springframework.web.servlet.DispatcherServlet - POST "/cms/user/login", parameters={}
2021-05-11 20:49:27.418 [http-nio-5000-exec-10] "POST /cms/user/login HTTP/1.1" DEBUG o.s.w.s.m.m.a.RequestMappingHandlerMapping - Mapped to io.github.xmchxup.latticy.controller.cms.UserController#login(LoginDTO)
2021-05-11 20:49:27.420 [http-nio-5000-exec-10] "POST /cms/user/login HTTP/1.1" DEBUG o.s.w.s.m.m.a.RequestResponseBodyMethodProcessor - Read "application/json;charset=UTF-8" to [LoginDTO(username=答辩组账号1, password=123456)]
2021-05-11 20:49:27.848 [http-nio-5000-exec-10] "POST /cms/user/login HTTP/1.1" DEBUG o.s.w.s.m.m.a.RequestResponseBodyMethodProcessor - Using 'application/json', given [application/json, text/plain, */*] and supported [application/json, application/*+json, application/json, application/*+json]
2021-05-11 20:49:27.849 [http-nio-5000-exec-10] "POST /cms/user/login HTTP/1.1" DEBUG o.s.w.s.m.m.a.RequestResponseBodyMethodProcessor - Writing [Tokens{accessToken='eyJ0eXAiOiJKV1QiLCJhbGciOiJIUzI1NiJ9.eyJpZGVudGl0eSI6MjQsInNjb3BlIjoibGluIiwidHl (truncated)...]
2021-05-11 20:49:27.849 [http-nio-5000-exec-10] "POST /cms/user/login HTTP/1.1" DEBUG org.springframework.web.servlet.DispatcherServlet - Completed 200 OK
2021-05-11 20:49:27.865 [http-nio-5000-exec-1] "GET /cms/user/permissions HTTP/1.1" DEBUG org.springframework.web.servlet.DispatcherServlet - GET "/cms/user/permissions", parameters={}
2021-05-11 20:49:27.865 [http-nio-5000-exec-1] "GET /cms/user/permissions HTTP/1.1" DEBUG o.s.w.s.m.m.a.RequestMappingHandlerMapping - Mapped to io.github.xmchxup.latticy.controller.cms.UserController#getPermissions()
2021-05-11 20:49:28.107 [http-nio-5000-exec-1] "GET /cms/user/permissions HTTP/1.1" DEBUG o.s.w.s.m.m.a.RequestResponseBodyMethodProcessor - Using 'application/json', given [application/json, text/plain, */*] and supported [application/json, application/*+json, application/json, application/*+json]
2021-05-11 20:49:28.108 [http-nio-5000-exec-1] "GET /cms/user/permissions HTTP/1.1" DEBUG o.s.w.s.m.m.a.RequestResponseBodyMethodProcessor - Writing [UserPermissionVO(id=24, nickname=null, avatar=null, admin=false, email=123@test.com, permissions=[{评 (truncated)...]
2021-05-11 20:49:28.115 [http-nio-5000-exec-1] "GET /cms/user/permissions HTTP/1.1" DEBUG org.springframework.web.servlet.DispatcherServlet - Completed 200 OK
2021-05-11 20:49:30.387 [http-nio-5000-exec-3] "GET /v1/scorecard/page HTTP/1.1" DEBUG org.springframework.web.servlet.DispatcherServlet - GET "/v1/scorecard/page?page=0&count=2", parameters={masked}
2021-05-11 20:49:30.388 [http-nio-5000-exec-3] "GET /v1/scorecard/page HTTP/1.1" DEBUG o.s.w.s.m.m.a.RequestMappingHandlerMapping - Mapped to io.github.xmchxup.latticy.controller.v1.ScorecardController#page(ScorecardQuery, Integer, Integer)
2021-05-11 20:49:30.529 [http-nio-5000-exec-3] "GET /v1/scorecard/page HTTP/1.1" DEBUG o.s.w.s.m.m.a.RequestResponseBodyMethodProcessor - Using 'application/json', given [application/json, text/plain, */*] and supported [application/json, application/*+json, application/json, application/*+json]
2021-05-11 20:49:30.530 [http-nio-5000-exec-3] "GET /v1/scorecard/page HTTP/1.1" DEBUG o.s.w.s.m.m.a.RequestResponseBodyMethodProcessor - Writing [PageResponseVO(total=2, items=[ScorecardDO(title=毕业设计评分系统的评分表-补答辩, comment= , level=不及格, score=25.9, (truncated)...]
2021-05-11 20:49:30.533 [http-nio-5000-exec-3] "GET /v1/scorecard/page HTTP/1.1" DEBUG org.springframework.web.servlet.DispatcherServlet - Completed 200 OK
2021-05-11 20:49:32.004 [http-nio-5000-exec-5] "OPTIONS /cms/user/information HTTP/1.1" DEBUG org.springframework.web.servlet.DispatcherServlet - OPTIONS "/cms/user/information", parameters={}
2021-05-11 20:49:32.005 [http-nio-5000-exec-5] "OPTIONS /cms/user/information HTTP/1.1" DEBUG o.s.w.s.m.m.a.RequestMappingHandlerMapping - Mapped to io.github.xmchxup.latticy.controller.cms.UserController#getInformation()
2021-05-11 20:49:32.007 [http-nio-5000-exec-5] "OPTIONS /cms/user/information HTTP/1.1" DEBUG org.springframework.web.servlet.DispatcherServlet - Completed 200 OK
2021-05-11 20:49:32.019 [http-nio-5000-exec-4] "GET /cms/user/information HTTP/1.1" DEBUG org.springframework.web.servlet.DispatcherServlet - GET "/cms/user/information", parameters={}
2021-05-11 20:49:32.019 [http-nio-5000-exec-4] "GET /cms/user/information HTTP/1.1" DEBUG o.s.w.s.m.m.a.RequestMappingHandlerMapping - Mapped to io.github.xmchxup.latticy.controller.cms.UserController#getInformation()
2021-05-11 20:49:32.343 [http-nio-5000-exec-4] "GET /cms/user/information HTTP/1.1" DEBUG o.s.w.s.m.m.a.RequestResponseBodyMethodProcessor - Using 'application/json', given [application/json, text/plain, */*] and supported [application/json, application/*+json, application/json, application/*+json]
2021-05-11 20:49:32.343 [http-nio-5000-exec-4] "GET /cms/user/information HTTP/1.1" DEBUG o.s.w.s.m.m.a.RequestResponseBodyMethodProcessor - Writing [UserInfoVO(id=24, username=答辩组账号1, nickname=null, avatar=null, email=123@test.com, groups=[GroupDO(n (truncated)...]
2021-05-11 20:49:32.350 [http-nio-5000-exec-4] "GET /cms/user/information HTTP/1.1" DEBUG org.springframework.web.servlet.DispatcherServlet - Completed 200 OK
2021-05-11 20:49:32.360 [http-nio-5000-exec-6] "OPTIONS /v1/card/ HTTP/1.1" DEBUG org.springframework.web.servlet.DispatcherServlet - OPTIONS "/v1/card/", parameters={}
2021-05-11 20:49:32.361 [http-nio-5000-exec-6] "OPTIONS /v1/card/ HTTP/1.1" DEBUG o.s.w.s.m.m.a.RequestMappingHandlerMapping - Mapped to io.github.xmchxup.latticy.controller.v1.CardController#getAllCard()
2021-05-11 20:49:32.362 [http-nio-5000-exec-6] "OPTIONS /v1/card/ HTTP/1.1" DEBUG org.springframework.web.servlet.DispatcherServlet - Completed 200 OK
2021-05-11 20:49:32.368 [http-nio-5000-exec-8] "GET /v1/card/ HTTP/1.1" DEBUG org.springframework.web.servlet.DispatcherServlet - GET "/v1/card/", parameters={}
2021-05-11 20:49:32.369 [http-nio-5000-exec-8] "GET /v1/card/ HTTP/1.1" DEBUG o.s.w.s.m.m.a.RequestMappingHandlerMapping - Mapped to io.github.xmchxup.latticy.controller.v1.CardController#getAllCard()
2021-05-11 20:49:33.255 [http-nio-5000-exec-9] "GET /cms/user/information HTTP/1.1" DEBUG org.springframework.web.servlet.DispatcherServlet - GET "/cms/user/information", parameters={}
2021-05-11 20:49:33.257 [http-nio-5000-exec-9] "GET /cms/user/information HTTP/1.1" DEBUG o.s.w.s.m.m.a.RequestMappingHandlerMapping - Mapped to io.github.xmchxup.latticy.controller.cms.UserController#getInformation()
2021-05-11 20:49:33.398 [http-nio-5000-exec-9] "GET /cms/user/information HTTP/1.1" DEBUG o.s.w.s.m.m.a.RequestResponseBodyMethodProcessor - Using 'application/json', given [application/json, text/plain, */*] and supported [application/json, application/*+json, application/json, application/*+json]
2021-05-11 20:49:33.399 [http-nio-5000-exec-9] "GET /cms/user/information HTTP/1.1" DEBUG o.s.w.s.m.m.a.RequestResponseBodyMethodProcessor - Writing [UserInfoVO(id=24, username=答辩组账号1, nickname=null, avatar=null, email=123@test.com, groups=[GroupDO(n (truncated)...]
2021-05-11 20:49:33.402 [http-nio-5000-exec-9] "GET /cms/user/information HTTP/1.1" DEBUG org.springframework.web.servlet.DispatcherServlet - Completed 200 OK
2021-05-11 20:49:33.875 [http-nio-5000-exec-8] "GET /v1/card/ HTTP/1.1" DEBUG o.s.w.s.m.m.a.RequestResponseBodyMethodProcessor - Using 'application/json', given [application/json, text/plain, */*] and supported [application/json, application/*+json, application/json, application/*+json]
2021-05-11 20:49:33.876 [http-nio-5000-exec-8] "GET /v1/card/ HTTP/1.1" DEBUG o.s.w.s.m.m.a.RequestResponseBodyMethodProcessor - Writing [[io.github.xmchxup.latticy.vo.CardVO@3e0ba1f1, io.github.xmchxup.latticy.vo.CardVO@49788faf, io.gith (truncated)...]
2021-05-11 20:49:33.898 [http-nio-5000-exec-8] "GET /v1/card/ HTTP/1.1" DEBUG org.springframework.web.servlet.DispatcherServlet - Completed 200 OK
2021-05-11 20:49:33.903 [http-nio-5000-exec-7] "GET /v1/card/ HTTP/1.1" DEBUG org.springframework.web.servlet.DispatcherServlet - GET "/v1/card/", parameters={}
2021-05-11 20:49:33.906 [http-nio-5000-exec-7] "GET /v1/card/ HTTP/1.1" DEBUG o.s.w.s.m.m.a.RequestMappingHandlerMapping - Mapped to io.github.xmchxup.latticy.controller.v1.CardController#getAllCard()
2021-05-11 20:49:33.936 [http-nio-5000-exec-10] "OPTIONS /v1/topic/by/year HTTP/1.1" DEBUG org.springframework.web.servlet.DispatcherServlet - OPTIONS "/v1/topic/by/year", parameters={}
2021-05-11 20:49:33.938 [http-nio-5000-exec-10] "OPTIONS /v1/topic/by/year HTTP/1.1" DEBUG o.s.w.s.m.m.a.RequestMappingHandlerMapping - Mapped to io.github.xmchxup.latticy.controller.v1.TopicController#getByThisYear()
2021-05-11 20:49:33.941 [http-nio-5000-exec-10] "OPTIONS /v1/topic/by/year HTTP/1.1" DEBUG org.springframework.web.servlet.DispatcherServlet - Completed 200 OK
2021-05-11 20:49:33.965 [http-nio-5000-exec-1] "GET /v1/topic/by/year HTTP/1.1" DEBUG org.springframework.web.servlet.DispatcherServlet - GET "/v1/topic/by/year", parameters={}
2021-05-11 20:49:33.968 [http-nio-5000-exec-1] "GET /v1/topic/by/year HTTP/1.1" DEBUG o.s.w.s.m.m.a.RequestMappingHandlerMapping - Mapped to io.github.xmchxup.latticy.controller.v1.TopicController#getByThisYear()
2021-05-11 20:49:34.099 [http-nio-5000-exec-1] "GET /v1/topic/by/year HTTP/1.1" DEBUG o.s.w.s.m.m.a.RequestResponseBodyMethodProcessor - Using 'application/json', given [application/json, text/plain, */*] and supported [application/json, application/*+json, application/json, application/*+json]
2021-05-11 20:49:34.100 [http-nio-5000-exec-1] "GET /v1/topic/by/year HTTP/1.1" DEBUG o.s.w.s.m.m.a.RequestResponseBodyMethodProcessor - Writing [[io.github.xmchxup.latticy.vo.TopicPureVO@7f51b747, io.github.xmchxup.latticy.vo.TopicPureVO@35d7e23 (truncated)...]
2021-05-11 20:49:34.103 [http-nio-5000-exec-1] "GET /v1/topic/by/year HTTP/1.1" DEBUG org.springframework.web.servlet.DispatcherServlet - Completed 200 OK
2021-05-11 20:49:34.118 [http-nio-5000-exec-2] "OPTIONS /v1/scorecard/all/guide/complete HTTP/1.1" DEBUG org.springframework.web.servlet.DispatcherServlet - OPTIONS "/v1/scorecard/all/guide/complete", parameters={}
2021-05-11 20:49:34.119 [http-nio-5000-exec-2] "OPTIONS /v1/scorecard/all/guide/complete HTTP/1.1" DEBUG o.s.w.s.m.m.a.RequestMappingHandlerMapping - Mapped to io.github.xmchxup.latticy.controller.v1.ScorecardController#getAllGuideComplete()
2021-05-11 20:49:34.120 [http-nio-5000-exec-2] "OPTIONS /v1/scorecard/all/guide/complete HTTP/1.1" DEBUG org.springframework.web.servlet.DispatcherServlet - Completed 200 OK
2021-05-11 20:49:34.130 [http-nio-5000-exec-3] "GET /v1/scorecard/all/guide/complete HTTP/1.1" DEBUG org.springframework.web.servlet.DispatcherServlet - GET "/v1/scorecard/all/guide/complete", parameters={}
2021-05-11 20:49:34.131 [http-nio-5000-exec-3] "GET /v1/scorecard/all/guide/complete HTTP/1.1" DEBUG o.s.w.s.m.m.a.RequestMappingHandlerMapping - Mapped to io.github.xmchxup.latticy.controller.v1.ScorecardController#getAllGuideComplete()
2021-05-11 20:49:34.186 [http-nio-5000-exec-3] "GET /v1/scorecard/all/guide/complete HTTP/1.1" DEBUG o.s.w.s.m.m.a.RequestResponseBodyMethodProcessor - Using 'application/json', given [application/json, text/plain, */*] and supported [application/json, application/*+json, application/json, application/*+json]
2021-05-11 20:49:34.187 [http-nio-5000-exec-3] "GET /v1/scorecard/all/guide/complete HTTP/1.1" DEBUG o.s.w.s.m.m.a.RequestResponseBodyMethodProcessor - Writing [[2, 16]]
2021-05-11 20:49:34.191 [http-nio-5000-exec-3] "GET /v1/scorecard/all/guide/complete HTTP/1.1" DEBUG org.springframework.web.servlet.DispatcherServlet - Completed 200 OK
2021-05-11 20:49:34.217 [http-nio-5000-exec-5] "OPTIONS /v1/scorecard/all/complete HTTP/1.1" DEBUG org.springframework.web.servlet.DispatcherServlet - OPTIONS "/v1/scorecard/all/complete", parameters={}
2021-05-11 20:49:34.219 [http-nio-5000-exec-5] "OPTIONS /v1/scorecard/all/complete HTTP/1.1" DEBUG o.s.w.s.m.m.a.RequestMappingHandlerMapping - Mapped to io.github.xmchxup.latticy.controller.v1.ScorecardController#getAllCompleteTopicId()
2021-05-11 20:49:34.220 [http-nio-5000-exec-5] "OPTIONS /v1/scorecard/all/complete HTTP/1.1" DEBUG org.springframework.web.servlet.DispatcherServlet - Completed 200 OK
2021-05-11 20:49:34.236 [http-nio-5000-exec-4] "GET /v1/scorecard/all/complete HTTP/1.1" DEBUG org.springframework.web.servlet.DispatcherServlet - GET "/v1/scorecard/all/complete", parameters={}
2021-05-11 20:49:34.238 [http-nio-5000-exec-4] "GET /v1/scorecard/all/complete HTTP/1.1" DEBUG o.s.w.s.m.m.a.RequestMappingHandlerMapping - Mapped to io.github.xmchxup.latticy.controller.v1.ScorecardController#getAllCompleteTopicId()
2021-05-11 20:49:34.303 [http-nio-5000-exec-4] "GET /v1/scorecard/all/complete HTTP/1.1" DEBUG o.s.w.s.m.m.a.RequestResponseBodyMethodProcessor - Using 'application/json', given [application/json, text/plain, */*] and supported [application/json, application/*+json, application/json, application/*+json]
2021-05-11 20:49:34.304 [http-nio-5000-exec-4] "GET /v1/scorecard/all/complete HTTP/1.1" DEBUG o.s.w.s.m.m.a.RequestResponseBodyMethodProcessor - Writing [[2]]
2021-05-11 20:49:34.307 [http-nio-5000-exec-4] "GET /v1/scorecard/all/complete HTTP/1.1" DEBUG org.springframework.web.servlet.DispatcherServlet - Completed 200 OK
2021-05-11 20:49:34.946 [http-nio-5000-exec-6] "OPTIONS /v1/topic/page HTTP/1.1" DEBUG org.springframework.web.servlet.DispatcherServlet - OPTIONS "/v1/topic/page?page=0&count=10", parameters={masked}
2021-05-11 20:49:34.950 [http-nio-5000-exec-6] "OPTIONS /v1/topic/page HTTP/1.1" DEBUG o.s.w.s.m.m.a.RequestMappingHandlerMapping - Mapped to org.springframework.web.servlet.handler.AbstractHandlerMethodMapping$EmptyHandler#handle()
2021-05-11 20:49:34.952 [http-nio-5000-exec-6] "OPTIONS /v1/topic/page HTTP/1.1" DEBUG org.springframework.web.servlet.DispatcherServlet - Completed 200 OK
2021-05-11 20:49:34.976 [http-nio-5000-exec-9] "GET /v1/topic/page HTTP/1.1" DEBUG org.springframework.web.servlet.DispatcherServlet - GET "/v1/topic/page?page=0&count=10", parameters={masked}
2021-05-11 20:49:34.978 [http-nio-5000-exec-9] "GET /v1/topic/page HTTP/1.1" DEBUG o.s.w.s.m.m.a.RequestMappingHandlerMapping - Mapped to io.github.xmchxup.latticy.controller.v1.TopicController#page(String, Integer, Integer)
2021-05-11 20:49:35.150 [http-nio-5000-exec-9] "GET /v1/topic/page HTTP/1.1" DEBUG o.s.w.s.m.m.a.RequestResponseBodyMethodProcessor - Using 'application/json', given [application/json, text/plain, */*] and supported [application/json, application/*+json, application/json, application/*+json]
2021-05-11 20:49:35.153 [http-nio-5000-exec-9] "GET /v1/topic/page HTTP/1.1" DEBUG o.s.w.s.m.m.a.RequestResponseBodyMethodProcessor - Writing [PageResponseVO(total=10, items=[TopicDO(name=毕业设计评分系统, description=这是西门吹雪的课题任务11, type=1, publishYea (truncated)...]
2021-05-11 20:49:35.167 [http-nio-5000-exec-9] "GET /v1/topic/page HTTP/1.1" DEBUG org.springframework.web.servlet.DispatcherServlet - Completed 200 OK
2021-05-11 20:49:35.404 [http-nio-5000-exec-7] "GET /v1/card/ HTTP/1.1" DEBUG o.s.w.s.m.m.a.RequestResponseBodyMethodProcessor - Using 'application/json', given [application/json, text/plain, */*] and supported [application/json, application/*+json, application/json, application/*+json]
2021-05-11 20:49:35.404 [http-nio-5000-exec-7] "GET /v1/card/ HTTP/1.1" DEBUG o.s.w.s.m.m.a.RequestResponseBodyMethodProcessor - Writing [[io.github.xmchxup.latticy.vo.CardVO@4b3a2584, io.github.xmchxup.latticy.vo.CardVO@1051226e, io.gith (truncated)...]
2021-05-11 20:49:35.405 [http-nio-5000-exec-7] "GET /v1/card/ HTTP/1.1" DEBUG org.springframework.web.servlet.DispatcherServlet - Completed 200 OK
2021-05-11 20:49:35.496 [http-nio-5000-exec-8] "OPTIONS /v1/topic/sup/by/year HTTP/1.1" DEBUG org.springframework.web.servlet.DispatcherServlet - OPTIONS "/v1/topic/sup/by/year", parameters={}
2021-05-11 20:49:35.497 [http-nio-5000-exec-8] "OPTIONS /v1/topic/sup/by/year HTTP/1.1" DEBUG o.s.w.s.m.m.a.RequestMappingHandlerMapping - Mapped to io.github.xmchxup.latticy.controller.v1.TopicController#getSupByThisYear()
2021-05-11 20:49:35.497 [http-nio-5000-exec-8] "OPTIONS /v1/topic/sup/by/year HTTP/1.1" DEBUG org.springframework.web.servlet.DispatcherServlet - Completed 200 OK
2021-05-11 20:49:35.512 [http-nio-5000-exec-10] "GET /v1/topic/sup/by/year HTTP/1.1" DEBUG org.springframework.web.servlet.DispatcherServlet - GET "/v1/topic/sup/by/year", parameters={}
2021-05-11 20:49:35.513 [http-nio-5000-exec-10] "GET /v1/topic/sup/by/year HTTP/1.1" DEBUG o.s.w.s.m.m.a.RequestMappingHandlerMapping - Mapped to io.github.xmchxup.latticy.controller.v1.TopicController#getSupByThisYear()
2021-05-11 20:49:35.619 [http-nio-5000-exec-10] "GET /v1/topic/sup/by/year HTTP/1.1" DEBUG o.s.w.s.m.m.a.RequestResponseBodyMethodProcessor - Using 'application/json', given [application/json, text/plain, */*] and supported [application/json, application/*+json, application/json, application/*+json]
2021-05-11 20:49:35.619 [http-nio-5000-exec-10] "GET /v1/topic/sup/by/year HTTP/1.1" DEBUG o.s.w.s.m.m.a.RequestResponseBodyMethodProcessor - Writing [[io.github.xmchxup.latticy.vo.TopicPureVO@4937476]]
2021-05-11 20:49:35.621 [http-nio-5000-exec-10] "GET /v1/topic/sup/by/year HTTP/1.1" DEBUG org.springframework.web.servlet.DispatcherServlet - Completed 200 OK
2021-05-11 20:49:36.150 [http-nio-5000-exec-1] "GET /cms/user/information HTTP/1.1" DEBUG org.springframework.web.servlet.DispatcherServlet - GET "/cms/user/information", parameters={}
2021-05-11 20:49:36.150 [http-nio-5000-exec-1] "GET /cms/user/information HTTP/1.1" DEBUG o.s.w.s.m.m.a.RequestMappingHandlerMapping - Mapped to io.github.xmchxup.latticy.controller.cms.UserController#getInformation()
2021-05-11 20:49:36.288 [http-nio-5000-exec-1] "GET /cms/user/information HTTP/1.1" DEBUG o.s.w.s.m.m.a.RequestResponseBodyMethodProcessor - Using 'application/json', given [application/json, text/plain, */*] and supported [application/json, application/*+json, application/json, application/*+json]
2021-05-11 20:49:36.289 [http-nio-5000-exec-1] "GET /cms/user/information HTTP/1.1" DEBUG o.s.w.s.m.m.a.RequestResponseBodyMethodProcessor - Writing [UserInfoVO(id=24, username=答辩组账号1, nickname=null, avatar=null, email=123@test.com, groups=[GroupDO(n (truncated)...]
2021-05-11 20:49:36.290 [http-nio-5000-exec-1] "GET /cms/user/information HTTP/1.1" DEBUG org.springframework.web.servlet.DispatcherServlet - Completed 200 OK
2021-05-11 20:49:36.311 [http-nio-5000-exec-2] "GET /v1/topic/by/year HTTP/1.1" DEBUG org.springframework.web.servlet.DispatcherServlet - GET "/v1/topic/by/year", parameters={}
2021-05-11 20:49:36.312 [http-nio-5000-exec-2] "GET /v1/topic/by/year HTTP/1.1" DEBUG o.s.w.s.m.m.a.RequestMappingHandlerMapping - Mapped to io.github.xmchxup.latticy.controller.v1.TopicController#getByThisYear()
2021-05-11 20:49:36.363 [http-nio-5000-exec-2] "GET /v1/topic/by/year HTTP/1.1" DEBUG o.s.w.s.m.m.a.RequestResponseBodyMethodProcessor - Using 'application/json', given [application/json, text/plain, */*] and supported [application/json, application/*+json, application/json, application/*+json]
2021-05-11 20:49:36.364 [http-nio-5000-exec-2] "GET /v1/topic/by/year HTTP/1.1" DEBUG o.s.w.s.m.m.a.RequestResponseBodyMethodProcessor - Writing [[io.github.xmchxup.latticy.vo.TopicPureVO@66a704ba, io.github.xmchxup.latticy.vo.TopicPureVO@6a49d37 (truncated)...]
2021-05-11 20:49:36.366 [http-nio-5000-exec-2] "GET /v1/topic/by/year HTTP/1.1" DEBUG org.springframework.web.servlet.DispatcherServlet - Completed 200 OK
2021-05-11 20:49:36.379 [http-nio-5000-exec-3] "GET /v1/scorecard/all/guide/complete HTTP/1.1" DEBUG org.springframework.web.servlet.DispatcherServlet - GET "/v1/scorecard/all/guide/complete", parameters={}
2021-05-11 20:49:36.380 [http-nio-5000-exec-3] "GET /v1/scorecard/all/guide/complete HTTP/1.1" DEBUG o.s.w.s.m.m.a.RequestMappingHandlerMapping - Mapped to io.github.xmchxup.latticy.controller.v1.ScorecardController#getAllGuideComplete()
2021-05-11 20:49:36.432 [http-nio-5000-exec-3] "GET /v1/scorecard/all/guide/complete HTTP/1.1" DEBUG o.s.w.s.m.m.a.RequestResponseBodyMethodProcessor - Using 'application/json', given [application/json, text/plain, */*] and supported [application/json, application/*+json, application/json, application/*+json]
2021-05-11 20:49:36.433 [http-nio-5000-exec-3] "GET /v1/scorecard/all/guide/complete HTTP/1.1" DEBUG o.s.w.s.m.m.a.RequestResponseBodyMethodProcessor - Writing [[2, 16]]
2021-05-11 20:49:36.435 [http-nio-5000-exec-3] "GET /v1/scorecard/all/guide/complete HTTP/1.1" DEBUG org.springframework.web.servlet.DispatcherServlet - Completed 200 OK
2021-05-11 20:49:36.448 [http-nio-5000-exec-5] "GET /v1/scorecard/all/complete HTTP/1.1" DEBUG org.springframework.web.servlet.DispatcherServlet - GET "/v1/scorecard/all/complete", parameters={}
2021-05-11 20:49:36.450 [http-nio-5000-exec-5] "GET /v1/scorecard/all/complete HTTP/1.1" DEBUG o.s.w.s.m.m.a.RequestMappingHandlerMapping - Mapped to io.github.xmchxup.latticy.controller.v1.ScorecardController#getAllCompleteTopicId()
2021-05-11 20:49:36.498 [http-nio-5000-exec-5] "GET /v1/scorecard/all/complete HTTP/1.1" DEBUG o.s.w.s.m.m.a.RequestResponseBodyMethodProcessor - Using 'application/json', given [application/json, text/plain, */*] and supported [application/json, application/*+json, application/json, application/*+json]
2021-05-11 20:49:36.498 [http-nio-5000-exec-5] "GET /v1/scorecard/all/complete HTTP/1.1" DEBUG o.s.w.s.m.m.a.RequestResponseBodyMethodProcessor - Writing [[2]]
2021-05-11 20:49:36.499 [http-nio-5000-exec-5] "GET /v1/scorecard/all/complete HTTP/1.1" DEBUG org.springframework.web.servlet.DispatcherServlet - Completed 200 OK
2021-05-11 20:49:47.193 [http-nio-5000-exec-4] "OPTIONS /v1/scorecard/by/topic/16 HTTP/1.1" DEBUG org.springframework.web.servlet.DispatcherServlet - OPTIONS "/v1/scorecard/by/topic/16", parameters={}
2021-05-11 20:49:47.194 [http-nio-5000-exec-4] "OPTIONS /v1/scorecard/by/topic/16 HTTP/1.1" DEBUG o.s.w.s.m.m.a.RequestMappingHandlerMapping - Mapped to io.github.xmchxup.latticy.controller.v1.ScorecardController#getByTopicId(Integer)
2021-05-11 20:49:47.195 [http-nio-5000-exec-4] "OPTIONS /v1/scorecard/by/topic/16 HTTP/1.1" DEBUG org.springframework.web.servlet.DispatcherServlet - Completed 200 OK
2021-05-11 20:49:47.212 [http-nio-5000-exec-6] "GET /v1/scorecard/by/topic/16 HTTP/1.1" DEBUG org.springframework.web.servlet.DispatcherServlet - GET "/v1/scorecard/by/topic/16", parameters={}
2021-05-11 20:49:47.213 [http-nio-5000-exec-6] "GET /v1/scorecard/by/topic/16 HTTP/1.1" DEBUG o.s.w.s.m.m.a.RequestMappingHandlerMapping - Mapped to io.github.xmchxup.latticy.controller.v1.ScorecardController#getByTopicId(Integer)
2021-05-11 20:49:47.312 [http-nio-5000-exec-6] "GET /v1/scorecard/by/topic/16 HTTP/1.1" DEBUG o.s.w.s.m.m.a.RequestResponseBodyMethodProcessor - Using 'application/json', given [application/json, text/plain, */*] and supported [application/json, application/*+json, application/json, application/*+json]
2021-05-11 20:49:47.312 [http-nio-5000-exec-6] "GET /v1/scorecard/by/topic/16 HTTP/1.1" DEBUG o.s.w.s.m.m.a.RequestResponseBodyMethodProcessor - Writing [ScorecardDO(title=AI游戏设计的评分表, comment= , level=null, score=null, guideCardId=5, judgeCardId=null, to (truncated)...]
2021-05-11 20:49:47.314 [http-nio-5000-exec-6] "GET /v1/scorecard/by/topic/16 HTTP/1.1" DEBUG org.springframework.web.servlet.DispatcherServlet - Completed 200 OK
2021-05-11 20:49:47.329 [http-nio-5000-exec-9] "OPTIONS /v1/scorecard/46 HTTP/1.1" DEBUG org.springframework.web.servlet.DispatcherServlet - OPTIONS "/v1/scorecard/46", parameters={}
2021-05-11 20:49:47.330 [http-nio-5000-exec-9] "OPTIONS /v1/scorecard/46 HTTP/1.1" DEBUG o.s.w.s.m.m.a.RequestMappingHandlerMapping - Mapped to io.github.xmchxup.latticy.controller.v1.ScorecardController#update(ScorecardDTO, Integer)
2021-05-11 20:49:47.331 [http-nio-5000-exec-9] "OPTIONS /v1/scorecard/46 HTTP/1.1" DEBUG org.springframework.web.servlet.DispatcherServlet - Completed 200 OK
2021-05-11 20:49:47.350 [http-nio-5000-exec-7] "PUT /v1/scorecard/46 HTTP/1.1" DEBUG org.springframework.web.servlet.DispatcherServlet - PUT "/v1/scorecard/46", parameters={}
2021-05-11 20:49:47.350 [http-nio-5000-exec-7] "PUT /v1/scorecard/46 HTTP/1.1" DEBUG o.s.w.s.m.m.a.RequestMappingHandlerMapping - Mapped to io.github.xmchxup.latticy.controller.v1.ScorecardController#update(ScorecardDTO, Integer)
2021-05-11 20:49:47.628 [http-nio-5000-exec-7] "PUT /v1/scorecard/46 HTTP/1.1" DEBUG o.s.w.s.m.m.a.RequestResponseBodyMethodProcessor - Read "application/json;charset=UTF-8" to [io.github.xmchxup.latticy.dto.ScorecardDTO@816534b]
2021-05-11 20:49:47.836 [http-nio-5000-exec-7] "PUT /v1/scorecard/46 HTTP/1.1" DEBUG o.s.w.s.m.m.a.RequestResponseBodyMethodProcessor - Using 'application/json', given [application/json, text/plain, */*] and supported [application/json, application/*+json, application/json, application/*+json]
2021-05-11 20:49:47.837 [http-nio-5000-exec-7] "PUT /v1/scorecard/46 HTTP/1.1" DEBUG o.s.w.s.m.m.a.RequestResponseBodyMethodProcessor - Writing [UnifyResponseVO(code=2, message=更新成功, request=PUT /v1/scorecard/46)]
2021-05-11 20:49:47.839 [http-nio-5000-exec-7] "PUT /v1/scorecard/46 HTTP/1.1" DEBUG org.springframework.web.servlet.DispatcherServlet - Completed 201 CREATED
2021-05-11 20:49:47.892 [http-nio-5000-exec-8] "GET /v1/topic/by/year HTTP/1.1" DEBUG org.springframework.web.servlet.DispatcherServlet - GET "/v1/topic/by/year", parameters={}
2021-05-11 20:49:47.892 [http-nio-5000-exec-8] "GET /v1/topic/by/year HTTP/1.1" DEBUG o.s.w.s.m.m.a.RequestMappingHandlerMapping - Mapped to io.github.xmchxup.latticy.controller.v1.TopicController#getByThisYear()
2021-05-11 20:49:47.985 [http-nio-5000-exec-8] "GET /v1/topic/by/year HTTP/1.1" DEBUG o.s.w.s.m.m.a.RequestResponseBodyMethodProcessor - Using 'application/json', given [application/json, text/plain, */*] and supported [application/json, application/*+json, application/json, application/*+json]
2021-05-11 20:49:47.986 [http-nio-5000-exec-8] "GET /v1/topic/by/year HTTP/1.1" DEBUG o.s.w.s.m.m.a.RequestResponseBodyMethodProcessor - Writing [[io.github.xmchxup.latticy.vo.TopicPureVO@191c1a79, io.github.xmchxup.latticy.vo.TopicPureVO@6b38650 (truncated)...]
2021-05-11 20:49:47.987 [http-nio-5000-exec-8] "GET /v1/topic/by/year HTTP/1.1" DEBUG org.springframework.web.servlet.DispatcherServlet - Completed 200 OK
2021-05-11 20:49:48.004 [http-nio-5000-exec-10] "GET /v1/scorecard/all/guide/complete HTTP/1.1" DEBUG org.springframework.web.servlet.DispatcherServlet - GET "/v1/scorecard/all/guide/complete", parameters={}
2021-05-11 20:49:48.005 [http-nio-5000-exec-10] "GET /v1/scorecard/all/guide/complete HTTP/1.1" DEBUG o.s.w.s.m.m.a.RequestMappingHandlerMapping - Mapped to io.github.xmchxup.latticy.controller.v1.ScorecardController#getAllGuideComplete()
2021-05-11 20:49:48.053 [http-nio-5000-exec-10] "GET /v1/scorecard/all/guide/complete HTTP/1.1" DEBUG o.s.w.s.m.m.a.RequestResponseBodyMethodProcessor - Using 'application/json', given [application/json, text/plain, */*] and supported [application/json, application/*+json, application/json, application/*+json]
2021-05-11 20:49:48.054 [http-nio-5000-exec-10] "GET /v1/scorecard/all/guide/complete HTTP/1.1" DEBUG o.s.w.s.m.m.a.RequestResponseBodyMethodProcessor - Writing [[2, 16]]
2021-05-11 20:49:48.055 [http-nio-5000-exec-10] "GET /v1/scorecard/all/guide/complete HTTP/1.1" DEBUG org.springframework.web.servlet.DispatcherServlet - Completed 200 OK
2021-05-11 20:49:48.071 [http-nio-5000-exec-1] "GET /v1/scorecard/all/complete HTTP/1.1" DEBUG org.springframework.web.servlet.DispatcherServlet - GET "/v1/scorecard/all/complete", parameters={}
2021-05-11 20:49:48.072 [http-nio-5000-exec-1] "GET /v1/scorecard/all/complete HTTP/1.1" DEBUG o.s.w.s.m.m.a.RequestMappingHandlerMapping - Mapped to io.github.xmchxup.latticy.controller.v1.ScorecardController#getAllCompleteTopicId()
2021-05-11 20:49:48.120 [http-nio-5000-exec-1] "GET /v1/scorecard/all/complete HTTP/1.1" DEBUG o.s.w.s.m.m.a.RequestResponseBodyMethodProcessor - Using 'application/json', given [application/json, text/plain, */*] and supported [application/json, application/*+json, application/json, application/*+json]
2021-05-11 20:49:48.120 [http-nio-5000-exec-1] "GET /v1/scorecard/all/complete HTTP/1.1" DEBUG o.s.w.s.m.m.a.RequestResponseBodyMethodProcessor - Writing [[2]]
2021-05-11 20:49:48.121 [http-nio-5000-exec-1] "GET /v1/scorecard/all/complete HTTP/1.1" DEBUG org.springframework.web.servlet.DispatcherServlet - Completed 200 OK
2021-05-11 20:49:49.794 [http-nio-5000-exec-2] "GET /v1/scorecard/by/topic/16 HTTP/1.1" DEBUG org.springframework.web.servlet.DispatcherServlet - GET "/v1/scorecard/by/topic/16", parameters={}
2021-05-11 20:49:49.795 [http-nio-5000-exec-2] "GET /v1/scorecard/by/topic/16 HTTP/1.1" DEBUG o.s.w.s.m.m.a.RequestMappingHandlerMapping - Mapped to io.github.xmchxup.latticy.controller.v1.ScorecardController#getByTopicId(Integer)
2021-05-11 20:49:49.891 [http-nio-5000-exec-2] "GET /v1/scorecard/by/topic/16 HTTP/1.1" DEBUG o.s.w.s.m.m.a.RequestResponseBodyMethodProcessor - Using 'application/json', given [application/json, text/plain, */*] and supported [application/json, application/*+json, application/json, application/*+json]
2021-05-11 20:49:49.892 [http-nio-5000-exec-2] "GET /v1/scorecard/by/topic/16 HTTP/1.1" DEBUG o.s.w.s.m.m.a.RequestResponseBodyMethodProcessor - Writing [ScorecardDO(title=AI游戏设计的评分表, comment= , level=中等, score=72.0, guideCardId=5, judgeCardId=5, topicId (truncated)...]
2021-05-11 20:49:49.894 [http-nio-5000-exec-2] "GET /v1/scorecard/by/topic/16 HTTP/1.1" DEBUG org.springframework.web.servlet.DispatcherServlet - Completed 200 OK
2021-05-11 20:49:49.926 [http-nio-5000-exec-3] "OPTIONS /v1/scorecard/46/judge/comment HTTP/1.1" DEBUG org.springframework.web.servlet.DispatcherServlet - OPTIONS "/v1/scorecard/46/judge/comment", parameters={}
2021-05-11 20:49:49.927 [http-nio-5000-exec-3] "OPTIONS /v1/scorecard/46/judge/comment HTTP/1.1" DEBUG o.s.w.s.m.m.a.RequestMappingHandlerMapping - Mapped to io.github.xmchxup.latticy.controller.v1.ScorecardController#judgeTeamComment(String, Integer)
2021-05-11 20:49:49.929 [http-nio-5000-exec-3] "OPTIONS /v1/scorecard/46/judge/comment HTTP/1.1" DEBUG org.springframework.web.servlet.DispatcherServlet - Completed 200 OK
2021-05-11 20:49:49.946 [http-nio-5000-exec-5] "PUT /v1/scorecard/46/judge/comment HTTP/1.1" DEBUG org.springframework.web.servlet.DispatcherServlet - PUT "/v1/scorecard/46/judge/comment", parameters={}
2021-05-11 20:49:49.949 [http-nio-5000-exec-5] "PUT /v1/scorecard/46/judge/comment HTTP/1.1" DEBUG o.s.w.s.m.m.a.RequestMappingHandlerMapping - Mapped to io.github.xmchxup.latticy.controller.v1.ScorecardController#judgeTeamComment(String, Integer)
2021-05-11 20:49:50.387 [http-nio-5000-exec-5] "PUT /v1/scorecard/46/judge/comment HTTP/1.1" DEBUG o.s.w.s.m.m.a.RequestResponseBodyMethodProcessor - Using 'application/json', given [application/json, text/plain, */*] and supported [application/json, application/*+json, application/json, application/*+json]
2021-05-11 20:49:50.388 [http-nio-5000-exec-5] "PUT /v1/scorecard/46/judge/comment HTTP/1.1" DEBUG o.s.w.s.m.m.a.RequestResponseBodyMethodProcessor - Writing [UnifyResponseVO(code=2, message=更新成功, request=PUT /v1/scorecard/46/judge/comment)]
2021-05-11 20:49:50.390 [http-nio-5000-exec-5] "PUT /v1/scorecard/46/judge/comment HTTP/1.1" DEBUG org.springframework.web.servlet.DispatcherServlet - Completed 201 CREATED
2021-05-11 20:49:50.423 [http-nio-5000-exec-4] "GET /v1/topic/by/year HTTP/1.1" DEBUG org.springframework.web.servlet.DispatcherServlet - GET "/v1/topic/by/year", parameters={}
2021-05-11 20:49:50.426 [http-nio-5000-exec-4] "GET /v1/topic/by/year HTTP/1.1" DEBUG o.s.w.s.m.m.a.RequestMappingHandlerMapping - Mapped to io.github.xmchxup.latticy.controller.v1.TopicController#getByThisYear()
2021-05-11 20:49:50.477 [http-nio-5000-exec-4] "GET /v1/topic/by/year HTTP/1.1" DEBUG o.s.w.s.m.m.a.RequestResponseBodyMethodProcessor - Using 'application/json', given [application/json, text/plain, */*] and supported [application/json, application/*+json, application/json, application/*+json]
2021-05-11 20:49:50.477 [http-nio-5000-exec-4] "GET /v1/topic/by/year HTTP/1.1" DEBUG o.s.w.s.m.m.a.RequestResponseBodyMethodProcessor - Writing [[io.github.xmchxup.latticy.vo.TopicPureVO@343ce852, io.github.xmchxup.latticy.vo.TopicPureVO@70067e5 (truncated)...]
2021-05-11 20:49:50.480 [http-nio-5000-exec-4] "GET /v1/topic/by/year HTTP/1.1" DEBUG org.springframework.web.servlet.DispatcherServlet - Completed 200 OK
2021-05-11 20:49:50.505 [http-nio-5000-exec-6] "GET /v1/scorecard/all/guide/complete HTTP/1.1" DEBUG org.springframework.web.servlet.DispatcherServlet - GET "/v1/scorecard/all/guide/complete", parameters={}
2021-05-11 20:49:50.506 [http-nio-5000-exec-6] "GET /v1/scorecard/all/guide/complete HTTP/1.1" DEBUG o.s.w.s.m.m.a.RequestMappingHandlerMapping - Mapped to io.github.xmchxup.latticy.controller.v1.ScorecardController#getAllGuideComplete()
2021-05-11 20:49:50.558 [http-nio-5000-exec-6] "GET /v1/scorecard/all/guide/complete HTTP/1.1" DEBUG o.s.w.s.m.m.a.RequestResponseBodyMethodProcessor - Using 'application/json', given [application/json, text/plain, */*] and supported [application/json, application/*+json, application/json, application/*+json]
2021-05-11 20:49:50.559 [http-nio-5000-exec-6] "GET /v1/scorecard/all/guide/complete HTTP/1.1" DEBUG o.s.w.s.m.m.a.RequestResponseBodyMethodProcessor - Writing [[2, 16]]
2021-05-11 20:49:50.561 [http-nio-5000-exec-6] "GET /v1/scorecard/all/guide/complete HTTP/1.1" DEBUG org.springframework.web.servlet.DispatcherServlet - Completed 200 OK
2021-05-11 20:49:50.589 [http-nio-5000-exec-9] "GET /v1/scorecard/all/complete HTTP/1.1" DEBUG org.springframework.web.servlet.DispatcherServlet - GET "/v1/scorecard/all/complete", parameters={}
2021-05-11 20:49:50.590 [http-nio-5000-exec-9] "GET /v1/scorecard/all/complete HTTP/1.1" DEBUG o.s.w.s.m.m.a.RequestMappingHandlerMapping - Mapped to io.github.xmchxup.latticy.controller.v1.ScorecardController#getAllCompleteTopicId()
2021-05-11 20:49:50.645 [http-nio-5000-exec-9] "GET /v1/scorecard/all/complete HTTP/1.1" DEBUG o.s.w.s.m.m.a.RequestResponseBodyMethodProcessor - Using 'application/json', given [application/json, text/plain, */*] and supported [application/json, application/*+json, application/json, application/*+json]
2021-05-11 20:49:50.646 [http-nio-5000-exec-9] "GET /v1/scorecard/all/complete HTTP/1.1" DEBUG o.s.w.s.m.m.a.RequestResponseBodyMethodProcessor - Writing [[2, 16]]
2021-05-11 20:49:50.651 [http-nio-5000-exec-9] "GET /v1/scorecard/all/complete HTTP/1.1" DEBUG org.springframework.web.servlet.DispatcherServlet - Completed 200 OK
2021-05-11 20:49:52.252 [http-nio-5000-exec-7] "GET /v1/topic/page HTTP/1.1" DEBUG org.springframework.web.servlet.DispatcherServlet - GET "/v1/topic/page?page=0&count=10", parameters={masked}
2021-05-11 20:49:52.256 [http-nio-5000-exec-7] "GET /v1/topic/page HTTP/1.1" DEBUG o.s.w.s.m.m.a.RequestMappingHandlerMapping - Mapped to io.github.xmchxup.latticy.controller.v1.TopicController#page(String, Integer, Integer)
2021-05-11 20:49:52.412 [http-nio-5000-exec-7] "GET /v1/topic/page HTTP/1.1" DEBUG o.s.w.s.m.m.a.RequestResponseBodyMethodProcessor - Using 'application/json', given [application/json, text/plain, */*] and supported [application/json, application/*+json, application/json, application/*+json]
2021-05-11 20:49:52.412 [http-nio-5000-exec-7] "GET /v1/topic/page HTTP/1.1" DEBUG o.s.w.s.m.m.a.RequestResponseBodyMethodProcessor - Writing [PageResponseVO(total=10, items=[TopicDO(name=毕业设计评分系统, description=这是西门吹雪的课题任务11, type=1, publishYea (truncated)...]
2021-05-11 20:49:52.423 [http-nio-5000-exec-7] "GET /v1/topic/page HTTP/1.1" DEBUG org.springframework.web.servlet.DispatcherServlet - Completed 200 OK
2021-05-11 20:49:53.182 [http-nio-5000-exec-8] "GET /v1/scorecard/page HTTP/1.1" DEBUG org.springframework.web.servlet.DispatcherServlet - GET "/v1/scorecard/page?page=0&count=2", parameters={masked}
2021-05-11 20:49:53.183 [http-nio-5000-exec-8] "GET /v1/scorecard/page HTTP/1.1" DEBUG o.s.w.s.m.m.a.RequestMappingHandlerMapping - Mapped to io.github.xmchxup.latticy.controller.v1.ScorecardController#page(ScorecardQuery, Integer, Integer)
2021-05-11 20:49:53.321 [http-nio-5000-exec-8] "GET /v1/scorecard/page HTTP/1.1" DEBUG o.s.w.s.m.m.a.RequestResponseBodyMethodProcessor - Using 'application/json', given [application/json, text/plain, */*] and supported [application/json, application/*+json, application/json, application/*+json]
2021-05-11 20:49:53.322 [http-nio-5000-exec-8] "GET /v1/scorecard/page HTTP/1.1" DEBUG o.s.w.s.m.m.a.RequestResponseBodyMethodProcessor - Writing [PageResponseVO(total=2, items=[ScorecardDO(title=毕业设计评分系统的评分表-补答辩, comment= , level=不及格, score=25.9, (truncated)...]
2021-05-11 20:49:53.328 [http-nio-5000-exec-8] "GET /v1/scorecard/page HTTP/1.1" DEBUG org.springframework.web.servlet.DispatcherServlet - Completed 200 OK
2021-05-11 20:49:57.162 [http-nio-5000-exec-10] "GET //v1/scorecard/download/46 HTTP/1.1" DEBUG org.springframework.web.servlet.DispatcherServlet - GET "//v1/scorecard/download/46", parameters={}
2021-05-11 20:49:57.164 [http-nio-5000-exec-10] "GET //v1/scorecard/download/46 HTTP/1.1" DEBUG o.s.w.s.m.m.a.RequestMappingHandlerMapping - Mapped to io.github.xmchxup.latticy.controller.v1.ScorecardController#downloadScoreTable(Integer)
2021-05-11 20:49:58.337 [http-nio-5000-exec-10] "GET //v1/scorecard/download/46 HTTP/1.1" DEBUG o.s.w.s.m.m.annotation.HttpEntityMethodProcessor - Found 'Content-Type:application/octet-stream' in response
2021-05-11 20:49:58.338 [http-nio-5000-exec-10] "GET //v1/scorecard/download/46 HTTP/1.1" DEBUG o.s.w.s.m.m.annotation.HttpEntityMethodProcessor - Writing [[B@72279ee3]
2021-05-11 20:49:58.340 [http-nio-5000-exec-10] "GET //v1/scorecard/download/46 HTTP/1.1" DEBUG org.springframework.web.servlet.DispatcherServlet - Completed 201 CREATED
2021-05-11 20:50:41.476 [http-nio-5000-exec-2] "POST /cms/user/login HTTP/1.1" DEBUG org.springframework.web.servlet.DispatcherServlet - POST "/cms/user/login", parameters={}
2021-05-11 20:50:41.477 [http-nio-5000-exec-2] "POST /cms/user/login HTTP/1.1" DEBUG o.s.w.s.m.m.a.RequestMappingHandlerMapping - Mapped to io.github.xmchxup.latticy.controller.cms.UserController#login(LoginDTO)
2021-05-11 20:50:41.478 [http-nio-5000-exec-2] "POST /cms/user/login HTTP/1.1" DEBUG o.s.w.s.m.m.a.RequestResponseBodyMethodProcessor - Read "application/json;charset=UTF-8" to [LoginDTO(username=1902411124, password=123456)]
2021-05-11 20:50:41.890 [http-nio-5000-exec-2] "POST /cms/user/login HTTP/1.1" DEBUG o.s.w.s.m.m.a.RequestResponseBodyMethodProcessor - Using 'application/json', given [application/json, text/plain, */*] and supported [application/json, application/*+json, application/json, application/*+json]
2021-05-11 20:50:41.890 [http-nio-5000-exec-2] "POST /cms/user/login HTTP/1.1" DEBUG o.s.w.s.m.m.a.RequestResponseBodyMethodProcessor - Writing [Tokens{accessToken='eyJ0eXAiOiJKV1QiLCJhbGciOiJIUzI1NiJ9.eyJpZGVudGl0eSI6OSwic2NvcGUiOiJsaW4iLCJ0eXB (truncated)...]
2021-05-11 20:50:41.891 [http-nio-5000-exec-2] "POST /cms/user/login HTTP/1.1" DEBUG org.springframework.web.servlet.DispatcherServlet - Completed 200 OK
2021-05-11 20:50:41.900 [http-nio-5000-exec-3] "GET /cms/user/permissions HTTP/1.1" DEBUG org.springframework.web.servlet.DispatcherServlet - GET "/cms/user/permissions", parameters={}
2021-05-11 20:50:41.900 [http-nio-5000-exec-3] "GET /cms/user/permissions HTTP/1.1" DEBUG o.s.w.s.m.m.a.RequestMappingHandlerMapping - Mapped to io.github.xmchxup.latticy.controller.cms.UserController#getPermissions()
2021-05-11 20:50:42.141 [http-nio-5000-exec-3] "GET /cms/user/permissions HTTP/1.1" DEBUG o.s.w.s.m.m.a.RequestResponseBodyMethodProcessor - Using 'application/json', given [application/json, text/plain, */*] and supported [application/json, application/*+json, application/json, application/*+json]
2021-05-11 20:50:42.142 [http-nio-5000-exec-3] "GET /cms/user/permissions HTTP/1.1" DEBUG o.s.w.s.m.m.a.RequestResponseBodyMethodProcessor - Writing [UserPermissionVO(id=9, nickname=西某, avatar=http://localhost:5000/assets/2021\01\04\bcff9c3b10734a14a (truncated)...]
2021-05-11 20:50:42.144 [http-nio-5000-exec-3] "GET /cms/user/permissions HTTP/1.1" DEBUG org.springframework.web.servlet.DispatcherServlet - Completed 200 OK
2021-05-11 20:50:42.387 [http-nio-5000-exec-5] "GET /assets/2021/01/04/bcff9c3b10734a14ab490a9c5f746e6a.jpg HTTP/1.1" DEBUG org.springframework.web.servlet.DispatcherServlet - GET "/assets/2021/01/04/bcff9c3b10734a14ab490a9c5f746e6a.jpg", parameters={}
2021-05-11 20:50:42.389 [http-nio-5000-exec-5] "GET /assets/2021/01/04/bcff9c3b10734a14ab490a9c5f746e6a.jpg HTTP/1.1" DEBUG o.s.web.servlet.handler.SimpleUrlHandlerMapping - Mapped to ResourceHttpRequestHandler ["file:C:\Users\sunhu\Desktop\tmp\full-stack\school-manager\backend\assets/"]
2021-05-11 20:50:42.396 [http-nio-5000-exec-5] "GET /assets/2021/01/04/bcff9c3b10734a14ab490a9c5f746e6a.jpg HTTP/1.1" DEBUG org.springframework.web.servlet.DispatcherServlet - Completed 200 OK
2021-05-11 20:50:43.902 [http-nio-5000-exec-4] "GET /cms/user/information HTTP/1.1" DEBUG org.springframework.web.servlet.DispatcherServlet - GET "/cms/user/information", parameters={}
2021-05-11 20:50:43.903 [http-nio-5000-exec-4] "GET /cms/user/information HTTP/1.1" DEBUG o.s.w.s.m.m.a.RequestMappingHandlerMapping - Mapped to io.github.xmchxup.latticy.controller.cms.UserController#getInformation()
2021-05-11 20:50:44.048 [http-nio-5000-exec-4] "GET /cms/user/information HTTP/1.1" DEBUG o.s.w.s.m.m.a.RequestResponseBodyMethodProcessor - Using 'application/json', given [application/json, text/plain, */*] and supported [application/json, application/*+json, application/json, application/*+json]
2021-05-11 20:50:44.049 [http-nio-5000-exec-4] "GET /cms/user/information HTTP/1.1" DEBUG o.s.w.s.m.m.a.RequestResponseBodyMethodProcessor - Writing [UserInfoVO(id=9, username=1902411124, nickname=西某, avatar=http://localhost:5000/assets/2021\01\04\bc (truncated)...]
2021-05-11 20:50:44.052 [http-nio-5000-exec-4] "GET /cms/user/information HTTP/1.1" DEBUG org.springframework.web.servlet.DispatcherServlet - Completed 200 OK
2021-05-11 20:50:45.681 [http-nio-5000-exec-6] "GET /v1/topic/page HTTP/1.1" DEBUG org.springframework.web.servlet.DispatcherServlet - GET "/v1/topic/page?page=0&count=10", parameters={masked}
2021-05-11 20:50:45.682 [http-nio-5000-exec-6] "GET /v1/topic/page HTTP/1.1" DEBUG o.s.w.s.m.m.a.RequestMappingHandlerMapping - Mapped to io.github.xmchxup.latticy.controller.v1.TopicController#page(String, Integer, Integer)
2021-05-11 20:50:45.827 [http-nio-5000-exec-6] "GET /v1/topic/page HTTP/1.1" DEBUG o.s.w.s.m.m.a.RequestResponseBodyMethodProcessor - Using 'application/json', given [application/json, text/plain, */*] and supported [application/json, application/*+json, application/json, application/*+json]
2021-05-11 20:50:45.829 [http-nio-5000-exec-6] "GET /v1/topic/page HTTP/1.1" DEBUG o.s.w.s.m.m.a.RequestResponseBodyMethodProcessor - Writing [PageResponseVO(total=10, items=[TopicDO(name=毕业设计评分系统, description=这是西门吹雪的课题任务11, type=1, publishYea (truncated)...]
2021-05-11 20:50:45.833 [http-nio-5000-exec-6] "GET /v1/topic/page HTTP/1.1" DEBUG org.springframework.web.servlet.DispatcherServlet - Completed 200 OK
2021-05-11 20:50:46.465 [http-nio-5000-exec-9] "GET /cms/user/information HTTP/1.1" DEBUG org.springframework.web.servlet.DispatcherServlet - GET "/cms/user/information", parameters={}
2021-05-11 20:50:46.466 [http-nio-5000-exec-9] "GET /cms/user/information HTTP/1.1" DEBUG o.s.w.s.m.m.a.RequestMappingHandlerMapping - Mapped to io.github.xmchxup.latticy.controller.cms.UserController#getInformation()
2021-05-11 20:50:46.609 [http-nio-5000-exec-9] "GET /cms/user/information HTTP/1.1" DEBUG o.s.w.s.m.m.a.RequestResponseBodyMethodProcessor - Using 'application/json', given [application/json, text/plain, */*] and supported [application/json, application/*+json, application/json, application/*+json]
2021-05-11 20:50:46.609 [http-nio-5000-exec-9] "GET /cms/user/information HTTP/1.1" DEBUG o.s.w.s.m.m.a.RequestResponseBodyMethodProcessor - Writing [UserInfoVO(id=9, username=1902411124, nickname=西某, avatar=http://localhost:5000/assets/2021\01\04\bc (truncated)...]
2021-05-11 20:50:46.614 [http-nio-5000-exec-9] "GET /cms/user/information HTTP/1.1" DEBUG org.springframework.web.servlet.DispatcherServlet - Completed 200 OK
2021-05-11 20:50:47.098 [http-nio-5000-exec-7] "OPTIONS /v1/scorecard/by/student/1902411124 HTTP/1.1" DEBUG org.springframework.web.servlet.DispatcherServlet - OPTIONS "/v1/scorecard/by/student/1902411124", parameters={}
2021-05-11 20:50:47.099 [http-nio-5000-exec-7] "OPTIONS /v1/scorecard/by/student/1902411124 HTTP/1.1" DEBUG o.s.w.s.m.m.a.RequestMappingHandlerMapping - Mapped to io.github.xmchxup.latticy.controller.v1.ScorecardController#getScorecardIdBySid(String)
2021-05-11 20:50:47.100 [http-nio-5000-exec-7] "OPTIONS /v1/scorecard/by/student/1902411124 HTTP/1.1" DEBUG org.springframework.web.servlet.DispatcherServlet - Completed 200 OK
2021-05-11 20:50:47.106 [http-nio-5000-exec-8] "GET /v1/scorecard/by/student/1902411124 HTTP/1.1" DEBUG org.springframework.web.servlet.DispatcherServlet - GET "/v1/scorecard/by/student/1902411124", parameters={}
2021-05-11 20:50:47.107 [http-nio-5000-exec-8] "GET /v1/scorecard/by/student/1902411124 HTTP/1.1" DEBUG o.s.w.s.m.m.a.RequestMappingHandlerMapping - Mapped to io.github.xmchxup.latticy.controller.v1.ScorecardController#getScorecardIdBySid(String)
2021-05-11 20:50:47.257 [http-nio-5000-exec-8] "GET /v1/scorecard/by/student/1902411124 HTTP/1.1" DEBUG o.s.w.s.m.m.a.RequestResponseBodyMethodProcessor - Using 'application/json', given [application/json, text/plain, */*] and supported [application/json, application/*+json, application/json, application/*+json]
2021-05-11 20:50:47.257 [http-nio-5000-exec-8] "GET /v1/scorecard/by/student/1902411124 HTTP/1.1" DEBUG o.s.w.s.m.m.a.RequestResponseBodyMethodProcessor - Writing [45]
2021-05-11 20:50:47.261 [http-nio-5000-exec-8] "GET /v1/scorecard/by/student/1902411124 HTTP/1.1" DEBUG org.springframework.web.servlet.DispatcherServlet - Completed 200 OK
2021-05-11 20:50:47.991 [http-nio-5000-exec-10] "GET /v1/scorecard/by/student/1902411124 HTTP/1.1" DEBUG org.springframework.web.servlet.DispatcherServlet - GET "/v1/scorecard/by/student/1902411124", parameters={}
2021-05-11 20:50:47.993 [http-nio-5000-exec-10] "GET /v1/scorecard/by/student/1902411124 HTTP/1.1" DEBUG o.s.w.s.m.m.a.RequestMappingHandlerMapping - Mapped to io.github.xmchxup.latticy.controller.v1.ScorecardController#getScorecardIdBySid(String)
2021-05-11 20:50:48.132 [http-nio-5000-exec-10] "GET /v1/scorecard/by/student/1902411124 HTTP/1.1" DEBUG o.s.w.s.m.m.a.RequestResponseBodyMethodProcessor - Using 'application/json', given [application/json, text/plain, */*] and supported [application/json, application/*+json, application/json, application/*+json]
2021-05-11 20:50:48.133 [http-nio-5000-exec-10] "GET /v1/scorecard/by/student/1902411124 HTTP/1.1" DEBUG o.s.w.s.m.m.a.RequestResponseBodyMethodProcessor - Writing [45]
2021-05-11 20:50:48.135 [http-nio-5000-exec-10] "GET /v1/scorecard/by/student/1902411124 HTTP/1.1" DEBUG org.springframework.web.servlet.DispatcherServlet - Completed 200 OK
2021-05-11 20:50:49.104 [http-nio-5000-exec-1] "GET /v1/scorecard/by/student/1902411124 HTTP/1.1" DEBUG org.springframework.web.servlet.DispatcherServlet - GET "/v1/scorecard/by/student/1902411124", parameters={}
2021-05-11 20:50:49.105 [http-nio-5000-exec-1] "GET /v1/scorecard/by/student/1902411124 HTTP/1.1" DEBUG o.s.w.s.m.m.a.RequestMappingHandlerMapping - Mapped to io.github.xmchxup.latticy.controller.v1.ScorecardController#getScorecardIdBySid(String)
2021-05-11 20:50:49.246 [http-nio-5000-exec-1] "GET /v1/scorecard/by/student/1902411124 HTTP/1.1" DEBUG o.s.w.s.m.m.a.RequestResponseBodyMethodProcessor - Using 'application/json', given [application/json, text/plain, */*] and supported [application/json, application/*+json, application/json, application/*+json]
2021-05-11 20:50:49.247 [http-nio-5000-exec-1] "GET /v1/scorecard/by/student/1902411124 HTTP/1.1" DEBUG o.s.w.s.m.m.a.RequestResponseBodyMethodProcessor - Writing [45]
2021-05-11 20:50:49.251 [http-nio-5000-exec-1] "GET /v1/scorecard/by/student/1902411124 HTTP/1.1" DEBUG org.springframework.web.servlet.DispatcherServlet - Completed 200 OK
2021-05-11 20:50:53.724 [http-nio-5000-exec-2] "OPTIONS /v1/scorecard/by/student/1902411124 HTTP/1.1" DEBUG org.springframework.web.servlet.DispatcherServlet - OPTIONS "/v1/scorecard/by/student/1902411124", parameters={}
2021-05-11 20:50:53.725 [http-nio-5000-exec-2] "OPTIONS /v1/scorecard/by/student/1902411124 HTTP/1.1" DEBUG o.s.w.s.m.m.a.RequestMappingHandlerMapping - Mapped to io.github.xmchxup.latticy.controller.v1.ScorecardController#getScorecardIdBySid(String)
2021-05-11 20:50:53.726 [http-nio-5000-exec-2] "OPTIONS /v1/scorecard/by/student/1902411124 HTTP/1.1" DEBUG org.springframework.web.servlet.DispatcherServlet - Completed 200 OK
2021-05-11 20:50:53.735 [http-nio-5000-exec-3] "GET /v1/scorecard/by/student/1902411124 HTTP/1.1" DEBUG org.springframework.web.servlet.DispatcherServlet - GET "/v1/scorecard/by/student/1902411124", parameters={}
2021-05-11 20:50:53.736 [http-nio-5000-exec-3] "GET /v1/scorecard/by/student/1902411124 HTTP/1.1" DEBUG o.s.w.s.m.m.a.RequestMappingHandlerMapping - Mapped to io.github.xmchxup.latticy.controller.v1.ScorecardController#getScorecardIdBySid(String)
2021-05-11 20:50:53.874 [http-nio-5000-exec-3] "GET /v1/scorecard/by/student/1902411124 HTTP/1.1" DEBUG o.s.w.s.m.m.a.RequestResponseBodyMethodProcessor - Using 'application/json', given [application/json, text/plain, */*] and supported [application/json, application/*+json, application/json, application/*+json]
2021-05-11 20:50:53.874 [http-nio-5000-exec-3] "GET /v1/scorecard/by/student/1902411124 HTTP/1.1" DEBUG o.s.w.s.m.m.a.RequestResponseBodyMethodProcessor - Writing [45]
2021-05-11 20:50:53.877 [http-nio-5000-exec-3] "GET /v1/scorecard/by/student/1902411124 HTTP/1.1" DEBUG org.springframework.web.servlet.DispatcherServlet - Completed 200 OK
2021-05-11 20:53:41.641 [http-nio-5000-exec-9] "OPTIONS /cms/user/information HTTP/1.1" DEBUG org.springframework.web.servlet.DispatcherServlet - OPTIONS "/cms/user/information", parameters={}
2021-05-11 20:53:41.641 [http-nio-5000-exec-9] "OPTIONS /cms/user/information HTTP/1.1" DEBUG o.s.w.s.m.m.a.RequestMappingHandlerMapping - Mapped to io.github.xmchxup.latticy.controller.cms.UserController#getInformation()
2021-05-11 20:53:41.642 [http-nio-5000-exec-9] "OPTIONS /cms/user/information HTTP/1.1" DEBUG org.springframework.web.servlet.DispatcherServlet - Completed 200 OK
2021-05-11 20:53:41.652 [http-nio-5000-exec-7] "GET /cms/user/information HTTP/1.1" DEBUG org.springframework.web.servlet.DispatcherServlet - GET "/cms/user/information", parameters={}
2021-05-11 20:53:41.652 [http-nio-5000-exec-7] "GET /cms/user/information HTTP/1.1" DEBUG o.s.w.s.m.m.a.RequestMappingHandlerMapping - Mapped to io.github.xmchxup.latticy.controller.cms.UserController#getInformation()
2021-05-11 20:53:41.792 [http-nio-5000-exec-7] "GET /cms/user/information HTTP/1.1" DEBUG o.s.w.s.m.m.a.RequestResponseBodyMethodProcessor - Using 'application/json', given [application/json, text/plain, */*] and supported [application/json, application/*+json, application/json, application/*+json]
2021-05-11 20:53:41.793 [http-nio-5000-exec-7] "GET /cms/user/information HTTP/1.1" DEBUG o.s.w.s.m.m.a.RequestResponseBodyMethodProcessor - Writing [UserInfoVO(id=9, username=1902411124, nickname=西某, avatar=http://localhost:5000/assets/2021\01\04\bc (truncated)...]
2021-05-11 20:53:41.794 [http-nio-5000-exec-7] "GET /cms/user/information HTTP/1.1" DEBUG org.springframework.web.servlet.DispatcherServlet - Completed 200 OK
2021-05-11 20:53:46.245 [http-nio-5000-exec-10] "GET /assets/2021/01/04/bcff9c3b10734a14ab490a9c5f746e6a.jpg HTTP/1.1" DEBUG org.springframework.web.servlet.DispatcherServlet - GET "/assets/2021/01/04/bcff9c3b10734a14ab490a9c5f746e6a.jpg", parameters={}
2021-05-11 20:53:46.247 [http-nio-5000-exec-10] "GET /assets/2021/01/04/bcff9c3b10734a14ab490a9c5f746e6a.jpg HTTP/1.1" DEBUG o.s.web.servlet.handler.SimpleUrlHandlerMapping - Mapped to ResourceHttpRequestHandler ["file:C:\Users\sunhu\Desktop\tmp\full-stack\school-manager\backend\assets/"]
2021-05-11 20:53:46.251 [http-nio-5000-exec-10] "GET /assets/2021/01/04/bcff9c3b10734a14ab490a9c5f746e6a.jpg HTTP/1.1" DEBUG org.springframework.web.servlet.DispatcherServlet - Completed 200 OK
2021-05-11 20:53:46.256 [http-nio-5000-exec-1] "OPTIONS /cms/user/information HTTP/1.1" DEBUG org.springframework.web.servlet.DispatcherServlet - OPTIONS "/cms/user/information", parameters={}
2021-05-11 20:53:46.257 [http-nio-5000-exec-1] "OPTIONS /cms/user/information HTTP/1.1" DEBUG o.s.w.s.m.m.a.RequestMappingHandlerMapping - Mapped to io.github.xmchxup.latticy.controller.cms.UserController#getInformation()
2021-05-11 20:53:46.258 [http-nio-5000-exec-1] "OPTIONS /cms/user/information HTTP/1.1" DEBUG org.springframework.web.servlet.DispatcherServlet - Completed 200 OK
2021-05-11 20:53:46.271 [http-nio-5000-exec-2] "GET /cms/user/information HTTP/1.1" DEBUG org.springframework.web.servlet.DispatcherServlet - GET "/cms/user/information", parameters={}
2021-05-11 20:53:46.272 [http-nio-5000-exec-2] "GET /cms/user/information HTTP/1.1" DEBUG o.s.w.s.m.m.a.RequestMappingHandlerMapping - Mapped to io.github.xmchxup.latticy.controller.cms.UserController#getInformation()
2021-05-11 20:53:46.408 [http-nio-5000-exec-2] "GET /cms/user/information HTTP/1.1" DEBUG o.s.w.s.m.m.a.RequestResponseBodyMethodProcessor - Using 'application/json', given [application/json, text/plain, */*] and supported [application/json, application/*+json, application/json, application/*+json]
2021-05-11 20:53:46.408 [http-nio-5000-exec-2] "GET /cms/user/information HTTP/1.1" DEBUG o.s.w.s.m.m.a.RequestResponseBodyMethodProcessor - Writing [UserInfoVO(id=9, username=1902411124, nickname=西某, avatar=http://localhost:5000/assets/2021\01\04\bc (truncated)...]
2021-05-11 20:53:46.409 [http-nio-5000-exec-2] "GET /cms/user/information HTTP/1.1" DEBUG org.springframework.web.servlet.DispatcherServlet - Completed 200 OK
2021-05-11 20:54:55.967 [http-nio-5000-exec-4] "GET /assets/2021/01/04/bcff9c3b10734a14ab490a9c5f746e6a.jpg HTTP/1.1" DEBUG org.springframework.web.servlet.DispatcherServlet - GET "/assets/2021/01/04/bcff9c3b10734a14ab490a9c5f746e6a.jpg", parameters={}
2021-05-11 20:54:55.973 [http-nio-5000-exec-4] "GET /assets/2021/01/04/bcff9c3b10734a14ab490a9c5f746e6a.jpg HTTP/1.1" DEBUG o.s.web.servlet.handler.SimpleUrlHandlerMapping - Mapped to ResourceHttpRequestHandler ["file:C:\Users\sunhu\Desktop\tmp\full-stack\school-manager\backend\assets/"]
2021-05-11 20:54:55.976 [http-nio-5000-exec-4] "GET /assets/2021/01/04/bcff9c3b10734a14ab490a9c5f746e6a.jpg HTTP/1.1" DEBUG org.springframework.web.servlet.DispatcherServlet - Completed 200 OK
2021-05-11 20:54:55.980 [http-nio-5000-exec-6] "OPTIONS /cms/user/information HTTP/1.1" DEBUG org.springframework.web.servlet.DispatcherServlet - OPTIONS "/cms/user/information", parameters={}
2021-05-11 20:54:55.981 [http-nio-5000-exec-6] "OPTIONS /cms/user/information HTTP/1.1" DEBUG o.s.w.s.m.m.a.RequestMappingHandlerMapping - Mapped to io.github.xmchxup.latticy.controller.cms.UserController#getInformation()
2021-05-11 20:54:55.983 [http-nio-5000-exec-6] "OPTIONS /cms/user/information HTTP/1.1" DEBUG org.springframework.web.servlet.DispatcherServlet - Completed 200 OK
2021-05-11 20:54:55.992 [http-nio-5000-exec-9] "GET /cms/user/information HTTP/1.1" DEBUG org.springframework.web.servlet.DispatcherServlet - GET "/cms/user/information", parameters={}
2021-05-11 20:54:55.993 [http-nio-5000-exec-9] "GET /cms/user/information HTTP/1.1" DEBUG o.s.w.s.m.m.a.RequestMappingHandlerMapping - Mapped to io.github.xmchxup.latticy.controller.cms.UserController#getInformation()
2021-05-11 20:54:56.125 [http-nio-5000-exec-9] "GET /cms/user/information HTTP/1.1" DEBUG o.s.w.s.m.m.a.RequestResponseBodyMethodProcessor - Using 'application/json', given [application/json, text/plain, */*] and supported [application/json, application/*+json, application/json, application/*+json]
2021-05-11 20:54:56.126 [http-nio-5000-exec-9] "GET /cms/user/information HTTP/1.1" DEBUG o.s.w.s.m.m.a.RequestResponseBodyMethodProcessor - Writing [UserInfoVO(id=9, username=1902411124, nickname=西某, avatar=http://localhost:5000/assets/2021\01\04\bc (truncated)...]
2021-05-11 20:54:56.126 [http-nio-5000-exec-9] "GET /cms/user/information HTTP/1.1" DEBUG org.springframework.web.servlet.DispatcherServlet - Completed 200 OK
2021-05-11 20:54:58.840 [http-nio-5000-exec-7] "OPTIONS /v1/scorecard/by/student/1902411124 HTTP/1.1" DEBUG org.springframework.web.servlet.DispatcherServlet - OPTIONS "/v1/scorecard/by/student/1902411124", parameters={}
2021-05-11 20:54:58.841 [http-nio-5000-exec-7] "OPTIONS /v1/scorecard/by/student/1902411124 HTTP/1.1" DEBUG o.s.w.s.m.m.a.RequestMappingHandlerMapping - Mapped to io.github.xmchxup.latticy.controller.v1.ScorecardController#getScorecardIdBySid(String)
2021-05-11 20:54:58.842 [http-nio-5000-exec-7] "OPTIONS /v1/scorecard/by/student/1902411124 HTTP/1.1" DEBUG org.springframework.web.servlet.DispatcherServlet - Completed 200 OK
2021-05-11 20:54:58.850 [http-nio-5000-exec-8] "GET /v1/scorecard/by/student/1902411124 HTTP/1.1" DEBUG org.springframework.web.servlet.DispatcherServlet - GET "/v1/scorecard/by/student/1902411124", parameters={}
2021-05-11 20:54:58.851 [http-nio-5000-exec-8] "GET /v1/scorecard/by/student/1902411124 HTTP/1.1" DEBUG o.s.w.s.m.m.a.RequestMappingHandlerMapping - Mapped to io.github.xmchxup.latticy.controller.v1.ScorecardController#getScorecardIdBySid(String)
2021-05-11 20:54:58.992 [http-nio-5000-exec-8] "GET /v1/scorecard/by/student/1902411124 HTTP/1.1" DEBUG o.s.w.s.m.m.a.RequestResponseBodyMethodProcessor - Using 'application/json', given [application/json, text/plain, */*] and supported [application/json, application/*+json, application/json, application/*+json]
2021-05-11 20:54:58.993 [http-nio-5000-exec-8] "GET /v1/scorecard/by/student/1902411124 HTTP/1.1" DEBUG o.s.w.s.m.m.a.RequestResponseBodyMethodProcessor - Writing [45]
2021-05-11 20:54:58.995 [http-nio-5000-exec-8] "GET /v1/scorecard/by/student/1902411124 HTTP/1.1" DEBUG org.springframework.web.servlet.DispatcherServlet - Completed 200 OK
2021-05-11 20:54:59.081 [http-nio-5000-exec-10] "GET //v1/scorecard/download/45 HTTP/1.1" DEBUG org.springframework.web.servlet.DispatcherServlet - GET "//v1/scorecard/download/45", parameters={}
2021-05-11 20:54:59.083 [http-nio-5000-exec-10] "GET //v1/scorecard/download/45 HTTP/1.1" DEBUG o.s.w.s.m.m.a.RequestMappingHandlerMapping - Mapped to io.github.xmchxup.latticy.controller.v1.ScorecardController#downloadScoreTable(Integer)
2021-05-11 20:55:00.243 [http-nio-5000-exec-10] "GET //v1/scorecard/download/45 HTTP/1.1" DEBUG o.s.w.s.m.m.annotation.HttpEntityMethodProcessor - Found 'Content-Type:application/octet-stream' in response
2021-05-11 20:55:00.243 [http-nio-5000-exec-10] "GET //v1/scorecard/download/45 HTTP/1.1" DEBUG o.s.w.s.m.m.annotation.HttpEntityMethodProcessor - Writing [[B@4415de0e]
2021-05-11 20:55:00.245 [http-nio-5000-exec-10] "GET //v1/scorecard/download/45 HTTP/1.1" DEBUG org.springframework.web.servlet.DispatcherServlet - Completed 201 CREATED
