2021-12-17 02:21:56.746 [HikariPool-1 housekeeper] "  " WARN  com.zaxxer.hikari.pool.HikariPool - HikariPool-1 - Thread starvation or clock leap detected (housekeeper delta=6h30s753ms).
2021-12-17 06:22:26.413 [HikariPool-1 housekeeper] "  " WARN  com.zaxxer.hikari.pool.HikariPool - HikariPool-1 - Thread starvation or clock leap detected (housekeeper delta=4h29s666ms).
2021-12-17 07:22:30.318 [HikariPool-1 housekeeper] "  " WARN  com.zaxxer.hikari.pool.HikariPool - HikariPool-1 - Thread starvation or clock leap detected (housekeeper delta=1h3s908ms).
2021-12-17 09:17:26.095 [HikariPool-1 housekeeper] "  " WARN  com.zaxxer.hikari.pool.HikariPool - HikariPool-1 - Thread starvation or clock leap detected (housekeeper delta=1h54m55s776ms).
2021-12-17 09:47:56.043 [HikariPool-1 housekeeper] "  " WARN  com.zaxxer.hikari.pool.HikariPool - HikariPool-1 - Retrograde clock change detected (housekeeper delta=29s741ms), soft-evicting connections from pool.
2021-12-17 11:07:36.307 [HikariPool-1 housekeeper] "  " WARN  com.zaxxer.hikari.pool.HikariPool - HikariPool-1 - Thread starvation or clock leap detected (housekeeper delta=1h11m40s208ms).
2021-12-17 11:17:28.237 [HikariPool-1 housekeeper] "  " WARN  com.zaxxer.hikari.pool.HikariPool - HikariPool-1 - Thread starvation or clock leap detected (housekeeper delta=6m21s911ms).
2021-12-17 14:13:03.523 [HikariPool-1 housekeeper] "  " WARN  com.zaxxer.hikari.pool.HikariPool - HikariPool-1 - Thread starvation or clock leap detected (housekeeper delta=2h53m5s193ms).
2021-12-17 14:55:29.551 [HikariPool-1 housekeeper] "  " WARN  com.zaxxer.hikari.pool.HikariPool - HikariPool-1 - Thread starvation or clock leap detected (housekeeper delta=40m56s5ms).
2021-12-17 15:25:17.451 [HikariPool-1 housekeeper] "  " WARN  com.zaxxer.hikari.pool.HikariPool - HikariPool-1 - Thread starvation or clock leap detected (housekeeper delta=23m46s195ms).
2021-12-17 15:33:41.309 [HikariPool-1 housekeeper] "  " WARN  com.zaxxer.hikari.pool.HikariPool - HikariPool-1 - Thread starvation or clock leap detected (housekeeper delta=4m23s897ms).
2021-12-17 16:12:46.132 [HikariPool-1 housekeeper] "  " WARN  com.zaxxer.hikari.pool.HikariPool - HikariPool-1 - Thread starvation or clock leap detected (housekeeper delta=36m4s807ms).
2021-12-17 16:39:25.058 [HikariPool-1 housekeeper] "  " WARN  com.zaxxer.hikari.pool.HikariPool - HikariPool-1 - Thread starvation or clock leap detected (housekeeper delta=23m38s905ms).
2021-12-17 17:22:05.983 [HikariPool-1 housekeeper] "  " WARN  com.zaxxer.hikari.pool.HikariPool - HikariPool-1 - Thread starvation or clock leap detected (housekeeper delta=38m40s919ms).
2021-12-17 17:32:32.985 [HikariPool-1 housekeeper] "  " WARN  com.zaxxer.hikari.pool.HikariPool - HikariPool-1 - Thread starvation or clock leap detected (housekeeper delta=7m56s991ms).
2021-12-17 17:50:51.731 [HikariPool-1 housekeeper] "  " WARN  com.zaxxer.hikari.pool.HikariPool - HikariPool-1 - Thread starvation or clock leap detected (housekeeper delta=14m48s723ms).
2021-12-17 18:53:12.371 [HikariPool-1 housekeeper] "  " WARN  com.zaxxer.hikari.pool.HikariPool - HikariPool-1 - Thread starvation or clock leap detected (housekeeper delta=49s966ms).
2021-12-17 19:13:27.659 [HikariPool-1 housekeeper] "  " WARN  com.zaxxer.hikari.pool.HikariPool - HikariPool-1 - Thread starvation or clock leap detected (housekeeper delta=7m15s110ms).
2021-12-17 19:46:39.485 [HikariPool-1 housekeeper] "  " WARN  com.zaxxer.hikari.pool.HikariPool - HikariPool-1 - Thread starvation or clock leap detected (housekeeper delta=26m11s764ms).
2021-12-17 19:56:58.099 [HikariPool-1 housekeeper] "  " WARN  com.zaxxer.hikari.pool.HikariPool - HikariPool-1 - Thread starvation or clock leap detected (housekeeper delta=4m48s578ms).
2021-12-17 19:58:33.327 [HikariPool-1 housekeeper] "  " WARN  com.zaxxer.hikari.pool.HikariPool - HikariPool-1 - Thread starvation or clock leap detected (housekeeper delta=1m35s228ms).
2021-12-17 20:17:50.600 [HikariPool-1 housekeeper] "  " WARN  com.zaxxer.hikari.pool.HikariPool - HikariPool-1 - Thread starvation or clock leap detected (housekeeper delta=19m17s273ms).
2021-12-17 20:33:44.918 [HikariPool-1 housekeeper] "  " WARN  com.zaxxer.hikari.pool.HikariPool - HikariPool-1 - Thread starvation or clock leap detected (housekeeper delta=15m54s318ms).
2021-12-17 22:09:21.127 [HikariPool-1 housekeeper] "  " WARN  com.zaxxer.hikari.pool.HikariPool - HikariPool-1 - Thread starvation or clock leap detected (housekeeper delta=1h35m36s194ms).
